20/12 10:58:01 INFO SimpleAdNetwork|UNKNOWN Message Received: edu.umich.eecs.tac.props.AdvertiserInfo@bc76a1c1
20/12 10:58:01 INFO SimpleAdNetwork|Day 0 :BankStatus[0.000000]
20/12 10:58:01 INFO SimpleAdNetwork|tau.tac.adx.report.demand.InitialCampaignMessage[1218947517,1250,1,5,[HIGH_INCOME, YOUNG],2.0,1.5,demand,[]]
20/12 10:58:01 INFO SimpleAdNetwork|Day 0: Allocated campaign - Campaign ID 1218947517: day 1 to 5 [HIGH_INCOME, YOUNG], reach: 1250 coefs: (v=2.0, m=1.5)
20/12 10:58:01 INFO SimpleAdNetwork|Day 0: Campaign opportunity - Campaign ID 1776663472: day 2 to 11 [OLD, MALE], reach: 10000 coefs: (v=2.0, m=1.5)
20/12 10:58:01 INFO SimpleAdNetwork|Day 0: Campaign total budget bid: 8.081
20/12 10:58:01 INFO SimpleAdNetwork|Day 0: Initial ucs bid is 0.1581989687935155
20/12 10:58:01 INFO SimpleAdNetwork|Day 0 : Simulation Status Received
20/12 10:58:01 INFO SimpleAdNetwork|Day 0: Updated 36 Bid Bundle entries for Campaign id 1218947517
20/12 10:58:01 INFO SimpleAdNetwork|Day 0: Sending BidBundle
20/12 10:58:01 INFO SimpleAdNetwork|Day 0 ended. Starting next day
20/12 10:58:10 INFO SimpleAdNetwork|Day 1 :BankStatus[0.000000]
20/12 10:58:10 INFO SimpleAdNetwork|Day 1: Daily notification for campaign 1776663472
20/12 10:58:10 INFO SimpleAdNetwork|Day 1:  allocated to DummyAdnetwork. UCS Level set to 0.47829690000000014 at price 0.0 Qualit Score is: 1.0
20/12 10:58:10 INFO SimpleAdNetwork|Day 1: Campaign opportunity - Campaign ID 86457459: day 3 to 7 [OLD, MALE], reach: 5000 coefs: (v=2.0, m=1.5)
20/12 10:58:10 INFO SimpleAdNetwork|Day 1: Campaign total budget bid: 4.377
20/12 10:58:10 INFO SimpleAdNetwork|Day 1: Adjusting ucs bid: was 0.1581989687935155 level reported: 0.47829690000000014 target: 0.7 adjusted: 0.14091158851206997
20/12 10:58:11 INFO SimpleAdNetwork|Day 1 : AdNetworkReport
20/12 10:58:11 INFO SimpleAdNetwork|Day 1 : Simulation Status Received
20/12 10:58:11 INFO SimpleAdNetwork|Day 1: Updated 36 Bid Bundle entries for Campaign id 1218947517
20/12 10:58:11 INFO SimpleAdNetwork|Day 1: Sending BidBundle
20/12 10:58:11 INFO SimpleAdNetwork|Day 1 ended. Starting next day
20/12 10:58:20 INFO SimpleAdNetwork|Day 2 :BankStatus[-0.148690]
20/12 10:58:20 INFO SimpleAdNetwork|Day 2: Updating campaign 1218947517 stats: 626.5 tgtImps 2094.0 nonTgtImps. Cost of imps is 0.002889695987743976
20/12 10:58:20 INFO SimpleAdNetwork|Day 2: Daily notification for campaign 86457459
20/12 10:58:20 INFO SimpleAdNetwork|Day 2:  allocated to DummyAdnetwork. UCS Level set to 0.47829690000000014 at price 0.0 Qualit Score is: 1.0
20/12 10:58:20 INFO SimpleAdNetwork|Day 2: Campaign opportunity - Campaign ID 1174080523: day 4 to 8 [OLD, FEMALE], reach: 5000 coefs: (v=2.0, m=1.5)
20/12 10:58:20 INFO SimpleAdNetwork|Day 2: Campaign total budget bid: 4.031
20/12 10:58:20 INFO SimpleAdNetwork|Day 2: Adjusting ucs bid: was 0.14091158851206997 level reported: 0.47829690000000014 target: 0.7 adjusted: 0.15788835638844986
20/12 10:58:20 INFO SimpleAdNetwork|Day 2 : AdNetworkReport
20/12 10:58:20 INFO SimpleAdNetwork|Day 2 : Simulation Status Received
20/12 10:58:20 INFO SimpleAdNetwork|Day 2: Updated 36 Bid Bundle entries for Campaign id 1218947517
20/12 10:58:20 INFO SimpleAdNetwork|Day 2: Sending BidBundle
20/12 10:58:20 INFO SimpleAdNetwork|Day 2 ended. Starting next day
20/12 10:58:30 INFO SimpleAdNetwork|Day 3 :BankStatus[-0.296404]
20/12 10:58:30 INFO SimpleAdNetwork|Day 3: Updating campaign 1218947517 stats: 1252.0 tgtImps 3189.0 nonTgtImps. Cost of imps is 0.00480442709140478
20/12 10:58:30 INFO SimpleAdNetwork|Day 3: Daily notification for campaign 1174080523
20/12 10:58:30 INFO SimpleAdNetwork|Day 3:  allocated to DummyAdnetwork. UCS Level set to 0.47829690000000014 at price 0.0 Qualit Score is: 1.0
20/12 10:58:30 INFO SimpleAdNetwork|Day 3: Campaign opportunity - Campaign ID 9309988: day 5 to 9 [LOW_INCOME, YOUNG], reach: 15000 coefs: (v=2.0, m=1.5)
20/12 10:58:30 INFO SimpleAdNetwork|Day 3: Campaign total budget bid: 4.521
20/12 10:58:30 INFO SimpleAdNetwork|Day 3: Adjusting ucs bid: was 0.15788835638844986 level reported: 0.47829690000000014 target: 0.7 adjusted: 0.19289269445367396
20/12 10:58:30 INFO SimpleAdNetwork|Day 3 : AdNetworkReport
20/12 10:58:30 INFO SimpleAdNetwork|Day 3 : Simulation Status Received
20/12 10:58:30 INFO SimpleAdNetwork|Day 3: Updated 36 Bid Bundle entries for Campaign id 1218947517
20/12 10:58:30 INFO SimpleAdNetwork|Day 3: Sending BidBundle
20/12 10:58:30 INFO SimpleAdNetwork|Day 3 ended. Starting next day
20/12 10:58:40 INFO SimpleAdNetwork|Day 4 :BankStatus[-0.442803]
20/12 10:58:40 INFO SimpleAdNetwork|Day 4: Updating campaign 1218947517 stats: 1566.0 tgtImps 3420.5 nonTgtImps. Cost of imps is 0.005403473456556759
20/12 10:58:40 INFO SimpleAdNetwork|Day 4: Daily notification for campaign 9309988
20/12 10:58:40 INFO SimpleAdNetwork|Day 4:  allocated to DummyAdnetwork. UCS Level set to 0.5314410000000002 at price 0.0 Qualit Score is: 1.0
20/12 10:58:40 INFO SimpleAdNetwork|Day 4: Campaign opportunity - Campaign ID 1589157670: day 6 to 8 [MALE, YOUNG], reach: 5000 coefs: (v=2.0, m=1.5)
20/12 10:58:40 INFO SimpleAdNetwork|Day 4: Campaign total budget bid: 0.367
20/12 10:58:40 INFO SimpleAdNetwork|Day 4: Adjusting ucs bid: was 0.19289269445367396 level reported: 0.5314410000000002 target: 0.7 adjusted: 0.15354857126611599
20/12 10:58:40 INFO SimpleAdNetwork|Day 4 : AdNetworkReport
20/12 10:58:40 INFO SimpleAdNetwork|Day 4 : Simulation Status Received
20/12 10:58:40 INFO SimpleAdNetwork|Day 4: Updated 36 Bid Bundle entries for Campaign id 1218947517
20/12 10:58:40 INFO SimpleAdNetwork|Day 4: Sending BidBundle
20/12 10:58:40 INFO SimpleAdNetwork|Day 4 ended. Starting next day
20/12 10:58:50 INFO SimpleAdNetwork|Day 5 :BankStatus[-0.588604]
20/12 10:58:50 INFO SimpleAdNetwork|Day 5: Updating campaign 1218947517 stats: 1567.0 tgtImps 3420.5 nonTgtImps. Cost of imps is 0.0054037249818190925
20/12 10:58:50 INFO SimpleAdNetwork|Day 5: Daily notification for campaign 1589157670
20/12 10:58:50 INFO SimpleAdNetwork|Day 5:  allocated to DummyAdnetwork. UCS Level set to 0.5314410000000002 at price 0.0 Qualit Score is: 1.0
20/12 10:58:50 INFO SimpleAdNetwork|Day 5: Campaign opportunity - Campaign ID 306692094: day 7 to 11 [FEMALE, YOUNG], reach: 5000 coefs: (v=2.0, m=1.5)
20/12 10:58:50 INFO SimpleAdNetwork|Day 5: Campaign total budget bid: 0.155
20/12 10:58:50 INFO SimpleAdNetwork|Day 5: Adjusting ucs bid: was 0.15354857126611599 level reported: 0.5314410000000002 target: 0.7 adjusted: 0.12749075700812657
20/12 10:58:50 INFO SimpleAdNetwork|Day 5 : AdNetworkReport
20/12 10:58:50 INFO SimpleAdNetwork|Day 5 : Simulation Status Received
20/12 10:58:50 INFO SimpleAdNetwork|Day 5: Sending BidBundle
20/12 10:58:50 INFO SimpleAdNetwork|Day 5 ended. Starting next day
20/12 10:59:00 INFO SimpleAdNetwork|Day 6 :BankStatus[-0.734405]
20/12 10:59:00 INFO SimpleAdNetwork|Day 6: Updating campaign 1218947517 stats: 1570.0 tgtImps 3420.5 nonTgtImps. Cost of imps is 0.005404934587465599
20/12 10:59:00 INFO SimpleAdNetwork|Day 6: Daily notification for campaign 306692094
20/12 10:59:00 INFO SimpleAdNetwork|Day 6:  allocated to DummyAdnetwork. UCS Level set to 0.5314410000000002 at price 0.0 Qualit Score is: 1.0971262898720406
20/12 10:59:00 INFO SimpleAdNetwork|Day 6: Campaign opportunity - Campaign ID 1231035890: day 8 to 10 [MALE, YOUNG], reach: 10000 coefs: (v=2.0, m=1.5)
20/12 10:59:00 INFO SimpleAdNetwork|Day 6: Campaign total budget bid: 2.736
20/12 10:59:00 INFO SimpleAdNetwork|Day 6: Adjusting ucs bid: was 0.12749075700812657 level reported: 0.5314410000000002 target: 0.7 adjusted: 0.11089477776951472
20/12 10:59:00 INFO SimpleAdNetwork|Day 6 : Simulation Status Received
20/12 10:59:00 INFO SimpleAdNetwork|Day 6: Sending BidBundle
20/12 10:59:00 INFO SimpleAdNetwork|Day 6 ended. Starting next day
20/12 10:59:10 INFO SimpleAdNetwork|Day 7 :BankStatus[0.572142]
20/12 10:59:10 INFO SimpleAdNetwork|Day 7: Daily notification for campaign 1231035890
20/12 10:59:10 INFO SimpleAdNetwork|Day 7:  WON at cost 3.692753811950946. UCS Level set to 0.5314410000000002 at price 0.0 Qualit Score is: 1.0971262898720406
20/12 10:59:10 INFO SimpleAdNetwork|Day 7: Campaign opportunity - Campaign ID 1035144464: day 9 to 11 [HIGH_INCOME, FEMALE], reach: 5000 coefs: (v=2.0, m=1.5)
20/12 10:59:10 INFO SimpleAdNetwork|Day 7: Campaign total budget bid: 0.289
20/12 10:59:10 INFO SimpleAdNetwork|Day 7: Adjusting ucs bid: was 0.11089477776951472 level reported: 0.5314410000000002 target: 0.7 adjusted: 0.1295870906155663
20/12 10:59:10 INFO SimpleAdNetwork|Day 7 : Simulation Status Received
20/12 10:59:10 INFO SimpleAdNetwork|Day 7: Updated 36 Bid Bundle entries for Campaign id 1231035890
20/12 10:59:10 INFO SimpleAdNetwork|Day 7: Sending BidBundle
20/12 10:59:10 INFO SimpleAdNetwork|Day 7 ended. Starting next day
20/12 10:59:20 INFO SimpleAdNetwork|Day 8 :BankStatus[0.426342]
20/12 10:59:20 INFO SimpleAdNetwork|Day 8: Daily notification for campaign 1035144464
20/12 10:59:20 INFO SimpleAdNetwork|Day 8:  allocated to DummyAdnetwork-5. UCS Level set to 0.5314410000000002 at price 0.0 Qualit Score is: 1.0971262898720406
20/12 10:59:20 INFO SimpleAdNetwork|Day 8: Campaign opportunity - Campaign ID 942868636: day 10 to 19 [OLD, FEMALE], reach: 5000 coefs: (v=2.0, m=1.5)
20/12 10:59:20 INFO SimpleAdNetwork|Day 8: Campaign total budget bid: 3.081
20/12 10:59:20 INFO SimpleAdNetwork|Day 8: Adjusting ucs bid: was 0.1295870906155663 level reported: 0.5314410000000002 target: 0.7 adjusted: 0.1479830772645742
20/12 10:59:20 INFO SimpleAdNetwork|Day 8 : AdNetworkReport
20/12 10:59:20 INFO SimpleAdNetwork|Day 8 : Simulation Status Received
20/12 10:59:20 INFO SimpleAdNetwork|Day 8: Updated 36 Bid Bundle entries for Campaign id 1231035890
20/12 10:59:20 INFO SimpleAdNetwork|Day 8: Sending BidBundle
20/12 10:59:20 INFO SimpleAdNetwork|Day 8 ended. Starting next day
20/12 10:59:30 INFO SimpleAdNetwork|Day 9 :BankStatus[0.270400]
20/12 10:59:30 INFO SimpleAdNetwork|Day 9: Updating campaign 1231035890 stats: 5000.5 tgtImps 3717.0 nonTgtImps. Cost of imps is 0.010141819233966938
20/12 10:59:30 INFO SimpleAdNetwork|Day 9: Daily notification for campaign 942868636
20/12 10:59:30 INFO SimpleAdNetwork|Day 9:  WON at cost 3.692753811950946. UCS Level set to 0.5314410000000002 at price 0.0 Qualit Score is: 1.0971262898720406
20/12 10:59:30 INFO SimpleAdNetwork|Day 9: Campaign opportunity - Campaign ID 925969798: day 11 to 15 [HIGH_INCOME, YOUNG], reach: 5000 coefs: (v=2.0, m=1.5)
20/12 10:59:30 INFO SimpleAdNetwork|Day 9: Campaign total budget bid: 1.841
20/12 10:59:30 INFO SimpleAdNetwork|Day 9: Adjusting ucs bid: was 0.1479830772645742 level reported: 0.5314410000000002 target: 0.7 adjusted: 0.10721783936050266
20/12 10:59:30 INFO SimpleAdNetwork|Day 9 : AdNetworkReport
20/12 10:59:30 INFO SimpleAdNetwork|Day 9 : Simulation Status Received
20/12 10:59:30 INFO SimpleAdNetwork|Day 9: Updated 36 Bid Bundle entries for Campaign id 942868636
20/12 10:59:30 INFO SimpleAdNetwork|Day 9: Updated 36 Bid Bundle entries for Campaign id 1231035890
20/12 10:59:30 INFO SimpleAdNetwork|Day 9: Sending BidBundle
20/12 10:59:30 INFO SimpleAdNetwork|Day 9 ended. Starting next day
20/12 10:59:40 INFO SimpleAdNetwork|Day 10 :BankStatus[0.115407]
20/12 10:59:40 INFO SimpleAdNetwork|Day 10: Updating campaign 1231035890 stats: 10001.5 tgtImps 7231.0 nonTgtImps. Cost of imps is 0.01933484271421894
20/12 10:59:40 INFO SimpleAdNetwork|Day 10: Daily notification for campaign 925969798
20/12 10:59:40 INFO SimpleAdNetwork|Day 10:  WON at cost 3.692753811950946. UCS Level set to 0.5314410000000002 at price 0.0 Qualit Score is: 1.0971262898720406
20/12 10:59:40 INFO SimpleAdNetwork|Day 10: Campaign opportunity - Campaign ID 1431359340: day 12 to 21 [OLD, LOW_INCOME], reach: 15000 coefs: (v=2.0, m=1.5)
20/12 10:59:40 INFO SimpleAdNetwork|Day 10: Campaign total budget bid: 11.331
20/12 10:59:40 INFO SimpleAdNetwork|Day 10: Adjusting ucs bid: was 0.10721783936050266 level reported: 0.5314410000000002 target: 0.7 adjusted: 0.12043812433808716
20/12 10:59:40 INFO SimpleAdNetwork|Day 10 : AdNetworkReport
20/12 10:59:40 INFO SimpleAdNetwork|Day 10 : Simulation Status Received
20/12 10:59:40 INFO SimpleAdNetwork|Day 10: Updated 36 Bid Bundle entries for Campaign id 925969798
20/12 10:59:40 INFO SimpleAdNetwork|Day 10: Updated 36 Bid Bundle entries for Campaign id 942868636
20/12 10:59:40 INFO SimpleAdNetwork|Day 10: Sending BidBundle
20/12 10:59:40 INFO SimpleAdNetwork|Day 10 ended. Starting next day
20/12 10:59:50 INFO SimpleAdNetwork|Day 11 :BankStatus[-0.040942]
20/12 10:59:50 INFO SimpleAdNetwork|Day 11: Updating campaign 1231035890 stats: 12501.5 tgtImps 9384.0 nonTgtImps. Cost of imps is 0.024434870675083906
20/12 10:59:50 INFO SimpleAdNetwork|Day 11: Updating campaign 942868636 stats: 2501.5 tgtImps 2383.5 nonTgtImps. Cost of imps is 0.005448476652179986
20/12 10:59:50 INFO SimpleAdNetwork|Day 11: Daily notification for campaign 1431359340
20/12 10:59:50 INFO SimpleAdNetwork|Day 11:  allocated to DummyAdnetwork-5. UCS Level set to 0.5314410000000002 at price 0.0 Qualit Score is: 1.1346102695871965
20/12 10:59:50 INFO SimpleAdNetwork|Day 11: Campaign opportunity - Campaign ID 1002554532: day 13 to 17 [LOW_INCOME, YOUNG], reach: 15000 coefs: (v=2.0, m=1.5)
20/12 10:59:50 INFO SimpleAdNetwork|Day 11: Campaign total budget bid: 13.069
20/12 10:59:50 INFO SimpleAdNetwork|Day 11: Adjusting ucs bid: was 0.12043812433808716 level reported: 0.5314410000000002 target: 0.7 adjusted: 0.11408101257833936
20/12 10:59:50 INFO SimpleAdNetwork|Day 11 : AdNetworkReport
20/12 10:59:50 INFO SimpleAdNetwork|Day 11 : Simulation Status Received
20/12 10:59:50 INFO SimpleAdNetwork|Day 11: Updated 36 Bid Bundle entries for Campaign id 925969798
20/12 10:59:50 INFO SimpleAdNetwork|Day 11: Updated 36 Bid Bundle entries for Campaign id 942868636
20/12 10:59:50 INFO SimpleAdNetwork|Day 11: Sending BidBundle
20/12 10:59:50 INFO SimpleAdNetwork|Day 11 ended. Starting next day
20/12 11:00:00 INFO SimpleAdNetwork|Day 12 :BankStatus[4.082392]
20/12 11:00:00 INFO SimpleAdNetwork|Day 12: Updating campaign 925969798 stats: 2502.0 tgtImps 3075.5 nonTgtImps. Cost of imps is 0.006055388932509981
20/12 11:00:00 INFO SimpleAdNetwork|Day 12: Updating campaign 942868636 stats: 5002.0 tgtImps 6158.5 nonTgtImps. Cost of imps is 0.012375493186541336
20/12 11:00:00 INFO SimpleAdNetwork|Day 12: Daily notification for campaign 1002554532
20/12 11:00:00 INFO SimpleAdNetwork|Day 12:  allocated to DummyAdnetwork-5. UCS Level set to 0.5314410000000002 at price 0.0 Qualit Score is: 1.1346102695871965
20/12 11:00:00 INFO SimpleAdNetwork|Day 12: Campaign opportunity - Campaign ID 2108035754: day 14 to 23 [FEMALE, LOW_INCOME], reach: 5000 coefs: (v=2.0, m=1.5)
20/12 11:00:00 INFO SimpleAdNetwork|Day 12: Campaign total budget bid: 0.089
20/12 11:00:00 INFO SimpleAdNetwork|Day 12: Adjusting ucs bid: was 0.11408101257833936 level reported: 0.5314410000000002 target: 0.7 adjusted: 0.13331039397753164
20/12 11:00:00 INFO SimpleAdNetwork|Day 12 : AdNetworkReport
20/12 11:00:00 INFO SimpleAdNetwork|Day 12 : Simulation Status Received
20/12 11:00:00 INFO SimpleAdNetwork|Day 12: Updated 36 Bid Bundle entries for Campaign id 925969798
20/12 11:00:00 INFO SimpleAdNetwork|Day 12: Updated 36 Bid Bundle entries for Campaign id 942868636
20/12 11:00:00 INFO SimpleAdNetwork|Day 12: Sending BidBundle
20/12 11:00:00 INFO SimpleAdNetwork|Day 12 ended. Starting next day
20/12 11:00:10 INFO SimpleAdNetwork|Day 13 :BankStatus[3.928342]
20/12 11:00:10 INFO SimpleAdNetwork|Day 13: Updating campaign 925969798 stats: 5002.5 tgtImps 5211.0 nonTgtImps. Cost of imps is 0.011446102906721049
20/12 11:00:10 INFO SimpleAdNetwork|Day 13: Updating campaign 942868636 stats: 6252.5 tgtImps 7486.5 nonTgtImps. Cost of imps is 0.015234491570585405
20/12 11:00:10 INFO SimpleAdNetwork|Day 13: Daily notification for campaign 2108035754
20/12 11:00:10 INFO SimpleAdNetwork|Day 13:  allocated to DummyAdnetwork-5. UCS Level set to 0.5904900000000002 at price 0.0 Qualit Score is: 1.1346102695871965
20/12 11:00:10 INFO SimpleAdNetwork|Day 13: Campaign opportunity - Campaign ID 1415977972: day 15 to 19 [FEMALE, LOW_INCOME], reach: 5000 coefs: (v=2.0, m=1.5)
20/12 11:00:10 INFO SimpleAdNetwork|Day 13: Campaign total budget bid: 2.027
20/12 11:00:10 INFO SimpleAdNetwork|Day 13: Adjusting ucs bid: was 0.13331039397753164 level reported: 0.5904900000000002 target: 0.7 adjusted: 0.1479092152220111
20/12 11:00:10 INFO SimpleAdNetwork|Day 13 : AdNetworkReport
20/12 11:00:10 INFO SimpleAdNetwork|Day 13 : Simulation Status Received
20/12 11:00:10 INFO SimpleAdNetwork|Day 13: Updated 36 Bid Bundle entries for Campaign id 925969798
20/12 11:00:10 INFO SimpleAdNetwork|Day 13: Updated 36 Bid Bundle entries for Campaign id 942868636
20/12 11:00:10 INFO SimpleAdNetwork|Day 13: Sending BidBundle
20/12 11:00:10 INFO SimpleAdNetwork|Day 13 ended. Starting next day
20/12 11:00:20 INFO SimpleAdNetwork|Day 14 :BankStatus[3.780917]
20/12 11:00:20 INFO SimpleAdNetwork|Day 14: Updating campaign 925969798 stats: 6252.0 tgtImps 5211.0 nonTgtImps. Cost of imps is 0.013065521975621499
20/12 11:00:20 INFO SimpleAdNetwork|Day 14: Updating campaign 942868636 stats: 6254.5 tgtImps 7488.5 nonTgtImps. Cost of imps is 0.01523996115662276
20/12 11:00:20 INFO SimpleAdNetwork|Day 14: Daily notification for campaign 1415977972
20/12 11:00:20 INFO SimpleAdNetwork|Day 14:  WON at cost 3.5572953711791184. UCS Level set to 0.5904900000000002 at price 0.0 Qualit Score is: 1.1346102695871965
20/12 11:00:20 INFO SimpleAdNetwork|Day 14: Campaign opportunity - Campaign ID 104847175: day 16 to 20 [MALE, YOUNG], reach: 5000 coefs: (v=2.0, m=1.5)
20/12 11:00:20 INFO SimpleAdNetwork|Day 14: Campaign total budget bid: 4.021
20/12 11:00:20 INFO SimpleAdNetwork|Day 14: Adjusting ucs bid: was 0.1479092152220111 level reported: 0.5904900000000002 target: 0.7 adjusted: 0.15470681529576918
20/12 11:00:20 INFO SimpleAdNetwork|Day 14 : AdNetworkReport
20/12 11:00:20 INFO SimpleAdNetwork|Day 14 : Simulation Status Received
20/12 11:00:20 INFO SimpleAdNetwork|Day 14: Updated 36 Bid Bundle entries for Campaign id 925969798
20/12 11:00:20 INFO SimpleAdNetwork|Day 14: Updated 36 Bid Bundle entries for Campaign id 942868636
20/12 11:00:20 INFO SimpleAdNetwork|Day 14: Updated 36 Bid Bundle entries for Campaign id 1415977972
20/12 11:00:20 INFO SimpleAdNetwork|Day 14: Sending BidBundle
20/12 11:00:20 INFO SimpleAdNetwork|Day 14 ended. Starting next day
20/12 11:00:30 INFO SimpleAdNetwork|Day 15 :BankStatus[3.635111]
20/12 11:00:30 INFO SimpleAdNetwork|Day 15: Updating campaign 925969798 stats: 6253.5 tgtImps 5211.0 nonTgtImps. Cost of imps is 0.013068691377069112
20/12 11:00:30 INFO SimpleAdNetwork|Day 15: Updating campaign 942868636 stats: 6256.0 tgtImps 7491.5 nonTgtImps. Cost of imps is 0.015242465932800545
20/12 11:00:30 INFO SimpleAdNetwork|Day 15: Daily notification for campaign 104847175
20/12 11:00:30 INFO SimpleAdNetwork|Day 15:  allocated to DummyAdnetwork-5. UCS Level set to 0.5904900000000002 at price 0.0 Qualit Score is: 1.1346102695871965
20/12 11:00:30 INFO SimpleAdNetwork|Day 15: Campaign opportunity - Campaign ID 1604771137: day 17 to 21 [LOW_INCOME, YOUNG], reach: 15000 coefs: (v=2.0, m=1.5)
20/12 11:00:30 INFO SimpleAdNetwork|Day 15: Campaign total budget bid: 6.837
20/12 11:00:30 INFO SimpleAdNetwork|Day 15: Adjusting ucs bid: was 0.15470681529576918 level reported: 0.5904900000000002 target: 0.7 adjusted: 0.1647731217217165
20/12 11:00:30 INFO SimpleAdNetwork|Day 15 : AdNetworkReport
20/12 11:00:30 INFO SimpleAdNetwork|Day 15 : Simulation Status Received
20/12 11:00:30 INFO SimpleAdNetwork|Day 15: Updated 36 Bid Bundle entries for Campaign id 942868636
20/12 11:00:30 INFO SimpleAdNetwork|Day 15: Updated 36 Bid Bundle entries for Campaign id 1415977972
20/12 11:00:30 INFO SimpleAdNetwork|Day 15: Sending BidBundle
20/12 11:00:30 INFO SimpleAdNetwork|Day 15 ended. Starting next day
20/12 11:00:40 INFO SimpleAdNetwork|Day 16 :BankStatus[3.480860]
20/12 11:00:40 INFO SimpleAdNetwork|Day 16: Updating campaign 925969798 stats: 6255.0 tgtImps 5214.0 nonTgtImps. Cost of imps is 0.013074811004897312
20/12 11:00:40 INFO SimpleAdNetwork|Day 16: Updating campaign 942868636 stats: 6257.5 tgtImps 7494.5 nonTgtImps. Cost of imps is 0.015248629577959768
20/12 11:00:40 INFO SimpleAdNetwork|Day 16: Updating campaign 1415977972 stats: 2502.0 tgtImps 4989.5 nonTgtImps. Cost of imps is 0.008438758911832468
20/12 11:00:40 INFO SimpleAdNetwork|Day 16: Daily notification for campaign 1604771137
20/12 11:00:40 INFO SimpleAdNetwork|Day 16:  allocated to DummyAdnetwork-5. UCS Level set to 0.5904900000000002 at price 0.0 Qualit Score is: 1.1498040290215314
20/12 11:00:40 INFO SimpleAdNetwork|Day 16: Campaign opportunity - Campaign ID 578347239: day 18 to 27 [OLD, FEMALE], reach: 10000 coefs: (v=2.0, m=1.5)
20/12 11:00:40 INFO SimpleAdNetwork|Day 16: Campaign total budget bid: 2.369
20/12 11:00:40 INFO SimpleAdNetwork|Day 16: Adjusting ucs bid: was 0.1647731217217165 level reported: 0.5904900000000002 target: 0.7 adjusted: 0.1273921933784436
20/12 11:00:40 INFO SimpleAdNetwork|Day 16 : AdNetworkReport
20/12 11:00:40 INFO SimpleAdNetwork|Day 16 : Simulation Status Received
20/12 11:00:40 INFO SimpleAdNetwork|Day 16: Updated 36 Bid Bundle entries for Campaign id 942868636
20/12 11:00:40 INFO SimpleAdNetwork|Day 16: Updated 36 Bid Bundle entries for Campaign id 1415977972
20/12 11:00:40 INFO SimpleAdNetwork|Day 16: Sending BidBundle
20/12 11:00:40 INFO SimpleAdNetwork|Day 16 ended. Starting next day
20/12 11:00:50 INFO SimpleAdNetwork|Day 17 :BankStatus[7.612388]
20/12 11:00:50 INFO SimpleAdNetwork|Day 17: Updating campaign 942868636 stats: 6260.5 tgtImps 7495.5 nonTgtImps. Cost of imps is 0.015251846808074638
20/12 11:00:50 INFO SimpleAdNetwork|Day 17: Updating campaign 1415977972 stats: 5004.0 tgtImps 7815.5 nonTgtImps. Cost of imps is 0.014455163993102808
20/12 11:00:50 INFO SimpleAdNetwork|Day 17: Daily notification for campaign 578347239
20/12 11:00:50 INFO SimpleAdNetwork|Day 17:  WON at cost 3.604931719584667. UCS Level set to 0.5904900000000002 at price 0.0 Qualit Score is: 1.1498040290215314
20/12 11:00:50 INFO SimpleAdNetwork|Day 17: Campaign opportunity - Campaign ID 257474530: day 19 to 23 [HIGH_INCOME, FEMALE], reach: 15000 coefs: (v=2.0, m=1.5)
20/12 11:00:50 INFO SimpleAdNetwork|Day 17: Campaign total budget bid: 13.128
20/12 11:00:50 INFO SimpleAdNetwork|Day 17: Adjusting ucs bid: was 0.1273921933784436 level reported: 0.5904900000000002 target: 0.7 adjusted: 0.12857675286295328
20/12 11:00:50 INFO SimpleAdNetwork|Day 17 : AdNetworkReport
20/12 11:00:50 INFO SimpleAdNetwork|Day 17 : Simulation Status Received
20/12 11:00:50 INFO SimpleAdNetwork|Day 17: Updated 36 Bid Bundle entries for Campaign id 578347239
20/12 11:00:50 INFO SimpleAdNetwork|Day 17: Updated 36 Bid Bundle entries for Campaign id 942868636
20/12 11:00:50 INFO SimpleAdNetwork|Day 17: Updated 36 Bid Bundle entries for Campaign id 1415977972
20/12 11:00:50 INFO SimpleAdNetwork|Day 17: Sending BidBundle
20/12 11:00:50 INFO SimpleAdNetwork|Day 17 ended. Starting next day
20/12 11:01:00 INFO SimpleAdNetwork|Day 18 :BankStatus[7.464664]
20/12 11:01:00 INFO SimpleAdNetwork|Day 18: Updating campaign 942868636 stats: 6262.0 tgtImps 7495.5 nonTgtImps. Cost of imps is 0.015253589404191959
20/12 11:01:00 INFO SimpleAdNetwork|Day 18: Updating campaign 1415977972 stats: 6254.0 tgtImps 8474.5 nonTgtImps. Cost of imps is 0.016378008982563405
20/12 11:01:00 INFO SimpleAdNetwork|Day 18: Daily notification for campaign 257474530
20/12 11:01:00 INFO SimpleAdNetwork|Day 18:  allocated to DummyAdnetwork-5. UCS Level set to 0.5904900000000002 at price 0.0 Qualit Score is: 1.1498040290215314
20/12 11:01:00 INFO SimpleAdNetwork|Day 18: Campaign opportunity - Campaign ID 969525658: day 20 to 24 [HIGH_INCOME, YOUNG], reach: 10000 coefs: (v=2.0, m=1.5)
20/12 11:01:00 INFO SimpleAdNetwork|Day 18: Campaign total budget bid: 5.16
20/12 11:01:00 INFO SimpleAdNetwork|Day 18: Adjusting ucs bid: was 0.12857675286295328 level reported: 0.5904900000000002 target: 0.7 adjusted: 0.14265719306897526
20/12 11:01:00 INFO SimpleAdNetwork|Day 18 : AdNetworkReport
20/12 11:01:00 INFO SimpleAdNetwork|Day 18 : Simulation Status Received
20/12 11:01:00 INFO SimpleAdNetwork|Day 18: Updated 36 Bid Bundle entries for Campaign id 578347239
20/12 11:01:00 INFO SimpleAdNetwork|Day 18: Updated 36 Bid Bundle entries for Campaign id 942868636
20/12 11:01:00 INFO SimpleAdNetwork|Day 18: Updated 36 Bid Bundle entries for Campaign id 1415977972
20/12 11:01:00 INFO SimpleAdNetwork|Day 18: Sending BidBundle
20/12 11:01:00 INFO SimpleAdNetwork|Day 18 ended. Starting next day
20/12 11:01:10 INFO SimpleAdNetwork|Day 19 :BankStatus[7.308384]
20/12 11:01:10 INFO SimpleAdNetwork|Day 19: Updating campaign 942868636 stats: 6262.0 tgtImps 7495.5 nonTgtImps. Cost of imps is 0.015253589404191959
20/12 11:01:10 INFO SimpleAdNetwork|Day 19: Updating campaign 1415977972 stats: 6255.5 tgtImps 8474.5 nonTgtImps. Cost of imps is 0.016379739241088462
20/12 11:01:10 INFO SimpleAdNetwork|Day 19: Updating campaign 578347239 stats: 5003.0 tgtImps 4680.0 nonTgtImps. Cost of imps is 0.010477875596035328
20/12 11:01:10 INFO SimpleAdNetwork|Day 19: Daily notification for campaign 969525658
20/12 11:01:10 INFO SimpleAdNetwork|Day 19:  allocated to DummyAdnetwork-5. UCS Level set to 0.5904900000000002 at price 0.0 Qualit Score is: 1.1498040290215314
20/12 11:01:10 INFO SimpleAdNetwork|Day 19: Campaign opportunity - Campaign ID 1176065774: day 21 to 25 [FEMALE, LOW_INCOME], reach: 5000 coefs: (v=2.0, m=1.5)
20/12 11:01:10 INFO SimpleAdNetwork|Day 19: Campaign total budget bid: 1.558
20/12 11:01:10 INFO SimpleAdNetwork|Day 19: Adjusting ucs bid: was 0.14265719306897526 level reported: 0.5904900000000002 target: 0.7 adjusted: 0.1582795822819587
20/12 11:01:10 INFO SimpleAdNetwork|Day 19 : AdNetworkReport
20/12 11:01:10 INFO SimpleAdNetwork|Day 19 : Simulation Status Received
20/12 11:01:10 INFO SimpleAdNetwork|Day 19: Updated 36 Bid Bundle entries for Campaign id 578347239
20/12 11:01:10 INFO SimpleAdNetwork|Day 19: Sending BidBundle
20/12 11:01:10 INFO SimpleAdNetwork|Day 19 ended. Starting next day
20/12 11:01:20 INFO SimpleAdNetwork|Day 20 :BankStatus[7.145932]
20/12 11:01:20 INFO SimpleAdNetwork|Day 20: Updating campaign 942868636 stats: 6262.0 tgtImps 7495.5 nonTgtImps. Cost of imps is 0.015253589404191959
20/12 11:01:20 INFO SimpleAdNetwork|Day 20: Updating campaign 1415977972 stats: 6257.0 tgtImps 8476.0 nonTgtImps. Cost of imps is 0.016384697700657123
20/12 11:01:20 INFO SimpleAdNetwork|Day 20: Updating campaign 578347239 stats: 10004.5 tgtImps 14899.0 nonTgtImps. Cost of imps is 0.02712489386006793
20/12 11:01:20 INFO SimpleAdNetwork|Day 20: Daily notification for campaign 1176065774
20/12 11:01:20 INFO SimpleAdNetwork|Day 20:  WON at cost 3.509921912151616. UCS Level set to 0.5904900000000002 at price 0.0 Qualit Score is: 1.1585379348864269
20/12 11:01:20 INFO SimpleAdNetwork|Day 20: Campaign opportunity - Campaign ID 641517929: day 22 to 31 [MALE, YOUNG], reach: 5000 coefs: (v=2.0, m=1.5)
20/12 11:01:20 INFO SimpleAdNetwork|Day 20: Campaign total budget bid: 0.842
20/12 11:01:20 INFO SimpleAdNetwork|Day 20: Adjusting ucs bid: was 0.1582795822819587 level reported: 0.5904900000000002 target: 0.7 adjusted: 0.12146982184881268
20/12 11:01:20 INFO SimpleAdNetwork|Day 20 : AdNetworkReport
20/12 11:01:20 INFO SimpleAdNetwork|Day 20 : Simulation Status Received
20/12 11:01:20 INFO SimpleAdNetwork|Day 20: Updated 36 Bid Bundle entries for Campaign id 578347239
20/12 11:01:20 INFO SimpleAdNetwork|Day 20: Updated 36 Bid Bundle entries for Campaign id 1176065774
20/12 11:01:20 INFO SimpleAdNetwork|Day 20: Sending BidBundle
20/12 11:01:20 INFO SimpleAdNetwork|Day 20 ended. Starting next day
20/12 11:01:30 INFO SimpleAdNetwork|Day 21 :BankStatus[15.407343]
20/12 11:01:30 INFO SimpleAdNetwork|Day 21: Updating campaign 578347239 stats: 12503.0 tgtImps 16822.5 nonTgtImps. Cost of imps is 0.03206557515996379
20/12 11:01:30 INFO SimpleAdNetwork|Day 21: Daily notification for campaign 641517929
20/12 11:01:30 INFO SimpleAdNetwork|Day 21:  WON at cost 3.5365832620861375. UCS Level set to 0.5904900000000002 at price 0.0 Qualit Score is: 1.1585379348864269
20/12 11:01:30 INFO SimpleAdNetwork|Day 21: Campaign opportunity - Campaign ID 1034786146: day 23 to 32 [FEMALE, LOW_INCOME], reach: 5000 coefs: (v=2.0, m=1.5)
20/12 11:01:30 INFO SimpleAdNetwork|Day 21: Campaign total budget bid: 3.846
20/12 11:01:30 INFO SimpleAdNetwork|Day 21: Adjusting ucs bid: was 0.12146982184881268 level reported: 0.5904900000000002 target: 0.7 adjusted: 0.12756690989037978
20/12 11:01:30 INFO SimpleAdNetwork|Day 21 : AdNetworkReport
20/12 11:01:30 INFO SimpleAdNetwork|Day 21 : Simulation Status Received
20/12 11:01:30 INFO SimpleAdNetwork|Day 21: Updated 36 Bid Bundle entries for Campaign id 578347239
20/12 11:01:30 INFO SimpleAdNetwork|Day 21: Updated 36 Bid Bundle entries for Campaign id 641517929
20/12 11:01:30 INFO SimpleAdNetwork|Day 21: Updated 36 Bid Bundle entries for Campaign id 1176065774
20/12 11:01:30 INFO SimpleAdNetwork|Day 21: Sending BidBundle
20/12 11:01:30 INFO SimpleAdNetwork|Day 21 ended. Starting next day
20/12 11:01:40 INFO SimpleAdNetwork|Day 22 :BankStatus[15.254872]
20/12 11:01:40 INFO SimpleAdNetwork|Day 22: Updating campaign 1176065774 stats: 2501.0 tgtImps 3577.5 nonTgtImps. Cost of imps is 0.006670861647182539
20/12 11:01:40 INFO SimpleAdNetwork|Day 22: Updating campaign 578347239 stats: 12504.0 tgtImps 16822.5 nonTgtImps. Cost of imps is 0.03206608694719295
20/12 11:01:40 INFO SimpleAdNetwork|Day 22: Daily notification for campaign 1034786146
20/12 11:01:40 INFO SimpleAdNetwork|Day 22:  WON at cost 4.875782000534614. UCS Level set to 0.5904900000000002 at price 0.0 Qualit Score is: 1.1585379348864269
20/12 11:01:40 INFO SimpleAdNetwork|Day 22: Campaign opportunity - Campaign ID 2028294603: day 24 to 33 [LOW_INCOME, YOUNG], reach: 15000 coefs: (v=2.0, m=1.5)
20/12 11:01:40 INFO SimpleAdNetwork|Day 22: Campaign total budget bid: 5.88
20/12 11:01:40 INFO SimpleAdNetwork|Day 22: Adjusting ucs bid: was 0.12756690989037978 level reported: 0.5904900000000002 target: 0.7 adjusted: 0.12266891598261088
20/12 11:01:40 INFO SimpleAdNetwork|Day 22 : AdNetworkReport
20/12 11:01:40 INFO SimpleAdNetwork|Day 22 : Simulation Status Received
20/12 11:01:40 INFO SimpleAdNetwork|Day 22: Updated 36 Bid Bundle entries for Campaign id 578347239
20/12 11:01:40 INFO SimpleAdNetwork|Day 22: Updated 36 Bid Bundle entries for Campaign id 641517929
20/12 11:01:40 INFO SimpleAdNetwork|Day 22: Updated 36 Bid Bundle entries for Campaign id 1176065774
20/12 11:01:40 INFO SimpleAdNetwork|Day 22: Updated 36 Bid Bundle entries for Campaign id 1034786146
20/12 11:01:40 INFO SimpleAdNetwork|Day 22: Sending BidBundle
20/12 11:01:40 INFO SimpleAdNetwork|Day 22 ended. Starting next day
20/12 11:01:50 INFO SimpleAdNetwork|Day 23 :BankStatus[15.098875]
20/12 11:01:50 INFO SimpleAdNetwork|Day 23: Updating campaign 1176065774 stats: 5002.0 tgtImps 5453.0 nonTgtImps. Cost of imps is 0.011449429935882952
20/12 11:01:50 INFO SimpleAdNetwork|Day 23: Updating campaign 641517929 stats: 2503.0 tgtImps 2549.5 nonTgtImps. Cost of imps is 0.005412574241198884
20/12 11:01:50 INFO SimpleAdNetwork|Day 23: Updating campaign 578347239 stats: 12507.0 tgtImps 16824.0 nonTgtImps. Cost of imps is 0.03207153076485984
20/12 11:01:50 INFO SimpleAdNetwork|Day 23: Daily notification for campaign 2028294603
20/12 11:01:50 INFO SimpleAdNetwork|Day 23:  allocated to DummyAdnetwork-2. UCS Level set to 0.5904900000000002 at price 0.0 Qualit Score is: 1.1585379348864269
20/12 11:01:50 INFO SimpleAdNetwork|Day 23: Campaign opportunity - Campaign ID 2134500515: day 25 to 29 [MALE, YOUNG], reach: 15000 coefs: (v=2.0, m=1.5)
20/12 11:01:50 INFO SimpleAdNetwork|Day 23: Campaign total budget bid: 2.217
20/12 11:01:50 INFO SimpleAdNetwork|Day 23: Adjusting ucs bid: was 0.12266891598261088 level reported: 0.5904900000000002 target: 0.7 adjusted: 0.13610238897186658
20/12 11:01:50 INFO SimpleAdNetwork|Day 23 : AdNetworkReport
20/12 11:01:50 INFO SimpleAdNetwork|Day 23 : Simulation Status Received
20/12 11:01:50 INFO SimpleAdNetwork|Day 23: Updated 36 Bid Bundle entries for Campaign id 578347239
20/12 11:01:50 INFO SimpleAdNetwork|Day 23: Updated 36 Bid Bundle entries for Campaign id 641517929
20/12 11:01:50 INFO SimpleAdNetwork|Day 23: Updated 36 Bid Bundle entries for Campaign id 1176065774
20/12 11:01:50 INFO SimpleAdNetwork|Day 23: Updated 36 Bid Bundle entries for Campaign id 1034786146
20/12 11:01:50 INFO SimpleAdNetwork|Day 23: Sending BidBundle
20/12 11:01:50 INFO SimpleAdNetwork|Day 23 ended. Starting next day
20/12 11:02:00 INFO SimpleAdNetwork|Day 24 :BankStatus[14.947621]
20/12 11:02:00 INFO SimpleAdNetwork|Day 24: Updating campaign 1034786146 stats: 0.0 tgtImps 0.0 nonTgtImps. Cost of imps is 0.0
20/12 11:02:00 INFO SimpleAdNetwork|Day 24: Updating campaign 1176065774 stats: 6252.5 tgtImps 6475.5 nonTgtImps. Cost of imps is 0.01400040791796267
20/12 11:02:00 INFO SimpleAdNetwork|Day 24: Updating campaign 641517929 stats: 5003.5 tgtImps 3683.5 nonTgtImps. Cost of imps is 0.008313927194045907
20/12 11:02:00 INFO SimpleAdNetwork|Day 24: Updating campaign 578347239 stats: 12510.0 tgtImps 16826.0 nonTgtImps. Cost of imps is 0.032073132896886784
20/12 11:02:00 INFO SimpleAdNetwork|Day 24: Daily notification for campaign 2134500515
20/12 11:02:00 INFO SimpleAdNetwork|Day 24:  WON at cost 4.875782000534614. UCS Level set to 0.5904900000000002 at price 0.0 Qualit Score is: 1.1585379348864269
20/12 11:02:00 INFO SimpleAdNetwork|Day 24: Campaign opportunity - Campaign ID 2070661543: day 26 to 30 [FEMALE, LOW_INCOME], reach: 15000 coefs: (v=2.0, m=1.5)
20/12 11:02:00 INFO SimpleAdNetwork|Day 24: Campaign total budget bid: 1.161
20/12 11:02:00 INFO SimpleAdNetwork|Day 24: Adjusting ucs bid: was 0.13610238897186658 level reported: 0.5904900000000002 target: 0.7 adjusted: 0.13796499446548394
20/12 11:02:00 INFO SimpleAdNetwork|Day 24 : AdNetworkReport
20/12 11:02:00 INFO SimpleAdNetwork|Day 24 : Simulation Status Received
20/12 11:02:00 INFO SimpleAdNetwork|Day 24: Updated 36 Bid Bundle entries for Campaign id 578347239
20/12 11:02:00 INFO SimpleAdNetwork|Day 24: Updated 36 Bid Bundle entries for Campaign id 2134500515
20/12 11:02:00 INFO SimpleAdNetwork|Day 24: Updated 36 Bid Bundle entries for Campaign id 641517929
20/12 11:02:00 INFO SimpleAdNetwork|Day 24: Updated 36 Bid Bundle entries for Campaign id 1176065774
20/12 11:02:00 INFO SimpleAdNetwork|Day 24: Updated 36 Bid Bundle entries for Campaign id 1034786146
20/12 11:02:00 INFO SimpleAdNetwork|Day 24: Sending BidBundle
20/12 11:02:00 INFO SimpleAdNetwork|Day 24 ended. Starting next day
20/12 11:02:10 INFO SimpleAdNetwork|Day 25 :BankStatus[14.799173]
20/12 11:02:10 INFO SimpleAdNetwork|Day 25: Updating campaign 1034786146 stats: 0.0 tgtImps 0.0 nonTgtImps. Cost of imps is 0.0
20/12 11:02:10 INFO SimpleAdNetwork|Day 25: Updating campaign 1176065774 stats: 6254.0 tgtImps 6475.5 nonTgtImps. Cost of imps is 0.014004048315120468
20/12 11:02:10 INFO SimpleAdNetwork|Day 25: Updating campaign 641517929 stats: 6253.5 tgtImps 4850.5 nonTgtImps. Cost of imps is 0.010956429782167314
20/12 11:02:10 INFO SimpleAdNetwork|Day 25: Updating campaign 578347239 stats: 12511.5 tgtImps 16826.0 nonTgtImps. Cost of imps is 0.032075356436605446
20/12 11:02:10 INFO SimpleAdNetwork|Day 25: Daily notification for campaign 2070661543
20/12 11:02:10 INFO SimpleAdNetwork|Day 25:  allocated to DummyAdnetwork-5. UCS Level set to 0.5904900000000002 at price 0.0 Qualit Score is: 1.1585379348864269
20/12 11:02:10 INFO SimpleAdNetwork|Day 25: Campaign opportunity - Campaign ID 1202988341: day 27 to 36 [HIGH_INCOME, YOUNG], reach: 15000 coefs: (v=2.0, m=1.5)
20/12 11:02:10 INFO SimpleAdNetwork|Day 25: Campaign total budget bid: 0.885
20/12 11:02:10 INFO SimpleAdNetwork|Day 25: Adjusting ucs bid: was 0.13796499446548394 level reported: 0.5904900000000002 target: 0.7 adjusted: 0.12769499730898956
20/12 11:02:10 INFO SimpleAdNetwork|Day 25 : AdNetworkReport
20/12 11:02:10 INFO SimpleAdNetwork|Day 25 : Simulation Status Received
20/12 11:02:10 INFO SimpleAdNetwork|Day 25: Updated 36 Bid Bundle entries for Campaign id 578347239
20/12 11:02:10 INFO SimpleAdNetwork|Day 25: Updated 36 Bid Bundle entries for Campaign id 2134500515
20/12 11:02:10 INFO SimpleAdNetwork|Day 25: Updated 36 Bid Bundle entries for Campaign id 641517929
20/12 11:02:10 INFO SimpleAdNetwork|Day 25: Updated 36 Bid Bundle entries for Campaign id 1034786146
20/12 11:02:10 INFO SimpleAdNetwork|Day 25: Sending BidBundle
20/12 11:02:10 INFO SimpleAdNetwork|Day 25 ended. Starting next day
20/12 11:02:20 INFO SimpleAdNetwork|Day 26 :BankStatus[14.640565]
20/12 11:02:20 INFO SimpleAdNetwork|Day 26: Updating campaign 1034786146 stats: 0.0 tgtImps 0.0 nonTgtImps. Cost of imps is 0.0
20/12 11:02:20 INFO SimpleAdNetwork|Day 26: Updating campaign 1176065774 stats: 6256.0 tgtImps 6475.5 nonTgtImps. Cost of imps is 0.014006696081474933
20/12 11:02:20 INFO SimpleAdNetwork|Day 26: Updating campaign 2134500515 stats: 7501.5 tgtImps 4921.0 nonTgtImps. Cost of imps is 0.012788352441316847
20/12 11:02:20 INFO SimpleAdNetwork|Day 26: Updating campaign 641517929 stats: 6253.5 tgtImps 4850.5 nonTgtImps. Cost of imps is 0.010956429782167314
20/12 11:02:20 INFO SimpleAdNetwork|Day 26: Updating campaign 578347239 stats: 12514.5 tgtImps 16845.0 nonTgtImps. Cost of imps is 0.03209192754959607
20/12 11:02:20 INFO SimpleAdNetwork|Day 26: Daily notification for campaign 1202988341
20/12 11:02:20 INFO SimpleAdNetwork|Day 26:  allocated to DummyAdnetwork-5. UCS Level set to 0.5904900000000002 at price 0.0 Qualit Score is: 1.159422113215896
20/12 11:02:20 INFO SimpleAdNetwork|Day 26: Campaign opportunity - Campaign ID 1792356892: day 28 to 32 [HIGH_INCOME, MALE], reach: 10000 coefs: (v=2.0, m=1.5)
20/12 11:02:20 INFO SimpleAdNetwork|Day 26: Campaign total budget bid: 9.088
20/12 11:02:20 INFO SimpleAdNetwork|Day 26: Adjusting ucs bid: was 0.12769499730898956 level reported: 0.5904900000000002 target: 0.7 adjusted: 0.1310869075231977
20/12 11:02:20 INFO SimpleAdNetwork|Day 26 : AdNetworkReport
20/12 11:02:20 INFO SimpleAdNetwork|Day 26 : Simulation Status Received
20/12 11:02:20 INFO SimpleAdNetwork|Day 26: Updated 36 Bid Bundle entries for Campaign id 578347239
20/12 11:02:20 INFO SimpleAdNetwork|Day 26: Updated 36 Bid Bundle entries for Campaign id 2134500515
20/12 11:02:20 INFO SimpleAdNetwork|Day 26: Updated 36 Bid Bundle entries for Campaign id 641517929
20/12 11:02:20 INFO SimpleAdNetwork|Day 26: Updated 36 Bid Bundle entries for Campaign id 1034786146
20/12 11:02:20 INFO SimpleAdNetwork|Day 26: Sending BidBundle
20/12 11:02:20 INFO SimpleAdNetwork|Day 26 ended. Starting next day
20/12 11:02:30 INFO SimpleAdNetwork|Day 27 :BankStatus[18.540664]
20/12 11:02:30 INFO SimpleAdNetwork|Day 27: Updating campaign 1034786146 stats: 2501.5 tgtImps 2976.5 nonTgtImps. Cost of imps is 0.006223275292571552
20/12 11:02:30 INFO SimpleAdNetwork|Day 27: Updating campaign 2134500515 stats: 15003.0 tgtImps 14757.0 nonTgtImps. Cost of imps is 0.032205252231143615
20/12 11:02:30 INFO SimpleAdNetwork|Day 27: Updating campaign 641517929 stats: 6253.5 tgtImps 4850.5 nonTgtImps. Cost of imps is 0.010956429782167314
20/12 11:02:30 INFO SimpleAdNetwork|Day 27: Updating campaign 578347239 stats: 12516.0 tgtImps 16852.5 nonTgtImps. Cost of imps is 0.032102884650429354
20/12 11:02:30 INFO SimpleAdNetwork|Day 27: Daily notification for campaign 1792356892
20/12 11:02:30 INFO SimpleAdNetwork|Day 27:  allocated to DummyAdnetwork-5. UCS Level set to 0.5904900000000002 at price 0.0 Qualit Score is: 1.159422113215896
20/12 11:02:30 INFO SimpleAdNetwork|Day 27: Campaign opportunity - Campaign ID 1041086680: day 29 to 38 [MALE, LOW_INCOME], reach: 10000 coefs: (v=2.0, m=1.5)
20/12 11:02:30 INFO SimpleAdNetwork|Day 27: Campaign total budget bid: 8.772
20/12 11:02:30 INFO SimpleAdNetwork|Day 27: Adjusting ucs bid: was 0.1310869075231977 level reported: 0.5904900000000002 target: 0.7 adjusted: 0.1127092685151342
20/12 11:02:30 INFO SimpleAdNetwork|Day 27 : AdNetworkReport
20/12 11:02:30 INFO SimpleAdNetwork|Day 27 : Simulation Status Received
20/12 11:02:30 INFO SimpleAdNetwork|Day 27: Updated 36 Bid Bundle entries for Campaign id 2134500515
20/12 11:02:30 INFO SimpleAdNetwork|Day 27: Updated 36 Bid Bundle entries for Campaign id 641517929
20/12 11:02:30 INFO SimpleAdNetwork|Day 27: Updated 36 Bid Bundle entries for Campaign id 1034786146
20/12 11:02:30 INFO SimpleAdNetwork|Day 27: Sending BidBundle
20/12 11:02:30 INFO SimpleAdNetwork|Day 27 ended. Starting next day
20/12 11:02:40 INFO SimpleAdNetwork|Day 28 :BankStatus[18.378829]
20/12 11:02:40 INFO SimpleAdNetwork|Day 28: Updating campaign 1034786146 stats: 5004.5 tgtImps 4364.5 nonTgtImps. Cost of imps is 0.010896303090503226
20/12 11:02:40 INFO SimpleAdNetwork|Day 28: Updating campaign 2134500515 stats: 18753.5 tgtImps 21411.5 nonTgtImps. Cost of imps is 0.04356127487247497
20/12 11:02:40 INFO SimpleAdNetwork|Day 28: Updating campaign 641517929 stats: 6253.5 tgtImps 4850.5 nonTgtImps. Cost of imps is 0.010956429782167314
20/12 11:02:40 INFO SimpleAdNetwork|Day 28: Updating campaign 578347239 stats: 12518.0 tgtImps 16855.5 nonTgtImps. Cost of imps is 0.032108747503167556
20/12 11:02:40 INFO SimpleAdNetwork|Day 28: Daily notification for campaign 1041086680
20/12 11:02:40 INFO SimpleAdNetwork|Day 28:  allocated to DummyAdnetwork-5. UCS Level set to 0.5904900000000002 at price 0.0 Qualit Score is: 1.1599166559714758
20/12 11:02:40 INFO SimpleAdNetwork|Day 28: Campaign opportunity - Campaign ID 807327640: day 30 to 39 [HIGH_INCOME, FEMALE], reach: 5000 coefs: (v=2.0, m=1.5)
20/12 11:02:40 INFO SimpleAdNetwork|Day 28: Campaign total budget bid: 1.988
20/12 11:02:40 INFO SimpleAdNetwork|Day 28: Adjusting ucs bid: was 0.1127092685151342 level reported: 0.5904900000000002 target: 0.7 adjusted: 0.12505206051022652
20/12 11:02:40 INFO SimpleAdNetwork|Day 28 : AdNetworkReport
20/12 11:02:40 INFO SimpleAdNetwork|Day 28 : Simulation Status Received
20/12 11:02:40 INFO SimpleAdNetwork|Day 28: Updated 36 Bid Bundle entries for Campaign id 2134500515
20/12 11:02:40 INFO SimpleAdNetwork|Day 28: Updated 36 Bid Bundle entries for Campaign id 641517929
20/12 11:02:40 INFO SimpleAdNetwork|Day 28: Updated 36 Bid Bundle entries for Campaign id 1034786146
20/12 11:02:40 INFO SimpleAdNetwork|Day 28: Sending BidBundle
20/12 11:02:40 INFO SimpleAdNetwork|Day 28 ended. Starting next day
20/12 11:02:50 INFO SimpleAdNetwork|Day 29 :BankStatus[22.411625]
20/12 11:02:50 INFO SimpleAdNetwork|Day 29: Updating campaign 1034786146 stats: 6255.5 tgtImps 6539.0 nonTgtImps. Cost of imps is 0.014906483323301146
20/12 11:02:50 INFO SimpleAdNetwork|Day 29: Updating campaign 2134500515 stats: 18755.0 tgtImps 21417.5 nonTgtImps. Cost of imps is 0.04356419035202912
20/12 11:02:50 INFO SimpleAdNetwork|Day 29: Updating campaign 641517929 stats: 6253.5 tgtImps 4850.5 nonTgtImps. Cost of imps is 0.010956429782167314
20/12 11:02:50 INFO SimpleAdNetwork|Day 29: Daily notification for campaign 807327640
20/12 11:02:50 INFO SimpleAdNetwork|Day 29:  WON at cost 3.5561438052474643. UCS Level set to 0.5904900000000002 at price 0.0 Qualit Score is: 1.1599166559714758
20/12 11:02:50 INFO SimpleAdNetwork|Day 29: Campaign opportunity - Campaign ID 1335600889: day 31 to 40 [OLD, LOW_INCOME], reach: 10000 coefs: (v=2.0, m=1.5)
20/12 11:02:50 INFO SimpleAdNetwork|Day 29: Campaign total budget bid: 3.06
20/12 11:02:50 INFO SimpleAdNetwork|Day 29: Adjusting ucs bid: was 0.12505206051022652 level reported: 0.5904900000000002 target: 0.7 adjusted: 0.1387465116567014
20/12 11:02:50 INFO SimpleAdNetwork|Day 29 : AdNetworkReport
20/12 11:02:50 INFO SimpleAdNetwork|Day 29 : Simulation Status Received
20/12 11:02:50 INFO SimpleAdNetwork|Day 29: Updated 36 Bid Bundle entries for Campaign id 807327640
20/12 11:02:50 INFO SimpleAdNetwork|Day 29: Updated 36 Bid Bundle entries for Campaign id 641517929
20/12 11:02:50 INFO SimpleAdNetwork|Day 29: Updated 36 Bid Bundle entries for Campaign id 1034786146
20/12 11:02:50 INFO SimpleAdNetwork|Day 29: Sending BidBundle
20/12 11:02:50 INFO SimpleAdNetwork|Day 29 ended. Starting next day
20/12 11:03:00 INFO SimpleAdNetwork|Day 30 :BankStatus[22.265801]
20/12 11:03:00 INFO SimpleAdNetwork|Day 30: Updating campaign 1034786146 stats: 6257.0 tgtImps 6559.5 nonTgtImps. Cost of imps is 0.01492685467523551
20/12 11:03:00 INFO SimpleAdNetwork|Day 30: Updating campaign 2134500515 stats: 18758.0 tgtImps 21419.5 nonTgtImps. Cost of imps is 0.04356843070117003
20/12 11:03:00 INFO SimpleAdNetwork|Day 30: Updating campaign 641517929 stats: 6253.5 tgtImps 4850.5 nonTgtImps. Cost of imps is 0.010956429782167314
20/12 11:03:00 INFO SimpleAdNetwork|Day 30: Daily notification for campaign 1335600889
20/12 11:03:00 INFO SimpleAdNetwork|Day 30:  WON at cost 3.5561438052474643. UCS Level set to 0.5904900000000002 at price 0.0 Qualit Score is: 1.159816756028915
20/12 11:03:00 INFO SimpleAdNetwork|Day 30: Campaign opportunity - Campaign ID 74143240: day 32 to 36 [MALE, YOUNG], reach: 5000 coefs: (v=2.0, m=1.5)
20/12 11:03:00 INFO SimpleAdNetwork|Day 30: Campaign total budget bid: 1.144
20/12 11:03:00 INFO SimpleAdNetwork|Day 30: Adjusting ucs bid: was 0.1387465116567014 level reported: 0.5904900000000002 target: 0.7 adjusted: 0.12433862977695273
20/12 11:03:00 INFO SimpleAdNetwork|Day 30 : AdNetworkReport
20/12 11:03:00 INFO SimpleAdNetwork|Day 30 : Simulation Status Received
20/12 11:03:00 INFO SimpleAdNetwork|Day 30: Updated 36 Bid Bundle entries for Campaign id 1335600889
20/12 11:03:00 INFO SimpleAdNetwork|Day 30: Updated 36 Bid Bundle entries for Campaign id 807327640
20/12 11:03:00 INFO SimpleAdNetwork|Day 30: Updated 36 Bid Bundle entries for Campaign id 641517929
20/12 11:03:00 INFO SimpleAdNetwork|Day 30: Updated 36 Bid Bundle entries for Campaign id 1034786146
20/12 11:03:00 INFO SimpleAdNetwork|Day 30: Sending BidBundle
20/12 11:03:00 INFO SimpleAdNetwork|Day 30 ended. Starting next day
20/12 11:03:10 INFO SimpleAdNetwork|Day 31 :BankStatus[27.771878]
20/12 11:03:10 INFO SimpleAdNetwork|Day 31: Updating campaign 1034786146 stats: 6258.5 tgtImps 6559.5 nonTgtImps. Cost of imps is 0.014930377387803749
20/12 11:03:10 INFO SimpleAdNetwork|Day 31: Updating campaign 807327640 stats: 2501.0 tgtImps 266.0 nonTgtImps. Cost of imps is 0.002804849924931143
20/12 11:03:10 INFO SimpleAdNetwork|Day 31: Updating campaign 641517929 stats: 6254.5 tgtImps 4850.5 nonTgtImps. Cost of imps is 0.010959380662387877
20/12 11:03:10 INFO SimpleAdNetwork|Day 31: Daily notification for campaign 74143240
20/12 11:03:10 INFO SimpleAdNetwork|Day 31:  WON at cost 3.5558375258608783. UCS Level set to 0.5904900000000002 at price 0.0 Qualit Score is: 1.159816756028915
20/12 11:03:10 INFO SimpleAdNetwork|Day 31: Campaign opportunity - Campaign ID 1580995744: day 33 to 37 [MALE, YOUNG], reach: 15000 coefs: (v=2.0, m=1.5)
20/12 11:03:10 INFO SimpleAdNetwork|Day 31: Campaign total budget bid: 6.7
20/12 11:03:10 INFO SimpleAdNetwork|Day 31: Adjusting ucs bid: was 0.12433862977695273 level reported: 0.5904900000000002 target: 0.7 adjusted: 0.1379549531238268
20/12 11:03:10 INFO SimpleAdNetwork|Day 31 : AdNetworkReport
20/12 11:03:10 INFO SimpleAdNetwork|Day 31 : Simulation Status Received
20/12 11:03:10 INFO SimpleAdNetwork|Day 31: Updated 36 Bid Bundle entries for Campaign id 74143240
20/12 11:03:10 INFO SimpleAdNetwork|Day 31: Updated 36 Bid Bundle entries for Campaign id 1335600889
20/12 11:03:10 INFO SimpleAdNetwork|Day 31: Updated 36 Bid Bundle entries for Campaign id 807327640
20/12 11:03:10 INFO SimpleAdNetwork|Day 31: Updated 36 Bid Bundle entries for Campaign id 1034786146
20/12 11:03:10 INFO SimpleAdNetwork|Day 31: Sending BidBundle
20/12 11:03:10 INFO SimpleAdNetwork|Day 31 ended. Starting next day
20/12 11:03:20 INFO SimpleAdNetwork|Day 32 :BankStatus[27.613316]
20/12 11:03:20 INFO SimpleAdNetwork|Day 32: Updating campaign 1034786146 stats: 6258.5 tgtImps 6559.5 nonTgtImps. Cost of imps is 0.014930377387803749
20/12 11:03:20 INFO SimpleAdNetwork|Day 32: Updating campaign 807327640 stats: 5002.5 tgtImps 2037.5 nonTgtImps. Cost of imps is 0.006990894591024004
20/12 11:03:20 INFO SimpleAdNetwork|Day 32: Updating campaign 641517929 stats: 6256.0 tgtImps 4850.5 nonTgtImps. Cost of imps is 0.010961964326621774
20/12 11:03:20 INFO SimpleAdNetwork|Day 32: Updating campaign 1335600889 stats: 5000.5 tgtImps 3329.0 nonTgtImps. Cost of imps is 0.008573169541119712
20/12 11:03:20 INFO SimpleAdNetwork|Day 32: Daily notification for campaign 1580995744
20/12 11:03:20 INFO SimpleAdNetwork|Day 32:  allocated to DummyAdnetwork-2. UCS Level set to 0.5904900000000002 at price 0.0 Qualit Score is: 1.1599336416728911
20/12 11:03:20 INFO SimpleAdNetwork|Day 32: Campaign opportunity - Campaign ID 453478362: day 34 to 43 [MALE, YOUNG], reach: 5000 coefs: (v=2.0, m=1.5)
20/12 11:03:20 INFO SimpleAdNetwork|Day 32: Campaign total budget bid: 1.914
20/12 11:03:20 INFO SimpleAdNetwork|Day 32: Adjusting ucs bid: was 0.1379549531238268 level reported: 0.5904900000000002 target: 0.7 adjusted: 0.10421506336015773
20/12 11:03:20 INFO SimpleAdNetwork|Day 32 : AdNetworkReport
20/12 11:03:20 INFO SimpleAdNetwork|Day 32 : Simulation Status Received
20/12 11:03:20 INFO SimpleAdNetwork|Day 32: Updated 36 Bid Bundle entries for Campaign id 74143240
20/12 11:03:20 INFO SimpleAdNetwork|Day 32: Updated 36 Bid Bundle entries for Campaign id 1335600889
20/12 11:03:20 INFO SimpleAdNetwork|Day 32: Updated 36 Bid Bundle entries for Campaign id 807327640
20/12 11:03:20 INFO SimpleAdNetwork|Day 32: Sending BidBundle
20/12 11:03:20 INFO SimpleAdNetwork|Day 32 ended. Starting next day
20/12 11:03:30 INFO SimpleAdNetwork|Day 33 :BankStatus[31.551086]
20/12 11:03:30 INFO SimpleAdNetwork|Day 33: Updating campaign 1034786146 stats: 6258.5 tgtImps 6559.5 nonTgtImps. Cost of imps is 0.014930377387803749
20/12 11:03:30 INFO SimpleAdNetwork|Day 33: Updating campaign 807327640 stats: 6252.0 tgtImps 4113.0 nonTgtImps. Cost of imps is 0.010483225313553314
20/12 11:03:30 INFO SimpleAdNetwork|Day 33: Updating campaign 74143240 stats: 2501.5 tgtImps 2473.5 nonTgtImps. Cost of imps is 0.005179022958414826
20/12 11:03:30 INFO SimpleAdNetwork|Day 33: Updating campaign 1335600889 stats: 10002.5 tgtImps 7900.5 nonTgtImps. Cost of imps is 0.018809922523254426
20/12 11:03:30 INFO SimpleAdNetwork|Day 33: Daily notification for campaign 453478362
20/12 11:03:30 INFO SimpleAdNetwork|Day 33:  WON at cost 4.88165592302135. UCS Level set to 0.5904900000000002 at price 0.0 Qualit Score is: 1.160097807805486
20/12 11:03:30 INFO SimpleAdNetwork|Day 33: Campaign opportunity - Campaign ID 1460628046: day 35 to 39 [FEMALE, YOUNG], reach: 5000 coefs: (v=2.0, m=1.5)
20/12 11:03:30 INFO SimpleAdNetwork|Day 33: Campaign total budget bid: 0.809
20/12 11:03:30 INFO SimpleAdNetwork|Day 33: Adjusting ucs bid: was 0.10421506336015773 level reported: 0.5904900000000002 target: 0.7 adjusted: 0.11562765494872858
20/12 11:03:30 INFO SimpleAdNetwork|Day 33 : AdNetworkReport
20/12 11:03:30 INFO SimpleAdNetwork|Day 33 : Simulation Status Received
20/12 11:03:30 INFO SimpleAdNetwork|Day 33: Updated 36 Bid Bundle entries for Campaign id 807327640
20/12 11:03:30 INFO SimpleAdNetwork|Day 33: Updated 36 Bid Bundle entries for Campaign id 74143240
20/12 11:03:30 INFO SimpleAdNetwork|Day 33: Updated 36 Bid Bundle entries for Campaign id 1335600889
20/12 11:03:30 INFO SimpleAdNetwork|Day 33: Updated 36 Bid Bundle entries for Campaign id 453478362
20/12 11:03:30 INFO SimpleAdNetwork|Day 33: Sending BidBundle
20/12 11:03:30 INFO SimpleAdNetwork|Day 33 ended. Starting next day
20/12 11:03:40 INFO SimpleAdNetwork|Day 34 :BankStatus[37.032167]
20/12 11:03:40 INFO SimpleAdNetwork|Day 34: Updating campaign 807327640 stats: 6255.0 tgtImps 4130.0 nonTgtImps. Cost of imps is 0.010505316253820533
20/12 11:03:40 INFO SimpleAdNetwork|Day 34: Updating campaign 74143240 stats: 5002.0 tgtImps 23367.0 nonTgtImps. Cost of imps is 0.03153538882846859
20/12 11:03:40 INFO SimpleAdNetwork|Day 34: Updating campaign 1335600889 stats: 12502.5 tgtImps 8782.0 nonTgtImps. Cost of imps is 0.02246809295294541
20/12 11:03:40 INFO SimpleAdNetwork|Day 34: Daily notification for campaign 1460628046
20/12 11:03:40 INFO SimpleAdNetwork|Day 34:  WON at cost 4.882346826832353. UCS Level set to 0.5904900000000002 at price 0.0 Qualit Score is: 1.160097807805486
20/12 11:03:40 INFO SimpleAdNetwork|Day 34: Campaign opportunity - Campaign ID 1806225705: day 36 to 40 [FEMALE, LOW_INCOME], reach: 10000 coefs: (v=2.0, m=1.5)
20/12 11:03:40 INFO SimpleAdNetwork|Day 34: Campaign total budget bid: 1.986
20/12 11:03:40 INFO SimpleAdNetwork|Day 34: Adjusting ucs bid: was 0.11562765494872858 level reported: 0.5904900000000002 target: 0.7 adjusted: 0.12829003944216383
20/12 11:03:40 INFO SimpleAdNetwork|Day 34 : AdNetworkReport
20/12 11:03:40 INFO SimpleAdNetwork|Day 34 : Simulation Status Received
20/12 11:03:40 INFO SimpleAdNetwork|Day 34: Updated 36 Bid Bundle entries for Campaign id 807327640
20/12 11:03:40 INFO SimpleAdNetwork|Day 34: Updated 36 Bid Bundle entries for Campaign id 1460628046
20/12 11:03:40 INFO SimpleAdNetwork|Day 34: Updated 36 Bid Bundle entries for Campaign id 74143240
20/12 11:03:40 INFO SimpleAdNetwork|Day 34: Updated 36 Bid Bundle entries for Campaign id 1335600889
20/12 11:03:40 INFO SimpleAdNetwork|Day 34: Updated 36 Bid Bundle entries for Campaign id 453478362
20/12 11:03:40 INFO SimpleAdNetwork|Day 34: Sending BidBundle
20/12 11:03:40 INFO SimpleAdNetwork|Day 34 ended. Starting next day
20/12 11:03:50 INFO SimpleAdNetwork|Day 35 :BankStatus[36.881793]
20/12 11:03:50 INFO SimpleAdNetwork|Day 35: Updating campaign 807327640 stats: 6256.5 tgtImps 4170.0 nonTgtImps. Cost of imps is 0.010533699333119978
20/12 11:03:50 INFO SimpleAdNetwork|Day 35: Updating campaign 74143240 stats: 6252.0 tgtImps 26321.0 nonTgtImps. Cost of imps is 0.03607791193446771
20/12 11:03:50 INFO SimpleAdNetwork|Day 35: Updating campaign 1335600889 stats: 12505.5 tgtImps 8782.0 nonTgtImps. Cost of imps is 0.022470623550586794
20/12 11:03:50 INFO SimpleAdNetwork|Day 35: Updating campaign 453478362 stats: 0.0 tgtImps 0.0 nonTgtImps. Cost of imps is 0.0
20/12 11:03:50 INFO SimpleAdNetwork|Day 35: Daily notification for campaign 1806225705
20/12 11:03:50 INFO SimpleAdNetwork|Day 35:  WON at cost 3.931870745494564. UCS Level set to 0.5904900000000002 at price 0.0 Qualit Score is: 1.160097807805486
20/12 11:03:50 INFO SimpleAdNetwork|Day 35: Campaign opportunity - Campaign ID 1376723613: day 37 to 46 [LOW_INCOME, YOUNG], reach: 5000 coefs: (v=2.0, m=1.5)
20/12 11:03:50 INFO SimpleAdNetwork|Day 35: Campaign total budget bid: 2.716
20/12 11:03:50 INFO SimpleAdNetwork|Day 35: Adjusting ucs bid: was 0.12829003944216383 level reported: 0.5904900000000002 target: 0.7 adjusted: 0.13665666689875194
20/12 11:03:50 INFO SimpleAdNetwork|Day 35 : AdNetworkReport
20/12 11:03:50 INFO SimpleAdNetwork|Day 35 : Simulation Status Received
20/12 11:03:50 INFO SimpleAdNetwork|Day 35: Updated 36 Bid Bundle entries for Campaign id 807327640
20/12 11:03:50 INFO SimpleAdNetwork|Day 35: Updated 36 Bid Bundle entries for Campaign id 1460628046
20/12 11:03:50 INFO SimpleAdNetwork|Day 35: Updated 36 Bid Bundle entries for Campaign id 1806225705
20/12 11:03:50 INFO SimpleAdNetwork|Day 35: Updated 36 Bid Bundle entries for Campaign id 74143240
20/12 11:03:50 INFO SimpleAdNetwork|Day 35: Updated 36 Bid Bundle entries for Campaign id 1335600889
20/12 11:03:50 INFO SimpleAdNetwork|Day 35: Updated 36 Bid Bundle entries for Campaign id 453478362
20/12 11:03:50 INFO SimpleAdNetwork|Day 35: Sending BidBundle
20/12 11:03:50 INFO SimpleAdNetwork|Day 35 ended. Starting next day
20/12 11:04:00 INFO SimpleAdNetwork|Day 36 :BankStatus[36.729940]
20/12 11:04:00 INFO SimpleAdNetwork|Day 36: Updating campaign 807327640 stats: 6258.0 tgtImps 4170.0 nonTgtImps. Cost of imps is 0.010535879496728162
20/12 11:04:00 INFO SimpleAdNetwork|Day 36: Updating campaign 74143240 stats: 6253.5 tgtImps 26323.0 nonTgtImps. Cost of imps is 0.036086251322596116
20/12 11:04:00 INFO SimpleAdNetwork|Day 36: Updating campaign 1460628046 stats: 2502.0 tgtImps 2619.0 nonTgtImps. Cost of imps is 0.00603040592070251
20/12 11:04:00 INFO SimpleAdNetwork|Day 36: Updating campaign 1335600889 stats: 12507.0 tgtImps 8789.5 nonTgtImps. Cost of imps is 0.02248320260727781
20/12 11:04:00 INFO SimpleAdNetwork|Day 36: Updating campaign 453478362 stats: 0.0 tgtImps 0.0 nonTgtImps. Cost of imps is 0.0
20/12 11:04:00 INFO SimpleAdNetwork|Day 36: Daily notification for campaign 1376723613
20/12 11:04:00 INFO SimpleAdNetwork|Day 36:  WON at cost 3.931870745494564. UCS Level set to 0.5904900000000002 at price 0.0 Qualit Score is: 1.160097807805486
20/12 11:04:00 INFO SimpleAdNetwork|Day 36: Campaign opportunity - Campaign ID 159464760: day 38 to 47 [OLD, FEMALE], reach: 15000 coefs: (v=2.0, m=1.5)
20/12 11:04:00 INFO SimpleAdNetwork|Day 36: Campaign total budget bid: 9.98
20/12 11:04:00 INFO SimpleAdNetwork|Day 36: Adjusting ucs bid: was 0.13665666689875194 level reported: 0.5904900000000002 target: 0.7 adjusted: 0.13447921136598176
20/12 11:04:00 INFO SimpleAdNetwork|Day 36 : AdNetworkReport
20/12 11:04:00 INFO SimpleAdNetwork|Day 36 : Simulation Status Received
20/12 11:04:00 INFO SimpleAdNetwork|Day 36: Updated 36 Bid Bundle entries for Campaign id 807327640
20/12 11:04:00 INFO SimpleAdNetwork|Day 36: Updated 36 Bid Bundle entries for Campaign id 1460628046
20/12 11:04:00 INFO SimpleAdNetwork|Day 36: Updated 36 Bid Bundle entries for Campaign id 1376723613
20/12 11:04:00 INFO SimpleAdNetwork|Day 36: Updated 36 Bid Bundle entries for Campaign id 1806225705
20/12 11:04:00 INFO SimpleAdNetwork|Day 36: Updated 36 Bid Bundle entries for Campaign id 1335600889
20/12 11:04:00 INFO SimpleAdNetwork|Day 36: Updated 36 Bid Bundle entries for Campaign id 453478362
20/12 11:04:00 INFO SimpleAdNetwork|Day 36: Sending BidBundle
20/12 11:04:00 INFO SimpleAdNetwork|Day 36 ended. Starting next day
20/12 11:04:10 INFO SimpleAdNetwork|Day 37 :BankStatus[36.566656]
20/12 11:04:10 INFO SimpleAdNetwork|Day 37: Updating campaign 1806225705 stats: 5000.5 tgtImps 4522.5 nonTgtImps. Cost of imps is 0.010225412370056385
20/12 11:04:10 INFO SimpleAdNetwork|Day 37: Updating campaign 807327640 stats: 6259.5 tgtImps 4170.0 nonTgtImps. Cost of imps is 0.010536095257203719
20/12 11:04:10 INFO SimpleAdNetwork|Day 37: Updating campaign 74143240 stats: 6255.0 tgtImps 26323.0 nonTgtImps. Cost of imps is 0.03608993708435808
20/12 11:04:10 INFO SimpleAdNetwork|Day 37: Updating campaign 1460628046 stats: 5004.0 tgtImps 6465.0 nonTgtImps. Cost of imps is 0.013262677435390703
20/12 11:04:10 INFO SimpleAdNetwork|Day 37: Updating campaign 1335600889 stats: 12510.0 tgtImps 8807.5 nonTgtImps. Cost of imps is 0.022505026300826597
20/12 11:04:10 INFO SimpleAdNetwork|Day 37: Updating campaign 453478362 stats: 0.0 tgtImps 0.0 nonTgtImps. Cost of imps is 0.0
20/12 11:04:10 INFO SimpleAdNetwork|Day 37: Daily notification for campaign 159464760
20/12 11:04:10 INFO SimpleAdNetwork|Day 37:  allocated to DummyAdnetwork-2. UCS Level set to 0.5904900000000002 at price 0.0 Qualit Score is: 1.1599990443088473
20/12 11:04:10 INFO SimpleAdNetwork|Day 37: Campaign opportunity - Campaign ID 1440347182: day 39 to 41 [OLD, MALE], reach: 5000 coefs: (v=2.0, m=1.5)
20/12 11:04:10 INFO SimpleAdNetwork|Day 37: Campaign total budget bid: 0.279
20/12 11:04:10 INFO SimpleAdNetwork|Day 37: Adjusting ucs bid: was 0.13447921136598176 level reported: 0.5904900000000002 target: 0.7 adjusted: 0.12313651266558875
20/12 11:04:10 INFO SimpleAdNetwork|Day 37 : AdNetworkReport
20/12 11:04:10 INFO SimpleAdNetwork|Day 37 : Simulation Status Received
20/12 11:04:10 INFO SimpleAdNetwork|Day 37: Updated 36 Bid Bundle entries for Campaign id 807327640
20/12 11:04:10 INFO SimpleAdNetwork|Day 37: Updated 36 Bid Bundle entries for Campaign id 1460628046
20/12 11:04:10 INFO SimpleAdNetwork|Day 37: Updated 36 Bid Bundle entries for Campaign id 1376723613
20/12 11:04:10 INFO SimpleAdNetwork|Day 37: Updated 36 Bid Bundle entries for Campaign id 1806225705
20/12 11:04:10 INFO SimpleAdNetwork|Day 37: Updated 36 Bid Bundle entries for Campaign id 1335600889
20/12 11:04:10 INFO SimpleAdNetwork|Day 37: Updated 36 Bid Bundle entries for Campaign id 453478362
20/12 11:04:10 INFO SimpleAdNetwork|Day 37: Sending BidBundle
20/12 11:04:10 INFO SimpleAdNetwork|Day 37 ended. Starting next day
20/12 11:04:20 INFO SimpleAdNetwork|Day 38 :BankStatus[40.533743]
20/12 11:04:20 INFO SimpleAdNetwork|Day 38: Updating campaign 1806225705 stats: 5000.5 tgtImps 4522.5 nonTgtImps. Cost of imps is 0.010225412370056385
20/12 11:04:20 INFO SimpleAdNetwork|Day 38: Updating campaign 807327640 stats: 6262.5 tgtImps 4174.5 nonTgtImps. Cost of imps is 0.010540127515233646
20/12 11:04:20 INFO SimpleAdNetwork|Day 38: Updating campaign 1376723613 stats: 2501.5 tgtImps 3031.5 nonTgtImps. Cost of imps is 0.006078607581412503
20/12 11:04:20 INFO SimpleAdNetwork|Day 38: Updating campaign 1460628046 stats: 6254.5 tgtImps 7042.5 nonTgtImps. Cost of imps is 0.015384124128727982
20/12 11:04:20 INFO SimpleAdNetwork|Day 38: Updating campaign 1335600889 stats: 12513.0 tgtImps 8807.5 nonTgtImps. Cost of imps is 0.02250856855503428
20/12 11:04:20 INFO SimpleAdNetwork|Day 38: Updating campaign 453478362 stats: 2500.5 tgtImps 1150.5 nonTgtImps. Cost of imps is 0.0034403485856999757
20/12 11:04:20 INFO SimpleAdNetwork|Day 38: Daily notification for campaign 1440347182
20/12 11:04:20 INFO SimpleAdNetwork|Day 38:  allocated to DummyAdnetwork-2. UCS Level set to 0.6561000000000001 at price 0.0 Qualit Score is: 1.1599990443088473
20/12 11:04:20 INFO SimpleAdNetwork|Day 38: Campaign opportunity - Campaign ID 1614152651: day 40 to 42 [LOW_INCOME, YOUNG], reach: 15000 coefs: (v=2.0, m=1.5)
20/12 11:04:20 INFO SimpleAdNetwork|Day 38: Campaign total budget bid: 9.186
20/12 11:04:20 INFO SimpleAdNetwork|Day 38: Adjusting ucs bid: was 0.12313651266558875 level reported: 0.6561000000000001 target: 0.7 adjusted: 0.10771357595076207
20/12 11:04:20 INFO SimpleAdNetwork|Day 38 : AdNetworkReport
20/12 11:04:20 INFO SimpleAdNetwork|Day 38 : Simulation Status Received
20/12 11:04:20 INFO SimpleAdNetwork|Day 38: Updated 36 Bid Bundle entries for Campaign id 807327640
20/12 11:04:20 INFO SimpleAdNetwork|Day 38: Updated 36 Bid Bundle entries for Campaign id 1460628046
20/12 11:04:20 INFO SimpleAdNetwork|Day 38: Updated 36 Bid Bundle entries for Campaign id 1376723613
20/12 11:04:20 INFO SimpleAdNetwork|Day 38: Updated 36 Bid Bundle entries for Campaign id 1806225705
20/12 11:04:20 INFO SimpleAdNetwork|Day 38: Updated 36 Bid Bundle entries for Campaign id 1335600889
20/12 11:04:20 INFO SimpleAdNetwork|Day 38: Updated 36 Bid Bundle entries for Campaign id 453478362
20/12 11:04:20 INFO SimpleAdNetwork|Day 38: Sending BidBundle
20/12 11:04:20 INFO SimpleAdNetwork|Day 38 ended. Starting next day
20/12 11:04:30 INFO SimpleAdNetwork|Day 39 :BankStatus[40.433674]
20/12 11:04:30 INFO SimpleAdNetwork|Day 39: Updating campaign 1806225705 stats: 5000.5 tgtImps 4522.5 nonTgtImps. Cost of imps is 0.010225412370056385
20/12 11:04:30 INFO SimpleAdNetwork|Day 39: Updating campaign 807327640 stats: 6265.5 tgtImps 4174.5 nonTgtImps. Cost of imps is 0.01054305355255606
20/12 11:04:30 INFO SimpleAdNetwork|Day 39: Updating campaign 1376723613 stats: 5003.5 tgtImps 5127.0 nonTgtImps. Cost of imps is 0.011641305249436854
20/12 11:04:30 INFO SimpleAdNetwork|Day 39: Updating campaign 1460628046 stats: 6257.5 tgtImps 7042.5 nonTgtImps. Cost of imps is 0.015384905803094238
20/12 11:04:30 INFO SimpleAdNetwork|Day 39: Updating campaign 1335600889 stats: 12514.0 tgtImps 8807.5 nonTgtImps. Cost of imps is 0.02251145490807174
20/12 11:04:30 INFO SimpleAdNetwork|Day 39: Updating campaign 453478362 stats: 5003.0 tgtImps 2402.5 nonTgtImps. Cost of imps is 0.008173356750249952
20/12 11:04:30 INFO SimpleAdNetwork|Day 39: Daily notification for campaign 1614152651
20/12 11:04:30 INFO SimpleAdNetwork|Day 39:  allocated to DummyAdnetwork-2. UCS Level set to 0.6561000000000001 at price 0.0 Qualit Score is: 1.1599990443088473
20/12 11:04:30 INFO SimpleAdNetwork|Day 39: Campaign opportunity - Campaign ID 1194524140: day 41 to 43 [OLD, FEMALE], reach: 15000 coefs: (v=2.0, m=1.5)
20/12 11:04:30 INFO SimpleAdNetwork|Day 39: Campaign total budget bid: 7.611
20/12 11:04:30 INFO SimpleAdNetwork|Day 39: Adjusting ucs bid: was 0.10771357595076207 level reported: 0.6561000000000001 target: 0.7 adjusted: 0.11244220193500051
20/12 11:04:30 INFO SimpleAdNetwork|Day 39 : AdNetworkReport
20/12 11:04:30 INFO SimpleAdNetwork|Day 39 : Simulation Status Received
20/12 11:04:30 INFO SimpleAdNetwork|Day 39: Updated 36 Bid Bundle entries for Campaign id 1376723613
20/12 11:04:30 INFO SimpleAdNetwork|Day 39: Updated 36 Bid Bundle entries for Campaign id 1806225705
20/12 11:04:30 INFO SimpleAdNetwork|Day 39: Updated 36 Bid Bundle entries for Campaign id 1335600889
20/12 11:04:30 INFO SimpleAdNetwork|Day 39: Updated 36 Bid Bundle entries for Campaign id 453478362
20/12 11:04:30 INFO SimpleAdNetwork|Day 39: Sending BidBundle
20/12 11:04:30 INFO SimpleAdNetwork|Day 39 ended. Starting next day
20/12 11:04:40 INFO SimpleAdNetwork|Day 40 :BankStatus[40.352449]
20/12 11:04:40 INFO SimpleAdNetwork|Day 40: Updating campaign 1806225705 stats: 5000.5 tgtImps 4522.5 nonTgtImps. Cost of imps is 0.010225412370056385
20/12 11:04:40 INFO SimpleAdNetwork|Day 40: Updating campaign 807327640 stats: 6267.0 tgtImps 4174.5 nonTgtImps. Cost of imps is 0.01054391520210238
20/12 11:04:40 INFO SimpleAdNetwork|Day 40: Updating campaign 1376723613 stats: 6253.0 tgtImps 5205.0 nonTgtImps. Cost of imps is 0.012967366740361174
20/12 11:04:40 INFO SimpleAdNetwork|Day 40: Updating campaign 1460628046 stats: 6259.0 tgtImps 7042.5 nonTgtImps. Cost of imps is 0.015388722952866791
20/12 11:04:40 INFO SimpleAdNetwork|Day 40: Updating campaign 1335600889 stats: 12517.0 tgtImps 8832.0 nonTgtImps. Cost of imps is 0.02252857345639439
20/12 11:04:40 INFO SimpleAdNetwork|Day 40: Updating campaign 453478362 stats: 6252.5 tgtImps 2402.5 nonTgtImps. Cost of imps is 0.009527423502898709
20/12 11:04:40 INFO SimpleAdNetwork|Day 40: Daily notification for campaign 1194524140
20/12 11:04:40 INFO SimpleAdNetwork|Day 40:  allocated to DummyAdnetwork-2. UCS Level set to 0.6561000000000001 at price 0.0 Qualit Score is: 1.1603565105983873
20/12 11:04:40 INFO SimpleAdNetwork|Day 40: Campaign opportunity - Campaign ID 1968203148: day 42 to 44 [MALE, LOW_INCOME], reach: 10000 coefs: (v=2.0, m=1.5)
20/12 11:04:40 INFO SimpleAdNetwork|Day 40: Campaign total budget bid: 0.859
20/12 11:04:40 INFO SimpleAdNetwork|Day 40: Adjusting ucs bid: was 0.11244220193500051 level reported: 0.6561000000000001 target: 0.7 adjusted: 0.11737841459994702
20/12 11:04:40 INFO SimpleAdNetwork|Day 40 : AdNetworkReport
20/12 11:04:40 INFO SimpleAdNetwork|Day 40 : Simulation Status Received
20/12 11:04:40 INFO SimpleAdNetwork|Day 40: Updated 36 Bid Bundle entries for Campaign id 1376723613
20/12 11:04:40 INFO SimpleAdNetwork|Day 40: Updated 36 Bid Bundle entries for Campaign id 453478362
20/12 11:04:40 INFO SimpleAdNetwork|Day 40: Sending BidBundle
20/12 11:04:40 INFO SimpleAdNetwork|Day 40 ended. Starting next day
20/12 11:04:50 INFO SimpleAdNetwork|Day 41 :BankStatus[50.056080]
20/12 11:04:50 INFO SimpleAdNetwork|Day 41: Updating campaign 1806225705 stats: 7500.5 tgtImps 8299.5 nonTgtImps. Cost of imps is 0.017555962203577823
20/12 11:04:50 INFO SimpleAdNetwork|Day 41: Updating campaign 1376723613 stats: 6255.0 tgtImps 5205.0 nonTgtImps. Cost of imps is 0.01297122334668203
20/12 11:04:50 INFO SimpleAdNetwork|Day 41: Updating campaign 1335600889 stats: 12518.5 tgtImps 8832.0 nonTgtImps. Cost of imps is 0.022531971428204373
20/12 11:04:50 INFO SimpleAdNetwork|Day 41: Updating campaign 453478362 stats: 6254.5 tgtImps 2406.5 nonTgtImps. Cost of imps is 0.009534070268230596
20/12 11:04:50 INFO SimpleAdNetwork|Day 41: Daily notification for campaign 1968203148
20/12 11:04:50 INFO SimpleAdNetwork|Day 41:  allocated to DummyAdnetwork-2. UCS Level set to 0.6561000000000001 at price 0.0 Qualit Score is: 0.8271875197750842
20/12 11:04:50 INFO SimpleAdNetwork|Day 41: Campaign opportunity - Campaign ID 1887551288: day 43 to 47 [HIGH_INCOME, FEMALE], reach: 5000 coefs: (v=2.0, m=1.5)
20/12 11:04:50 INFO SimpleAdNetwork|Day 41: Campaign total budget bid: 0.963
20/12 11:04:50 INFO SimpleAdNetwork|Day 41: Adjusting ucs bid: was 0.11737841459994702 level reported: 0.6561000000000001 target: 0.7 adjusted: 0.12253132700088468
20/12 11:04:50 INFO SimpleAdNetwork|Day 41 : AdNetworkReport
20/12 11:04:50 INFO SimpleAdNetwork|Day 41 : Simulation Status Received
20/12 11:04:50 INFO SimpleAdNetwork|Day 41: Updated 36 Bid Bundle entries for Campaign id 1376723613
20/12 11:04:50 INFO SimpleAdNetwork|Day 41: Updated 36 Bid Bundle entries for Campaign id 453478362
20/12 11:04:50 INFO SimpleAdNetwork|Day 41: Sending BidBundle
20/12 11:04:50 INFO SimpleAdNetwork|Day 41 ended. Starting next day
20/12 11:05:00 INFO SimpleAdNetwork|Day 42 :BankStatus[56.475770]
20/12 11:05:00 INFO SimpleAdNetwork|Day 42: Updating campaign 1376723613 stats: 6256.5 tgtImps 5205.0 nonTgtImps. Cost of imps is 0.012972615424055372
20/12 11:05:00 INFO SimpleAdNetwork|Day 42: Updating campaign 453478362 stats: 6256.0 tgtImps 2426.0 nonTgtImps. Cost of imps is 0.009565509134807129
20/12 11:05:00 INFO SimpleAdNetwork|Day 42: Daily notification for campaign 1887551288
20/12 11:05:00 INFO SimpleAdNetwork|Day 42:  WON at cost 2.600955623311389. UCS Level set to 0.6561000000000001 at price 0.0 Qualit Score is: 0.8271875197750842
20/12 11:05:00 INFO SimpleAdNetwork|Day 42: Campaign opportunity - Campaign ID 1668740778: day 44 to 48 [HIGH_INCOME, FEMALE], reach: 5000 coefs: (v=2.0, m=1.5)
20/12 11:05:00 INFO SimpleAdNetwork|Day 42: Campaign total budget bid: 4.386
20/12 11:05:00 INFO SimpleAdNetwork|Day 42: Adjusting ucs bid: was 0.12253132700088468 level reported: 0.6561000000000001 target: 0.7 adjusted: 0.1279104522562235
20/12 11:05:00 INFO SimpleAdNetwork|Day 42 : AdNetworkReport
20/12 11:05:00 INFO SimpleAdNetwork|Day 42 : Simulation Status Received
20/12 11:05:00 INFO SimpleAdNetwork|Day 42: Updated 36 Bid Bundle entries for Campaign id 1887551288
20/12 11:05:00 INFO SimpleAdNetwork|Day 42: Updated 36 Bid Bundle entries for Campaign id 1376723613
20/12 11:05:00 INFO SimpleAdNetwork|Day 42: Updated 36 Bid Bundle entries for Campaign id 453478362
20/12 11:05:00 INFO SimpleAdNetwork|Day 42: Sending BidBundle
20/12 11:05:00 INFO SimpleAdNetwork|Day 42 ended. Starting next day
20/12 11:05:10 INFO SimpleAdNetwork|Day 43 :BankStatus[56.386433]
20/12 11:05:10 INFO SimpleAdNetwork|Day 43: Updating campaign 1376723613 stats: 6259.5 tgtImps 5209.5 nonTgtImps. Cost of imps is 0.012981794235274192
20/12 11:05:10 INFO SimpleAdNetwork|Day 43: Updating campaign 453478362 stats: 6257.5 tgtImps 2429.0 nonTgtImps. Cost of imps is 0.00956805025927509
20/12 11:05:10 INFO SimpleAdNetwork|Day 43: Daily notification for campaign 1668740778
20/12 11:05:10 INFO SimpleAdNetwork|Day 43:  allocated to DummyAdnetwork-2. UCS Level set to 0.6561000000000001 at price 0.0 Qualit Score is: 0.8271875197750842
20/12 11:05:10 INFO SimpleAdNetwork|Day 43: Campaign opportunity - Campaign ID 895173984: day 45 to 54 [FEMALE, LOW_INCOME], reach: 15000 coefs: (v=2.0, m=1.5)
20/12 11:05:10 INFO SimpleAdNetwork|Day 43: Campaign total budget bid: 3.59
20/12 11:05:10 INFO SimpleAdNetwork|Day 43: Adjusting ucs bid: was 0.1279104522562235 level reported: 0.6561000000000001 target: 0.7 adjusted: 0.11151139178194643
20/12 11:05:10 INFO SimpleAdNetwork|Day 43 : AdNetworkReport
20/12 11:05:10 INFO SimpleAdNetwork|Day 43 : Simulation Status Received
20/12 11:05:10 INFO SimpleAdNetwork|Day 43: Updated 36 Bid Bundle entries for Campaign id 1887551288
20/12 11:05:10 INFO SimpleAdNetwork|Day 43: Updated 36 Bid Bundle entries for Campaign id 1376723613
20/12 11:05:10 INFO SimpleAdNetwork|Day 43: Sending BidBundle
20/12 11:05:10 INFO SimpleAdNetwork|Day 43 ended. Starting next day
20/12 11:05:20 INFO SimpleAdNetwork|Day 44 :BankStatus[56.286462]
20/12 11:05:20 INFO SimpleAdNetwork|Day 44: Updating campaign 1887551288 stats: 2500.5 tgtImps 3557.0 nonTgtImps. Cost of imps is 0.006721574445024614
20/12 11:05:20 INFO SimpleAdNetwork|Day 44: Updating campaign 1376723613 stats: 6262.5 tgtImps 5209.5 nonTgtImps. Cost of imps is 0.01298344633395393
20/12 11:05:20 INFO SimpleAdNetwork|Day 44: Updating campaign 453478362 stats: 6259.5 tgtImps 2429.0 nonTgtImps. Cost of imps is 0.009569076413469227
20/12 11:05:20 INFO SimpleAdNetwork|Day 44: Daily notification for campaign 895173984
20/12 11:05:20 INFO SimpleAdNetwork|Day 44:  allocated to DummyAdnetwork-5. UCS Level set to 0.6561000000000001 at price 0.0 Qualit Score is: 1.0270462705431302
20/12 11:05:20 INFO SimpleAdNetwork|Day 44: Campaign opportunity - Campaign ID 1641587898: day 46 to 48 [HIGH_INCOME, YOUNG], reach: 10000 coefs: (v=2.0, m=1.5)
20/12 11:05:20 INFO SimpleAdNetwork|Day 44: Campaign total budget bid: 5.656
20/12 11:05:20 INFO SimpleAdNetwork|Day 44: Adjusting ucs bid: was 0.11151139178194643 level reported: 0.6561000000000001 target: 0.7 adjusted: 0.11640674188117385
20/12 11:05:20 INFO SimpleAdNetwork|Day 44 : AdNetworkReport
20/12 11:05:20 INFO SimpleAdNetwork|Day 44 : Simulation Status Received
20/12 11:05:20 INFO SimpleAdNetwork|Day 44: Updated 36 Bid Bundle entries for Campaign id 1887551288
20/12 11:05:20 INFO SimpleAdNetwork|Day 44: Updated 36 Bid Bundle entries for Campaign id 1376723613
20/12 11:05:20 INFO SimpleAdNetwork|Day 44: Sending BidBundle
20/12 11:05:20 INFO SimpleAdNetwork|Day 44 ended. Starting next day
20/12 11:05:30 INFO SimpleAdNetwork|Day 45 :BankStatus[61.860201]
20/12 11:05:30 INFO SimpleAdNetwork|Day 45: Updating campaign 1887551288 stats: 5002.0 tgtImps 9482.5 nonTgtImps. Cost of imps is 0.015802582774750384
20/12 11:05:30 INFO SimpleAdNetwork|Day 45: Updating campaign 1376723613 stats: 6264.0 tgtImps 5209.5 nonTgtImps. Cost of imps is 0.012985991294221486
20/12 11:05:30 INFO SimpleAdNetwork|Day 45: Daily notification for campaign 1641587898
20/12 11:05:30 INFO SimpleAdNetwork|Day 45:  allocated to DummyAdnetwork-5. UCS Level set to 0.6561000000000001 at price 0.0 Qualit Score is: 1.0270462705431302
20/12 11:05:30 INFO SimpleAdNetwork|Day 45: Campaign opportunity - Campaign ID 794000: day 47 to 49 [FEMALE, LOW_INCOME], reach: 10000 coefs: (v=2.0, m=1.5)
20/12 11:05:30 INFO SimpleAdNetwork|Day 45: Campaign total budget bid: 9.628
20/12 11:05:30 INFO SimpleAdNetwork|Day 45: Adjusting ucs bid: was 0.11640674188117385 level reported: 0.6561000000000001 target: 0.7 adjusted: 0.12151699784975736
20/12 11:05:30 INFO SimpleAdNetwork|Day 45 : AdNetworkReport
20/12 11:05:30 INFO SimpleAdNetwork|Day 45 : Simulation Status Received
20/12 11:05:30 INFO SimpleAdNetwork|Day 45: Updated 36 Bid Bundle entries for Campaign id 1887551288
20/12 11:05:30 INFO SimpleAdNetwork|Day 45: Updated 36 Bid Bundle entries for Campaign id 1376723613
20/12 11:05:30 INFO SimpleAdNetwork|Day 45: Sending BidBundle
20/12 11:05:30 INFO SimpleAdNetwork|Day 45 ended. Starting next day
20/12 11:05:40 INFO SimpleAdNetwork|Day 46 :BankStatus[61.774148]
20/12 11:05:40 INFO SimpleAdNetwork|Day 46: Updating campaign 1887551288 stats: 6253.5 tgtImps 9482.5 nonTgtImps. Cost of imps is 0.016990736398422624
20/12 11:05:40 INFO SimpleAdNetwork|Day 46: Updating campaign 1376723613 stats: 6265.0 tgtImps 5215.5 nonTgtImps. Cost of imps is 0.012990010580663796
20/12 11:05:40 INFO SimpleAdNetwork|Day 46: Daily notification for campaign 794000
20/12 11:05:40 INFO SimpleAdNetwork|Day 46:  allocated to DummyAdnetwork-2. UCS Level set to 0.6561000000000001 at price 0.0 Qualit Score is: 1.0270462705431302
20/12 11:05:40 INFO SimpleAdNetwork|Day 46: Campaign opportunity - Campaign ID 1595671749: day 48 to 57 [OLD, FEMALE], reach: 15000 coefs: (v=2.0, m=1.5)
20/12 11:05:40 INFO SimpleAdNetwork|Day 46: Campaign total budget bid: 0.217
20/12 11:05:40 INFO SimpleAdNetwork|Day 46: Adjusting ucs bid: was 0.12151699784975736 level reported: 0.6561000000000001 target: 0.7 adjusted: 0.1268515940553617
20/12 11:05:40 INFO SimpleAdNetwork|Day 46 : AdNetworkReport
20/12 11:05:40 INFO SimpleAdNetwork|Day 46 : Simulation Status Received
20/12 11:05:40 INFO SimpleAdNetwork|Day 46: Updated 36 Bid Bundle entries for Campaign id 1887551288
20/12 11:05:40 INFO SimpleAdNetwork|Day 46: Sending BidBundle
20/12 11:05:40 INFO SimpleAdNetwork|Day 46 ended. Starting next day
20/12 11:05:50 INFO SimpleAdNetwork|Day 47 :BankStatus[61.685543]
20/12 11:05:50 INFO SimpleAdNetwork|Day 47: Updating campaign 1887551288 stats: 6255.0 tgtImps 9488.5 nonTgtImps. Cost of imps is 0.016997013108034646
20/12 11:05:50 INFO SimpleAdNetwork|Day 47: Updating campaign 1376723613 stats: 6268.0 tgtImps 5222.0 nonTgtImps. Cost of imps is 0.013002661133255858
20/12 11:05:50 INFO SimpleAdNetwork|Day 47: Daily notification for campaign 1595671749
20/12 11:05:50 INFO SimpleAdNetwork|Day 47:  allocated to DummyAdnetwork-2. UCS Level set to 0.6561000000000001 at price 0.0 Qualit Score is: 1.1073872943244434
20/12 11:05:50 INFO SimpleAdNetwork|Day 47: Campaign opportunity - Campaign ID 1361004031: day 49 to 51 [OLD, FEMALE], reach: 5000 coefs: (v=2.0, m=1.5)
20/12 11:05:50 INFO SimpleAdNetwork|Day 47: Campaign total budget bid: 4.593
20/12 11:05:50 INFO SimpleAdNetwork|Day 47: Adjusting ucs bid: was 0.1268515940553617 level reported: 0.6561000000000001 target: 0.7 adjusted: 0.13242037903439205
20/12 11:05:50 INFO SimpleAdNetwork|Day 47 : AdNetworkReport
20/12 11:05:50 INFO SimpleAdNetwork|Day 47 : Simulation Status Received
20/12 11:05:50 INFO SimpleAdNetwork|Day 47: Sending BidBundle
20/12 11:05:50 INFO SimpleAdNetwork|Day 47 ended. Starting next day
20/12 11:06:00 INFO SimpleAdNetwork|Day 48 :BankStatus[66.157763]
20/12 11:06:00 INFO SimpleAdNetwork|Day 48: Updating campaign 1887551288 stats: 6256.5 tgtImps 9488.5 nonTgtImps. Cost of imps is 0.016999137480810608
20/12 11:06:00 INFO SimpleAdNetwork|Day 48: Daily notification for campaign 1361004031
20/12 11:06:00 INFO SimpleAdNetwork|Day 48:  allocated to DummyAdnetwork-2. UCS Level set to 0.6561000000000001 at price 0.0 Qualit Score is: 1.1389853545949147
20/12 11:06:00 INFO SimpleAdNetwork|Day 48: Campaign opportunity - Campaign ID 347874044: day 50 to 59 [HIGH_INCOME, FEMALE], reach: 5000 coefs: (v=2.0, m=1.5)
20/12 11:06:00 INFO SimpleAdNetwork|Day 48: Campaign total budget bid: 2.733
20/12 11:06:00 INFO SimpleAdNetwork|Day 48: Adjusting ucs bid: was 0.13242037903439205 level reported: 0.6561000000000001 target: 0.7 adjusted: 0.13823363367400185
20/12 11:06:00 INFO SimpleAdNetwork|Day 48 : Simulation Status Received
20/12 11:06:00 INFO SimpleAdNetwork|Day 48: Sending BidBundle
20/12 11:06:00 INFO SimpleAdNetwork|Day 48 ended. Starting next day
20/12 11:06:10 INFO SimpleAdNetwork|Day 49 :BankStatus[69.078469]
20/12 11:06:10 INFO SimpleAdNetwork|Day 49: Daily notification for campaign 347874044
20/12 11:06:10 INFO SimpleAdNetwork|Day 49:  WON at cost 3.9499122206653463. UCS Level set to 0.6561000000000001 at price 0.0 Qualit Score is: 1.1389853545949147
20/12 11:06:10 INFO SimpleAdNetwork|Day 49: Campaign opportunity - Campaign ID 374106418: day 51 to 53 [LOW_INCOME, YOUNG], reach: 10000 coefs: (v=2.0, m=1.5)
20/12 11:06:10 INFO SimpleAdNetwork|Day 49: Campaign total budget bid: 1.435
20/12 11:06:10 INFO SimpleAdNetwork|Day 49: Adjusting ucs bid: was 0.13823363367400185 level reported: 0.6561000000000001 target: 0.7 adjusted: 0.1443020901922905
20/12 11:06:10 INFO SimpleAdNetwork|Day 49 : Simulation Status Received
20/12 11:06:10 INFO SimpleAdNetwork|Day 49: Updated 36 Bid Bundle entries for Campaign id 347874044
20/12 11:06:10 INFO SimpleAdNetwork|Day 49: Sending BidBundle
20/12 11:06:10 INFO SimpleAdNetwork|Day 49 ended. Starting next day
20/12 11:06:20 INFO SimpleAdNetwork|Day 50 :BankStatus[68.977697]
20/12 11:06:20 INFO SimpleAdNetwork|Day 50: Daily notification for campaign 374106418
20/12 11:06:20 INFO SimpleAdNetwork|Day 50:  WON at cost 3.611869791114963. UCS Level set to 0.6561000000000001 at price 0.0 Qualit Score is: 1.1389853545949147
20/12 11:06:20 INFO SimpleAdNetwork|Day 50: Campaign opportunity - Campaign ID 1537146301: day 52 to 54 [HIGH_INCOME, MALE], reach: 15000 coefs: (v=2.0, m=1.5)
20/12 11:06:20 INFO SimpleAdNetwork|Day 50: Campaign total budget bid: 9.328
20/12 11:06:20 INFO SimpleAdNetwork|Day 50: Adjusting ucs bid: was 0.1443020901922905 level reported: 0.6561000000000001 target: 0.7 adjusted: 0.15063695195173205
20/12 11:06:20 INFO SimpleAdNetwork|Day 50 : AdNetworkReport
20/12 11:06:20 INFO SimpleAdNetwork|Day 50 : Simulation Status Received
20/12 11:06:20 INFO SimpleAdNetwork|Day 50: Updated 36 Bid Bundle entries for Campaign id 374106418
20/12 11:06:20 INFO SimpleAdNetwork|Day 50: Updated 36 Bid Bundle entries for Campaign id 347874044
20/12 11:06:20 INFO SimpleAdNetwork|Day 50: Sending BidBundle
20/12 11:06:20 INFO SimpleAdNetwork|Day 50 ended. Starting next day
20/12 11:06:30 INFO SimpleAdNetwork|Day 51 :BankStatus[68.869143]
20/12 11:06:30 INFO SimpleAdNetwork|Day 51: Updating campaign 347874044 stats: 2500.5 tgtImps 842.5 nonTgtImps. Cost of imps is 0.00335832462808138
20/12 11:06:30 INFO SimpleAdNetwork|Day 51: Daily notification for campaign 1537146301
20/12 11:06:30 INFO SimpleAdNetwork|Day 51:  allocated to DummyAdnetwork-5. UCS Level set to 0.6561000000000001 at price 0.0 Qualit Score is: 1.1389853545949147
20/12 11:06:30 INFO SimpleAdNetwork|Day 51 : AdNetworkReport
20/12 11:06:30 INFO SimpleAdNetwork|Day 51 : Simulation Status Received
20/12 11:06:30 INFO SimpleAdNetwork|Day 51: Updated 36 Bid Bundle entries for Campaign id 374106418
20/12 11:06:30 INFO SimpleAdNetwork|Day 51: Updated 36 Bid Bundle entries for Campaign id 347874044
20/12 11:06:30 INFO SimpleAdNetwork|Day 51: Sending BidBundle
20/12 11:06:30 INFO SimpleAdNetwork|Day 51 ended. Starting next day
20/12 11:06:40 INFO SimpleAdNetwork|Day 52 :BankStatus[68.742205]
20/12 11:06:40 INFO SimpleAdNetwork|Day 52: Updating campaign 374106418 stats: 5000.5 tgtImps 5096.5 nonTgtImps. Cost of imps is 0.01080672709317365
20/12 11:06:40 INFO SimpleAdNetwork|Day 52: Updating campaign 347874044 stats: 5001.5 tgtImps 4238.5 nonTgtImps. Cost of imps is 0.009674463159112367
20/12 11:06:40 INFO SimpleAdNetwork|Day 52: Daily notification for campaign 0
20/12 11:06:40 INFO SimpleAdNetwork|Day 52:  allocated to NONE. UCS Level set to 0.6561000000000001 at price 0.0 Qualit Score is: 1.1389853545949147
20/12 11:06:40 INFO SimpleAdNetwork|Day 52 : AdNetworkReport
20/12 11:06:40 INFO SimpleAdNetwork|Day 52 : Simulation Status Received
20/12 11:06:40 INFO SimpleAdNetwork|Day 52: Updated 36 Bid Bundle entries for Campaign id 374106418
20/12 11:06:40 INFO SimpleAdNetwork|Day 52: Updated 36 Bid Bundle entries for Campaign id 347874044
20/12 11:06:40 INFO SimpleAdNetwork|Day 52: Sending BidBundle
20/12 11:06:40 INFO SimpleAdNetwork|Day 52 ended. Starting next day
20/12 11:06:50 INFO SimpleAdNetwork|Day 53 :BankStatus[68.614588]
20/12 11:06:50 INFO SimpleAdNetwork|Day 53: Updating campaign 374106418 stats: 10001.5 tgtImps 12844.0 nonTgtImps. Cost of imps is 0.025267768892317525
20/12 11:06:50 INFO SimpleAdNetwork|Day 53: Updating campaign 347874044 stats: 6251.5 tgtImps 6095.5 nonTgtImps. Cost of imps is 0.01301674199813266
20/12 11:06:50 INFO SimpleAdNetwork|Day 53: Daily notification for campaign 0
20/12 11:06:50 INFO SimpleAdNetwork|Day 53:  allocated to NONE. UCS Level set to 0.6561000000000001 at price 0.0 Qualit Score is: 1.1389853545949147
20/12 11:06:50 INFO SimpleAdNetwork|Day 53: Campaign opportunity - Campaign ID 1370718333: day 55 to 59 [FEMALE, LOW_INCOME], reach: 10000 coefs: (v=2.0, m=1.5)
20/12 11:06:50 INFO SimpleAdNetwork|Day 53: Campaign total budget bid: 4.307
20/12 11:06:50 INFO SimpleAdNetwork|Day 53: Adjusting ucs bid: was 0.15063695195173205 level reported: 0.6561000000000001 target: 0.7 adjusted: 0.15724991414241304
20/12 11:06:50 INFO SimpleAdNetwork|Day 53 : AdNetworkReport
20/12 11:06:50 INFO SimpleAdNetwork|Day 53 : Simulation Status Received
20/12 11:06:50 INFO SimpleAdNetwork|Day 53: Updated 36 Bid Bundle entries for Campaign id 347874044
20/12 11:06:50 INFO SimpleAdNetwork|Day 53: Sending BidBundle
20/12 11:06:50 INFO SimpleAdNetwork|Day 53 ended. Starting next day
20/12 11:07:00 INFO SimpleAdNetwork|Day 54 :BankStatus[68.499449]
20/12 11:07:00 INFO SimpleAdNetwork|Day 54: Updating campaign 374106418 stats: 12501.0 tgtImps 15296.5 nonTgtImps. Cost of imps is 0.030585524386586068
20/12 11:07:00 INFO SimpleAdNetwork|Day 54: Updating campaign 347874044 stats: 6253.5 tgtImps 6097.0 nonTgtImps. Cost of imps is 0.013023430314223027
20/12 11:07:00 INFO SimpleAdNetwork|Day 54: Daily notification for campaign 1370718333
20/12 11:07:00 INFO SimpleAdNetwork|Day 54:  allocated to DummyAdnetwork-2. UCS Level set to 0.6561000000000001 at price 0.0 Qualit Score is: 1.1513421037067832
20/12 11:07:00 INFO SimpleAdNetwork|Day 54: Campaign opportunity - Campaign ID 1605034291: day 56 to 58 [MALE, YOUNG], reach: 10000 coefs: (v=2.0, m=1.5)
20/12 11:07:00 INFO SimpleAdNetwork|Day 54: Campaign total budget bid: 3.458
20/12 11:07:00 INFO SimpleAdNetwork|Day 54: Adjusting ucs bid: was 0.15724991414241304 level reported: 0.6561000000000001 target: 0.7 adjusted: 0.1446464516267558
20/12 11:07:00 INFO SimpleAdNetwork|Day 54 : AdNetworkReport
20/12 11:07:00 INFO SimpleAdNetwork|Day 54 : Simulation Status Received
20/12 11:07:00 INFO SimpleAdNetwork|Day 54: Updated 36 Bid Bundle entries for Campaign id 347874044
20/12 11:07:00 INFO SimpleAdNetwork|Day 54: Sending BidBundle
20/12 11:07:00 INFO SimpleAdNetwork|Day 54 ended. Starting next day
20/12 11:07:10 INFO SimpleAdNetwork|Day 55 :BankStatus[72.573065]
20/12 11:07:10 INFO SimpleAdNetwork|Day 55: Updating campaign 347874044 stats: 6255.0 tgtImps 6097.0 nonTgtImps. Cost of imps is 0.013023703214816851
20/12 11:07:10 INFO SimpleAdNetwork|Day 55: Daily notification for campaign 1605034291
20/12 11:07:10 INFO SimpleAdNetwork|Day 55:  WON at cost 3.6000665830727123. UCS Level set to 0.6561000000000001 at price 0.0 Qualit Score is: 1.1513421037067832
20/12 11:07:10 INFO SimpleAdNetwork|Day 55 : AdNetworkReport
20/12 11:07:10 INFO SimpleAdNetwork|Day 55 : Simulation Status Received
20/12 11:07:10 INFO SimpleAdNetwork|Day 55: Updated 36 Bid Bundle entries for Campaign id 347874044
20/12 11:07:10 INFO SimpleAdNetwork|Day 55: Updated 36 Bid Bundle entries for Campaign id 1605034291
20/12 11:07:10 INFO SimpleAdNetwork|Day 55: Sending BidBundle
20/12 11:07:10 INFO SimpleAdNetwork|Day 55 ended. Starting next day
20/12 11:07:20 INFO SimpleAdNetwork|Day 56 :BankStatus[72.467616]
20/12 11:07:20 INFO SimpleAdNetwork|Day 56: Updating campaign 347874044 stats: 6256.5 tgtImps 6097.0 nonTgtImps. Cost of imps is 0.013026175574661653
20/12 11:07:20 INFO SimpleAdNetwork|Day 56: Daily notification for campaign 0
20/12 11:07:20 INFO SimpleAdNetwork|Day 56:  allocated to NONE. UCS Level set to 0.6561000000000001 at price 0.0 Qualit Score is: 1.1513421037067832
20/12 11:07:20 INFO SimpleAdNetwork|Day 56 : AdNetworkReport
20/12 11:07:20 INFO SimpleAdNetwork|Day 56 : Simulation Status Received
20/12 11:07:20 INFO SimpleAdNetwork|Day 56: Updated 36 Bid Bundle entries for Campaign id 347874044
20/12 11:07:20 INFO SimpleAdNetwork|Day 56: Updated 36 Bid Bundle entries for Campaign id 1605034291
20/12 11:07:20 INFO SimpleAdNetwork|Day 56: Sending BidBundle
20/12 11:07:20 INFO SimpleAdNetwork|Day 56 ended. Starting next day
20/12 11:07:30 INFO SimpleAdNetwork|Day 57 :BankStatus[72.355086]
20/12 11:07:30 INFO SimpleAdNetwork|Day 57: Updating campaign 347874044 stats: 6258.0 tgtImps 6103.5 nonTgtImps. Cost of imps is 0.013033689596317236
20/12 11:07:30 INFO SimpleAdNetwork|Day 57: Updating campaign 1605034291 stats: 5001.5 tgtImps 947.0 nonTgtImps. Cost of imps is 0.007074481254638677
20/12 11:07:30 INFO SimpleAdNetwork|Day 57: Daily notification for campaign 0
20/12 11:07:30 INFO SimpleAdNetwork|Day 57:  allocated to NONE. UCS Level set to 0.6561000000000001 at price 0.0 Qualit Score is: 1.1513421037067832
20/12 11:07:30 INFO SimpleAdNetwork|Day 57 : AdNetworkReport
20/12 11:07:30 INFO SimpleAdNetwork|Day 57 : Simulation Status Received
20/12 11:07:30 INFO SimpleAdNetwork|Day 57: Updated 36 Bid Bundle entries for Campaign id 347874044
20/12 11:07:30 INFO SimpleAdNetwork|Day 57: Updated 36 Bid Bundle entries for Campaign id 1605034291
20/12 11:07:30 INFO SimpleAdNetwork|Day 57: Sending BidBundle
20/12 11:07:30 INFO SimpleAdNetwork|Day 57 ended. Starting next day
20/12 11:07:40 INFO SimpleAdNetwork|Day 58 :BankStatus[72.236456]
20/12 11:07:40 INFO SimpleAdNetwork|Day 58: Updating campaign 347874044 stats: 6259.5 tgtImps 6103.5 nonTgtImps. Cost of imps is 0.013034826989249156
20/12 11:07:40 INFO SimpleAdNetwork|Day 58: Updating campaign 1605034291 stats: 10002.5 tgtImps 7661.0 nonTgtImps. Cost of imps is 0.020256056353752706
20/12 11:07:40 INFO SimpleAdNetwork|Day 58: Daily notification for campaign 0
20/12 11:07:40 INFO SimpleAdNetwork|Day 58:  allocated to NONE. UCS Level set to 0.6561000000000001 at price 0.0 Qualit Score is: 1.1513421037067832
20/12 11:07:40 INFO SimpleAdNetwork|Day 58 : AdNetworkReport
20/12 11:07:40 INFO SimpleAdNetwork|Day 58 : Simulation Status Received
20/12 11:07:40 INFO SimpleAdNetwork|Day 58: Updated 36 Bid Bundle entries for Campaign id 347874044
20/12 11:07:40 INFO SimpleAdNetwork|Day 58: Sending BidBundle
20/12 11:07:40 INFO SimpleAdNetwork|Day 58 ended. Starting next day
20/12 11:07:50 INFO SimpleAdNetwork|Day 59 :BankStatus[72.125876]
20/12 11:07:50 INFO SimpleAdNetwork|Day 59: Updating campaign 347874044 stats: 6260.5 tgtImps 6107.5 nonTgtImps. Cost of imps is 0.013046387332532924
20/12 11:07:50 INFO SimpleAdNetwork|Day 59: Updating campaign 1605034291 stats: 12502.0 tgtImps 9714.0 nonTgtImps. Cost of imps is 0.02537708161077657
20/12 11:07:50 INFO SimpleAdNetwork|Day 59: Daily notification for campaign 0
20/12 11:07:50 INFO SimpleAdNetwork|Day 59:  allocated to NONE. UCS Level set to 0.6561000000000001 at price 0.0 Qualit Score is: 1.1563083849763869
20/12 11:07:50 INFO SimpleAdNetwork|Day 59 : AdNetworkReport
20/12 11:07:50 INFO SimpleAdNetwork|Day 59 : Simulation Status Received
20/12 11:07:50 INFO SimpleAdNetwork|Day 59: Sending BidBundle
20/12 11:07:50 INFO SimpleAdNetwork|Day 59 ended. Starting next day
20/12 11:08:00 INFO SimpleAdNetwork|Day 60: Updating campaign 347874044 stats: 6263.5 tgtImps 6299.0 nonTgtImps. Cost of imps is 0.013328264080430776
20/12 11:08:00 INFO SimpleAdNetwork|Day 60: Daily notification for campaign 0
20/12 11:08:00 INFO SimpleAdNetwork|Day 60:  allocated to NONE. UCS Level set to 0.6561000000000001 at price 0.0 Qualit Score is: 1.1588819589853179
20/12 11:08:00 INFO SimpleAdNetwork|Day 60 :BankStatus[80.673665]
20/12 11:08:00 INFO SimpleAdNetwork|Day 60 : Simulation Status Received
20/12 11:08:00 INFO SimpleAdNetwork|Day 60: Sending BidBundle
20/12 11:08:00 INFO SimpleAdNetwork|Day 60 ended. Starting next day
