05/04 07:02:00 FINE sim.Admin|Log for simulation 10 started
************************************************************
* Log for simulation 10 started
************************************************************


05/04 07:02:00 INFO sim.TACAdxSimulation|TACAA Simulation 10 is setting up...
05/04 07:02:00 INFO sim.TACAdxSimulation|Created Adx Agent
05/04 07:02:00 INFO sim.TACAdxSimulation|Created Demand Agent
05/04 07:02:00 FINE generators.SimpleUserGenerator|Generated 10000 tau.tac.adx.users.AdxUsers
05/04 07:02:00 FINE sim.ExternalAgent|sample setup with address adv1
05/04 07:02:00 FINE agents.SampleAdNetwork|AdNet DummyAdnetwork simulationSetup
05/04 07:02:00 FINE agents.SampleAdNetwork|AdNet DummyAdnetwork-2 simulationSetup
05/04 07:02:00 FINE agents.SampleAdNetwork|AdNet DummyAdnetwork-3 simulationSetup
05/04 07:02:00 FINE agents.SampleAdNetwork|AdNet DummyAdnetwork-4 simulationSetup
05/04 07:02:00 FINE agents.SampleAdNetwork|AdNet DummyAdnetwork-5 simulationSetup
05/04 07:02:00 FINE agents.SampleAdNetwork|AdNet DummyAdnetwork-6 simulationSetup
05/04 07:02:00 FINE agents.SampleAdNetwork|AdNet DummyAdnetwork-7 simulationSetup
05/04 07:02:00 INFO publisher.AdxPublisherReportManagerImpl|AdxQueryReportManager created.
05/04 07:02:00 INFO adn.AdNetworkReportManagerImpl|AdxQueryReportManager created.
05/04 07:02:00 INFO agents.DemandAgent|setting up...
05/04 07:02:00 FINE agents.DemandAgent|Finished setup
05/04 07:02:00 INFO sim.Simulation|***** START OF TIME 0 *****
05/04 07:02:00 FINE agents.DemandAgent|Allocating initial campaign : CampaignImpl [id=1228593581, reachImps=1250, dayStart=1, dayEnd=5, targetSegment=[OLD, LOW_INCOME], videoCoef=2.0, mobileCoef=1.5, budget=1.25, advertiser=adv1]
05/04 07:02:00 FINE agents.DemandAgent|Allocating initial campaign : CampaignImpl [id=917049962, reachImps=1250, dayStart=1, dayEnd=5, targetSegment=[YOUNG, LOW_INCOME], videoCoef=2.0, mobileCoef=1.5, budget=1.25, advertiser=DummyAdnetwork]
05/04 07:02:00 FINE agents.DemandAgent|Allocating initial campaign : CampaignImpl [id=368576815, reachImps=1250, dayStart=1, dayEnd=5, targetSegment=[OLD, FEMALE], videoCoef=2.0, mobileCoef=1.5, budget=1.25, advertiser=DummyAdnetwork-2]
05/04 07:02:00 FINE agents.DemandAgent|Allocating initial campaign : CampaignImpl [id=1327691757, reachImps=1250, dayStart=1, dayEnd=5, targetSegment=[FEMALE, LOW_INCOME], videoCoef=2.0, mobileCoef=1.5, budget=1.25, advertiser=DummyAdnetwork-3]
05/04 07:02:00 FINE agents.DemandAgent|Allocating initial campaign : CampaignImpl [id=12783922, reachImps=1250, dayStart=1, dayEnd=5, targetSegment=[LOW_INCOME, MALE], videoCoef=2.0, mobileCoef=1.5, budget=1.25, advertiser=DummyAdnetwork-4]
05/04 07:02:00 FINE agents.DemandAgent|Allocating initial campaign : CampaignImpl [id=111012354, reachImps=1250, dayStart=1, dayEnd=5, targetSegment=[FEMALE, LOW_INCOME], videoCoef=2.0, mobileCoef=1.5, budget=1.25, advertiser=DummyAdnetwork-5]
05/04 07:02:00 FINE agents.DemandAgent|Allocating initial campaign : CampaignImpl [id=1768828082, reachImps=1250, dayStart=1, dayEnd=5, targetSegment=[YOUNG, MALE], videoCoef=2.0, mobileCoef=1.5, budget=1.25, advertiser=DummyAdnetwork-6]
05/04 07:02:00 FINE agents.DemandAgent|Allocating initial campaign : CampaignImpl [id=1077448753, reachImps=1250, dayStart=1, dayEnd=5, targetSegment=[OLD, FEMALE], videoCoef=2.0, mobileCoef=1.5, budget=1.25, advertiser=DummyAdnetwork-7]
05/04 07:02:00 INFO agents.DemandAgent|Day 0 :Notifying new campaign opportunity: CampaignImpl [id=1099080167, reachImps=6250, dayStart=2, dayEnd=4, targetSegment=[OLD, MALE], videoCoef=2.0, mobileCoef=1.5, budget=null, advertiser=null]
05/04 07:02:00 INFO sim.Simulation|***** START OF TIME 0 COMPLETE *****
05/04 07:02:00 FINE agents.DemandAgent|Day 0 :Got AdNetBidMessage from DummyAdnetwork : UCS Bid: 0.2 Cmp ID: 1099080167 Cmp Bid: 2929
05/04 07:02:00 FINE agents.DemandAgent|Day 0 :Got AdNetBidMessage from DummyAdnetwork-2 : UCS Bid: 0.2 Cmp ID: 1099080167 Cmp Bid: 2204
05/04 07:02:00 FINE agents.DemandAgent|Day 0 :Got AdNetBidMessage from DummyAdnetwork-3 : UCS Bid: 0.2 Cmp ID: 1099080167 Cmp Bid: 2780
05/04 07:02:00 FINE agents.DemandAgent|Day 0 :Got AdNetBidMessage from DummyAdnetwork-4 : UCS Bid: 0.2 Cmp ID: 1099080167 Cmp Bid: 3217
05/04 07:02:00 FINE agents.DemandAgent|Day 0 :Got AdNetBidMessage from DummyAdnetwork-5 : UCS Bid: 0.2 Cmp ID: 1099080167 Cmp Bid: 3085
05/04 07:02:00 FINE agents.DemandAgent|Day 0 :Got AdNetBidMessage from DummyAdnetwork-6 : UCS Bid: 0.2 Cmp ID: 1099080167 Cmp Bid: 2301
05/04 07:02:00 FINE agents.DemandAgent|Day 0 :Got AdNetBidMessage from DummyAdnetwork-7 : UCS Bid: 0.2 Cmp ID: 1099080167 Cmp Bid: 2369
05/04 07:02:00 FINE agents.DemandAgent|Day 0 :Got AdNetBidMessage from adv1 : UCS Bid: 0.11516622268881965 Cmp ID: 1099080167 Cmp Bid: 84
05/04 07:02:10 INFO sim.Simulation|***** START OF TIME 1 *****
05/04 07:02:10 INFO agents.DemandAgent|Day 1 : Auction pending campaign: CampaignImpl [id=1099080167, reachImps=6250, dayStart=2, dayEnd=4, targetSegment=[OLD, MALE], videoCoef=2.0, mobileCoef=1.5, budget=null, advertiser=null]
05/04 07:02:10 FINE agents.DemandAgent|Day 1 :Reporting auction results...CampaignImpl [id=1099080167, reachImps=6250, dayStart=2, dayEnd=4, targetSegment=[OLD, MALE], videoCoef=2.0, mobileCoef=1.5, budget=2301.0, advertiser=DummyAdnetwork-6]
05/04 07:02:10 INFO agents.DemandAgent|Day 1 :Notifying new campaign opportunity: CampaignImpl [id=701783971, reachImps=3750, dayStart=3, dayEnd=5, targetSegment=[OLD, FEMALE], videoCoef=2.0, mobileCoef=1.5, budget=null, advertiser=null]
05/04 07:02:10 INFO sim.Simulation|***** START OF TIME 1 COMPLETE *****
05/04 07:02:10 FINE agents.DemandAgent|Day 1 :Got AdNetBidMessage from DummyAdnetwork : UCS Bid: 0.2 Cmp ID: 701783971 Cmp Bid: 2057
05/04 07:02:10 FINE agents.DemandAgent|Day 1 :Got AdNetBidMessage from DummyAdnetwork-2 : UCS Bid: 0.2 Cmp ID: 701783971 Cmp Bid: 3038
05/04 07:02:10 FINE agents.DemandAgent|Day 1 :Got AdNetBidMessage from DummyAdnetwork-3 : UCS Bid: 0.2 Cmp ID: 701783971 Cmp Bid: 2313
05/04 07:02:10 FINE agents.DemandAgent|Day 1 :Got AdNetBidMessage from DummyAdnetwork-4 : UCS Bid: 0.2 Cmp ID: 701783971 Cmp Bid: 2100
05/04 07:02:10 FINE agents.DemandAgent|Day 1 :Got AdNetBidMessage from DummyAdnetwork-5 : UCS Bid: 0.2 Cmp ID: 701783971 Cmp Bid: 3227
05/04 07:02:10 FINE agents.DemandAgent|Day 1 :Got AdNetBidMessage from DummyAdnetwork-6 : UCS Bid: 0.2 Cmp ID: 701783971 Cmp Bid: 2328
05/04 07:02:10 FINE agents.DemandAgent|Day 1 :Got AdNetBidMessage from DummyAdnetwork-7 : UCS Bid: 0.2 Cmp ID: 701783971 Cmp Bid: 2763
05/04 07:02:10 FINE agents.DemandAgent|Day 1 :Got AdNetBidMessage from adv1 : UCS Bid: 0.12918230900533934 Cmp ID: 701783971 Cmp Bid: 43
05/04 07:02:20 INFO sim.Simulation|***** START OF TIME 2 *****
05/04 07:02:20 INFO agents.DemandAgent|Day 2 : Auction pending campaign: CampaignImpl [id=701783971, reachImps=3750, dayStart=3, dayEnd=5, targetSegment=[OLD, FEMALE], videoCoef=2.0, mobileCoef=1.5, budget=null, advertiser=null]
05/04 07:02:20 FINE agents.DemandAgent|Day 2 :Reporting auction results...CampaignImpl [id=701783971, reachImps=3750, dayStart=3, dayEnd=5, targetSegment=[OLD, FEMALE], videoCoef=2.0, mobileCoef=1.5, budget=2.1, advertiser=DummyAdnetwork]
05/04 07:02:20 INFO agents.DemandAgent|Day 2 :Notifying new campaign opportunity: CampaignImpl [id=1621656567, reachImps=3750, dayStart=4, dayEnd=6, targetSegment=[HIGH_INCOME, OLD], videoCoef=2.0, mobileCoef=1.5, budget=null, advertiser=null]
05/04 07:02:20 INFO sim.Simulation|***** START OF TIME 2 COMPLETE *****
05/04 07:02:20 FINE agents.DemandAgent|Day 2 :Got AdNetBidMessage from DummyAdnetwork : UCS Bid: 0.2 Cmp ID: 1621656567 Cmp Bid: 2067
05/04 07:02:20 FINE agents.DemandAgent|Day 2 :Got AdNetBidMessage from DummyAdnetwork-2 : UCS Bid: 0.2 Cmp ID: 1621656567 Cmp Bid: 2422
05/04 07:02:20 FINE agents.DemandAgent|Day 2 :Got AdNetBidMessage from DummyAdnetwork-3 : UCS Bid: 0.2 Cmp ID: 1621656567 Cmp Bid: 1
05/04 07:02:20 FINE agents.DemandAgent|Day 2 :Got AdNetBidMessage from DummyAdnetwork-4 : UCS Bid: 0.2 Cmp ID: 1621656567 Cmp Bid: 1
05/04 07:02:20 FINE agents.DemandAgent|Day 2 :Got AdNetBidMessage from DummyAdnetwork-5 : UCS Bid: 0.2 Cmp ID: 1621656567 Cmp Bid: 2389
05/04 07:02:20 FINE agents.DemandAgent|Day 2 :Got AdNetBidMessage from DummyAdnetwork-6 : UCS Bid: 0.2 Cmp ID: 1621656567 Cmp Bid: 2594
05/04 07:02:20 FINE agents.DemandAgent|Day 2 :Got AdNetBidMessage from DummyAdnetwork-7 : UCS Bid: 0.2 Cmp ID: 1621656567 Cmp Bid: 2459
05/04 07:02:20 FINE agents.DemandAgent|Day 2 :Got AdNetBidMessage from adv1 : UCS Bid: 0.11669356279981928 Cmp ID: 1621656567 Cmp Bid: 46
05/04 07:02:30 INFO sim.Simulation|***** START OF TIME 3 *****
05/04 07:02:30 INFO agents.DemandAgent|Day 3 : Auction pending campaign: CampaignImpl [id=1621656567, reachImps=3750, dayStart=4, dayEnd=6, targetSegment=[HIGH_INCOME, OLD], videoCoef=2.0, mobileCoef=1.5, budget=null, advertiser=null]
05/04 07:02:30 FINE agents.DemandAgent|Day 3 :Reporting auction results...CampaignImpl [id=1621656567, reachImps=3750, dayStart=4, dayEnd=6, targetSegment=[HIGH_INCOME, OLD], videoCoef=2.0, mobileCoef=1.5, budget=2067.0, advertiser=DummyAdnetwork]
05/04 07:02:30 INFO agents.DemandAgent|Day 3 :Notifying new campaign opportunity: CampaignImpl [id=1726520206, reachImps=3750, dayStart=5, dayEnd=7, targetSegment=[HIGH_INCOME, MALE], videoCoef=2.0, mobileCoef=1.5, budget=null, advertiser=null]
05/04 07:02:30 INFO sim.Simulation|***** START OF TIME 3 COMPLETE *****
05/04 07:02:30 FINE agents.DemandAgent|Day 3 :Got AdNetBidMessage from DummyAdnetwork : UCS Bid: 0.2 Cmp ID: 1726520206 Cmp Bid: 3093
05/04 07:02:30 FINE agents.DemandAgent|Day 3 :Got AdNetBidMessage from DummyAdnetwork-2 : UCS Bid: 0.2 Cmp ID: 1726520206 Cmp Bid: 2192
05/04 07:02:30 FINE agents.DemandAgent|Day 3 :Got AdNetBidMessage from DummyAdnetwork-3 : UCS Bid: 0.2 Cmp ID: 1726520206 Cmp Bid: 1
05/04 07:02:30 FINE agents.DemandAgent|Day 3 :Got AdNetBidMessage from DummyAdnetwork-4 : UCS Bid: 0.2 Cmp ID: 1726520206 Cmp Bid: 1
05/04 07:02:30 FINE agents.DemandAgent|Day 3 :Got AdNetBidMessage from DummyAdnetwork-5 : UCS Bid: 0.2 Cmp ID: 1726520206 Cmp Bid: 2402
05/04 07:02:30 FINE agents.DemandAgent|Day 3 :Got AdNetBidMessage from DummyAdnetwork-6 : UCS Bid: 0.2 Cmp ID: 1726520206 Cmp Bid: 2957
05/04 07:02:30 FINE agents.DemandAgent|Day 3 :Got AdNetBidMessage from adv1 : UCS Bid: 0.12878022236481718 Cmp ID: 1726520206 Cmp Bid: 51
05/04 07:02:30 FINE agents.DemandAgent|Day 3 :Got AdNetBidMessage from DummyAdnetwork-7 : UCS Bid: 0.2 Cmp ID: 1726520206 Cmp Bid: 3256
05/04 07:02:40 INFO sim.Simulation|***** START OF TIME 4 *****
05/04 07:02:40 INFO agents.DemandAgent|Day 4 : Auction pending campaign: CampaignImpl [id=1726520206, reachImps=3750, dayStart=5, dayEnd=7, targetSegment=[HIGH_INCOME, MALE], videoCoef=2.0, mobileCoef=1.5, budget=null, advertiser=null]
05/04 07:02:40 FINE agents.DemandAgent|Day 4 :Reporting auction results...CampaignImpl [id=1726520206, reachImps=3750, dayStart=5, dayEnd=7, targetSegment=[HIGH_INCOME, MALE], videoCoef=2.0, mobileCoef=1.5, budget=2.4019999999999997, advertiser=DummyAdnetwork-2]
05/04 07:02:40 INFO agents.DemandAgent|Day 4 :Notifying new campaign opportunity: CampaignImpl [id=457818933, reachImps=6250, dayStart=6, dayEnd=8, targetSegment=[HIGH_INCOME, FEMALE], videoCoef=2.0, mobileCoef=1.5, budget=null, advertiser=null]
05/04 07:02:40 INFO sim.Simulation|***** START OF TIME 4 COMPLETE *****
05/04 07:02:40 FINE agents.DemandAgent|Day 4 :Got AdNetBidMessage from DummyAdnetwork : UCS Bid: 0.2 Cmp ID: 457818933 Cmp Bid: 2957
05/04 07:02:40 FINE agents.DemandAgent|Day 4 :Got AdNetBidMessage from DummyAdnetwork-2 : UCS Bid: 0.2 Cmp ID: 457818933 Cmp Bid: 2565
05/04 07:02:40 FINE agents.DemandAgent|Day 4 :Got AdNetBidMessage from DummyAdnetwork-3 : UCS Bid: 0.2 Cmp ID: 457818933 Cmp Bid: 1
05/04 07:02:40 FINE agents.DemandAgent|Day 4 :Got AdNetBidMessage from DummyAdnetwork-4 : UCS Bid: 0.2 Cmp ID: 457818933 Cmp Bid: 1
05/04 07:02:40 FINE agents.DemandAgent|Day 4 :Got AdNetBidMessage from DummyAdnetwork-5 : UCS Bid: 0.2 Cmp ID: 457818933 Cmp Bid: 1
05/04 07:02:40 FINE agents.DemandAgent|Day 4 :Got AdNetBidMessage from DummyAdnetwork-6 : UCS Bid: 0.2 Cmp ID: 457818933 Cmp Bid: 2769
05/04 07:02:40 FINE agents.DemandAgent|Day 4 :Got AdNetBidMessage from DummyAdnetwork-7 : UCS Bid: 0.2 Cmp ID: 457818933 Cmp Bid: 2710
05/04 07:02:40 FINE agents.DemandAgent|Day 4 :Got AdNetBidMessage from adv1 : UCS Bid: 0.14445317464530474 Cmp ID: 457818933 Cmp Bid: 78
05/04 07:02:50 INFO sim.Simulation|***** START OF TIME 5 *****
05/04 07:02:50 INFO agents.DemandAgent|Day 5 : Auction pending campaign: CampaignImpl [id=457818933, reachImps=6250, dayStart=6, dayEnd=8, targetSegment=[HIGH_INCOME, FEMALE], videoCoef=2.0, mobileCoef=1.5, budget=null, advertiser=null]
05/04 07:02:50 INFO demand.CampaignImpl|Campaign 1099080167 ended for advertiser DummyAdnetwork-6. Stats CampaignStats [tartgetedImps=6253.5, otherImps=0.0, cost=0.0018549618665132943] Reach 6250 ERR 1.0005204846088085 Budget 2301.0 Revenue 2302.197635084868
05/04 07:02:50 FINE agents.DemandAgent|Day 5 :Reporting auction results...CampaignImpl [id=457818933, reachImps=6250, dayStart=6, dayEnd=8, targetSegment=[HIGH_INCOME, FEMALE], videoCoef=2.0, mobileCoef=1.5, budget=2.71, advertiser=DummyAdnetwork-2]
05/04 07:02:50 INFO agents.DemandAgent|Day 5 :Notifying new campaign opportunity: CampaignImpl [id=1746096603, reachImps=3750, dayStart=7, dayEnd=11, targetSegment=[HIGH_INCOME, OLD], videoCoef=2.0, mobileCoef=1.5, budget=null, advertiser=null]
05/04 07:02:50 INFO sim.Simulation|***** START OF TIME 5 COMPLETE *****
05/04 07:02:50 FINE agents.DemandAgent|Day 5 :Got AdNetBidMessage from DummyAdnetwork : UCS Bid: 0.2 Cmp ID: 1746096603 Cmp Bid: 2587
05/04 07:02:50 FINE agents.DemandAgent|Day 5 :Got AdNetBidMessage from DummyAdnetwork-2 : UCS Bid: 0.2 Cmp ID: 1746096603 Cmp Bid: 2007
05/04 07:02:50 FINE agents.DemandAgent|Day 5 :Got AdNetBidMessage from DummyAdnetwork-3 : UCS Bid: 0.2 Cmp ID: 1746096603 Cmp Bid: 1
05/04 07:02:50 FINE agents.DemandAgent|Day 5 :Got AdNetBidMessage from DummyAdnetwork-4 : UCS Bid: 0.2 Cmp ID: 1746096603 Cmp Bid: 1
05/04 07:02:50 FINE agents.DemandAgent|Day 5 :Got AdNetBidMessage from DummyAdnetwork-5 : UCS Bid: 0.2 Cmp ID: 1746096603 Cmp Bid: 1
05/04 07:02:50 FINE agents.DemandAgent|Day 5 :Got AdNetBidMessage from DummyAdnetwork-6 : UCS Bid: 0.2 Cmp ID: 1746096603 Cmp Bid: 2169
05/04 07:02:50 FINE agents.DemandAgent|Day 5 :Got AdNetBidMessage from DummyAdnetwork-7 : UCS Bid: 0.2 Cmp ID: 1746096603 Cmp Bid: 2930
05/04 07:02:50 FINE agents.DemandAgent|Day 5 :Got AdNetBidMessage from adv1 : UCS Bid: 0.11543449468291227 Cmp ID: 1746096603 Cmp Bid: 27
05/04 07:03:00 INFO sim.Simulation|***** START OF TIME 6 *****
05/04 07:03:00 INFO agents.DemandAgent|Day 6 : Auction pending campaign: CampaignImpl [id=1746096603, reachImps=3750, dayStart=7, dayEnd=11, targetSegment=[HIGH_INCOME, OLD], videoCoef=2.0, mobileCoef=1.5, budget=null, advertiser=null]
05/04 07:03:00 INFO demand.CampaignImpl|Campaign 917049962 ended for advertiser DummyAdnetwork. Stats CampaignStats [tartgetedImps=267.0, otherImps=0.0, cost=1260.0] Reach 1250 ERR 0.05434227167825947 Budget 1.25 Revenue 0.06792783959782434
05/04 07:03:00 INFO demand.CampaignImpl|Campaign 701783971 ended for advertiser DummyAdnetwork. Stats CampaignStats [tartgetedImps=502.5, otherImps=0.0, cost=2100.000048142887] Reach 3750 ERR 0.030303581317447065 Budget 2.1 Revenue 0.06363752076663884
05/04 07:03:00 INFO demand.CampaignImpl|Campaign 1077448753 ended for advertiser DummyAdnetwork-7. Stats CampaignStats [tartgetedImps=1254.0, otherImps=0.0, cost=3360.0002349757156] Reach 1250 ERR 1.0031402967907708 Budget 1.25 Revenue 1.2539253709884635
05/04 07:03:00 INFO demand.CampaignImpl|Campaign 1768828082 ended for advertiser DummyAdnetwork-6. Stats CampaignStats [tartgetedImps=463.5, otherImps=0.0, cost=1260.0001342792675] Reach 1250 ERR 0.12410449140003792 Budget 1.25 Revenue 0.1551306142500474
05/04 07:03:00 INFO demand.CampaignImpl|Campaign 1228593581 ended for advertiser adv1. Stats CampaignStats [tartgetedImps=0.0, otherImps=0.0, cost=0.0] Reach 1250 ERR 0.0 Budget 1.25 Revenue 0.0
05/04 07:03:00 INFO demand.CampaignImpl|Campaign 111012354 ended for advertiser DummyAdnetwork-5. Stats CampaignStats [tartgetedImps=1254.0, otherImps=0.0, cost=1260.0003474207701] Reach 1250 ERR 1.0031402967907708 Budget 1.25 Revenue 1.2539253709884635
05/04 07:03:00 INFO demand.CampaignImpl|Campaign 12783922 ended for advertiser DummyAdnetwork-4. Stats CampaignStats [tartgetedImps=1252.5, otherImps=0.0, cost=7.843844040872289E-4] Reach 1250 ERR 1.0019529754865164 Budget 1.25 Revenue 1.2524412193581456
05/04 07:03:00 INFO demand.CampaignImpl|Campaign 1327691757 ended for advertiser DummyAdnetwork-3. Stats CampaignStats [tartgetedImps=1258.5, otherImps=0.0, cost=5.418615882225702E-4] Reach 1250 ERR 1.0066675363978816 Budget 1.25 Revenue 1.2583344204973521
05/04 07:03:00 INFO demand.CampaignImpl|Campaign 368576815 ended for advertiser DummyAdnetwork-2. Stats CampaignStats [tartgetedImps=459.0, otherImps=0.0, cost=2520.0] Reach 1250 ERR 0.12204170951866536 Budget 1.25 Revenue 0.1525521368983317
05/04 07:03:00 FINE agents.DemandAgent|Day 6 :Reporting auction results...CampaignImpl [id=1746096603, reachImps=3750, dayStart=7, dayEnd=11, targetSegment=[HIGH_INCOME, OLD], videoCoef=2.0, mobileCoef=1.5, budget=2.168322852796915, advertiser=DummyAdnetwork-2]
05/04 07:03:00 INFO agents.DemandAgent|Day 6 :Notifying new campaign opportunity: CampaignImpl [id=1017235069, reachImps=12500, dayStart=8, dayEnd=10, targetSegment=[OLD, MALE], videoCoef=2.0, mobileCoef=1.5, budget=null, advertiser=null]
05/04 07:03:00 INFO sim.Simulation|***** START OF TIME 6 COMPLETE *****
05/04 07:03:00 FINE agents.DemandAgent|Day 6 :Got AdNetBidMessage from DummyAdnetwork : UCS Bid: 0.2 Cmp ID: 1017235069 Cmp Bid: 2181
05/04 07:03:00 FINE agents.DemandAgent|Day 6 :Got AdNetBidMessage from DummyAdnetwork-2 : UCS Bid: 0.0 Cmp ID: 1017235069 Cmp Bid: 2911
05/04 07:03:00 FINE agents.DemandAgent|Day 6 :Got AdNetBidMessage from DummyAdnetwork-3 : UCS Bid: 0.2 Cmp ID: 1017235069 Cmp Bid: 1
05/04 07:03:00 FINE agents.DemandAgent|Day 6 :Got AdNetBidMessage from DummyAdnetwork-4 : UCS Bid: 0.2 Cmp ID: 1017235069 Cmp Bid: 1
05/04 07:03:00 FINE agents.DemandAgent|Day 6 :Got AdNetBidMessage from DummyAdnetwork-5 : UCS Bid: 0.2 Cmp ID: 1017235069 Cmp Bid: 1
05/04 07:03:00 FINE agents.DemandAgent|Day 6 :Got AdNetBidMessage from DummyAdnetwork-6 : UCS Bid: 0.2 Cmp ID: 1017235069 Cmp Bid: 3127
05/04 07:03:00 FINE agents.DemandAgent|Day 6 :Got AdNetBidMessage from DummyAdnetwork-7 : UCS Bid: 0.2 Cmp ID: 1017235069 Cmp Bid: 1
05/04 07:03:00 FINE agents.DemandAgent|Day 6 :Got AdNetBidMessage from adv1 : UCS Bid: 0.11757225529438935 Cmp ID: 1017235069 Cmp Bid: 168
05/04 07:03:10 INFO sim.Simulation|***** START OF TIME 7 *****
05/04 07:03:10 INFO agents.DemandAgent|Day 7 : Auction pending campaign: CampaignImpl [id=1017235069, reachImps=12500, dayStart=8, dayEnd=10, targetSegment=[OLD, MALE], videoCoef=2.0, mobileCoef=1.5, budget=null, advertiser=null]
05/04 07:03:10 INFO demand.CampaignImpl|Campaign 1621656567 ended for advertiser DummyAdnetwork. Stats CampaignStats [tartgetedImps=3751.5, otherImps=0.0, cost=0.0014386572063248755] Reach 3750 ERR 1.0003607980854015 Budget 2067.0 Revenue 2067.745769642525
05/04 07:03:10 FINE agents.DemandAgent|Day 7 :Reporting auction results...CampaignImpl [id=1017235069, reachImps=12500, dayStart=8, dayEnd=10, targetSegment=[OLD, MALE], videoCoef=2.0, mobileCoef=1.5, budget=3.118022090431818, advertiser=DummyAdnetwork-2]
05/04 07:03:10 INFO agents.DemandAgent|Day 7 :Notifying new campaign opportunity: CampaignImpl [id=237285165, reachImps=3750, dayStart=9, dayEnd=13, targetSegment=[HIGH_INCOME, OLD], videoCoef=2.0, mobileCoef=1.5, budget=null, advertiser=null]
05/04 07:03:10 INFO sim.Simulation|***** START OF TIME 7 COMPLETE *****
05/04 07:03:10 FINE agents.DemandAgent|Day 7 :Got AdNetBidMessage from DummyAdnetwork : UCS Bid: 0.2 Cmp ID: 237285165 Cmp Bid: 3288
05/04 07:03:10 FINE agents.DemandAgent|Day 7 :Got AdNetBidMessage from DummyAdnetwork-2 : UCS Bid: 0.0 Cmp ID: 237285165 Cmp Bid: 2864
05/04 07:03:10 FINE agents.DemandAgent|Day 7 :Got AdNetBidMessage from DummyAdnetwork-3 : UCS Bid: 0.2 Cmp ID: 237285165 Cmp Bid: 1
05/04 07:03:10 FINE agents.DemandAgent|Day 7 :Got AdNetBidMessage from DummyAdnetwork-4 : UCS Bid: 0.2 Cmp ID: 237285165 Cmp Bid: 1
05/04 07:03:10 FINE agents.DemandAgent|Day 7 :Got AdNetBidMessage from DummyAdnetwork-5 : UCS Bid: 0.2 Cmp ID: 237285165 Cmp Bid: 1
05/04 07:03:10 FINE agents.DemandAgent|Day 7 :Got AdNetBidMessage from DummyAdnetwork-6 : UCS Bid: 0.2 Cmp ID: 237285165 Cmp Bid: 2440
05/04 07:03:10 FINE agents.DemandAgent|Day 7 :Got AdNetBidMessage from DummyAdnetwork-7 : UCS Bid: 0.2 Cmp ID: 237285165 Cmp Bid: 1
05/04 07:03:10 FINE agents.DemandAgent|Day 7 :Got AdNetBidMessage from adv1 : UCS Bid: 0.13188116323770793 Cmp ID: 237285165 Cmp Bid: 27
05/04 07:03:20 INFO sim.Simulation|***** START OF TIME 8 *****
05/04 07:03:20 INFO agents.DemandAgent|Day 8 : Auction pending campaign: CampaignImpl [id=237285165, reachImps=3750, dayStart=9, dayEnd=13, targetSegment=[HIGH_INCOME, OLD], videoCoef=2.0, mobileCoef=1.5, budget=null, advertiser=null]
05/04 07:03:20 INFO agents.DemandAgent|Day 8 : Campaign auction: Not allocated
05/04 07:03:20 INFO demand.CampaignImpl|Campaign 1726520206 ended for advertiser DummyAdnetwork-2. Stats CampaignStats [tartgetedImps=825.0, otherImps=0.0, cost=2430.000113644572] Reach 3750 ERR 0.056534143188844234 Budget 2.4019999999999997 Revenue 0.13579501193960383
05/04 07:03:20 FINE agents.DemandAgent|Day 8 :Reporting auction results...CampaignImpl [id=237285165, reachImps=3750, dayStart=9, dayEnd=13, targetSegment=[HIGH_INCOME, OLD], videoCoef=2.0, mobileCoef=1.5, budget=null, advertiser=]
05/04 07:03:20 INFO agents.DemandAgent|Day 8 :Notifying new campaign opportunity: CampaignImpl [id=256950851, reachImps=12500, dayStart=10, dayEnd=14, targetSegment=[OLD, LOW_INCOME], videoCoef=2.0, mobileCoef=1.5, budget=null, advertiser=null]
05/04 07:03:20 INFO sim.Simulation|***** START OF TIME 8 COMPLETE *****
05/04 07:03:20 FINE agents.DemandAgent|Day 8 :Got AdNetBidMessage from DummyAdnetwork : UCS Bid: 0.2 Cmp ID: 256950851 Cmp Bid: 2443
05/04 07:03:20 FINE agents.DemandAgent|Day 8 :Got AdNetBidMessage from DummyAdnetwork-2 : UCS Bid: 0.0 Cmp ID: 256950851 Cmp Bid: 3166
05/04 07:03:20 FINE agents.DemandAgent|Day 8 :Got AdNetBidMessage from DummyAdnetwork-3 : UCS Bid: 0.2 Cmp ID: 256950851 Cmp Bid: 1
05/04 07:03:20 FINE agents.DemandAgent|Day 8 :Got AdNetBidMessage from DummyAdnetwork-4 : UCS Bid: 0.2 Cmp ID: 256950851 Cmp Bid: 1
05/04 07:03:20 FINE agents.DemandAgent|Day 8 :Got AdNetBidMessage from DummyAdnetwork-5 : UCS Bid: 0.2 Cmp ID: 256950851 Cmp Bid: 1
05/04 07:03:20 FINE agents.DemandAgent|Day 8 :Got AdNetBidMessage from DummyAdnetwork-6 : UCS Bid: 0.2 Cmp ID: 256950851 Cmp Bid: 3132
05/04 07:03:20 FINE agents.DemandAgent|Day 8 :Got AdNetBidMessage from DummyAdnetwork-7 : UCS Bid: 0.2 Cmp ID: 256950851 Cmp Bid: 1
05/04 07:03:20 FINE agents.DemandAgent|Day 8 :Got AdNetBidMessage from adv1 : UCS Bid: 0.14793150963534302 Cmp ID: 256950851 Cmp Bid: 94
05/04 07:03:30 INFO sim.Simulation|***** START OF TIME 9 *****
05/04 07:03:30 INFO agents.DemandAgent|Day 9 : Auction pending campaign: CampaignImpl [id=256950851, reachImps=12500, dayStart=10, dayEnd=14, targetSegment=[OLD, LOW_INCOME], videoCoef=2.0, mobileCoef=1.5, budget=null, advertiser=null]
05/04 07:03:30 INFO demand.CampaignImpl|Campaign 457818933 ended for advertiser DummyAdnetwork-2. Stats CampaignStats [tartgetedImps=0.0, otherImps=0.0, cost=0.0] Reach 6250 ERR 0.0 Budget 2.71 Revenue 0.0
05/04 07:03:30 FINE agents.DemandAgent|Day 9 :Reporting auction results...CampaignImpl [id=256950851, reachImps=12500, dayStart=10, dayEnd=14, targetSegment=[OLD, LOW_INCOME], videoCoef=2.0, mobileCoef=1.5, budget=4.465864168174006, advertiser=DummyAdnetwork]
05/04 07:03:30 INFO agents.DemandAgent|Day 9 :Notifying new campaign opportunity: CampaignImpl [id=237927526, reachImps=3750, dayStart=11, dayEnd=15, targetSegment=[OLD, FEMALE], videoCoef=2.0, mobileCoef=1.5, budget=null, advertiser=null]
05/04 07:03:30 INFO sim.Simulation|***** START OF TIME 9 COMPLETE *****
05/04 07:03:30 FINE agents.DemandAgent|Day 9 :Got AdNetBidMessage from DummyAdnetwork : UCS Bid: 0.0 Cmp ID: 237927526 Cmp Bid: 2861
05/04 07:03:30 FINE agents.DemandAgent|Day 9 :Got AdNetBidMessage from DummyAdnetwork-2 : UCS Bid: 0.0 Cmp ID: 237927526 Cmp Bid: 2387
05/04 07:03:30 FINE agents.DemandAgent|Day 9 :Got AdNetBidMessage from DummyAdnetwork-3 : UCS Bid: 0.2 Cmp ID: 237927526 Cmp Bid: 1
05/04 07:03:30 FINE agents.DemandAgent|Day 9 :Got AdNetBidMessage from DummyAdnetwork-4 : UCS Bid: 0.2 Cmp ID: 237927526 Cmp Bid: 1
05/04 07:03:30 FINE agents.DemandAgent|Day 9 :Got AdNetBidMessage from DummyAdnetwork-5 : UCS Bid: 0.2 Cmp ID: 237927526 Cmp Bid: 1
05/04 07:03:30 FINE agents.DemandAgent|Day 9 :Got AdNetBidMessage from DummyAdnetwork-6 : UCS Bid: 0.2 Cmp ID: 237927526 Cmp Bid: 2248
05/04 07:03:30 FINE agents.DemandAgent|Day 9 :Got AdNetBidMessage from DummyAdnetwork-7 : UCS Bid: 0.2 Cmp ID: 237927526 Cmp Bid: 1
05/04 07:03:30 FINE agents.DemandAgent|Day 9 :Got AdNetBidMessage from adv1 : UCS Bid: 0.11422433880425366 Cmp ID: 237927526 Cmp Bid: 26
05/04 07:03:40 INFO sim.Simulation|***** START OF TIME 10 *****
05/04 07:03:40 INFO agents.DemandAgent|Day 10 : Auction pending campaign: CampaignImpl [id=237927526, reachImps=3750, dayStart=11, dayEnd=15, targetSegment=[OLD, FEMALE], videoCoef=2.0, mobileCoef=1.5, budget=null, advertiser=null]
05/04 07:03:40 INFO agents.DemandAgent|Day 10 : Campaign auction: Not allocated
05/04 07:03:40 FINE agents.DemandAgent|Day 10 :Reporting auction results...CampaignImpl [id=237927526, reachImps=3750, dayStart=11, dayEnd=15, targetSegment=[OLD, FEMALE], videoCoef=2.0, mobileCoef=1.5, budget=null, advertiser=]
05/04 07:03:40 INFO agents.DemandAgent|Day 10 :Notifying new campaign opportunity: CampaignImpl [id=1363014402, reachImps=3750, dayStart=12, dayEnd=14, targetSegment=[YOUNG, LOW_INCOME], videoCoef=2.0, mobileCoef=1.5, budget=null, advertiser=null]
05/04 07:03:40 INFO sim.Simulation|***** START OF TIME 10 COMPLETE *****
05/04 07:03:40 FINE agents.DemandAgent|Day 10 :Got AdNetBidMessage from DummyAdnetwork : UCS Bid: 0.0 Cmp ID: 1363014402 Cmp Bid: 2073
05/04 07:03:40 FINE agents.DemandAgent|Day 10 :Got AdNetBidMessage from DummyAdnetwork-2 : UCS Bid: 0.0 Cmp ID: 1363014402 Cmp Bid: 3111
05/04 07:03:40 FINE agents.DemandAgent|Day 10 :Got AdNetBidMessage from DummyAdnetwork-3 : UCS Bid: 0.2 Cmp ID: 1363014402 Cmp Bid: 1
05/04 07:03:40 FINE agents.DemandAgent|Day 10 :Got AdNetBidMessage from DummyAdnetwork-4 : UCS Bid: 0.2 Cmp ID: 1363014402 Cmp Bid: 1
05/04 07:03:40 FINE agents.DemandAgent|Day 10 :Got AdNetBidMessage from DummyAdnetwork-5 : UCS Bid: 0.2 Cmp ID: 1363014402 Cmp Bid: 1
05/04 07:03:40 FINE agents.DemandAgent|Day 10 :Got AdNetBidMessage from DummyAdnetwork-6 : UCS Bid: 0.2 Cmp ID: 1363014402 Cmp Bid: 2406
05/04 07:03:40 FINE agents.DemandAgent|Day 10 :Got AdNetBidMessage from DummyAdnetwork-7 : UCS Bid: 0.2 Cmp ID: 1363014402 Cmp Bid: 1
05/04 07:03:40 FINE agents.DemandAgent|Day 10 :Got AdNetBidMessage from adv1 : UCS Bid: 0.12364914922361148 Cmp ID: 1363014402 Cmp Bid: 46
05/04 07:03:50 INFO sim.Simulation|***** START OF TIME 11 *****
05/04 07:03:50 INFO agents.DemandAgent|Day 11 : Auction pending campaign: CampaignImpl [id=1363014402, reachImps=3750, dayStart=12, dayEnd=14, targetSegment=[YOUNG, LOW_INCOME], videoCoef=2.0, mobileCoef=1.5, budget=null, advertiser=null]
05/04 07:03:50 INFO demand.CampaignImpl|Campaign 1017235069 ended for advertiser DummyAdnetwork-2. Stats CampaignStats [tartgetedImps=12502.5, otherImps=0.0, cost=0.0028203645992594755] Reach 12500 ERR 1.0001610430757955 Budget 3.118022090431818 Revenue 3.1185242262996593
05/04 07:03:50 FINE agents.DemandAgent|Day 11 :Reporting auction results...CampaignImpl [id=1363014402, reachImps=3750, dayStart=12, dayEnd=14, targetSegment=[YOUNG, LOW_INCOME], videoCoef=2.0, mobileCoef=1.5, budget=2.537648236682029, advertiser=DummyAdnetwork]
05/04 07:03:50 INFO agents.DemandAgent|Day 11 :Notifying new campaign opportunity: CampaignImpl [id=1532831662, reachImps=6250, dayStart=13, dayEnd=15, targetSegment=[HIGH_INCOME, YOUNG], videoCoef=2.0, mobileCoef=1.5, budget=null, advertiser=null]
05/04 07:03:50 INFO sim.Simulation|***** START OF TIME 11 COMPLETE *****
05/04 07:03:51 FINE agents.DemandAgent|Day 11 :Got AdNetBidMessage from DummyAdnetwork : UCS Bid: 0.0 Cmp ID: 1532831662 Cmp Bid: 2487
05/04 07:03:51 FINE agents.DemandAgent|Day 11 :Got AdNetBidMessage from DummyAdnetwork-2 : UCS Bid: 0.0 Cmp ID: 1532831662 Cmp Bid: 2832
05/04 07:03:51 FINE agents.DemandAgent|Day 11 :Got AdNetBidMessage from DummyAdnetwork-3 : UCS Bid: 0.2 Cmp ID: 1532831662 Cmp Bid: 1
05/04 07:03:51 FINE agents.DemandAgent|Day 11 :Got AdNetBidMessage from DummyAdnetwork-4 : UCS Bid: 0.2 Cmp ID: 1532831662 Cmp Bid: 1
05/04 07:03:51 FINE agents.DemandAgent|Day 11 :Got AdNetBidMessage from DummyAdnetwork-5 : UCS Bid: 0.2 Cmp ID: 1532831662 Cmp Bid: 1
05/04 07:03:51 FINE agents.DemandAgent|Day 11 :Got AdNetBidMessage from DummyAdnetwork-6 : UCS Bid: 0.2 Cmp ID: 1532831662 Cmp Bid: 2821
05/04 07:03:51 FINE agents.DemandAgent|Day 11 :Got AdNetBidMessage from DummyAdnetwork-7 : UCS Bid: 0.2 Cmp ID: 1532831662 Cmp Bid: 1
05/04 07:03:51 FINE agents.DemandAgent|Day 11 :Got AdNetBidMessage from adv1 : UCS Bid: 0.10950347659923954 Cmp ID: 1532831662 Cmp Bid: 86
05/04 07:04:00 INFO sim.Simulation|***** START OF TIME 12 *****
05/04 07:04:00 INFO agents.DemandAgent|Day 12 : Auction pending campaign: CampaignImpl [id=1532831662, reachImps=6250, dayStart=13, dayEnd=15, targetSegment=[HIGH_INCOME, YOUNG], videoCoef=2.0, mobileCoef=1.5, budget=null, advertiser=null]
05/04 07:04:00 INFO demand.CampaignImpl|Campaign 1746096603 ended for advertiser DummyAdnetwork-2. Stats CampaignStats [tartgetedImps=3751.5, otherImps=0.0, cost=0.0011255138120717192] Reach 3750 ERR 1.0003607980854015 Budget 2.168322852796915 Revenue 2.1691051795307366
05/04 07:04:00 FINE agents.DemandAgent|Day 12 :Reporting auction results...CampaignImpl [id=1532831662, reachImps=6250, dayStart=13, dayEnd=15, targetSegment=[HIGH_INCOME, YOUNG], videoCoef=2.0, mobileCoef=1.5, budget=3.014156789464968, advertiser=DummyAdnetwork]
05/04 07:04:00 INFO agents.DemandAgent|Day 12 :Notifying new campaign opportunity: CampaignImpl [id=1360027015, reachImps=12500, dayStart=14, dayEnd=18, targetSegment=[HIGH_INCOME, OLD], videoCoef=2.0, mobileCoef=1.5, budget=null, advertiser=null]
05/04 07:04:00 INFO sim.Simulation|***** START OF TIME 12 COMPLETE *****
05/04 07:04:00 FINE agents.DemandAgent|Day 12 :Got AdNetBidMessage from DummyAdnetwork : UCS Bid: 0.0 Cmp ID: 1360027015 Cmp Bid: 3228
05/04 07:04:00 FINE agents.DemandAgent|Day 12 :Got AdNetBidMessage from DummyAdnetwork-2 : UCS Bid: 0.0 Cmp ID: 1360027015 Cmp Bid: 2181
05/04 07:04:00 FINE agents.DemandAgent|Day 12 :Got AdNetBidMessage from DummyAdnetwork-3 : UCS Bid: 0.2 Cmp ID: 1360027015 Cmp Bid: 1
05/04 07:04:00 FINE agents.DemandAgent|Day 12 :Got AdNetBidMessage from DummyAdnetwork-4 : UCS Bid: 0.2 Cmp ID: 1360027015 Cmp Bid: 1
05/04 07:04:00 FINE agents.DemandAgent|Day 12 :Got AdNetBidMessage from DummyAdnetwork-5 : UCS Bid: 0.2 Cmp ID: 1360027015 Cmp Bid: 1
05/04 07:04:00 FINE agents.DemandAgent|Day 12 :Got AdNetBidMessage from DummyAdnetwork-6 : UCS Bid: 0.2 Cmp ID: 1360027015 Cmp Bid: 3200
05/04 07:04:00 FINE agents.DemandAgent|Day 12 :Got AdNetBidMessage from DummyAdnetwork-7 : UCS Bid: 0.2 Cmp ID: 1360027015 Cmp Bid: 1
05/04 07:04:00 FINE agents.DemandAgent|Day 12 :Got AdNetBidMessage from adv1 : UCS Bid: 0.12283038916214443 Cmp ID: 1360027015 Cmp Bid: 93
05/04 07:04:10 INFO sim.Simulation|***** START OF TIME 13 *****
05/04 07:04:10 INFO agents.DemandAgent|Day 13 : Auction pending campaign: CampaignImpl [id=1360027015, reachImps=12500, dayStart=14, dayEnd=18, targetSegment=[HIGH_INCOME, OLD], videoCoef=2.0, mobileCoef=1.5, budget=null, advertiser=null]
05/04 07:04:10 FINE agents.DemandAgent|Day 13 :Reporting auction results...CampaignImpl [id=1360027015, reachImps=12500, dayStart=14, dayEnd=18, targetSegment=[HIGH_INCOME, OLD], videoCoef=2.0, mobileCoef=1.5, budget=4.07629939600197, advertiser=DummyAdnetwork-2]
05/04 07:04:10 INFO agents.DemandAgent|Day 13 :Notifying new campaign opportunity: CampaignImpl [id=1350454483, reachImps=12500, dayStart=15, dayEnd=24, targetSegment=[HIGH_INCOME, OLD], videoCoef=2.0, mobileCoef=1.5, budget=null, advertiser=null]
05/04 07:04:10 INFO sim.Simulation|***** START OF TIME 13 COMPLETE *****
05/04 07:04:10 FINE agents.DemandAgent|Day 13 :Got AdNetBidMessage from DummyAdnetwork : UCS Bid: 0.0 Cmp ID: 1350454483 Cmp Bid: 3119
05/04 07:04:10 FINE agents.DemandAgent|Day 13 :Got AdNetBidMessage from DummyAdnetwork-2 : UCS Bid: 0.0 Cmp ID: 1350454483 Cmp Bid: 2346
05/04 07:04:10 FINE agents.DemandAgent|Day 13 :Got AdNetBidMessage from DummyAdnetwork-3 : UCS Bid: 0.2 Cmp ID: 1350454483 Cmp Bid: 1
05/04 07:04:10 FINE agents.DemandAgent|Day 13 :Got AdNetBidMessage from DummyAdnetwork-4 : UCS Bid: 0.2 Cmp ID: 1350454483 Cmp Bid: 1
05/04 07:04:10 FINE agents.DemandAgent|Day 13 :Got AdNetBidMessage from DummyAdnetwork-5 : UCS Bid: 0.2 Cmp ID: 1350454483 Cmp Bid: 1
05/04 07:04:10 FINE agents.DemandAgent|Day 13 :Got AdNetBidMessage from DummyAdnetwork-6 : UCS Bid: 0.2 Cmp ID: 1350454483 Cmp Bid: 2328
05/04 07:04:10 FINE agents.DemandAgent|Day 13 :Got AdNetBidMessage from DummyAdnetwork-7 : UCS Bid: 0.2 Cmp ID: 1350454483 Cmp Bid: 1
05/04 07:04:10 FINE agents.DemandAgent|Day 13 :Got AdNetBidMessage from adv1 : UCS Bid: 0.13777922829738382 Cmp ID: 1350454483 Cmp Bid: 46
05/04 07:04:20 INFO sim.Simulation|***** START OF TIME 14 *****
05/04 07:04:20 INFO agents.DemandAgent|Day 14 : Auction pending campaign: CampaignImpl [id=1350454483, reachImps=12500, dayStart=15, dayEnd=24, targetSegment=[HIGH_INCOME, OLD], videoCoef=2.0, mobileCoef=1.5, budget=null, advertiser=null]
05/04 07:04:20 FINE agents.DemandAgent|Day 14 :Reporting auction results...CampaignImpl [id=1350454483, reachImps=12500, dayStart=15, dayEnd=24, targetSegment=[HIGH_INCOME, OLD], videoCoef=2.0, mobileCoef=1.5, budget=3.9386548377107027, advertiser=DummyAdnetwork-2]
05/04 07:04:20 INFO agents.DemandAgent|Day 14 :Notifying new campaign opportunity: CampaignImpl [id=620496809, reachImps=6250, dayStart=16, dayEnd=25, targetSegment=[HIGH_INCOME, OLD], videoCoef=2.0, mobileCoef=1.5, budget=null, advertiser=null]
05/04 07:04:20 INFO sim.Simulation|***** START OF TIME 14 COMPLETE *****
05/04 07:04:20 FINE agents.DemandAgent|Day 14 :Got AdNetBidMessage from DummyAdnetwork : UCS Bid: 0.0 Cmp ID: 620496809 Cmp Bid: 2415
05/04 07:04:20 FINE agents.DemandAgent|Day 14 :Got AdNetBidMessage from DummyAdnetwork-2 : UCS Bid: 0.0 Cmp ID: 620496809 Cmp Bid: 2797
05/04 07:04:20 FINE agents.DemandAgent|Day 14 :Got AdNetBidMessage from DummyAdnetwork-3 : UCS Bid: 0.2 Cmp ID: 620496809 Cmp Bid: 1
05/04 07:04:20 FINE agents.DemandAgent|Day 14 :Got AdNetBidMessage from DummyAdnetwork-4 : UCS Bid: 0.2 Cmp ID: 620496809 Cmp Bid: 1
05/04 07:04:20 FINE agents.DemandAgent|Day 14 :Got AdNetBidMessage from DummyAdnetwork-5 : UCS Bid: 0.2 Cmp ID: 620496809 Cmp Bid: 1
05/04 07:04:20 FINE agents.DemandAgent|Day 14 :Got AdNetBidMessage from DummyAdnetwork-6 : UCS Bid: 0.2 Cmp ID: 620496809 Cmp Bid: 2725
05/04 07:04:20 FINE agents.DemandAgent|Day 14 :Got AdNetBidMessage from DummyAdnetwork-7 : UCS Bid: 0.2 Cmp ID: 620496809 Cmp Bid: 1
05/04 07:04:20 FINE agents.DemandAgent|Day 14 :Got AdNetBidMessage from adv1 : UCS Bid: 0.10699478724007092 Cmp ID: 620496809 Cmp Bid: 23
05/04 07:04:30 INFO sim.Simulation|***** START OF TIME 15 *****
05/04 07:04:30 INFO agents.DemandAgent|Day 15 : Auction pending campaign: CampaignImpl [id=620496809, reachImps=6250, dayStart=16, dayEnd=25, targetSegment=[HIGH_INCOME, OLD], videoCoef=2.0, mobileCoef=1.5, budget=null, advertiser=null]
05/04 07:04:30 INFO demand.CampaignImpl|Campaign 256950851 ended for advertiser DummyAdnetwork. Stats CampaignStats [tartgetedImps=12507.0, otherImps=0.0, cost=0.002548286724122047] Reach 12500 ERR 1.0005204846088085 Budget 4.465864168174006 Revenue 4.46818858173857
05/04 07:04:30 INFO demand.CampaignImpl|Campaign 1363014402 ended for advertiser DummyAdnetwork. Stats CampaignStats [tartgetedImps=0.0, otherImps=0.0, cost=0.0] Reach 3750 ERR 0.0 Budget 2.537648236682029 Revenue 0.0
05/04 07:04:30 FINE agents.DemandAgent|Day 15 :Reporting auction results...CampaignImpl [id=620496809, reachImps=6250, dayStart=16, dayEnd=25, targetSegment=[HIGH_INCOME, OLD], videoCoef=2.0, mobileCoef=1.5, budget=2415.0, advertiser=DummyAdnetwork]
05/04 07:04:30 INFO agents.DemandAgent|Day 15 :Notifying new campaign opportunity: CampaignImpl [id=164251402, reachImps=3750, dayStart=17, dayEnd=19, targetSegment=[HIGH_INCOME, FEMALE], videoCoef=2.0, mobileCoef=1.5, budget=null, advertiser=null]
05/04 07:04:30 INFO sim.Simulation|***** START OF TIME 15 COMPLETE *****
05/04 07:04:30 FINE agents.DemandAgent|Day 15 :Got AdNetBidMessage from DummyAdnetwork : UCS Bid: 0.0 Cmp ID: 164251402 Cmp Bid: 2999
05/04 07:04:30 FINE agents.DemandAgent|Day 15 :Got AdNetBidMessage from DummyAdnetwork-2 : UCS Bid: 0.0 Cmp ID: 164251402 Cmp Bid: 2374
05/04 07:04:30 FINE agents.DemandAgent|Day 15 :Got AdNetBidMessage from DummyAdnetwork-3 : UCS Bid: 0.2 Cmp ID: 164251402 Cmp Bid: 1
05/04 07:04:30 FINE agents.DemandAgent|Day 15 :Got AdNetBidMessage from DummyAdnetwork-4 : UCS Bid: 0.2 Cmp ID: 164251402 Cmp Bid: 1
05/04 07:04:30 FINE agents.DemandAgent|Day 15 :Got AdNetBidMessage from DummyAdnetwork-5 : UCS Bid: 0.2 Cmp ID: 164251402 Cmp Bid: 1
05/04 07:04:30 FINE agents.DemandAgent|Day 15 :Got AdNetBidMessage from DummyAdnetwork-6 : UCS Bid: 0.2 Cmp ID: 164251402 Cmp Bid: 2348
05/04 07:04:30 FINE agents.DemandAgent|Day 15 :Got AdNetBidMessage from DummyAdnetwork-7 : UCS Bid: 0.2 Cmp ID: 164251402 Cmp Bid: 1
05/04 07:04:30 FINE agents.DemandAgent|Day 15 :Got AdNetBidMessage from adv1 : UCS Bid: 0.12001638453102799 Cmp ID: 164251402 Cmp Bid: 46
05/04 07:04:40 INFO sim.Simulation|***** START OF TIME 16 *****
05/04 07:04:40 INFO agents.DemandAgent|Day 16 : Auction pending campaign: CampaignImpl [id=164251402, reachImps=3750, dayStart=17, dayEnd=19, targetSegment=[HIGH_INCOME, FEMALE], videoCoef=2.0, mobileCoef=1.5, budget=null, advertiser=null]
05/04 07:04:40 INFO demand.CampaignImpl|Campaign 1532831662 ended for advertiser DummyAdnetwork. Stats CampaignStats [tartgetedImps=6253.5, otherImps=0.0, cost=9.519490799544303E-4] Reach 6250 ERR 1.0005204846088085 Budget 3.014156789464968 Revenue 3.01572561168242
05/04 07:04:40 FINE agents.DemandAgent|Day 16 :Reporting auction results...CampaignImpl [id=164251402, reachImps=3750, dayStart=17, dayEnd=19, targetSegment=[HIGH_INCOME, FEMALE], videoCoef=2.0, mobileCoef=1.5, budget=3.204527253547838, advertiser=DummyAdnetwork-2]
05/04 07:04:40 INFO agents.DemandAgent|Day 16 :Notifying new campaign opportunity: CampaignImpl [id=479565176, reachImps=3750, dayStart=18, dayEnd=27, targetSegment=[OLD, LOW_INCOME], videoCoef=2.0, mobileCoef=1.5, budget=null, advertiser=null]
05/04 07:04:40 INFO sim.Simulation|***** START OF TIME 16 COMPLETE *****
05/04 07:04:40 FINE agents.DemandAgent|Day 16 :Got AdNetBidMessage from DummyAdnetwork : UCS Bid: 0.0 Cmp ID: 479565176 Cmp Bid: 2278
05/04 07:04:40 FINE agents.DemandAgent|Day 16 :Got AdNetBidMessage from DummyAdnetwork-2 : UCS Bid: 0.0 Cmp ID: 479565176 Cmp Bid: 2130
05/04 07:04:40 FINE agents.DemandAgent|Day 16 :Got AdNetBidMessage from DummyAdnetwork-3 : UCS Bid: 0.2 Cmp ID: 479565176 Cmp Bid: 1
05/04 07:04:40 FINE agents.DemandAgent|Day 16 :Got AdNetBidMessage from DummyAdnetwork-4 : UCS Bid: 0.2 Cmp ID: 479565176 Cmp Bid: 1
05/04 07:04:40 FINE agents.DemandAgent|Day 16 :Got AdNetBidMessage from DummyAdnetwork-5 : UCS Bid: 0.2 Cmp ID: 479565176 Cmp Bid: 1
05/04 07:04:40 FINE agents.DemandAgent|Day 16 :Got AdNetBidMessage from DummyAdnetwork-6 : UCS Bid: 0.2 Cmp ID: 479565176 Cmp Bid: 2640
05/04 07:04:40 FINE agents.DemandAgent|Day 16 :Got AdNetBidMessage from DummyAdnetwork-7 : UCS Bid: 0.2 Cmp ID: 479565176 Cmp Bid: 1
05/04 07:04:40 FINE agents.DemandAgent|Day 16 :Got AdNetBidMessage from adv1 : UCS Bid: 0.13462275057924614 Cmp ID: 479565176 Cmp Bid: 14
05/04 07:04:50 INFO sim.Simulation|***** START OF TIME 17 *****
05/04 07:04:50 INFO agents.DemandAgent|Day 17 : Auction pending campaign: CampaignImpl [id=479565176, reachImps=3750, dayStart=18, dayEnd=27, targetSegment=[OLD, LOW_INCOME], videoCoef=2.0, mobileCoef=1.5, budget=null, advertiser=null]
05/04 07:04:50 FINE agents.DemandAgent|Day 17 :Reporting auction results...CampaignImpl [id=479565176, reachImps=3750, dayStart=18, dayEnd=27, targetSegment=[OLD, LOW_INCOME], videoCoef=2.0, mobileCoef=1.5, budget=2.6317677649927123, advertiser=DummyAdnetwork-2]
05/04 07:04:50 INFO agents.DemandAgent|Day 17 :Notifying new campaign opportunity: CampaignImpl [id=1180363817, reachImps=3750, dayStart=19, dayEnd=23, targetSegment=[OLD, MALE], videoCoef=2.0, mobileCoef=1.5, budget=null, advertiser=null]
05/04 07:04:50 INFO sim.Simulation|***** START OF TIME 17 COMPLETE *****
05/04 07:04:50 FINE agents.DemandAgent|Day 17 :Got AdNetBidMessage from DummyAdnetwork : UCS Bid: 0.0 Cmp ID: 1180363817 Cmp Bid: 2314
05/04 07:04:50 FINE agents.DemandAgent|Day 17 :Got AdNetBidMessage from DummyAdnetwork-2 : UCS Bid: 0.0 Cmp ID: 1180363817 Cmp Bid: 2629
05/04 07:04:50 FINE agents.DemandAgent|Day 17 :Got AdNetBidMessage from DummyAdnetwork-3 : UCS Bid: 0.2 Cmp ID: 1180363817 Cmp Bid: 1
05/04 07:04:50 FINE agents.DemandAgent|Day 17 :Got AdNetBidMessage from DummyAdnetwork-4 : UCS Bid: 0.2 Cmp ID: 1180363817 Cmp Bid: 1
05/04 07:04:50 FINE agents.DemandAgent|Day 17 :Got AdNetBidMessage from DummyAdnetwork-5 : UCS Bid: 0.2 Cmp ID: 1180363817 Cmp Bid: 1
05/04 07:04:50 FINE agents.DemandAgent|Day 17 :Got AdNetBidMessage from DummyAdnetwork-6 : UCS Bid: 0.2 Cmp ID: 1180363817 Cmp Bid: 3213
05/04 07:04:50 FINE agents.DemandAgent|Day 17 :Got AdNetBidMessage from DummyAdnetwork-7 : UCS Bid: 0.2 Cmp ID: 1180363817 Cmp Bid: 1
05/04 07:04:50 FINE agents.DemandAgent|Day 17 :Got AdNetBidMessage from adv1 : UCS Bid: 0.15016774434742852 Cmp ID: 1180363817 Cmp Bid: 30
05/04 07:05:00 INFO sim.Simulation|***** START OF TIME 18 *****
05/04 07:05:00 INFO agents.DemandAgent|Day 18 : Auction pending campaign: CampaignImpl [id=1180363817, reachImps=3750, dayStart=19, dayEnd=23, targetSegment=[OLD, MALE], videoCoef=2.0, mobileCoef=1.5, budget=null, advertiser=null]
05/04 07:05:00 FINE agents.DemandAgent|Day 18 :Reporting auction results...CampaignImpl [id=1180363817, reachImps=3750, dayStart=19, dayEnd=23, targetSegment=[OLD, MALE], videoCoef=2.0, mobileCoef=1.5, budget=2.6733584759407973, advertiser=DummyAdnetwork-2]
05/04 07:05:00 INFO agents.DemandAgent|Day 18 :Notifying new campaign opportunity: CampaignImpl [id=645987023, reachImps=6250, dayStart=20, dayEnd=22, targetSegment=[YOUNG, FEMALE], videoCoef=2.0, mobileCoef=1.5, budget=null, advertiser=null]
05/04 07:05:00 INFO sim.Simulation|***** START OF TIME 18 COMPLETE *****
05/04 07:05:00 FINE agents.DemandAgent|Day 18 :Got AdNetBidMessage from DummyAdnetwork : UCS Bid: 0.0 Cmp ID: 645987023 Cmp Bid: 3261
05/04 07:05:00 FINE agents.DemandAgent|Day 18 :Got AdNetBidMessage from DummyAdnetwork-2 : UCS Bid: 0.0 Cmp ID: 645987023 Cmp Bid: 2846
05/04 07:05:00 FINE agents.DemandAgent|Day 18 :Got AdNetBidMessage from DummyAdnetwork-3 : UCS Bid: 0.2 Cmp ID: 645987023 Cmp Bid: 1
05/04 07:05:00 FINE agents.DemandAgent|Day 18 :Got AdNetBidMessage from DummyAdnetwork-4 : UCS Bid: 0.2 Cmp ID: 645987023 Cmp Bid: 1
05/04 07:05:00 FINE agents.DemandAgent|Day 18 :Got AdNetBidMessage from DummyAdnetwork-5 : UCS Bid: 0.2 Cmp ID: 645987023 Cmp Bid: 1
05/04 07:05:00 FINE agents.DemandAgent|Day 18 :Got AdNetBidMessage from DummyAdnetwork-6 : UCS Bid: 0.2 Cmp ID: 645987023 Cmp Bid: 2154
05/04 07:05:00 FINE agents.DemandAgent|Day 18 :Got AdNetBidMessage from DummyAdnetwork-7 : UCS Bid: 0.2 Cmp ID: 645987023 Cmp Bid: 1
05/04 07:05:00 FINE agents.DemandAgent|Day 18 :Got AdNetBidMessage from adv1 : UCS Bid: 0.12573101847558946 Cmp ID: 645987023 Cmp Bid: 83
05/04 07:05:10 INFO sim.Simulation|***** START OF TIME 19 *****
05/04 07:05:10 INFO agents.DemandAgent|Day 19 : Auction pending campaign: CampaignImpl [id=645987023, reachImps=6250, dayStart=20, dayEnd=22, targetSegment=[YOUNG, FEMALE], videoCoef=2.0, mobileCoef=1.5, budget=null, advertiser=null]
05/04 07:05:10 INFO demand.CampaignImpl|Campaign 1360027015 ended for advertiser DummyAdnetwork-2. Stats CampaignStats [tartgetedImps=0.0, otherImps=0.0, cost=0.0] Reach 12500 ERR 0.0 Budget 4.07629939600197 Revenue 0.0
05/04 07:05:10 FINE agents.DemandAgent|Day 19 :Reporting auction results...CampaignImpl [id=645987023, reachImps=6250, dayStart=20, dayEnd=22, targetSegment=[YOUNG, FEMALE], videoCoef=2.0, mobileCoef=1.5, budget=3.7674252333807003, advertiser=DummyAdnetwork-2]
05/04 07:05:10 INFO agents.DemandAgent|Day 19 :Notifying new campaign opportunity: CampaignImpl [id=597563505, reachImps=12500, dayStart=21, dayEnd=30, targetSegment=[OLD, FEMALE], videoCoef=2.0, mobileCoef=1.5, budget=null, advertiser=null]
05/04 07:05:10 INFO sim.Simulation|***** START OF TIME 19 COMPLETE *****
05/04 07:05:10 FINE agents.DemandAgent|Day 19 :Got AdNetBidMessage from DummyAdnetwork : UCS Bid: 0.0 Cmp ID: 597563505 Cmp Bid: 3134
05/04 07:05:10 FINE agents.DemandAgent|Day 19 :Got AdNetBidMessage from DummyAdnetwork-2 : UCS Bid: 0.0 Cmp ID: 597563505 Cmp Bid: 2786
05/04 07:05:10 FINE agents.DemandAgent|Day 19 :Got AdNetBidMessage from DummyAdnetwork-3 : UCS Bid: 0.2 Cmp ID: 597563505 Cmp Bid: 1
05/04 07:05:10 FINE agents.DemandAgent|Day 19 :Got AdNetBidMessage from DummyAdnetwork-4 : UCS Bid: 0.2 Cmp ID: 597563505 Cmp Bid: 1
05/04 07:05:10 FINE agents.DemandAgent|Day 19 :Got AdNetBidMessage from DummyAdnetwork-5 : UCS Bid: 0.2 Cmp ID: 597563505 Cmp Bid: 1
05/04 07:05:10 FINE agents.DemandAgent|Day 19 :Got AdNetBidMessage from DummyAdnetwork-6 : UCS Bid: 0.2 Cmp ID: 597563505 Cmp Bid: 2051
05/04 07:05:10 FINE agents.DemandAgent|Day 19 :Got AdNetBidMessage from DummyAdnetwork-7 : UCS Bid: 0.2 Cmp ID: 597563505 Cmp Bid: 1
05/04 07:05:10 FINE agents.DemandAgent|Day 19 :Got AdNetBidMessage from adv1 : UCS Bid: 0.14103287319022595 Cmp ID: 597563505 Cmp Bid: 43
05/04 07:05:20 INFO sim.Simulation|***** START OF TIME 20 *****
05/04 07:05:20 INFO agents.DemandAgent|Day 20 : Auction pending campaign: CampaignImpl [id=597563505, reachImps=12500, dayStart=21, dayEnd=30, targetSegment=[OLD, FEMALE], videoCoef=2.0, mobileCoef=1.5, budget=null, advertiser=null]
05/04 07:05:20 INFO demand.CampaignImpl|Campaign 164251402 ended for advertiser DummyAdnetwork-2. Stats CampaignStats [tartgetedImps=514.5, otherImps=0.0, cost=3210.00000311271] Reach 3750 ERR 0.03116731745472103 Budget 3.204527253547838 Revenue 0.09987651820363078
05/04 07:05:20 FINE agents.DemandAgent|Day 20 :Reporting auction results...CampaignImpl [id=597563505, reachImps=12500, dayStart=21, dayEnd=30, targetSegment=[OLD, FEMALE], videoCoef=2.0, mobileCoef=1.5, budget=3134.0, advertiser=DummyAdnetwork]
05/04 07:05:20 INFO agents.DemandAgent|Day 20 :Notifying new campaign opportunity: CampaignImpl [id=731400408, reachImps=6250, dayStart=22, dayEnd=26, targetSegment=[OLD, MALE], videoCoef=2.0, mobileCoef=1.5, budget=null, advertiser=null]
05/04 07:05:20 INFO sim.Simulation|***** START OF TIME 20 COMPLETE *****
05/04 07:05:20 FINE agents.DemandAgent|Day 20 :Got AdNetBidMessage from DummyAdnetwork : UCS Bid: 0.0 Cmp ID: 731400408 Cmp Bid: 2777
05/04 07:05:20 FINE agents.DemandAgent|Day 20 :Got AdNetBidMessage from DummyAdnetwork-2 : UCS Bid: 0.0 Cmp ID: 731400408 Cmp Bid: 2867
05/04 07:05:20 FINE agents.DemandAgent|Day 20 :Got AdNetBidMessage from DummyAdnetwork-3 : UCS Bid: 0.2 Cmp ID: 731400408 Cmp Bid: 1
05/04 07:05:20 FINE agents.DemandAgent|Day 20 :Got AdNetBidMessage from DummyAdnetwork-4 : UCS Bid: 0.2 Cmp ID: 731400408 Cmp Bid: 1
05/04 07:05:20 FINE agents.DemandAgent|Day 20 :Got AdNetBidMessage from DummyAdnetwork-5 : UCS Bid: 0.2 Cmp ID: 731400408 Cmp Bid: 1
05/04 07:05:20 FINE agents.DemandAgent|Day 20 :Got AdNetBidMessage from DummyAdnetwork-6 : UCS Bid: 0.2 Cmp ID: 731400408 Cmp Bid: 2819
05/04 07:05:20 FINE agents.DemandAgent|Day 20 :Got AdNetBidMessage from DummyAdnetwork-7 : UCS Bid: 0.2 Cmp ID: 731400408 Cmp Bid: 1
05/04 07:05:20 FINE agents.DemandAgent|Day 20 :Got AdNetBidMessage from adv1 : UCS Bid: 0.15819701105938333 Cmp ID: 731400408 Cmp Bid: 50
05/04 07:05:30 INFO sim.Simulation|***** START OF TIME 21 *****
05/04 07:05:30 INFO agents.DemandAgent|Day 21 : Auction pending campaign: CampaignImpl [id=731400408, reachImps=6250, dayStart=22, dayEnd=26, targetSegment=[OLD, MALE], videoCoef=2.0, mobileCoef=1.5, budget=null, advertiser=null]
05/04 07:05:30 FINE agents.DemandAgent|Day 21 :Reporting auction results...CampaignImpl [id=731400408, reachImps=6250, dayStart=22, dayEnd=26, targetSegment=[OLD, MALE], videoCoef=2.0, mobileCoef=1.5, budget=4.393569868789749, advertiser=DummyAdnetwork]
05/04 07:05:30 INFO agents.DemandAgent|Day 21 :Notifying new campaign opportunity: CampaignImpl [id=1450345438, reachImps=12500, dayStart=23, dayEnd=25, targetSegment=[YOUNG, FEMALE], videoCoef=2.0, mobileCoef=1.5, budget=null, advertiser=null]
05/04 07:05:30 INFO sim.Simulation|***** START OF TIME 21 COMPLETE *****
05/04 07:05:31 FINE agents.DemandAgent|Day 21 :Got AdNetBidMessage from DummyAdnetwork : UCS Bid: 0.0 Cmp ID: 1450345438 Cmp Bid: 2119
05/04 07:05:31 FINE agents.DemandAgent|Day 21 :Got AdNetBidMessage from DummyAdnetwork-2 : UCS Bid: 0.0 Cmp ID: 1450345438 Cmp Bid: 2603
05/04 07:05:31 FINE agents.DemandAgent|Day 21 :Got AdNetBidMessage from DummyAdnetwork-3 : UCS Bid: 0.2 Cmp ID: 1450345438 Cmp Bid: 1
05/04 07:05:31 FINE agents.DemandAgent|Day 21 :Got AdNetBidMessage from DummyAdnetwork-4 : UCS Bid: 0.2 Cmp ID: 1450345438 Cmp Bid: 1
05/04 07:05:31 FINE agents.DemandAgent|Day 21 :Got AdNetBidMessage from DummyAdnetwork-5 : UCS Bid: 0.2 Cmp ID: 1450345438 Cmp Bid: 1
05/04 07:05:31 FINE agents.DemandAgent|Day 21 :Got AdNetBidMessage from DummyAdnetwork-6 : UCS Bid: 0.2 Cmp ID: 1450345438 Cmp Bid: 2964
05/04 07:05:31 FINE agents.DemandAgent|Day 21 :Got AdNetBidMessage from DummyAdnetwork-7 : UCS Bid: 0.2 Cmp ID: 1450345438 Cmp Bid: 1
05/04 07:05:31 FINE agents.DemandAgent|Day 21 :Got AdNetBidMessage from adv1 : UCS Bid: 0.17745007771604457 Cmp ID: 1450345438 Cmp Bid: 166
05/04 07:05:40 INFO sim.Simulation|***** START OF TIME 22 *****
05/04 07:05:40 INFO agents.DemandAgent|Day 22 : Auction pending campaign: CampaignImpl [id=1450345438, reachImps=12500, dayStart=23, dayEnd=25, targetSegment=[YOUNG, FEMALE], videoCoef=2.0, mobileCoef=1.5, budget=null, advertiser=null]
05/04 07:05:40 FINE agents.DemandAgent|Day 22 :Reporting auction results...CampaignImpl [id=1450345438, reachImps=12500, dayStart=23, dayEnd=25, targetSegment=[YOUNG, FEMALE], videoCoef=2.0, mobileCoef=1.5, budget=4.619560514754458, advertiser=DummyAdnetwork]
05/04 07:05:40 INFO agents.DemandAgent|Day 22 :Notifying new campaign opportunity: CampaignImpl [id=126058376, reachImps=6250, dayStart=24, dayEnd=28, targetSegment=[YOUNG, LOW_INCOME], videoCoef=2.0, mobileCoef=1.5, budget=null, advertiser=null]
05/04 07:05:40 INFO sim.Simulation|***** START OF TIME 22 COMPLETE *****
05/04 07:05:40 FINE agents.DemandAgent|Day 22 :Got AdNetBidMessage from DummyAdnetwork : UCS Bid: 0.0 Cmp ID: 126058376 Cmp Bid: 2469
05/04 07:05:40 FINE agents.DemandAgent|Day 22 :Got AdNetBidMessage from DummyAdnetwork-2 : UCS Bid: 0.0 Cmp ID: 126058376 Cmp Bid: 3037
05/04 07:05:40 FINE agents.DemandAgent|Day 22 :Got AdNetBidMessage from DummyAdnetwork-3 : UCS Bid: 0.2 Cmp ID: 126058376 Cmp Bid: 1
05/04 07:05:40 FINE agents.DemandAgent|Day 22 :Got AdNetBidMessage from DummyAdnetwork-4 : UCS Bid: 0.2 Cmp ID: 126058376 Cmp Bid: 1
05/04 07:05:40 FINE agents.DemandAgent|Day 22 :Got AdNetBidMessage from DummyAdnetwork-5 : UCS Bid: 0.2 Cmp ID: 126058376 Cmp Bid: 1
05/04 07:05:40 FINE agents.DemandAgent|Day 22 :Got AdNetBidMessage from DummyAdnetwork-6 : UCS Bid: 0.2 Cmp ID: 126058376 Cmp Bid: 3228
05/04 07:05:40 FINE agents.DemandAgent|Day 22 :Got AdNetBidMessage from DummyAdnetwork-7 : UCS Bid: 0.2 Cmp ID: 126058376 Cmp Bid: 1
05/04 07:05:40 FINE agents.DemandAgent|Day 22 :Got AdNetBidMessage from adv1 : UCS Bid: 0.10013720938663426 Cmp ID: 126058376 Cmp Bid: 46
05/04 07:05:46 SEVERE tact.TACTConnection|sample@tact-1: closed from other side
