05/04 07:05:53 INFO agentware.SimClient|next simulation starts in 6 seconds
05/04 07:16:00 INFO agentware.SimClient|next simulation starts in 59 seconds
05/04 07:27:20 INFO agentware.SimClient|next simulation 12 has already started
05/04 07:30:22 SEVERE agentware.SimClient|No agent registered to receive Message[coordinator,adv1,BankStatus[-6.998400]]
05/04 07:30:22 SEVERE agentware.SimClient|No agent registered to receive Message[coordinator,adv1,(CampaignAuctionReport CampaignAuctionReportEntry [actualBid=2276.0, effectiveBid=1831.8869782451143] CampaignAuctionReportEntry [actualBid=2842.0, effectiveBid=2526.321271864611])]
05/04 07:30:22 SEVERE agentware.SimClient|No agent registered to receive Message[coordinator,adv1,(CampaignReport)]
05/04 07:30:22 SEVERE agentware.SimClient|No agent registered to receive Message[coordinator,adv1,AdNetworkDailyNotification [effectiveDay=49, serviceLevel=0.5314410000000002, price=0.0, qualityScore=0.4, campaignId=1051371529, winner=DummyAdnetwork-7, cost=0.0]]
05/04 07:30:22 SEVERE agentware.SimClient|No agent registered to receive Message[coordinator,adv1,tau.tac.adx.report.demand.CampaignOpportunityMessage[147245812,6250,51,53,[OLD, HIGH_INCOME],2.0,1.5,49,[]]]
05/04 07:30:22 SEVERE agentware.SimClient|No agent registered to receive Message[coordinator,adv1,(AdxPublisherReport (publisher: yahoo popularity: 54310 video: 7288 text: 47023) (publisher: ebay popularity: 58494 video: 8824 text: 49671) (publisher: fox popularity: 9250 video: 5935 text: 3316) (publisher: amazon popularity: 59635 video: 8243 text: 51393) (publisher: wallmart popularity: 17312 video: 12627 text: 4686) (publisher: target popularity: 11196 video: 7980 text: 3217))]
05/04 07:30:22 SEVERE agentware.SimClient|No agent registered to receive Message[coordinator,adv1,simulationStatus[49,99312,false,[]]]
05/04 07:30:23 SEVERE agentware.SimClient|No agent registered to receive Message[coordinator,adv1,BankStatus[-7.144200]]
05/04 07:30:23 SEVERE agentware.SimClient|No agent registered to receive Message[coordinator,adv1,(CampaignReport)]
05/04 07:30:23 SEVERE agentware.SimClient|No agent registered to receive Message[coordinator,adv1,AdNetworkDailyNotification [effectiveDay=50, serviceLevel=0.5314410000000002, price=0.0, qualityScore=0.4, campaignId=147245812, winner=, cost=0.0]]
05/04 07:30:23 SEVERE agentware.SimClient|No agent registered to receive Message[coordinator,adv1,tau.tac.adx.report.demand.CampaignOpportunityMessage[1939447542,12500,52,54,[MALE, HIGH_INCOME],2.0,1.5,50,[]]]
05/04 07:30:23 SEVERE agentware.SimClient|No agent registered to receive Message[coordinator,adv1,(AdxPublisherReport (publisher: amazon popularity: 431732 video: 8024 text: 423709) (publisher: yahoo popularity: 421502 video: 11583 text: 409920) (publisher: wallmart popularity: 133140 video: 124231 text: 8910) (publisher: fox popularity: 53324 video: 48133 text: 5192) (publisher: ebay popularity: 433265 video: 8841 text: 424425) (publisher: target popularity: 87498 video: 81518 text: 5981))]
05/04 07:30:23 SEVERE agentware.SimClient|No agent registered to receive Message[coordinator,adv1,simulationStatus[50,94365,false,[]]]
05/04 07:30:23 SEVERE agentware.SimClient|No agent registered to receive Message[coordinator,adv1,BankStatus[-7.290000]]
05/04 07:30:23 SEVERE agentware.SimClient|No agent registered to receive Message[coordinator,adv1,(CampaignReport)]
05/04 07:30:23 SEVERE agentware.SimClient|No agent registered to receive Message[coordinator,adv1,AdNetworkDailyNotification [effectiveDay=51, serviceLevel=0.5314410000000002, price=0.0, qualityScore=0.4, campaignId=1939447542, winner=, cost=0.0]]
05/04 07:30:23 SEVERE agentware.SimClient|No agent registered to receive Message[coordinator,adv1,(AdxPublisherReport (publisher: amazon popularity: 994415 video: 8423 text: 985993) (publisher: yahoo popularity: 986934 video: 13354 text: 973581) (publisher: target popularity: 203440 video: 195996 text: 7445) (publisher: ebay popularity: 1012111 video: 6966 text: 1005146) (publisher: fox popularity: 121217 video: 115755 text: 5463) (publisher: wallmart popularity: 310562 video: 299676 text: 10887))]
05/04 07:30:23 SEVERE agentware.SimClient|No agent registered to receive Message[coordinator,adv1,simulationStatus[51,96057,false,[]]]
05/04 07:30:23 SEVERE agentware.SimClient|No agent registered to receive Message[coordinator,adv1,BankStatus[-7.435800]]
05/04 07:30:23 SEVERE agentware.SimClient|No agent registered to receive Message[coordinator,adv1,(CampaignReport)]
05/04 07:30:23 SEVERE agentware.SimClient|No agent registered to receive Message[coordinator,adv1,AdNetworkDailyNotification [effectiveDay=52, serviceLevel=0.5314410000000002, price=0.0, qualityScore=0.4, campaignId=0, winner=NONE, cost=0.0]]
05/04 07:30:23 SEVERE agentware.SimClient|No agent registered to receive Message[coordinator,adv1,(AdxPublisherReport (publisher: ebay popularity: 265513 video: 9878 text: 255636) (publisher: amazon popularity: 265905 video: 9804 text: 256102) (publisher: target popularity: 53200 video: 47773 text: 5428) (publisher: yahoo popularity: 258914 video: 14953 text: 243962) (publisher: fox popularity: 33823 video: 29550 text: 4274) (publisher: wallmart popularity: 82075 video: 74057 text: 8019))]
05/04 07:30:23 SEVERE agentware.SimClient|No agent registered to receive Message[coordinator,adv1,simulationStatus[52,90819,false,[]]]
05/04 07:30:24 SEVERE agentware.SimClient|No agent registered to receive Message[coordinator,adv1,BankStatus[-7.581600]]
05/04 07:30:24 SEVERE agentware.SimClient|No agent registered to receive Message[coordinator,adv1,(CampaignReport)]
05/04 07:30:24 SEVERE agentware.SimClient|No agent registered to receive Message[coordinator,adv1,AdNetworkDailyNotification [effectiveDay=53, serviceLevel=0.5314410000000002, price=0.0, qualityScore=0.4, campaignId=0, winner=NONE, cost=0.0]]
05/04 07:30:24 SEVERE agentware.SimClient|No agent registered to receive Message[coordinator,adv1,tau.tac.adx.report.demand.CampaignOpportunityMessage[664805835,3750,55,57,[FEMALE, YOUNG],2.0,1.5,53,[]]]
05/04 07:30:24 SEVERE agentware.SimClient|No agent registered to receive Message[coordinator,adv1,(AdxPublisherReport (publisher: yahoo popularity: 717230 video: 10603 text: 706628) (publisher: ebay popularity: 733503 video: 7613 text: 725891) (publisher: amazon popularity: 720139 video: 8433 text: 711707) (publisher: fox popularity: 88382 video: 84042 text: 4341) (publisher: target popularity: 147491 video: 142370 text: 5122) (publisher: wallmart popularity: 225598 video: 218210 text: 7389))]
05/04 07:30:24 SEVERE agentware.SimClient|No agent registered to receive Message[coordinator,adv1,simulationStatus[53,91025,false,[]]]
05/04 07:30:24 SEVERE agentware.SimClient|No agent registered to receive Message[coordinator,adv1,BankStatus[-7.727400]]
05/04 07:30:24 SEVERE agentware.SimClient|No agent registered to receive Message[coordinator,adv1,(CampaignReport)]
05/04 07:30:24 SEVERE agentware.SimClient|No agent registered to receive Message[coordinator,adv1,AdNetworkDailyNotification [effectiveDay=54, serviceLevel=0.5314410000000002, price=0.0, qualityScore=0.4, campaignId=664805835, winner=, cost=0.0]]
05/04 07:30:24 SEVERE agentware.SimClient|No agent registered to receive Message[coordinator,adv1,(AdxPublisherReport (publisher: yahoo popularity: 1220314 video: 8939 text: 1211376) (publisher: wallmart popularity: 383142 video: 376790 text: 6353) (publisher: ebay popularity: 1248711 video: 8858 text: 1239854) (publisher: amazon popularity: 1222771 video: 9201 text: 1213571) (publisher: target popularity: 251114 video: 246604 text: 4511) (publisher: fox popularity: 148930 video: 144737 text: 4194))]
05/04 07:30:24 SEVERE agentware.SimClient|No agent registered to receive Message[coordinator,adv1,simulationStatus[54,262945,false,[]]]
05/04 07:30:24 SEVERE agentware.SimClient|No agent registered to receive Message[coordinator,adv1,BankStatus[-7.873200]]
05/04 07:30:24 SEVERE agentware.SimClient|No agent registered to receive Message[coordinator,adv1,(CampaignReport)]
05/04 07:30:24 SEVERE agentware.SimClient|No agent registered to receive Message[coordinator,adv1,AdNetworkDailyNotification [effectiveDay=55, serviceLevel=0.5314410000000002, price=0.0, qualityScore=0.4, campaignId=0, winner=NONE, cost=0.0]]
05/04 07:30:24 SEVERE agentware.SimClient|No agent registered to receive Message[coordinator,adv1,simulationStatus[55,252948,false,[]]]
05/04 07:30:24 SEVERE agentware.SimClient|No agent registered to receive Message[coordinator,adv1,BankStatus[-8.019000]]
05/04 07:30:24 SEVERE agentware.SimClient|No agent registered to receive Message[coordinator,adv1,(CampaignReport)]
05/04 07:30:24 SEVERE agentware.SimClient|No agent registered to receive Message[coordinator,adv1,AdNetworkDailyNotification [effectiveDay=56, serviceLevel=0.5314410000000002, price=0.0, qualityScore=0.4, campaignId=0, winner=NONE, cost=0.0]]
05/04 07:30:24 SEVERE agentware.SimClient|No agent registered to receive Message[coordinator,adv1,simulationStatus[56,242950,false,[]]]
05/04 07:30:24 SEVERE agentware.SimClient|No agent registered to receive Message[coordinator,adv1,BankStatus[-8.164800]]
05/04 07:30:24 SEVERE agentware.SimClient|No agent registered to receive Message[coordinator,adv1,(CampaignReport)]
05/04 07:30:24 SEVERE agentware.SimClient|No agent registered to receive Message[coordinator,adv1,AdNetworkDailyNotification [effectiveDay=57, serviceLevel=0.5314410000000002, price=0.0, qualityScore=0.4, campaignId=0, winner=NONE, cost=0.0]]
05/04 07:30:24 SEVERE agentware.SimClient|No agent registered to receive Message[coordinator,adv1,simulationStatus[57,232955,false,[]]]
05/04 07:30:25 SEVERE agentware.SimClient|No agent registered to receive Message[coordinator,adv1,BankStatus[-8.310600]]
05/04 07:30:25 SEVERE agentware.SimClient|No agent registered to receive Message[coordinator,adv1,(CampaignReport)]
05/04 07:30:25 SEVERE agentware.SimClient|No agent registered to receive Message[coordinator,adv1,AdNetworkDailyNotification [effectiveDay=58, serviceLevel=0.5314410000000002, price=0.0, qualityScore=0.4, campaignId=0, winner=NONE, cost=0.0]]
05/04 07:30:25 SEVERE agentware.SimClient|No agent registered to receive Message[coordinator,adv1,simulationStatus[58,222960,false,[]]]
05/04 07:30:25 SEVERE agentware.SimClient|No agent registered to receive Message[coordinator,adv1,BankStatus[-8.456400]]
05/04 07:30:25 SEVERE agentware.SimClient|No agent registered to receive Message[coordinator,adv1,(CampaignReport)]
05/04 07:30:25 SEVERE agentware.SimClient|No agent registered to receive Message[coordinator,adv1,AdNetworkDailyNotification [effectiveDay=59, serviceLevel=0.5314410000000002, price=0.0, qualityScore=0.4, campaignId=0, winner=NONE, cost=0.0]]
05/04 07:30:25 SEVERE agentware.SimClient|No agent registered to receive Message[coordinator,adv1,simulationStatus[59,213251,false,[]]]
05/04 07:30:25 SEVERE agentware.SimClient|No agent registered to receive Message[coordinator,adv1,(CampaignReport)]
05/04 07:30:25 SEVERE agentware.SimClient|No agent registered to receive Message[coordinator,adv1,AdNetworkDailyNotification [effectiveDay=60, serviceLevel=0.5314410000000002, price=0.0, qualityScore=0.4, campaignId=0, winner=NONE, cost=0.0]]
05/04 07:30:25 SEVERE agentware.SimClient|No agent registered to receive Message[coordinator,adv1,(CampaignReport)]
05/04 07:30:25 SEVERE agentware.SimClient|No agent registered to receive Message[coordinator,adv1,AdNetworkDailyNotification [effectiveDay=61, serviceLevel=0.5314410000000002, price=0.0, qualityScore=0.4, campaignId=0, winner=NONE, cost=0.0]]
05/04 07:30:26 SEVERE agentware.SimClient|No agent registered to receive Message[coordinator,adv1,(CampaignReport)]
05/04 07:30:26 SEVERE agentware.SimClient|No agent registered to receive Message[coordinator,adv1,AdNetworkDailyNotification [effectiveDay=62, serviceLevel=0.5314410000000002, price=0.0, qualityScore=0.4, campaignId=0, winner=NONE, cost=0.0]]
05/04 07:30:26 SEVERE agentware.SimClient|No agent registered to receive Message[coordinator,adv1,(CampaignReport)]
05/04 07:30:26 SEVERE agentware.SimClient|No agent registered to receive Message[coordinator,adv1,AdNetworkDailyNotification [effectiveDay=63, serviceLevel=0.5314410000000002, price=0.0, qualityScore=0.4, campaignId=0, winner=NONE, cost=0.0]]
05/04 07:30:26 SEVERE agentware.SimClient|No agent registered to receive Message[coordinator,adv1,BankStatus[-9.185400]]
05/04 07:30:26 SEVERE agentware.SimClient|No agent registered to receive Message[coordinator,adv1,(AdxPublisherReport)]
05/04 07:30:26 SEVERE agentware.SimClient|No agent registered to receive Message[coordinator,adv1,simulationStatus[60,204344,true,[]]]
07/04 20:56:27 SEVERE agentware.ServerConnection|(1) could not read
java.io.EOFException
	at java.io.DataInputStream.readInt(DataInputStream.java:392)
	at tau.tac.adx.agentware.ServerConnection.run(ServerConnection.java:216)
	at java.lang.Thread.run(Thread.java:724)
07/04 20:56:27 SEVERE agentware.SimClient|************************************************************
07/04 20:56:27 SEVERE agentware.SimClient|* Connection Lost
07/04 20:56:27 SEVERE agentware.SimClient|* Lost connection to localhost (will reconnect in 30 seconds)
07/04 20:56:27 SEVERE agentware.SimClient|************************************************************
