05/04 10:05:51 INFO file.FileDatabase|infodb: database opened as /Users/orsa/Dev/MLWS/AdX/adx-server/infodb
05/04 10:05:51 INFO common.BlockingViewerServer|viewer server started at *:4042
05/04 07:05:52 INFO sim.Admin|adding manager for simulation type tac13adx
05/04 07:05:52 INFO server.TACTGateway|TACT Server started at *:6502
05/04 07:05:53 INFO server.TACTChannel|user sample logged in as sample@tact-1 with version 0.9.6 from 127.0.0.1
05/04 07:05:53 INFO sim.Admin|created simulation 11
05/04 07:06:00 FINE sim.Admin|Entering log for simulation 11
************************************************************
* Entering log for simulation 11
************************************************************


05/04 07:16:00 SEVERE common.SimServer|could not generate results for simulation 11
java.io.IOException: could not parse simulation log 11
	at edu.umich.eecs.tac.is.TACAAResultManager.generateResult(TACAAResultManager.java:47)
	at se.sics.tasim.is.common.ResultManager.generateResult(ResultManager.java:62)
	at se.sics.tasim.is.common.SimServer.generateResults(SimServer.java:2459)
	at se.sics.tasim.is.common.SimServer.generateResults(SimServer.java:2395)
	at se.sics.tasim.is.common.SimulationArchiver.generateResults(SimulationArchiver.java:89)
	at se.sics.tasim.is.common.SimulationArchiver.run(SimulationArchiver.java:80)
	at java.lang.Thread.run(Thread.java:724)
Caused by: java.text.ParseException: unexpected EOF
	at se.sics.isl.transport.BinaryTransportReader.getSValue(BinaryTransportReader.java:364)
	at se.sics.isl.transport.BinaryTransportReader.getAttributeAsObject(BinaryTransportReader.java:581)
	at se.sics.isl.transport.BinaryTransportReader.getAttributeAsString(BinaryTransportReader.java:609)
	at se.sics.isl.transport.BinaryTransportReader.getAttribute(BinaryTransportReader.java:635)
	at se.sics.isl.transport.TransportReader.getAttribute(TransportReader.java:124)
	at se.sics.isl.transport.TransportReader.getAttribute(TransportReader.java:115)
	at se.sics.tasim.props.SimpleContent.read(SimpleContent.java:230)
	at se.sics.isl.transport.TransportReader.readTransportable(TransportReader.java:89)
	at se.sics.isl.transport.TransportReader.readTransportable(TransportReader.java:55)
	at edu.umich.eecs.tac.Parser.handleNodes(Parser.java:190)
	at edu.umich.eecs.tac.Parser.start(Parser.java:91)
	at tau.tac.adx.TACAdxSimulationInfo.<init>(TACAdxSimulationInfo.java:108)
	at edu.umich.eecs.tac.is.TACAAResultManager.generateResult(TACAAResultManager.java:45)
	... 6 more
05/04 07:17:00 FINE sim.Admin|Entering log for simulation 12
************************************************************
* Entering log for simulation 12
************************************************************


05/04 07:30:26 SEVERE common.SimServer|could not generate results for simulation 12
java.io.IOException: could not parse simulation log 12
	at edu.umich.eecs.tac.is.TACAAResultManager.generateResult(TACAAResultManager.java:47)
	at se.sics.tasim.is.common.ResultManager.generateResult(ResultManager.java:62)
	at se.sics.tasim.is.common.SimServer.generateResults(SimServer.java:2459)
	at se.sics.tasim.is.common.SimServer.generateResults(SimServer.java:2395)
	at se.sics.tasim.is.common.SimulationArchiver.generateResults(SimulationArchiver.java:89)
	at se.sics.tasim.is.common.SimulationArchiver.run(SimulationArchiver.java:80)
	at java.lang.Thread.run(Thread.java:724)
Caused by: java.text.ParseException: unexpected EOF
	at se.sics.isl.transport.BinaryTransportReader.getSValue(BinaryTransportReader.java:364)
	at se.sics.isl.transport.BinaryTransportReader.getAttributeAsObject(BinaryTransportReader.java:581)
	at se.sics.isl.transport.BinaryTransportReader.getAttributeAsString(BinaryTransportReader.java:609)
	at se.sics.isl.transport.BinaryTransportReader.getAttribute(BinaryTransportReader.java:635)
	at se.sics.isl.transport.TransportReader.getAttribute(TransportReader.java:124)
	at se.sics.isl.transport.TransportReader.getAttribute(TransportReader.java:115)
	at se.sics.tasim.props.SimpleContent.read(SimpleContent.java:230)
	at se.sics.isl.transport.TransportReader.readTransportable(TransportReader.java:89)
	at se.sics.isl.transport.TransportReader.readTransportable(TransportReader.java:55)
	at edu.umich.eecs.tac.Parser.handleNodes(Parser.java:190)
	at edu.umich.eecs.tac.Parser.start(Parser.java:91)
	at tau.tac.adx.TACAdxSimulationInfo.<init>(TACAdxSimulationInfo.java:108)
	at edu.umich.eecs.tac.is.TACAAResultManager.generateResult(TACAAResultManager.java:45)
	... 6 more
