05/04 06:26:00 INFO OrOmerShelly.OOSAgent|UNKNOWN Message Received: edu.umich.eecs.tac.props.AdvertiserInfo@bc76a1c1
05/04 06:26:00 INFO OrOmerShelly.Coordinator|Day 0 :BankStatus[0.000000]
05/04 06:26:00 INFO OrOmerShelly.Coordinator|tau.tac.adx.report.demand.InitialCampaignMessage[1618097247,1250,1,5,[FEMALE, LOW_INCOME],2.0,1.5,demand,[]]
05/04 06:26:00 INFO OrOmerShelly.Coordinator|Day 0: Allocated campaign - Campaign ID 1618097247: day 1 to 5 [FEMALE, LOW_INCOME], reach: 1250 coefs: (v=2.0, m=1.5)
05/04 06:26:00 INFO OrOmerShelly.Coordinator|Day 0: Campaign opportunity - Campaign ID 1529675476: day 2 to 11 [MALE, HIGH_INCOME], reach: 12500 coefs: (v=2.0, m=1.5)
05/04 06:26:00 INFO OrOmerShelly.Coordinator|****=== ESPECIALLY CRAFTED ===****
05/04 06:26:00 INFO OrOmerShelly.Coordinator|Day 0: Campaign total budget bid: 1013.4305138283312
05/04 06:26:00 INFO OrOmerShelly.Coordinator|Day 0: Adjusting ucs bid: was 0.12448462098183956 level reported: 0.47829690000000014 target: 0.9 adjusted: 0.10794554949292492
05/04 06:26:00 INFO OrOmerShelly.Coordinator|Day 0 : Simulation Status Received
05/04 06:26:00 WARNING OrOmerShelly.Coordinator|BidBundle is null!
05/04 06:26:00 INFO OrOmerShelly.Coordinator|Day 0 ended. Starting next day
05/04 06:26:10 INFO OrOmerShelly.Coordinator|Day 1 :BankStatus[0.000000]
05/04 06:26:10 INFO OrOmerShelly.OOSAgent|UNKNOWN Message Received: (CampaignAuctionReport CampaignAuctionReportEntry [actualBid=2104.0, effectiveBid=2104.0] CampaignAuctionReportEntry [actualBid=2430.0, effectiveBid=2430.0] CampaignAuctionReportEntry [actualBid=2731.0, effectiveBid=2731.0] CampaignAuctionReportEntry [actualBid=2817.0, effectiveBid=2817.0] CampaignAuctionReportEntry [actualBid=3204.0, effectiveBid=3204.0] CampaignAuctionReportEntry [actualBid=3236.0, effectiveBid=3236.0] CampaignAuctionReportEntry [actualBid=3244.0, effectiveBid=3244.0])
05/04 06:26:10 INFO OrOmerShelly.Coordinator|Day 1: Daily notification for campaign 1529675476
05/04 06:26:10 INFO OrOmerShelly.Coordinator|Day 1:  allocated to DummyAdnetwork-7. UCS Level set to 0.47829690000000014 at price 0.0 Quality Score is: 1.0
05/04 06:26:10 INFO OrOmerShelly.Coordinator|Day 1: Campaign opportunity - Campaign ID 1572208719: day 3 to 7 [FEMALE, LOW_INCOME], reach: 6250 coefs: (v=2.0, m=1.5)
05/04 06:26:10 INFO OrOmerShelly.Coordinator|****=== ESPECIALLY CRAFTED ===****
05/04 06:26:10 INFO OrOmerShelly.Coordinator|Day 1: Campaign total budget bid: 993.3376146873242
05/04 06:26:10 INFO OrOmerShelly.Coordinator|Day 1: Adjusting ucs bid: was 0.10794554949292492 level reported: 0.47829690000000014 target: 0.9 adjusted: 0.13976599186353617
05/04 06:26:10 INFO OrOmerShelly.Coordinator|Publishers Report: 
05/04 06:26:10 INFO OrOmerShelly.Coordinator|(publisher: fox popularity: 23912 video: 20082 text: 3831)
05/04 06:26:10 INFO OrOmerShelly.Coordinator|(publisher: hfn popularity: 42437 video: 9267 text: 33171)
05/04 06:26:10 INFO OrOmerShelly.Coordinator|(publisher: sears popularity: 11263 video: 8993 text: 2271)
05/04 06:26:10 INFO OrOmerShelly.Coordinator|(publisher: nyt popularity: 30380 video: 2944 text: 27437)
05/04 06:26:10 INFO OrOmerShelly.Coordinator|(publisher: ebay popularity: 87638 video: 10821 text: 76818)
05/04 06:26:10 INFO OrOmerShelly.Coordinator|(publisher: wallmart popularity: 18131 video: 12146 text: 5986)
05/04 06:26:10 INFO OrOmerShelly.Coordinator|Day 1 : Simulation Status Received
05/04 06:26:10 WARNING OrOmerShelly.Coordinator|BidBundle is null!
05/04 06:26:10 INFO OrOmerShelly.Coordinator|Day 1 ended. Starting next day
05/04 06:26:20 INFO OrOmerShelly.Coordinator|Day 2 :BankStatus[-0.145800]
05/04 06:26:20 INFO OrOmerShelly.OOSAgent|UNKNOWN Message Received: (CampaignAuctionReport CampaignAuctionReportEntry [actualBid=993.0, effectiveBid=993.0] CampaignAuctionReportEntry [actualBid=2237.0, effectiveBid=2237.0] CampaignAuctionReportEntry [actualBid=2290.0, effectiveBid=2290.0] CampaignAuctionReportEntry [actualBid=2350.0, effectiveBid=2350.0] CampaignAuctionReportEntry [actualBid=2622.0, effectiveBid=2622.0] CampaignAuctionReportEntry [actualBid=2644.0, effectiveBid=2644.0] CampaignAuctionReportEntry [actualBid=2919.0, effectiveBid=2919.0] CampaignAuctionReportEntry [actualBid=2972.0, effectiveBid=2972.0])
05/04 06:26:20 INFO OrOmerShelly.Coordinator|Day 2: Updating campaign 1618097247 stats: 0.0 tgtImps 0.0 nonTgtImps. Cost of imps is 0.0
05/04 06:26:20 SEVERE OrOmerShelly.OOSAgent|Exception thrown while trying to parse message.java.lang.NullPointerException
05/04 06:26:20 INFO OrOmerShelly.Coordinator|Day 2: Campaign opportunity - Campaign ID 1550627562: day 4 to 8 [MALE, YOUNG], reach: 3750 coefs: (v=2.0, m=1.5)
05/04 06:26:20 INFO OrOmerShelly.Coordinator|****=== ESPECIALLY CRAFTED ===****
05/04 06:26:20 INFO OrOmerShelly.Coordinator|Day 2: Campaign total budget bid: 600.8253764106094
05/04 06:26:20 INFO OrOmerShelly.Coordinator|Day 2: Adjusting ucs bid: was 0.13976599186353617 level reported: 0.47829690000000014 target: 0.9 adjusted: 0.14125073233558358
05/04 06:26:20 SEVERE OrOmerShelly.OOSAgent|Exception thrown while trying to parse message.java.lang.NullPointerException
05/04 06:26:20 INFO OrOmerShelly.Coordinator|Day 2 : Simulation Status Received
05/04 06:26:20 WARNING OrOmerShelly.Coordinator|BidBundle is null!
05/04 06:26:20 INFO OrOmerShelly.Coordinator|Day 2 ended. Starting next day
05/04 06:26:30 INFO OrOmerShelly.Coordinator|Day 3 :BankStatus[-0.291600]
05/04 06:26:30 INFO OrOmerShelly.OOSAgent|UNKNOWN Message Received: (CampaignAuctionReport CampaignAuctionReportEntry [actualBid=600.0, effectiveBid=600.0] CampaignAuctionReportEntry [actualBid=2260.0, effectiveBid=2260.0] CampaignAuctionReportEntry [actualBid=2414.0, effectiveBid=2414.0] CampaignAuctionReportEntry [actualBid=3181.0, effectiveBid=3181.0])
05/04 06:26:30 INFO OrOmerShelly.Coordinator|Day 3: Updating campaign 1618097247 stats: 0.0 tgtImps 0.0 nonTgtImps. Cost of imps is 0.0
05/04 06:26:30 SEVERE OrOmerShelly.OOSAgent|Exception thrown while trying to parse message.java.lang.NullPointerException
05/04 06:26:30 INFO OrOmerShelly.Coordinator|Day 3: Campaign opportunity - Campaign ID 1490741245: day 5 to 14 [MALE, HIGH_INCOME], reach: 6250 coefs: (v=2.0, m=1.5)
05/04 06:26:30 INFO OrOmerShelly.Coordinator|****=== ESPECIALLY CRAFTED ===****
05/04 06:26:30 INFO OrOmerShelly.Coordinator|Day 3: Campaign total budget bid: 506.7152569141656
05/04 06:26:30 INFO OrOmerShelly.Coordinator|Day 3: Adjusting ucs bid: was 0.14125073233558358 level reported: 0.47829690000000014 target: 0.9 adjusted: 0.15125418881718253
05/04 06:26:30 SEVERE OrOmerShelly.OOSAgent|Exception thrown while trying to parse message.java.lang.NullPointerException
05/04 06:26:30 INFO OrOmerShelly.Coordinator|Day 3 : Simulation Status Received
05/04 06:26:30 WARNING OrOmerShelly.Coordinator|BidBundle is null!
05/04 06:26:30 INFO OrOmerShelly.Coordinator|Day 3 ended. Starting next day
05/04 06:26:40 INFO OrOmerShelly.Coordinator|Day 4 :BankStatus[-0.437400]
05/04 06:26:40 INFO OrOmerShelly.OOSAgent|UNKNOWN Message Received: (CampaignAuctionReport CampaignAuctionReportEntry [actualBid=2007.0, effectiveBid=2007.0] CampaignAuctionReportEntry [actualBid=2353.0, effectiveBid=2353.0] CampaignAuctionReportEntry [actualBid=3213.0, effectiveBid=3213.0])
05/04 06:26:40 SEVERE OrOmerShelly.OOSAgent|Exception thrown while trying to parse message.java.lang.NullPointerException
05/04 06:26:40 SEVERE OrOmerShelly.OOSAgent|Exception thrown while trying to parse message.java.lang.NullPointerException
05/04 06:26:40 INFO OrOmerShelly.Coordinator|Day 4: Campaign opportunity - Campaign ID 899940024: day 6 to 15 [FEMALE, YOUNG], reach: 6250 coefs: (v=2.0, m=1.5)
05/04 06:26:40 INFO OrOmerShelly.Coordinator|****=== ESPECIALLY CRAFTED ===****
05/04 06:26:40 INFO OrOmerShelly.Coordinator|Day 4: Campaign total budget bid: 504.19654481610286
05/04 06:26:40 INFO OrOmerShelly.Coordinator|Day 4: Adjusting ucs bid: was 0.15125418881718253 level reported: 0.47829690000000014 target: 0.9 adjusted: 0.1645804165011474
05/04 06:26:40 SEVERE OrOmerShelly.OOSAgent|Exception thrown while trying to parse message.java.lang.NullPointerException
05/04 06:26:40 INFO OrOmerShelly.Coordinator|Day 4 : Simulation Status Received
05/04 06:26:40 WARNING OrOmerShelly.Coordinator|BidBundle is null!
05/04 06:26:40 INFO OrOmerShelly.Coordinator|Day 4 ended. Starting next day
05/04 06:26:50 INFO OrOmerShelly.Coordinator|Day 5 :BankStatus[-0.583200]
05/04 06:26:50 INFO OrOmerShelly.OOSAgent|UNKNOWN Message Received: (CampaignAuctionReport CampaignAuctionReportEntry [actualBid=2008.0, effectiveBid=2008.0] CampaignAuctionReportEntry [actualBid=3190.0, effectiveBid=3190.0])
05/04 06:26:50 SEVERE OrOmerShelly.OOSAgent|Exception thrown while trying to parse message.java.lang.NullPointerException
05/04 06:26:50 SEVERE OrOmerShelly.OOSAgent|Exception thrown while trying to parse message.java.lang.NullPointerException
05/04 06:26:50 INFO OrOmerShelly.Coordinator|Day 5: Campaign opportunity - Campaign ID 826634420: day 7 to 16 [FEMALE, OLD], reach: 6250 coefs: (v=2.0, m=1.5)
05/04 06:26:50 INFO OrOmerShelly.Coordinator|****=== ESPECIALLY CRAFTED ===****
05/04 06:26:50 INFO OrOmerShelly.Coordinator|Day 5: Campaign total budget bid: 490.2543379498153
05/04 06:26:50 INFO OrOmerShelly.Coordinator|Day 5: Adjusting ucs bid: was 0.1645804165011474 level reported: 0.47829690000000014 target: 0.9 adjusted: 0.17011960631569795
05/04 06:26:50 SEVERE OrOmerShelly.OOSAgent|Exception thrown while trying to parse message.java.lang.NullPointerException
05/04 06:26:50 INFO OrOmerShelly.Coordinator|Day 5 : Simulation Status Received
05/04 06:26:50 WARNING OrOmerShelly.Coordinator|BidBundle is null!
05/04 06:26:50 INFO OrOmerShelly.Coordinator|Day 5 ended. Starting next day
05/04 06:27:00 INFO OrOmerShelly.Coordinator|Day 6 :BankStatus[-0.729000]
05/04 06:27:00 INFO OrOmerShelly.OOSAgent|UNKNOWN Message Received: (CampaignAuctionReport CampaignAuctionReportEntry [actualBid=2120.0, effectiveBid=2120.0] CampaignAuctionReportEntry [actualBid=2153.0, effectiveBid=2153.0])
05/04 06:27:00 SEVERE OrOmerShelly.OOSAgent|Exception thrown while trying to parse message.java.lang.NullPointerException
05/04 06:27:00 SEVERE OrOmerShelly.OOSAgent|Exception thrown while trying to parse message.java.lang.NullPointerException
05/04 06:27:00 INFO OrOmerShelly.Coordinator|Day 6: Campaign opportunity - Campaign ID 874801425: day 8 to 17 [OLD, LOW_INCOME], reach: 6250 coefs: (v=2.0, m=1.5)
05/04 06:27:00 INFO OrOmerShelly.Coordinator|****=== ESPECIALLY CRAFTED ===****
05/04 06:27:00 INFO OrOmerShelly.Coordinator|Day 6: Campaign total budget bid: 498.58984671285145
05/04 06:27:00 INFO OrOmerShelly.Coordinator|Day 6: Adjusting ucs bid: was 0.17011960631569795 level reported: 0.47829690000000014 target: 0.9 adjusted: 0.12888061245932675
05/04 06:27:00 SEVERE OrOmerShelly.OOSAgent|Exception thrown while trying to parse message.java.lang.NullPointerException
05/04 06:27:00 INFO OrOmerShelly.Coordinator|Day 6 : Simulation Status Received
05/04 06:27:00 WARNING OrOmerShelly.Coordinator|BidBundle is null!
05/04 06:27:00 INFO OrOmerShelly.Coordinator|Day 6 ended. Starting next day
05/04 06:27:10 INFO OrOmerShelly.Coordinator|Day 7 :BankStatus[-0.874800]
05/04 06:27:10 INFO OrOmerShelly.OOSAgent|UNKNOWN Message Received: (CampaignAuctionReport CampaignAuctionReportEntry [actualBid=3146.0, effectiveBid=3153.415656805601] CampaignAuctionReportEntry [actualBid=2216.0, effectiveBid=960.4681935094079])
05/04 06:27:10 SEVERE OrOmerShelly.OOSAgent|Exception thrown while trying to parse message.java.lang.NullPointerException
05/04 06:27:10 SEVERE OrOmerShelly.OOSAgent|Exception thrown while trying to parse message.java.lang.NullPointerException
05/04 06:27:10 INFO OrOmerShelly.Coordinator|Day 7: Campaign opportunity - Campaign ID 1696166293: day 9 to 13 [HIGH_INCOME, YOUNG], reach: 6250 coefs: (v=2.0, m=1.5)
05/04 06:27:10 INFO OrOmerShelly.Coordinator|****=== ESPECIALLY CRAFTED ===****
05/04 06:27:10 INFO OrOmerShelly.Coordinator|Day 7: Campaign total budget bid: 1015.5096011066831
05/04 06:27:10 INFO OrOmerShelly.Coordinator|Day 7: Adjusting ucs bid: was 0.12888061245932675 level reported: 0.47829690000000014 target: 0.9 adjusted: 0.17447989480279105
05/04 06:27:10 SEVERE OrOmerShelly.OOSAgent|Exception thrown while trying to parse message.java.lang.NullPointerException
05/04 06:27:10 INFO OrOmerShelly.Coordinator|Day 7 : Simulation Status Received
05/04 06:27:10 WARNING OrOmerShelly.Coordinator|BidBundle is null!
05/04 06:27:10 INFO OrOmerShelly.Coordinator|Day 7 ended. Starting next day
05/04 06:27:20 INFO OrOmerShelly.Coordinator|Day 8 :BankStatus[-1.020600]
05/04 06:27:20 INFO OrOmerShelly.OOSAgent|UNKNOWN Message Received: (CampaignAuctionReport CampaignAuctionReportEntry [actualBid=3020.0, effectiveBid=3027.1186533861774] CampaignAuctionReportEntry [actualBid=2625.0, effectiveBid=1137.738722004601])
05/04 06:27:20 SEVERE OrOmerShelly.OOSAgent|Exception thrown while trying to parse message.java.lang.NullPointerException
05/04 06:27:20 SEVERE OrOmerShelly.OOSAgent|Exception thrown while trying to parse message.java.lang.NullPointerException
05/04 06:27:20 INFO OrOmerShelly.Coordinator|Day 8: Campaign opportunity - Campaign ID 411931914: day 10 to 14 [MALE, YOUNG], reach: 12500 coefs: (v=2.0, m=1.5)
05/04 06:27:20 INFO OrOmerShelly.Coordinator|****=== ESPECIALLY CRAFTED ===****
05/04 06:27:20 INFO OrOmerShelly.Coordinator|Day 8: Campaign total budget bid: 2002.7512547020312
05/04 06:27:20 INFO OrOmerShelly.Coordinator|Day 8: Adjusting ucs bid: was 0.17447989480279105 level reported: 0.47829690000000014 target: 0.9 adjusted: 0.18886793125459883
05/04 06:27:20 SEVERE OrOmerShelly.OOSAgent|Exception thrown while trying to parse message.java.lang.NullPointerException
05/04 06:27:20 INFO OrOmerShelly.Coordinator|Day 8 : Simulation Status Received
05/04 06:27:20 WARNING OrOmerShelly.Coordinator|BidBundle is null!
05/04 06:27:20 INFO OrOmerShelly.Coordinator|Day 8 ended. Starting next day
05/04 06:27:30 INFO OrOmerShelly.Coordinator|Day 9 :BankStatus[-1.166400]
05/04 06:27:30 INFO OrOmerShelly.OOSAgent|UNKNOWN Message Received: (CampaignAuctionReport CampaignAuctionReportEntry [actualBid=3294.0, effectiveBid=3301.7645179649235])
05/04 06:27:30 SEVERE OrOmerShelly.OOSAgent|Exception thrown while trying to parse message.java.lang.NullPointerException
05/04 06:27:30 SEVERE OrOmerShelly.OOSAgent|Exception thrown while trying to parse message.java.lang.NullPointerException
05/04 06:27:30 INFO OrOmerShelly.Coordinator|Day 9: Campaign opportunity - Campaign ID 710291067: day 11 to 13 [LOW_INCOME, YOUNG], reach: 12500 coefs: (v=2.0, m=1.5)
05/04 06:27:30 INFO OrOmerShelly.Coordinator|****=== ESPECIALLY CRAFTED ===****
05/04 06:27:30 INFO OrOmerShelly.Coordinator|Day 9: Campaign total budget bid: 3314.8505302961707
05/04 06:27:30 INFO OrOmerShelly.Coordinator|Day 9: Adjusting ucs bid: was 0.18886793125459883 level reported: 0.47829690000000014 target: 0.9 adjusted: 0.19090388514484893
05/04 06:27:30 SEVERE OrOmerShelly.OOSAgent|Exception thrown while trying to parse message.java.lang.NullPointerException
05/04 06:27:30 INFO OrOmerShelly.Coordinator|Day 9 : Simulation Status Received
05/04 06:27:30 WARNING OrOmerShelly.Coordinator|BidBundle is null!
05/04 06:27:30 INFO OrOmerShelly.Coordinator|Day 9 ended. Starting next day
05/04 06:27:40 INFO OrOmerShelly.Coordinator|Day 10 :BankStatus[-1.312200]
05/04 06:27:40 INFO OrOmerShelly.OOSAgent|UNKNOWN Message Received: (CampaignAuctionReport CampaignAuctionReportEntry [actualBid=3081.0, effectiveBid=3088.2624407558983])
05/04 06:27:40 SEVERE OrOmerShelly.OOSAgent|Exception thrown while trying to parse message.java.lang.NullPointerException
05/04 06:27:40 INFO OrOmerShelly.Coordinator|Day 10: Campaign opportunity - Campaign ID 382682336: day 12 to 21 [MALE, HIGH_INCOME], reach: 6250 coefs: (v=2.0, m=1.5)
05/04 06:27:40 INFO OrOmerShelly.Coordinator|****=== ESPECIALLY CRAFTED ===****
05/04 06:27:40 INFO OrOmerShelly.Coordinator|Day 10: Campaign total budget bid: 506.7152569141656
05/04 06:27:40 INFO OrOmerShelly.Coordinator|Day 10: Adjusting ucs bid: was 0.19090388514484893 level reported: 0.47829690000000014 target: 0.9 adjusted: 0.16862528881391597
05/04 06:27:40 SEVERE OrOmerShelly.OOSAgent|Exception thrown while trying to parse message.java.lang.NullPointerException
05/04 06:27:40 INFO OrOmerShelly.Coordinator|Day 10 : Simulation Status Received
05/04 06:27:40 WARNING OrOmerShelly.Coordinator|BidBundle is null!
05/04 06:27:40 INFO OrOmerShelly.Coordinator|Day 10 ended. Starting next day
05/04 06:27:50 INFO OrOmerShelly.Coordinator|Day 11 :BankStatus[-1.458000]
05/04 06:27:50 INFO OrOmerShelly.OOSAgent|UNKNOWN Message Received: (CampaignAuctionReport CampaignAuctionReportEntry [actualBid=2563.0, effectiveBid=2569.0414266982693])
05/04 06:27:50 SEVERE OrOmerShelly.OOSAgent|Exception thrown while trying to parse message.java.lang.NullPointerException
05/04 06:27:50 INFO OrOmerShelly.Coordinator|Day 11: Campaign opportunity - Campaign ID 842461350: day 13 to 15 [FEMALE, HIGH_INCOME], reach: 12500 coefs: (v=2.0, m=1.5)
05/04 06:27:50 INFO OrOmerShelly.Coordinator|****=== ESPECIALLY CRAFTED ===****
05/04 06:27:50 INFO OrOmerShelly.Coordinator|Day 11: Campaign total budget bid: 3317.2496985919056
05/04 06:27:50 INFO OrOmerShelly.Coordinator|Day 11: Adjusting ucs bid: was 0.16862528881391597 level reported: 0.47829690000000014 target: 0.9 adjusted: 0.1567496703826513
05/04 06:27:50 SEVERE OrOmerShelly.OOSAgent|Exception thrown while trying to parse message.java.lang.NullPointerException
05/04 06:27:50 INFO OrOmerShelly.Coordinator|Day 11 : Simulation Status Received
05/04 06:27:50 WARNING OrOmerShelly.Coordinator|BidBundle is null!
05/04 06:27:50 INFO OrOmerShelly.Coordinator|Day 11 ended. Starting next day
05/04 06:28:00 INFO OrOmerShelly.Coordinator|Day 12 :BankStatus[-1.603800]
05/04 06:28:00 INFO OrOmerShelly.OOSAgent|UNKNOWN Message Received: (CampaignAuctionReport CampaignAuctionReportEntry [actualBid=2911.0, effectiveBid=2917.8617218566765] CampaignAuctionReportEntry [actualBid=3246.0, effectiveBid=1406.8951968102608])
05/04 06:28:00 SEVERE OrOmerShelly.OOSAgent|Exception thrown while trying to parse message.java.lang.NullPointerException
05/04 06:28:00 INFO OrOmerShelly.Coordinator|Day 12: Campaign opportunity - Campaign ID 499276901: day 14 to 23 [HIGH_INCOME, YOUNG], reach: 12500 coefs: (v=2.0, m=1.5)
05/04 06:28:00 INFO OrOmerShelly.Coordinator|****=== ESPECIALLY CRAFTED ===****
05/04 06:28:00 INFO OrOmerShelly.Coordinator|Day 12: Campaign total budget bid: 1015.5096011066831
05/04 06:28:00 INFO OrOmerShelly.Coordinator|Day 12: Adjusting ucs bid: was 0.1567496703826513 level reported: 0.47829690000000014 target: 0.9 adjusted: 0.1220712659298037
05/04 06:28:00 SEVERE OrOmerShelly.OOSAgent|Exception thrown while trying to parse message.java.lang.NullPointerException
05/04 06:28:00 INFO OrOmerShelly.Coordinator|Day 12 : Simulation Status Received
05/04 06:28:00 WARNING OrOmerShelly.Coordinator|BidBundle is null!
05/04 06:28:00 INFO OrOmerShelly.Coordinator|Day 12 ended. Starting next day
05/04 06:28:10 INFO OrOmerShelly.Coordinator|Day 13 :BankStatus[-1.749600]
05/04 06:28:10 INFO OrOmerShelly.OOSAgent|UNKNOWN Message Received: (CampaignAuctionReport CampaignAuctionReportEntry [actualBid=2362.0, effectiveBid=2367.5676355291894] CampaignAuctionReportEntry [actualBid=2799.0, effectiveBid=2164.7308613273676])
05/04 06:28:10 SEVERE OrOmerShelly.OOSAgent|Exception thrown while trying to parse message.java.lang.NullPointerException
05/04 06:28:10 INFO OrOmerShelly.Coordinator|Day 13: Campaign opportunity - Campaign ID 1944908340: day 15 to 24 [FEMALE, LOW_INCOME], reach: 3750 coefs: (v=2.0, m=1.5)
05/04 06:28:10 INFO OrOmerShelly.Coordinator|****=== ESPECIALLY CRAFTED ===****
05/04 06:28:10 INFO OrOmerShelly.Coordinator|Day 13: Campaign total budget bid: 298.00128440619727
05/04 06:28:10 INFO OrOmerShelly.Coordinator|Day 13: Adjusting ucs bid: was 0.1220712659298037 level reported: 0.47829690000000014 target: 0.9 adjusted: 0.16771946584704572
05/04 06:28:10 SEVERE OrOmerShelly.OOSAgent|Exception thrown while trying to parse message.java.lang.NullPointerException
05/04 06:28:10 INFO OrOmerShelly.Coordinator|Day 13 : Simulation Status Received
05/04 06:28:10 WARNING OrOmerShelly.Coordinator|BidBundle is null!
05/04 06:28:10 INFO OrOmerShelly.Coordinator|Day 13 ended. Starting next day
05/04 06:28:20 INFO OrOmerShelly.Coordinator|Day 14 :BankStatus[-1.895400]
05/04 06:28:20 INFO OrOmerShelly.OOSAgent|UNKNOWN Message Received: (CampaignAuctionReport CampaignAuctionReportEntry [actualBid=2266.0, effectiveBid=2271.3413472096286])
05/04 06:28:20 SEVERE OrOmerShelly.OOSAgent|Exception thrown while trying to parse message.java.lang.NullPointerException
05/04 06:28:20 INFO OrOmerShelly.Coordinator|Day 14: Campaign opportunity - Campaign ID 172289719: day 16 to 25 [OLD, LOW_INCOME], reach: 12500 coefs: (v=2.0, m=1.5)
05/04 06:28:20 INFO OrOmerShelly.Coordinator|****=== ESPECIALLY CRAFTED ===****
05/04 06:28:20 INFO OrOmerShelly.Coordinator|Day 14: Campaign total budget bid: 997.1796934257029
05/04 06:28:20 INFO OrOmerShelly.Coordinator|Day 14: Adjusting ucs bid: was 0.16771946584704572 level reported: 0.47829690000000014 target: 0.9 adjusted: 0.11802321125982307
05/04 06:28:20 SEVERE OrOmerShelly.OOSAgent|Exception thrown while trying to parse message.java.lang.NullPointerException
05/04 06:28:20 INFO OrOmerShelly.Coordinator|Day 14 : Simulation Status Received
05/04 06:28:20 WARNING OrOmerShelly.Coordinator|BidBundle is null!
05/04 06:28:20 INFO OrOmerShelly.Coordinator|Day 14 ended. Starting next day
05/04 06:28:30 INFO OrOmerShelly.Coordinator|Day 15 :BankStatus[-2.041200]
05/04 06:28:30 INFO OrOmerShelly.OOSAgent|UNKNOWN Message Received: (CampaignAuctionReport CampaignAuctionReportEntry [actualBid=2039.0, effectiveBid=2040.0741633010105] CampaignAuctionReportEntry [actualBid=2567.0, effectiveBid=1985.3033658547167])
05/04 06:28:30 SEVERE OrOmerShelly.OOSAgent|Exception thrown while trying to parse message.java.lang.NullPointerException
05/04 06:28:30 INFO OrOmerShelly.Coordinator|Day 15: Campaign opportunity - Campaign ID 469252561: day 17 to 19 [HIGH_INCOME, YOUNG], reach: 12500 coefs: (v=2.0, m=1.5)
05/04 06:28:30 INFO OrOmerShelly.Coordinator|****=== ESPECIALLY CRAFTED ===****
05/04 06:28:30 INFO OrOmerShelly.Coordinator|Day 15: Campaign total budget bid: 3385.0320036889443
05/04 06:28:30 INFO OrOmerShelly.Coordinator|Day 15: Adjusting ucs bid: was 0.11802321125982307 level reported: 0.47829690000000014 target: 0.9 adjusted: 0.1645488663362802
05/04 06:28:30 SEVERE OrOmerShelly.OOSAgent|Exception thrown while trying to parse message.java.lang.NullPointerException
05/04 06:28:30 INFO OrOmerShelly.Coordinator|Day 15 : Simulation Status Received
05/04 06:28:30 WARNING OrOmerShelly.Coordinator|BidBundle is null!
05/04 06:28:30 INFO OrOmerShelly.Coordinator|Day 15 ended. Starting next day
05/04 06:28:40 INFO OrOmerShelly.Coordinator|Day 16 :BankStatus[-2.187000]
05/04 06:28:40 INFO OrOmerShelly.OOSAgent|UNKNOWN Message Received: (CampaignAuctionReport CampaignAuctionReportEntry [actualBid=2720.0, effectiveBid=2473.6506725079716])
05/04 06:28:40 SEVERE OrOmerShelly.OOSAgent|Exception thrown while trying to parse message.java.lang.NullPointerException
05/04 06:28:40 INFO OrOmerShelly.Coordinator|Day 16: Campaign opportunity - Campaign ID 140678345: day 18 to 22 [HIGH_INCOME, YOUNG], reach: 6250 coefs: (v=2.0, m=1.5)
05/04 06:28:40 INFO OrOmerShelly.Coordinator|****=== ESPECIALLY CRAFTED ===****
05/04 06:28:40 INFO OrOmerShelly.Coordinator|Day 16: Campaign total budget bid: 1015.5096011066831
05/04 06:28:40 INFO OrOmerShelly.Coordinator|Day 16: Adjusting ucs bid: was 0.1645488663362802 level reported: 0.47829690000000014 target: 0.9 adjusted: 0.19031818285807345
05/04 06:28:40 SEVERE OrOmerShelly.OOSAgent|Exception thrown while trying to parse message.java.lang.NullPointerException
05/04 06:28:40 INFO OrOmerShelly.Coordinator|Day 16 : Simulation Status Received
05/04 06:28:40 WARNING OrOmerShelly.Coordinator|BidBundle is null!
05/04 06:28:40 INFO OrOmerShelly.Coordinator|Day 16 ended. Starting next day
05/04 06:28:50 INFO OrOmerShelly.Coordinator|Day 17 :BankStatus[-2.332800]
05/04 06:28:50 INFO OrOmerShelly.OOSAgent|UNKNOWN Message Received: (CampaignAuctionReport CampaignAuctionReportEntry [actualBid=3202.0, effectiveBid=3086.538144207749] CampaignAuctionReportEntry [actualBid=2776.0, effectiveBid=2110.1956457577985])
05/04 06:28:50 SEVERE OrOmerShelly.OOSAgent|Exception thrown while trying to parse message.java.lang.NullPointerException
05/04 06:28:50 INFO OrOmerShelly.Coordinator|Day 17: Campaign opportunity - Campaign ID 1449083376: day 19 to 23 [OLD, MALE], reach: 12500 coefs: (v=2.0, m=1.5)
05/04 06:28:50 INFO OrOmerShelly.Coordinator|****=== ESPECIALLY CRAFTED ===****
05/04 06:28:50 INFO OrOmerShelly.Coordinator|Day 17: Campaign total budget bid: 2020.5731084542044
05/04 06:28:50 INFO OrOmerShelly.Coordinator|Day 17: Adjusting ucs bid: was 0.19031818285807345 level reported: 0.47829690000000014 target: 0.9 adjusted: 0.14576090094666197
05/04 06:28:50 SEVERE OrOmerShelly.OOSAgent|Exception thrown while trying to parse message.java.lang.NullPointerException
05/04 06:28:50 INFO OrOmerShelly.Coordinator|Day 17 : Simulation Status Received
05/04 06:28:50 WARNING OrOmerShelly.Coordinator|BidBundle is null!
05/04 06:28:50 INFO OrOmerShelly.Coordinator|Day 17 ended. Starting next day
05/04 06:29:00 INFO OrOmerShelly.Coordinator|Day 18 :BankStatus[-2.478600]
05/04 06:29:00 INFO OrOmerShelly.OOSAgent|UNKNOWN Message Received: (CampaignAuctionReport CampaignAuctionReportEntry [actualBid=2284.0, effectiveBid=2065.483246690637] CampaignAuctionReportEntry [actualBid=2721.0, effectiveBid=2622.8826640816005])
05/04 06:29:00 SEVERE OrOmerShelly.OOSAgent|Exception thrown while trying to parse message.java.lang.NullPointerException
05/04 06:29:00 INFO OrOmerShelly.Coordinator|Day 18: Campaign opportunity - Campaign ID 456046112: day 20 to 22 [FEMALE, LOW_INCOME], reach: 12500 coefs: (v=2.0, m=1.5)
05/04 06:29:00 INFO OrOmerShelly.Coordinator|****=== ESPECIALLY CRAFTED ===****
05/04 06:29:00 INFO OrOmerShelly.Coordinator|Day 18: Campaign total budget bid: 3311.1253822910808
05/04 06:29:00 INFO OrOmerShelly.Coordinator|Day 18: Adjusting ucs bid: was 0.14576090094666197 level reported: 0.47829690000000014 target: 0.9 adjusted: 0.1724922230911653
05/04 06:29:00 SEVERE OrOmerShelly.OOSAgent|Exception thrown while trying to parse message.java.lang.NullPointerException
05/04 06:29:00 INFO OrOmerShelly.Coordinator|Day 18 : Simulation Status Received
05/04 06:29:00 WARNING OrOmerShelly.Coordinator|BidBundle is null!
05/04 06:29:00 INFO OrOmerShelly.Coordinator|Day 18 ended. Starting next day
05/04 06:29:10 INFO OrOmerShelly.Coordinator|Day 19 :BankStatus[-2.624400]
05/04 06:29:10 INFO OrOmerShelly.OOSAgent|UNKNOWN Message Received: (CampaignAuctionReport CampaignAuctionReportEntry [actualBid=2318.0, effectiveBid=2234.4145591110437])
05/04 06:29:10 SEVERE OrOmerShelly.OOSAgent|Exception thrown while trying to parse message.java.lang.NullPointerException
05/04 06:29:10 INFO OrOmerShelly.Coordinator|Day 19: Campaign opportunity - Campaign ID 1429333655: day 21 to 25 [HIGH_INCOME, YOUNG], reach: 6250 coefs: (v=2.0, m=1.5)
05/04 06:29:10 INFO OrOmerShelly.Coordinator|****=== ESPECIALLY CRAFTED ===****
05/04 06:29:10 INFO OrOmerShelly.Coordinator|Day 19: Campaign total budget bid: 1015.5096011066831
05/04 06:29:10 INFO OrOmerShelly.Coordinator|Day 19: Adjusting ucs bid: was 0.1724922230911653 level reported: 0.47829690000000014 target: 0.9 adjusted: 0.12523787045732976
05/04 06:29:10 SEVERE OrOmerShelly.OOSAgent|Exception thrown while trying to parse message.java.lang.NullPointerException
05/04 06:29:10 INFO OrOmerShelly.Coordinator|Day 19 : Simulation Status Received
05/04 06:29:10 WARNING OrOmerShelly.Coordinator|BidBundle is null!
05/04 06:29:10 INFO OrOmerShelly.Coordinator|Day 19 ended. Starting next day
