05/04 06:51:00 INFO OrOmerShelly.OOSAgent|UNKNOWN Message Received: edu.umich.eecs.tac.props.AdvertiserInfo@bc76a1c1
05/04 06:51:00 INFO OrOmerShelly.Coordinator|Day 0 :BankStatus[0.000000]
05/04 06:51:00 INFO OrOmerShelly.Coordinator|tau.tac.adx.report.demand.InitialCampaignMessage[1163387880,1250,1,5,[LOW_INCOME, YOUNG],2.0,1.5,demand,[]]
05/04 06:51:00 INFO OrOmerShelly.Coordinator|Day 0: Allocated campaign - Campaign ID 1163387880: day 1 to 5 [LOW_INCOME, YOUNG], reach: 1250 coefs: (v=2.0, m=1.5)
05/04 06:51:00 INFO OrOmerShelly.Coordinator|Day 0: Campaign opportunity - Campaign ID 1416609178: day 2 to 4 [YOUNG, HIGH_INCOME], reach: 12500 coefs: (v=2.0, m=1.5)
05/04 06:51:00 INFO OrOmerShelly.Coordinator|****=== ESPECIALLY CRAFTED ===****
05/04 06:51:00 INFO OrOmerShelly.Coordinator|Day 0: Campaign total budget bid: 172.9559747775009
05/04 06:51:00 INFO OrOmerShelly.Coordinator|Day 0: Adjusting ucs bid: was 0.1526010616654637 level reported: 0.47829690000000014 target: 1.0 adjusted: 0.11404625914665456
05/04 06:51:00 INFO OrOmerShelly.Coordinator|Day 0 : Simulation Status Received
05/04 06:51:00 WARNING OrOmerShelly.Coordinator|BidBundle is null!
05/04 06:51:00 INFO OrOmerShelly.Coordinator|Day 0 ended. Starting next day
05/04 06:51:10 INFO OrOmerShelly.Coordinator|Day 1 :BankStatus[0.000000]
05/04 06:51:10 INFO OrOmerShelly.OOSAgent|UNKNOWN Message Received: (CampaignAuctionReport CampaignAuctionReportEntry [actualBid=2214.0, effectiveBid=2214.0] CampaignAuctionReportEntry [actualBid=2309.0, effectiveBid=2309.0] CampaignAuctionReportEntry [actualBid=2524.0, effectiveBid=2524.0] CampaignAuctionReportEntry [actualBid=2545.0, effectiveBid=2545.0] CampaignAuctionReportEntry [actualBid=2714.0, effectiveBid=2714.0] CampaignAuctionReportEntry [actualBid=2733.0, effectiveBid=2733.0] CampaignAuctionReportEntry [actualBid=3016.0, effectiveBid=3016.0])
05/04 06:51:10 INFO OrOmerShelly.Coordinator|Day 1: Daily notification for campaign 1416609178
05/04 06:51:10 INFO OrOmerShelly.Coordinator|Day 1:  allocated to DummyAdnetwork. UCS Level set to 0.47829690000000014 at price 0.0 Quality Score is: 1.0
05/04 06:51:10 INFO OrOmerShelly.Coordinator|Day 1: Campaign opportunity - Campaign ID 333027892: day 3 to 12 [MALE, OLD], reach: 6250 coefs: (v=2.0, m=1.5)
05/04 06:51:10 INFO OrOmerShelly.Coordinator|****=== ESPECIALLY CRAFTED ===****
05/04 06:51:10 INFO OrOmerShelly.Coordinator|Day 1: Campaign total budget bid: 25.275735321995295
05/04 06:51:10 INFO OrOmerShelly.Coordinator|Day 1: Adjusting ucs bid: was 0.11404625914665456 level reported: 0.47829690000000014 target: 1.0 adjusted: 0.1735445460868676
05/04 06:51:10 INFO OrOmerShelly.Coordinator|Publishers Report: 
05/04 06:51:10 INFO OrOmerShelly.Coordinator|(publisher: fox popularity: 12711 video: 4227 text: 8485)
05/04 06:51:10 INFO OrOmerShelly.Coordinator|(publisher: yahoo popularity: 54676 video: 19169 text: 35508)
05/04 06:51:10 INFO OrOmerShelly.Coordinator|(publisher: hfn popularity: 50537 video: 33221 text: 17317)
05/04 06:51:10 INFO OrOmerShelly.Coordinator|(publisher: sears popularity: 7194 video: 2795 text: 4400)
05/04 06:51:10 INFO OrOmerShelly.Coordinator|(publisher: target popularity: 10531 video: 4336 text: 6196)
05/04 06:51:10 INFO OrOmerShelly.Coordinator|(publisher: wallmart popularity: 17262 video: 6049 text: 11214)
05/04 06:51:10 INFO OrOmerShelly.Coordinator|Day 1 : Simulation Status Received
05/04 06:51:10 WARNING OrOmerShelly.Coordinator|BidBundle is null!
05/04 06:51:10 INFO OrOmerShelly.Coordinator|Day 1 ended. Starting next day
05/04 06:51:20 INFO OrOmerShelly.Coordinator|Day 2 :BankStatus[-0.145800]
05/04 06:51:20 INFO OrOmerShelly.OOSAgent|UNKNOWN Message Received: (CampaignAuctionReport CampaignAuctionReportEntry [actualBid=2185.0, effectiveBid=2185.0] CampaignAuctionReportEntry [actualBid=2408.0, effectiveBid=2408.0] CampaignAuctionReportEntry [actualBid=2511.0, effectiveBid=2511.0] CampaignAuctionReportEntry [actualBid=2875.0, effectiveBid=2875.0] CampaignAuctionReportEntry [actualBid=2915.0, effectiveBid=2915.0] CampaignAuctionReportEntry [actualBid=2924.0, effectiveBid=2924.0] CampaignAuctionReportEntry [actualBid=2957.0, effectiveBid=2957.0])
05/04 06:51:20 INFO OrOmerShelly.Coordinator|Day 2: Updating campaign 1163387880 stats: 0.0 tgtImps 0.0 nonTgtImps. Cost of imps is 0.0
05/04 06:51:20 SEVERE OrOmerShelly.OOSAgent|Exception thrown while trying to parse message.java.lang.NullPointerException
05/04 06:51:20 INFO OrOmerShelly.Coordinator|Day 2: Campaign opportunity - Campaign ID 1436150290: day 4 to 13 [LOW_INCOME, YOUNG], reach: 3750 coefs: (v=2.0, m=1.5)
05/04 06:51:20 INFO OrOmerShelly.Coordinator|****=== ESPECIALLY CRAFTED ===****
05/04 06:51:20 INFO OrOmerShelly.Coordinator|Day 2: Campaign total budget bid: 14.046538023377238
05/04 06:51:20 INFO OrOmerShelly.Coordinator|Day 2: Adjusting ucs bid: was 0.1735445460868676 level reported: 0.47829690000000014 target: 1.0 adjusted: 0.16559185903573326
05/04 06:51:20 SEVERE OrOmerShelly.OOSAgent|Exception thrown while trying to parse message.java.lang.NullPointerException
05/04 06:51:20 INFO OrOmerShelly.Coordinator|Day 2 : Simulation Status Received
05/04 06:51:20 WARNING OrOmerShelly.Coordinator|BidBundle is null!
05/04 06:51:20 INFO OrOmerShelly.Coordinator|Day 2 ended. Starting next day
05/04 06:51:30 INFO OrOmerShelly.Coordinator|Day 3 :BankStatus[-0.291600]
05/04 06:51:30 INFO OrOmerShelly.OOSAgent|UNKNOWN Message Received: (CampaignAuctionReport CampaignAuctionReportEntry [actualBid=2232.0, effectiveBid=2232.0] CampaignAuctionReportEntry [actualBid=3076.0, effectiveBid=3076.0] CampaignAuctionReportEntry [actualBid=3127.0, effectiveBid=3127.0] CampaignAuctionReportEntry [actualBid=3248.0, effectiveBid=3248.0] CampaignAuctionReportEntry [actualBid=3297.0, effectiveBid=3297.0])
05/04 06:51:30 INFO OrOmerShelly.Coordinator|Day 3: Updating campaign 1163387880 stats: 0.0 tgtImps 0.0 nonTgtImps. Cost of imps is 0.0
05/04 06:51:30 SEVERE OrOmerShelly.OOSAgent|Exception thrown while trying to parse message.java.lang.NullPointerException
05/04 06:51:30 INFO OrOmerShelly.Coordinator|Day 3: Campaign opportunity - Campaign ID 43533598: day 5 to 9 [FEMALE, HIGH_INCOME], reach: 3750 coefs: (v=2.0, m=1.5)
05/04 06:51:30 INFO OrOmerShelly.Coordinator|****=== ESPECIALLY CRAFTED ===****
05/04 06:51:30 INFO OrOmerShelly.Coordinator|Day 3: Campaign total budget bid: 28.18906606564671
05/04 06:51:30 INFO OrOmerShelly.Coordinator|Day 3: Adjusting ucs bid: was 0.16559185903573326 level reported: 0.47829690000000014 target: 1.0 adjusted: 0.10673165186890399
05/04 06:51:30 SEVERE OrOmerShelly.OOSAgent|Exception thrown while trying to parse message.java.lang.NullPointerException
05/04 06:51:30 INFO OrOmerShelly.Coordinator|Day 3 : Simulation Status Received
05/04 06:51:30 WARNING OrOmerShelly.Coordinator|BidBundle is null!
05/04 06:51:30 INFO OrOmerShelly.Coordinator|Day 3 ended. Starting next day
05/04 06:51:40 INFO OrOmerShelly.Coordinator|Day 4 :BankStatus[-0.437400]
05/04 06:51:40 INFO OrOmerShelly.OOSAgent|UNKNOWN Message Received: (CampaignAuctionReport CampaignAuctionReportEntry [actualBid=2375.0, effectiveBid=2375.0] CampaignAuctionReportEntry [actualBid=2409.0, effectiveBid=2409.0] CampaignAuctionReportEntry [actualBid=2480.0, effectiveBid=2480.0] CampaignAuctionReportEntry [actualBid=2910.0, effectiveBid=2910.0] CampaignAuctionReportEntry [actualBid=3170.0, effectiveBid=3170.0])
05/04 06:51:40 INFO OrOmerShelly.Coordinator|Day 4: Updating campaign 1163387880 stats: 0.0 tgtImps 0.0 nonTgtImps. Cost of imps is 0.0
05/04 06:51:40 SEVERE OrOmerShelly.OOSAgent|Exception thrown while trying to parse message.java.lang.NullPointerException
05/04 06:51:40 INFO OrOmerShelly.Coordinator|Day 4: Campaign opportunity - Campaign ID 1755525223: day 6 to 8 [MALE, OLD], reach: 6250 coefs: (v=2.0, m=1.5)
05/04 06:51:40 INFO OrOmerShelly.Coordinator|****=== ESPECIALLY CRAFTED ===****
05/04 06:51:40 INFO OrOmerShelly.Coordinator|Day 4: Campaign total budget bid: 84.25245107331766
05/04 06:51:40 INFO OrOmerShelly.Coordinator|Day 4: Adjusting ucs bid: was 0.10673165186890399 level reported: 0.47829690000000014 target: 1.0 adjusted: 0.12394518327382358
05/04 06:51:40 SEVERE OrOmerShelly.OOSAgent|Exception thrown while trying to parse message.java.lang.NullPointerException
05/04 06:51:40 INFO OrOmerShelly.Coordinator|Day 4 : Simulation Status Received
05/04 06:51:40 WARNING OrOmerShelly.Coordinator|BidBundle is null!
05/04 06:51:40 INFO OrOmerShelly.Coordinator|Day 4 ended. Starting next day
05/04 06:51:50 INFO OrOmerShelly.Coordinator|Day 5 :BankStatus[-0.583200]
05/04 06:51:50 INFO OrOmerShelly.OOSAgent|UNKNOWN Message Received: (CampaignAuctionReport CampaignAuctionReportEntry [actualBid=2118.0, effectiveBid=2118.0] CampaignAuctionReportEntry [actualBid=2119.0, effectiveBid=2119.0] CampaignAuctionReportEntry [actualBid=2782.0, effectiveBid=2782.0] CampaignAuctionReportEntry [actualBid=2940.0, effectiveBid=2940.0])
05/04 06:51:50 INFO OrOmerShelly.Coordinator|Day 5: Updating campaign 1163387880 stats: 0.0 tgtImps 0.0 nonTgtImps. Cost of imps is 0.0
05/04 06:51:50 SEVERE OrOmerShelly.OOSAgent|Exception thrown while trying to parse message.java.lang.NullPointerException
05/04 06:51:50 INFO OrOmerShelly.Coordinator|Day 5: Campaign opportunity - Campaign ID 1976047251: day 7 to 9 [FEMALE, YOUNG], reach: 3750 coefs: (v=2.0, m=1.5)
05/04 06:51:50 INFO OrOmerShelly.Coordinator|****=== ESPECIALLY CRAFTED ===****
05/04 06:51:50 INFO OrOmerShelly.Coordinator|Day 5: Campaign total budget bid: 50.08093881006727
05/04 06:51:50 INFO OrOmerShelly.Coordinator|Day 5: Adjusting ucs bid: was 0.12394518327382358 level reported: 0.47829690000000014 target: 1.0 adjusted: 0.17883941493384162
05/04 06:51:50 SEVERE OrOmerShelly.OOSAgent|Exception thrown while trying to parse message.java.lang.NullPointerException
05/04 06:51:50 INFO OrOmerShelly.Coordinator|Day 5 : Simulation Status Received
05/04 06:51:50 WARNING OrOmerShelly.Coordinator|BidBundle is null!
05/04 06:51:50 INFO OrOmerShelly.Coordinator|Day 5 ended. Starting next day
05/04 06:52:00 INFO OrOmerShelly.Coordinator|Day 6 :BankStatus[-0.729000]
05/04 06:52:00 INFO OrOmerShelly.OOSAgent|UNKNOWN Message Received: (CampaignAuctionReport CampaignAuctionReportEntry [actualBid=2508.0, effectiveBid=2508.0] CampaignAuctionReportEntry [actualBid=2580.0, effectiveBid=2580.0] CampaignAuctionReportEntry [actualBid=3073.0, effectiveBid=3073.0] CampaignAuctionReportEntry [actualBid=3288.0, effectiveBid=3288.71178246288])
05/04 06:52:00 INFO OrOmerShelly.Coordinator|Day 6: Updating campaign 1163387880 stats: 0.0 tgtImps 0.0 nonTgtImps. Cost of imps is 0.0
05/04 06:52:00 SEVERE OrOmerShelly.OOSAgent|Exception thrown while trying to parse message.java.lang.NullPointerException
05/04 06:52:00 INFO OrOmerShelly.Coordinator|Day 6: Campaign opportunity - Campaign ID 813489187: day 8 to 12 [MALE, OLD], reach: 6250 coefs: (v=2.0, m=1.5)
05/04 06:52:00 INFO OrOmerShelly.Coordinator|****=== ESPECIALLY CRAFTED ===****
05/04 06:52:00 INFO OrOmerShelly.Coordinator|Day 6: Campaign total budget bid: 50.55147064399059
05/04 06:52:00 INFO OrOmerShelly.Coordinator|Day 6: Adjusting ucs bid: was 0.17883941493384162 level reported: 0.47829690000000014 target: 1.0 adjusted: 0.19445817310112148
05/04 06:52:00 SEVERE OrOmerShelly.OOSAgent|Exception thrown while trying to parse message.java.lang.NullPointerException
05/04 06:52:00 INFO OrOmerShelly.Coordinator|Day 6 : Simulation Status Received
05/04 06:52:00 WARNING OrOmerShelly.Coordinator|BidBundle is null!
05/04 06:52:00 INFO OrOmerShelly.Coordinator|Day 6 ended. Starting next day
05/04 06:52:10 INFO OrOmerShelly.Coordinator|Day 7 :BankStatus[-0.874800]
05/04 06:52:10 INFO OrOmerShelly.OOSAgent|UNKNOWN Message Received: (CampaignAuctionReport CampaignAuctionReportEntry [actualBid=2808.0, effectiveBid=2780.0774145656032] CampaignAuctionReportEntry [actualBid=2615.0, effectiveBid=1766.694064078647])
05/04 06:52:10 SEVERE OrOmerShelly.OOSAgent|Exception thrown while trying to parse message.java.lang.NullPointerException
05/04 06:52:10 INFO OrOmerShelly.Coordinator|Day 7: Campaign opportunity - Campaign ID 1260768418: day 9 to 18 [FEMALE, LOW_INCOME], reach: 3750 coefs: (v=2.0, m=1.5)
05/04 06:52:10 INFO OrOmerShelly.Coordinator|****=== ESPECIALLY CRAFTED ===****
05/04 06:52:10 INFO OrOmerShelly.Coordinator|Day 7: Campaign total budget bid: 13.972525424574933
05/04 06:52:10 INFO OrOmerShelly.Coordinator|Day 7: Adjusting ucs bid: was 0.19445817310112148 level reported: 0.47829690000000014 target: 1.0 adjusted: 0.1931747906211556
05/04 06:52:10 SEVERE OrOmerShelly.OOSAgent|Exception thrown while trying to parse message.java.lang.NullPointerException
05/04 06:52:10 INFO OrOmerShelly.Coordinator|Day 7 : Simulation Status Received
05/04 06:52:10 WARNING OrOmerShelly.Coordinator|BidBundle is null!
05/04 06:52:10 INFO OrOmerShelly.Coordinator|Day 7 ended. Starting next day
05/04 06:52:20 INFO OrOmerShelly.Coordinator|Day 8 :BankStatus[-1.020600]
05/04 06:52:20 INFO OrOmerShelly.OOSAgent|UNKNOWN Message Received: (CampaignAuctionReport CampaignAuctionReportEntry [actualBid=2865.0, effectiveBid=2836.5106099467425])
05/04 06:52:20 SEVERE OrOmerShelly.OOSAgent|Exception thrown while trying to parse message.java.lang.NullPointerException
05/04 06:52:20 INFO OrOmerShelly.Coordinator|Day 8: Campaign opportunity - Campaign ID 1400457988: day 10 to 12 [FEMALE, HIGH_INCOME], reach: 3750 coefs: (v=2.0, m=1.5)
05/04 06:52:20 INFO OrOmerShelly.Coordinator|****=== ESPECIALLY CRAFTED ===****
05/04 06:52:20 INFO OrOmerShelly.Coordinator|Day 8: Campaign total budget bid: 46.98177677607785
05/04 06:52:20 INFO OrOmerShelly.Coordinator|Day 8: Adjusting ucs bid: was 0.1931747906211556 level reported: 0.47829690000000014 target: 1.0 adjusted: 0.1731689620285014
05/04 06:52:20 SEVERE OrOmerShelly.OOSAgent|Exception thrown while trying to parse message.java.lang.NullPointerException
05/04 06:52:20 INFO OrOmerShelly.Coordinator|Day 8 : Simulation Status Received
05/04 06:52:20 WARNING OrOmerShelly.Coordinator|BidBundle is null!
05/04 06:52:20 INFO OrOmerShelly.Coordinator|Day 8 ended. Starting next day
05/04 06:52:30 INFO OrOmerShelly.Coordinator|Day 9 :BankStatus[-1.166400]
05/04 06:52:30 INFO OrOmerShelly.OOSAgent|UNKNOWN Message Received: (CampaignAuctionReport CampaignAuctionReportEntry [actualBid=2278.0, effectiveBid=2255.347703126939] CampaignAuctionReportEntry [actualBid=2206.0, effectiveBid=1490.3736540564034])
05/04 06:52:30 SEVERE OrOmerShelly.OOSAgent|Exception thrown while trying to parse message.java.lang.NullPointerException
05/04 06:52:30 INFO OrOmerShelly.Coordinator|Day 9: Campaign opportunity - Campaign ID 608118559: day 11 to 13 [FEMALE, YOUNG], reach: 3750 coefs: (v=2.0, m=1.5)
05/04 06:52:30 INFO OrOmerShelly.Coordinator|****=== ESPECIALLY CRAFTED ===****
05/04 06:52:30 INFO OrOmerShelly.Coordinator|Day 9: Campaign total budget bid: 50.08093881006727
05/04 06:52:30 INFO OrOmerShelly.Coordinator|Day 9: Adjusting ucs bid: was 0.1731689620285014 level reported: 0.47829690000000014 target: 1.0 adjusted: 0.18875013836603974
05/04 06:52:30 SEVERE OrOmerShelly.OOSAgent|Exception thrown while trying to parse message.java.lang.NullPointerException
05/04 06:52:30 INFO OrOmerShelly.Coordinator|Day 9 : Simulation Status Received
05/04 06:52:30 WARNING OrOmerShelly.Coordinator|BidBundle is null!
05/04 06:52:30 INFO OrOmerShelly.Coordinator|Day 9 ended. Starting next day
05/04 06:52:40 INFO OrOmerShelly.Coordinator|Day 10 :BankStatus[-1.312200]
05/04 06:52:40 INFO OrOmerShelly.OOSAgent|UNKNOWN Message Received: (CampaignAuctionReport CampaignAuctionReportEntry [actualBid=3038.0, effectiveBid=3027.010329585285] CampaignAuctionReportEntry [actualBid=2397.0, effectiveBid=1619.4132587367178])
05/04 06:52:40 SEVERE OrOmerShelly.OOSAgent|Exception thrown while trying to parse message.java.lang.NullPointerException
05/04 06:52:40 INFO OrOmerShelly.Coordinator|Day 10: Campaign opportunity - Campaign ID 1723643482: day 12 to 16 [YOUNG, HIGH_INCOME], reach: 3750 coefs: (v=2.0, m=1.5)
05/04 06:52:40 INFO OrOmerShelly.Coordinator|****=== ESPECIALLY CRAFTED ===****
05/04 06:52:40 INFO OrOmerShelly.Coordinator|Day 10: Campaign total budget bid: 31.13207545995016
05/04 06:52:40 INFO OrOmerShelly.Coordinator|Day 10: Adjusting ucs bid: was 0.18875013836603974 level reported: 0.47829690000000014 target: 1.0 adjusted: 0.13165535445796747
05/04 06:52:40 SEVERE OrOmerShelly.OOSAgent|Exception thrown while trying to parse message.java.lang.NullPointerException
05/04 06:52:40 INFO OrOmerShelly.Coordinator|Day 10 : Simulation Status Received
05/04 06:52:40 WARNING OrOmerShelly.Coordinator|BidBundle is null!
05/04 06:52:40 INFO OrOmerShelly.Coordinator|Day 10 ended. Starting next day
05/04 06:52:50 INFO OrOmerShelly.Coordinator|Day 11 :BankStatus[-1.458000]
05/04 06:52:50 INFO OrOmerShelly.OOSAgent|UNKNOWN Message Received: (CampaignAuctionReport CampaignAuctionReportEntry [actualBid=2892.0, effectiveBid=2881.538470428125] CampaignAuctionReportEntry [actualBid=3032.0, effectiveBid=2878.7798421175507])
05/04 06:52:50 SEVERE OrOmerShelly.OOSAgent|Exception thrown while trying to parse message.java.lang.NullPointerException
05/04 06:52:50 INFO OrOmerShelly.Coordinator|Day 11: Campaign opportunity - Campaign ID 1846818486: day 13 to 17 [FEMALE, OLD], reach: 12500 coefs: (v=2.0, m=1.5)
05/04 06:52:50 INFO OrOmerShelly.Coordinator|****=== ESPECIALLY CRAFTED ===****
05/04 06:52:50 INFO OrOmerShelly.Coordinator|Day 11: Campaign total budget bid: 87.76595740012449
05/04 06:52:50 INFO OrOmerShelly.Coordinator|Day 11: Adjusting ucs bid: was 0.13165535445796747 level reported: 0.47829690000000014 target: 1.0 adjusted: 0.129096117910942
05/04 06:52:50 SEVERE OrOmerShelly.OOSAgent|Exception thrown while trying to parse message.java.lang.NullPointerException
05/04 06:52:50 INFO OrOmerShelly.Coordinator|Day 11 : Simulation Status Received
05/04 06:52:50 WARNING OrOmerShelly.Coordinator|BidBundle is null!
05/04 06:52:50 INFO OrOmerShelly.Coordinator|Day 11 ended. Starting next day
05/04 06:53:00 INFO OrOmerShelly.Coordinator|Day 12 :BankStatus[-1.603800]
05/04 06:53:00 INFO OrOmerShelly.OOSAgent|UNKNOWN Message Received: (CampaignAuctionReport CampaignAuctionReportEntry [actualBid=2046.0, effectiveBid=2038.5987933941715] CampaignAuctionReportEntry [actualBid=2370.0, effectiveBid=2250.233583713257])
05/04 06:53:00 SEVERE OrOmerShelly.OOSAgent|Exception thrown while trying to parse message.java.lang.NullPointerException
05/04 06:53:00 INFO OrOmerShelly.Coordinator|Day 12: Campaign opportunity - Campaign ID 1225860399: day 14 to 16 [MALE, OLD], reach: 6250 coefs: (v=2.0, m=1.5)
05/04 06:53:00 INFO OrOmerShelly.Coordinator|****=== ESPECIALLY CRAFTED ===****
05/04 06:53:00 INFO OrOmerShelly.Coordinator|Day 12: Campaign total budget bid: 84.25245107331766
05/04 06:53:00 INFO OrOmerShelly.Coordinator|Day 12: Adjusting ucs bid: was 0.129096117910942 level reported: 0.47829690000000014 target: 1.0 adjusted: 0.13969303144574716
05/04 06:53:00 SEVERE OrOmerShelly.OOSAgent|Exception thrown while trying to parse message.java.lang.NullPointerException
05/04 06:53:00 INFO OrOmerShelly.Coordinator|Day 12 : Simulation Status Received
05/04 06:53:00 WARNING OrOmerShelly.Coordinator|BidBundle is null!
05/04 06:53:00 INFO OrOmerShelly.Coordinator|Day 12 ended. Starting next day
05/04 06:53:10 INFO OrOmerShelly.Coordinator|Day 13 :BankStatus[-1.749600]
05/04 06:53:10 INFO OrOmerShelly.OOSAgent|UNKNOWN Message Received: (CampaignAuctionReport CampaignAuctionReportEntry [actualBid=2959.0, effectiveBid=2948.296104424904] CampaignAuctionReportEntry [actualBid=2895.0, effectiveBid=2748.7030484598645] CampaignAuctionReportEntry [actualBid=2456.0, effectiveBid=1063.280304959585])
05/04 06:53:10 SEVERE OrOmerShelly.OOSAgent|Exception thrown while trying to parse message.java.lang.NullPointerException
05/04 06:53:10 INFO OrOmerShelly.Coordinator|Day 13: Campaign opportunity - Campaign ID 804541778: day 15 to 19 [HIGH_INCOME, OLD], reach: 12500 coefs: (v=2.0, m=1.5)
05/04 06:53:10 INFO OrOmerShelly.Coordinator|****=== ESPECIALLY CRAFTED ===****
05/04 06:53:10 INFO OrOmerShelly.Coordinator|Day 13: Campaign total budget bid: 93.08010515922211
05/04 06:53:10 INFO OrOmerShelly.Coordinator|Day 13: Adjusting ucs bid: was 0.13969303144574716 level reported: 0.47829690000000014 target: 1.0 adjusted: 0.17059080400768145
05/04 06:53:10 SEVERE OrOmerShelly.OOSAgent|Exception thrown while trying to parse message.java.lang.NullPointerException
05/04 06:53:10 INFO OrOmerShelly.Coordinator|Day 13 : Simulation Status Received
05/04 06:53:10 WARNING OrOmerShelly.Coordinator|BidBundle is null!
05/04 06:53:10 INFO OrOmerShelly.Coordinator|Day 13 ended. Starting next day
05/04 06:53:20 INFO OrOmerShelly.Coordinator|Day 14 :BankStatus[-1.895400]
05/04 06:53:20 INFO OrOmerShelly.OOSAgent|UNKNOWN Message Received: (CampaignAuctionReport CampaignAuctionReportEntry [actualBid=2229.0, effectiveBid=1724.2047479351547] CampaignAuctionReportEntry [actualBid=2948.0, effectiveBid=2799.0247277580934])
05/04 06:53:20 SEVERE OrOmerShelly.OOSAgent|Exception thrown while trying to parse message.java.lang.NullPointerException
05/04 06:53:20 INFO OrOmerShelly.Coordinator|Day 14: Campaign opportunity - Campaign ID 2077444: day 16 to 18 [LOW_INCOME, MALE], reach: 6250 coefs: (v=2.0, m=1.5)
05/04 06:53:20 INFO OrOmerShelly.Coordinator|****=== ESPECIALLY CRAFTED ===****
05/04 06:53:20 INFO OrOmerShelly.Coordinator|Day 14: Campaign total budget bid: 79.47976882288083
05/04 06:53:20 INFO OrOmerShelly.Coordinator|Day 14: Adjusting ucs bid: was 0.17059080400768145 level reported: 0.47829690000000014 target: 1.0 adjusted: 0.10119815215742789
05/04 06:53:20 SEVERE OrOmerShelly.OOSAgent|Exception thrown while trying to parse message.java.lang.NullPointerException
05/04 06:53:20 INFO OrOmerShelly.Coordinator|Day 14 : Simulation Status Received
05/04 06:53:20 WARNING OrOmerShelly.Coordinator|BidBundle is null!
05/04 06:53:20 INFO OrOmerShelly.Coordinator|Day 14 ended. Starting next day
05/04 06:53:30 INFO OrOmerShelly.Coordinator|Day 15 :BankStatus[-2.041200]
05/04 06:53:30 INFO OrOmerShelly.OOSAgent|UNKNOWN Message Received: (CampaignAuctionReport CampaignAuctionReportEntry [actualBid=2802.0, effectiveBid=2660.40274327618] CampaignAuctionReportEntry [actualBid=3008.0, effectiveBid=2326.7868469219134] CampaignAuctionReportEntry [actualBid=2861.0, effectiveBid=1900.8019616318957])
05/04 06:53:30 SEVERE OrOmerShelly.OOSAgent|Exception thrown while trying to parse message.java.lang.NullPointerException
05/04 06:53:30 INFO OrOmerShelly.Coordinator|Day 15: Campaign opportunity - Campaign ID 829804029: day 17 to 19 [LOW_INCOME, YOUNG], reach: 12500 coefs: (v=2.0, m=1.5)
05/04 06:53:30 INFO OrOmerShelly.Coordinator|****=== ESPECIALLY CRAFTED ===****
05/04 06:53:30 INFO OrOmerShelly.Coordinator|Day 15: Campaign total budget bid: 156.07264470419153
05/04 06:53:30 INFO OrOmerShelly.Coordinator|Day 15: Adjusting ucs bid: was 0.10119815215742789 level reported: 0.47829690000000014 target: 1.0 adjusted: 0.13053844281098764
05/04 06:53:30 SEVERE OrOmerShelly.OOSAgent|Exception thrown while trying to parse message.java.lang.NullPointerException
05/04 06:53:30 INFO OrOmerShelly.Coordinator|Day 15 : Simulation Status Received
05/04 06:53:30 WARNING OrOmerShelly.Coordinator|BidBundle is null!
05/04 06:53:30 INFO OrOmerShelly.Coordinator|Day 15 ended. Starting next day
05/04 06:53:40 INFO OrOmerShelly.Coordinator|Day 16 :BankStatus[-2.187000]
05/04 06:53:40 INFO OrOmerShelly.OOSAgent|UNKNOWN Message Received: (CampaignAuctionReport CampaignAuctionReportEntry [actualBid=3178.0, effectiveBid=3017.4018265994646] CampaignAuctionReportEntry [actualBid=2976.0, effectiveBid=2302.033795358914] CampaignAuctionReportEntry [actualBid=3162.0, effectiveBid=2100.7814759454927])
05/04 06:53:40 SEVERE OrOmerShelly.OOSAgent|Exception thrown while trying to parse message.java.lang.NullPointerException
05/04 06:53:40 INFO OrOmerShelly.Coordinator|Day 16: Campaign opportunity - Campaign ID 1579760587: day 18 to 27 [MALE, OLD], reach: 12500 coefs: (v=2.0, m=1.5)
05/04 06:53:40 INFO OrOmerShelly.Coordinator|****=== ESPECIALLY CRAFTED ===****
05/04 06:53:40 INFO OrOmerShelly.Coordinator|Day 16: Campaign total budget bid: 50.55147064399059
05/04 06:53:40 INFO OrOmerShelly.Coordinator|Day 16: Adjusting ucs bid: was 0.13053844281098764 level reported: 0.47829690000000014 target: 1.0 adjusted: 0.1948782521733965
05/04 06:53:40 SEVERE OrOmerShelly.OOSAgent|Exception thrown while trying to parse message.java.lang.NullPointerException
05/04 06:53:40 INFO OrOmerShelly.Coordinator|Day 16 : Simulation Status Received
05/04 06:53:40 WARNING OrOmerShelly.Coordinator|BidBundle is null!
05/04 06:53:40 INFO OrOmerShelly.Coordinator|Day 16 ended. Starting next day
05/04 06:53:50 INFO OrOmerShelly.Coordinator|Day 17 :BankStatus[-2.282163]
05/04 06:53:50 INFO OrOmerShelly.OOSAgent|UNKNOWN Message Received: (CampaignAuctionReport CampaignAuctionReportEntry [actualBid=2169.0, effectiveBid=2059.3909886388415] CampaignAuctionReportEntry [actualBid=3206.0, effectiveBid=2479.9463534679703] CampaignAuctionReportEntry [actualBid=3139.0, effectiveBid=2085.5006492703674])
05/04 06:53:50 SEVERE OrOmerShelly.OOSAgent|Exception thrown while trying to parse message.java.lang.NullPointerException
05/04 06:53:50 INFO OrOmerShelly.Coordinator|Day 17: Campaign opportunity - Campaign ID 742314797: day 19 to 28 [FEMALE, YOUNG], reach: 6250 coefs: (v=2.0, m=1.5)
05/04 06:53:50 INFO OrOmerShelly.Coordinator|****=== ESPECIALLY CRAFTED ===****
05/04 06:53:50 INFO OrOmerShelly.Coordinator|Day 17: Campaign total budget bid: 25.040469405033637
05/04 06:53:50 INFO OrOmerShelly.Coordinator|Day 17: Adjusting ucs bid: was 0.1948782521733965 level reported: 0.47829690000000014 target: 1.0 adjusted: 0.1497362009554294
05/04 06:53:50 SEVERE OrOmerShelly.OOSAgent|Exception thrown while trying to parse message.java.lang.NullPointerException
05/04 06:53:50 INFO OrOmerShelly.Coordinator|Day 17 : Simulation Status Received
05/04 06:53:50 WARNING OrOmerShelly.Coordinator|BidBundle is null!
05/04 06:53:50 INFO OrOmerShelly.Coordinator|Day 17 ended. Starting next day
05/04 06:54:00 INFO OrOmerShelly.Coordinator|Day 18 :BankStatus[-2.424229]
05/04 06:54:00 INFO OrOmerShelly.OOSAgent|UNKNOWN Message Received: (CampaignAuctionReport CampaignAuctionReportEntry [actualBid=2389.0, effectiveBid=2342.179281765281] CampaignAuctionReportEntry [actualBid=2203.0, effectiveBid=1704.0928935402178])
05/04 06:54:00 SEVERE OrOmerShelly.OOSAgent|Exception thrown while trying to parse message.java.lang.NullPointerException
05/04 06:54:00 INFO OrOmerShelly.Coordinator|Day 18: Campaign opportunity - Campaign ID 1089170278: day 20 to 22 [FEMALE, OLD], reach: 3750 coefs: (v=2.0, m=1.5)
05/04 06:54:00 INFO OrOmerShelly.Coordinator|****=== ESPECIALLY CRAFTED ===****
05/04 06:54:00 INFO OrOmerShelly.Coordinator|Day 18: Campaign total budget bid: 43.882978700062246
05/04 06:54:00 INFO OrOmerShelly.Coordinator|Day 18: Adjusting ucs bid: was 0.1497362009554294 level reported: 0.47829690000000014 target: 1.0 adjusted: 0.14720500308415793
05/04 06:54:00 SEVERE OrOmerShelly.OOSAgent|Exception thrown while trying to parse message.java.lang.NullPointerException
05/04 06:54:00 INFO OrOmerShelly.Coordinator|Day 18 : Simulation Status Received
05/04 06:54:00 WARNING OrOmerShelly.Coordinator|BidBundle is null!
05/04 06:54:00 INFO OrOmerShelly.Coordinator|Day 18 ended. Starting next day
05/04 06:54:10 INFO OrOmerShelly.Coordinator|Day 19 :BankStatus[-2.533386]
05/04 06:54:10 INFO OrOmerShelly.OOSAgent|UNKNOWN Message Received: (CampaignAuctionReport CampaignAuctionReportEntry [actualBid=2066.0, effectiveBid=1598.118891536128] CampaignAuctionReportEntry [actualBid=3029.0, effectiveBid=2969.6362680900106] CampaignAuctionReportEntry [actualBid=2515.0, effectiveBid=1803.9878114464545])
05/04 06:54:10 SEVERE OrOmerShelly.OOSAgent|Exception thrown while trying to parse message.java.lang.NullPointerException
05/04 06:54:10 INFO OrOmerShelly.Coordinator|Day 19: Campaign opportunity - Campaign ID 368001172: day 21 to 30 [LOW_INCOME, OLD], reach: 3750 coefs: (v=2.0, m=1.5)
05/04 06:54:10 INFO OrOmerShelly.Coordinator|****=== ESPECIALLY CRAFTED ===****
05/04 06:54:10 INFO OrOmerShelly.Coordinator|Day 19: Campaign total budget bid: 14.229589856091946
05/04 06:54:10 INFO OrOmerShelly.Coordinator|Day 19: Adjusting ucs bid: was 0.14720500308415793 level reported: 0.47829690000000014 target: 1.0 adjusted: 0.18968839898264891
05/04 06:54:10 SEVERE OrOmerShelly.OOSAgent|Exception thrown while trying to parse message.java.lang.NullPointerException
05/04 06:54:10 INFO OrOmerShelly.Coordinator|Day 19 : Simulation Status Received
05/04 06:54:10 WARNING OrOmerShelly.Coordinator|BidBundle is null!
05/04 06:54:10 INFO OrOmerShelly.Coordinator|Day 19 ended. Starting next day
05/04 06:54:20 INFO OrOmerShelly.Coordinator|Day 20 :BankStatus[-2.640699]
05/04 06:54:20 INFO OrOmerShelly.OOSAgent|UNKNOWN Message Received: (CampaignAuctionReport CampaignAuctionReportEntry [actualBid=2865.0, effectiveBid=2808.8504153442987] CampaignAuctionReportEntry [actualBid=2888.0, effectiveBid=2628.52999274396] CampaignAuctionReportEntry [actualBid=2912.0, effectiveBid=2584.49269713135])
05/04 06:54:20 SEVERE OrOmerShelly.OOSAgent|Exception thrown while trying to parse message.java.lang.NullPointerException
05/04 06:54:20 INFO OrOmerShelly.Coordinator|Day 20: Campaign opportunity - Campaign ID 1024477407: day 22 to 24 [HIGH_INCOME, OLD], reach: 12500 coefs: (v=2.0, m=1.5)
05/04 06:54:20 INFO OrOmerShelly.Coordinator|****=== ESPECIALLY CRAFTED ===****
05/04 06:54:20 INFO OrOmerShelly.Coordinator|Day 20: Campaign total budget bid: 155.13350859870351
05/04 06:54:20 INFO OrOmerShelly.Coordinator|Day 20: Adjusting ucs bid: was 0.18968839898264891 level reported: 0.47829690000000014 target: 1.0 adjusted: 0.11287070270548617
05/04 06:54:20 SEVERE OrOmerShelly.OOSAgent|Exception thrown while trying to parse message.java.lang.NullPointerException
05/04 06:54:20 INFO OrOmerShelly.Coordinator|Day 20 : Simulation Status Received
05/04 06:54:20 WARNING OrOmerShelly.Coordinator|BidBundle is null!
05/04 06:54:20 INFO OrOmerShelly.Coordinator|Day 20 ended. Starting next day
05/04 06:54:30 INFO OrOmerShelly.Coordinator|Day 21 :BankStatus[-2.778982]
05/04 06:54:30 INFO OrOmerShelly.OOSAgent|UNKNOWN Message Received: (CampaignAuctionReport CampaignAuctionReportEntry [actualBid=2273.0, effectiveBid=2017.3598559682548] CampaignAuctionReportEntry [actualBid=2565.0, effectiveBid=2473.4980329585824] CampaignAuctionReportEntry [actualBid=2651.0, effectiveBid=2631.0456770355577])
05/04 06:54:30 SEVERE OrOmerShelly.OOSAgent|Exception thrown while trying to parse message.java.lang.NullPointerException
05/04 06:54:30 INFO OrOmerShelly.Coordinator|Day 21: Campaign opportunity - Campaign ID 1736354324: day 23 to 32 [FEMALE, LOW_INCOME], reach: 3750 coefs: (v=2.0, m=1.5)
05/04 06:54:30 INFO OrOmerShelly.Coordinator|****=== ESPECIALLY CRAFTED ===****
05/04 06:54:30 INFO OrOmerShelly.Coordinator|Day 21: Campaign total budget bid: 13.972525424574933
05/04 06:54:30 INFO OrOmerShelly.Coordinator|Day 21: Adjusting ucs bid: was 0.11287070270548617 level reported: 0.47829690000000014 target: 1.0 adjusted: 0.12083149737551366
05/04 06:54:30 SEVERE OrOmerShelly.OOSAgent|Exception thrown while trying to parse message.java.lang.NullPointerException
05/04 06:54:30 INFO OrOmerShelly.Coordinator|Day 21 : Simulation Status Received
05/04 06:54:30 WARNING OrOmerShelly.Coordinator|BidBundle is null!
05/04 06:54:30 INFO OrOmerShelly.Coordinator|Day 21 ended. Starting next day
05/04 06:54:40 INFO OrOmerShelly.Coordinator|Day 22 :BankStatus[-2.861264]
05/04 06:54:40 INFO OrOmerShelly.OOSAgent|UNKNOWN Message Received: (CampaignAuctionReport CampaignAuctionReportEntry [actualBid=2776.0, effectiveBid=2676.970970562583] CampaignAuctionReportEntry [actualBid=2877.0, effectiveBid=2855.34455406688] CampaignAuctionReportEntry [actualBid=3150.0, effectiveBid=2795.7252733392006])
05/04 06:54:40 SEVERE OrOmerShelly.OOSAgent|Exception thrown while trying to parse message.java.lang.NullPointerException
05/04 06:54:40 INFO OrOmerShelly.Coordinator|Day 22: Campaign opportunity - Campaign ID 2117220703: day 24 to 33 [LOW_INCOME, OLD], reach: 3750 coefs: (v=2.0, m=1.5)
05/04 06:54:40 INFO OrOmerShelly.Coordinator|****=== ESPECIALLY CRAFTED ===****
05/04 06:54:40 INFO OrOmerShelly.Coordinator|Day 22: Campaign total budget bid: 14.229589856091946
05/04 06:54:40 INFO OrOmerShelly.Coordinator|Day 22: Adjusting ucs bid: was 0.12083149737551366 level reported: 0.47829690000000014 target: 1.0 adjusted: 0.12072307001386366
05/04 06:54:40 SEVERE OrOmerShelly.OOSAgent|Exception thrown while trying to parse message.java.lang.NullPointerException
05/04 06:54:40 INFO OrOmerShelly.Coordinator|Day 22 : Simulation Status Received
05/04 06:54:40 WARNING OrOmerShelly.Coordinator|BidBundle is null!
05/04 06:54:40 INFO OrOmerShelly.Coordinator|Day 22 ended. Starting next day
05/04 06:54:50 INFO OrOmerShelly.Coordinator|Day 23 :BankStatus[-2.949351]
05/04 06:54:50 INFO OrOmerShelly.OOSAgent|UNKNOWN Message Received: (CampaignAuctionReport CampaignAuctionReportEntry [actualBid=2484.0, effectiveBid=2204.6290726903408] CampaignAuctionReportEntry [actualBid=2890.0, effectiveBid=2868.246701860717] CampaignAuctionReportEntry [actualBid=3022.0, effectiveBid=2914.195343314166])
05/04 06:54:50 SEVERE OrOmerShelly.OOSAgent|Exception thrown while trying to parse message.java.lang.NullPointerException
05/04 06:54:50 INFO OrOmerShelly.Coordinator|Day 23: Campaign opportunity - Campaign ID 20088900: day 25 to 34 [LOW_INCOME, YOUNG], reach: 6250 coefs: (v=2.0, m=1.5)
05/04 06:54:50 INFO OrOmerShelly.Coordinator|****=== ESPECIALLY CRAFTED ===****
05/04 06:54:50 INFO OrOmerShelly.Coordinator|Day 23: Campaign total budget bid: 23.41089670562873
05/04 06:54:50 INFO OrOmerShelly.Coordinator|Day 23: Adjusting ucs bid: was 0.12072307001386366 level reported: 0.47829690000000014 target: 1.0 adjusted: 0.107326225800636
05/04 06:54:50 SEVERE OrOmerShelly.OOSAgent|Exception thrown while trying to parse message.java.lang.NullPointerException
05/04 06:54:50 INFO OrOmerShelly.Coordinator|Day 23 : Simulation Status Received
05/04 06:54:50 WARNING OrOmerShelly.Coordinator|BidBundle is null!
05/04 06:54:50 INFO OrOmerShelly.Coordinator|Day 23 ended. Starting next day
05/04 06:55:00 INFO OrOmerShelly.Coordinator|Day 24 :BankStatus[-3.037358]
05/04 06:55:00 INFO OrOmerShelly.OOSAgent|UNKNOWN Message Received: (CampaignAuctionReport CampaignAuctionReportEntry [actualBid=2177.0, effectiveBid=2160.6135190141113] CampaignAuctionReportEntry [actualBid=3105.0, effectiveBid=3062.1093267056917] CampaignAuctionReportEntry [actualBid=3226.0, effectiveBid=2863.1776926324637])
05/04 06:55:00 SEVERE OrOmerShelly.OOSAgent|Exception thrown while trying to parse message.java.lang.NullPointerException
05/04 06:55:00 INFO OrOmerShelly.Coordinator|Day 24: Campaign opportunity - Campaign ID 1325097439: day 26 to 28 [YOUNG, MALE], reach: 6250 coefs: (v=2.0, m=1.5)
05/04 06:55:00 INFO OrOmerShelly.Coordinator|****=== ESPECIALLY CRAFTED ===****
05/04 06:55:00 INFO OrOmerShelly.Coordinator|Day 24: Campaign total budget bid: 80.66093086658218
05/04 06:55:00 INFO OrOmerShelly.Coordinator|Day 24: Adjusting ucs bid: was 0.107326225800636 level reported: 0.47829690000000014 target: 1.0 adjusted: 0.14302835933369185
05/04 06:55:00 SEVERE OrOmerShelly.OOSAgent|Exception thrown while trying to parse message.java.lang.NullPointerException
05/04 06:55:00 INFO OrOmerShelly.Coordinator|Day 24 : Simulation Status Received
05/04 06:55:00 WARNING OrOmerShelly.Coordinator|BidBundle is null!
05/04 06:55:00 INFO OrOmerShelly.Coordinator|Day 24 ended. Starting next day
05/04 06:55:10 INFO OrOmerShelly.Coordinator|Day 25 :BankStatus[-3.115599]
05/04 06:55:10 INFO OrOmerShelly.OOSAgent|UNKNOWN Message Received: (CampaignAuctionReport CampaignAuctionReportEntry [actualBid=2268.0, effectiveBid=2236.6711603763315] CampaignAuctionReportEntry [actualBid=2755.0, effectiveBid=2734.2628593862546] CampaignAuctionReportEntry [actualBid=3202.0, effectiveBid=2841.8769286451175])
05/04 06:55:10 SEVERE OrOmerShelly.OOSAgent|Exception thrown while trying to parse message.java.lang.NullPointerException
05/04 06:55:10 INFO OrOmerShelly.Coordinator|Day 25: Campaign opportunity - Campaign ID 94005833: day 27 to 29 [LOW_INCOME, MALE], reach: 3750 coefs: (v=2.0, m=1.5)
05/04 06:55:10 INFO OrOmerShelly.Coordinator|****=== ESPECIALLY CRAFTED ===****
05/04 06:55:10 INFO OrOmerShelly.Coordinator|Day 25: Campaign total budget bid: 47.687861293728496
05/04 06:55:10 INFO OrOmerShelly.Coordinator|Day 25: Adjusting ucs bid: was 0.14302835933369185 level reported: 0.47829690000000014 target: 1.0 adjusted: 0.10867549428004578
05/04 06:55:10 SEVERE OrOmerShelly.OOSAgent|Exception thrown while trying to parse message.java.lang.NullPointerException
05/04 06:55:10 INFO OrOmerShelly.Coordinator|Day 25 : Simulation Status Received
05/04 06:55:10 WARNING OrOmerShelly.Coordinator|BidBundle is null!
05/04 06:55:10 INFO OrOmerShelly.Coordinator|Day 25 ended. Starting next day
05/04 06:55:20 INFO OrOmerShelly.Coordinator|Day 26 :BankStatus[-3.219866]
05/04 06:55:20 INFO OrOmerShelly.OOSAgent|UNKNOWN Message Received: (CampaignAuctionReport CampaignAuctionReportEntry [actualBid=2262.0, effectiveBid=2244.9737161276616] CampaignAuctionReportEntry [actualBid=2877.0, effectiveBid=2748.607851603452] CampaignAuctionReportEntry [actualBid=3163.0, effectiveBid=3119.308148267344])
05/04 06:55:20 SEVERE OrOmerShelly.OOSAgent|Exception thrown while trying to parse message.java.lang.NullPointerException
05/04 06:55:20 INFO OrOmerShelly.Coordinator|Day 26: Campaign opportunity - Campaign ID 305737427: day 28 to 37 [YOUNG, HIGH_INCOME], reach: 12500 coefs: (v=2.0, m=1.5)
05/04 06:55:20 INFO OrOmerShelly.Coordinator|****=== ESPECIALLY CRAFTED ===****
05/04 06:55:20 INFO OrOmerShelly.Coordinator|Day 26: Campaign total budget bid: 51.886792433250264
05/04 06:55:20 INFO OrOmerShelly.Coordinator|Day 26: Adjusting ucs bid: was 0.10867549428004578 level reported: 0.47829690000000014 target: 1.0 adjusted: 0.12734169540575174
05/04 06:55:20 SEVERE OrOmerShelly.OOSAgent|Exception thrown while trying to parse message.java.lang.NullPointerException
05/04 06:55:20 INFO OrOmerShelly.Coordinator|Day 26 : Simulation Status Received
05/04 06:55:20 WARNING OrOmerShelly.Coordinator|BidBundle is null!
05/04 06:55:20 INFO OrOmerShelly.Coordinator|Day 26 ended. Starting next day
05/04 06:55:30 INFO OrOmerShelly.Coordinator|Day 27 :BankStatus[-3.299091]
05/04 06:55:30 INFO OrOmerShelly.OOSAgent|UNKNOWN Message Received: (CampaignAuctionReport CampaignAuctionReportEntry [actualBid=2070.0, effectiveBid=1977.6219161693243] CampaignAuctionReportEntry [actualBid=2328.0, effectiveBid=2310.4769280040655] CampaignAuctionReportEntry [actualBid=2837.0, effectiveBid=2797.8113236277127])
05/04 06:55:30 SEVERE OrOmerShelly.OOSAgent|Exception thrown while trying to parse message.java.lang.NullPointerException
05/04 06:55:30 INFO OrOmerShelly.Coordinator|Day 27: Campaign opportunity - Campaign ID 1691183337: day 29 to 31 [LOW_INCOME, MALE], reach: 6250 coefs: (v=2.0, m=1.5)
05/04 06:55:30 INFO OrOmerShelly.Coordinator|****=== ESPECIALLY CRAFTED ===****
05/04 06:55:30 INFO OrOmerShelly.Coordinator|Day 27: Campaign total budget bid: 79.47976882288083
05/04 06:55:30 INFO OrOmerShelly.Coordinator|Day 27: Adjusting ucs bid: was 0.12734169540575174 level reported: 0.47829690000000014 target: 1.0 adjusted: 0.12647003752641583
05/04 06:55:30 SEVERE OrOmerShelly.OOSAgent|Exception thrown while trying to parse message.java.lang.NullPointerException
05/04 06:55:30 INFO OrOmerShelly.Coordinator|Day 27 : Simulation Status Received
05/04 06:55:30 WARNING OrOmerShelly.Coordinator|BidBundle is null!
05/04 06:55:30 INFO OrOmerShelly.Coordinator|Day 27 ended. Starting next day
05/04 06:55:40 INFO OrOmerShelly.Coordinator|Day 28 :BankStatus[-3.391923]
05/04 06:55:40 INFO OrOmerShelly.OOSAgent|UNKNOWN Message Received: (CampaignAuctionReport CampaignAuctionReportEntry [actualBid=2736.0, effectiveBid=2698.206479184146] CampaignAuctionReportEntry [actualBid=3287.0, effectiveBid=3262.258446026359] CampaignAuctionReportEntry [actualBid=3196.0, effectiveBid=3053.371808732928])
05/04 06:55:40 SEVERE OrOmerShelly.OOSAgent|Exception thrown while trying to parse message.java.lang.NullPointerException
05/04 06:55:40 INFO OrOmerShelly.Coordinator|Day 28: Campaign opportunity - Campaign ID 1366072905: day 30 to 32 [FEMALE, LOW_INCOME], reach: 3750 coefs: (v=2.0, m=1.5)
05/04 06:55:40 INFO OrOmerShelly.Coordinator|****=== ESPECIALLY CRAFTED ===****
05/04 06:55:40 INFO OrOmerShelly.Coordinator|Day 28: Campaign total budget bid: 46.57508474858311
05/04 06:55:40 INFO OrOmerShelly.Coordinator|Day 28: Adjusting ucs bid: was 0.12647003752641583 level reported: 0.47829690000000014 target: 1.0 adjusted: 0.16562921955729898
05/04 06:55:40 SEVERE OrOmerShelly.OOSAgent|Exception thrown while trying to parse message.java.lang.NullPointerException
05/04 06:55:40 INFO OrOmerShelly.Coordinator|Day 28 : Simulation Status Received
05/04 06:55:40 WARNING OrOmerShelly.Coordinator|BidBundle is null!
05/04 06:55:40 INFO OrOmerShelly.Coordinator|Day 28 ended. Starting next day
05/04 06:55:50 INFO OrOmerShelly.Coordinator|Day 29 :BankStatus[-3.484119]
05/04 06:55:50 INFO OrOmerShelly.OOSAgent|UNKNOWN Message Received: (CampaignAuctionReport CampaignAuctionReportEntry [actualBid=2263.0, effectiveBid=2162.008887097189] CampaignAuctionReportEntry [actualBid=2764.0, effectiveBid=2725.819703386323])
05/04 06:55:50 SEVERE OrOmerShelly.OOSAgent|Exception thrown while trying to parse message.java.lang.NullPointerException
05/04 06:55:50 INFO OrOmerShelly.Coordinator|Day 29: Campaign opportunity - Campaign ID 247315376: day 31 to 33 [YOUNG, MALE], reach: 12500 coefs: (v=2.0, m=1.5)
05/04 06:55:50 INFO OrOmerShelly.Coordinator|****=== ESPECIALLY CRAFTED ===****
05/04 06:55:50 INFO OrOmerShelly.Coordinator|Day 29: Campaign total budget bid: 161.32186173316435
05/04 06:55:50 INFO OrOmerShelly.Coordinator|Day 29: Adjusting ucs bid: was 0.16562921955729898 level reported: 0.47829690000000014 target: 1.0 adjusted: 0.17409259517625453
05/04 06:55:50 SEVERE OrOmerShelly.OOSAgent|Exception thrown while trying to parse message.java.lang.NullPointerException
05/04 06:55:50 INFO OrOmerShelly.Coordinator|Day 29 : Simulation Status Received
05/04 06:55:50 WARNING OrOmerShelly.Coordinator|BidBundle is null!
05/04 06:55:50 INFO OrOmerShelly.Coordinator|Day 29 ended. Starting next day
05/04 06:56:00 INFO OrOmerShelly.Coordinator|Day 30 :BankStatus[-3.604863]
05/04 06:56:00 INFO OrOmerShelly.OOSAgent|UNKNOWN Message Received: (CampaignAuctionReport CampaignAuctionReportEntry [actualBid=2095.0, effectiveBid=1590.4314814364207] CampaignAuctionReportEntry [actualBid=2734.0, effectiveBid=2686.4422170701296] CampaignAuctionReportEntry [actualBid=3027.0, effectiveBid=2985.186773571056])
05/04 06:56:00 SEVERE OrOmerShelly.OOSAgent|Exception thrown while trying to parse message.java.lang.NullPointerException
05/04 06:56:00 INFO OrOmerShelly.Coordinator|Day 30: Campaign opportunity - Campaign ID 1767399124: day 32 to 36 [LOW_INCOME, OLD], reach: 12500 coefs: (v=2.0, m=1.5)
05/04 06:56:00 INFO OrOmerShelly.Coordinator|****=== ESPECIALLY CRAFTED ===****
05/04 06:56:00 INFO OrOmerShelly.Coordinator|Day 30: Campaign total budget bid: 94.86393237394631
05/04 06:56:00 INFO OrOmerShelly.Coordinator|Day 30: Adjusting ucs bid: was 0.17409259517625453 level reported: 0.47829690000000014 target: 1.0 adjusted: 0.16976486254539758
05/04 06:56:00 SEVERE OrOmerShelly.OOSAgent|Exception thrown while trying to parse message.java.lang.NullPointerException
05/04 06:56:00 INFO OrOmerShelly.Coordinator|Day 30 : Simulation Status Received
05/04 06:56:00 WARNING OrOmerShelly.Coordinator|BidBundle is null!
05/04 06:56:00 INFO OrOmerShelly.Coordinator|Day 30 ended. Starting next day
05/04 06:56:11 INFO OrOmerShelly.Coordinator|Day 31 :BankStatus[-3.731777]
05/04 06:56:11 INFO OrOmerShelly.OOSAgent|UNKNOWN Message Received: (CampaignAuctionReport CampaignAuctionReportEntry [actualBid=2218.0, effectiveBid=2187.3618314438727] CampaignAuctionReportEntry [actualBid=2774.0, effectiveBid=2725.7464192218504] CampaignAuctionReportEntry [actualBid=2619.0, effectiveBid=2367.8856354811583])
05/04 06:56:11 SEVERE OrOmerShelly.OOSAgent|Exception thrown while trying to parse message.java.lang.NullPointerException
05/04 06:56:11 INFO OrOmerShelly.Coordinator|Day 31: Campaign opportunity - Campaign ID 1101881946: day 33 to 35 [FEMALE, OLD], reach: 12500 coefs: (v=2.0, m=1.5)
05/04 06:56:11 INFO OrOmerShelly.Coordinator|****=== ESPECIALLY CRAFTED ===****
05/04 06:56:11 INFO OrOmerShelly.Coordinator|Day 31: Campaign total budget bid: 146.27659566687416
05/04 06:56:11 INFO OrOmerShelly.Coordinator|Day 31: Adjusting ucs bid: was 0.16976486254539758 level reported: 0.47829690000000014 target: 1.0 adjusted: 0.13168294234746694
05/04 06:56:11 SEVERE OrOmerShelly.OOSAgent|Exception thrown while trying to parse message.java.lang.NullPointerException
05/04 06:56:11 INFO OrOmerShelly.Coordinator|Day 31 : Simulation Status Received
05/04 06:56:11 WARNING OrOmerShelly.Coordinator|BidBundle is null!
05/04 06:56:11 INFO OrOmerShelly.Coordinator|Day 31 ended. Starting next day
05/04 06:56:20 INFO OrOmerShelly.Coordinator|Day 32 :BankStatus[-3.855535]
05/04 06:56:20 INFO OrOmerShelly.OOSAgent|UNKNOWN Message Received: (CampaignAuctionReport CampaignAuctionReportEntry [actualBid=2200.0, effectiveBid=2169.6104730281877] CampaignAuctionReportEntry [actualBid=2626.0, effectiveBid=2526.06393851679] CampaignAuctionReportEntry [actualBid=2850.0, effectiveBid=2800.4244033101204])
05/04 06:56:20 SEVERE OrOmerShelly.OOSAgent|Exception thrown while trying to parse message.java.lang.NullPointerException
05/04 06:56:20 INFO OrOmerShelly.Coordinator|Day 32: Campaign opportunity - Campaign ID 545966746: day 34 to 38 [YOUNG, MALE], reach: 6250 coefs: (v=2.0, m=1.5)
05/04 06:56:20 INFO OrOmerShelly.Coordinator|****=== ESPECIALLY CRAFTED ===****
05/04 06:56:20 INFO OrOmerShelly.Coordinator|Day 32: Campaign total budget bid: 48.3965585199493
05/04 06:56:20 INFO OrOmerShelly.Coordinator|Day 32: Adjusting ucs bid: was 0.13168294234746694 level reported: 0.47829690000000014 target: 1.0 adjusted: 0.13910363006300297
05/04 06:56:20 SEVERE OrOmerShelly.OOSAgent|Exception thrown while trying to parse message.java.lang.NullPointerException
05/04 06:56:20 INFO OrOmerShelly.Coordinator|Day 32 : Simulation Status Received
05/04 06:56:20 WARNING OrOmerShelly.Coordinator|BidBundle is null!
05/04 06:56:20 INFO OrOmerShelly.Coordinator|Day 32 ended. Starting next day
05/04 06:56:30 INFO OrOmerShelly.Coordinator|Day 33 :BankStatus[-3.951532]
05/04 06:56:30 INFO OrOmerShelly.OOSAgent|UNKNOWN Message Received: (CampaignAuctionReport CampaignAuctionReportEntry [actualBid=2284.0, effectiveBid=2272.4213138648392] CampaignAuctionReportEntry [actualBid=2856.0, effectiveBid=2747.310970450858] CampaignAuctionReportEntry [actualBid=3229.0, effectiveBid=3172.8317186976765])
05/04 06:56:30 SEVERE OrOmerShelly.OOSAgent|Exception thrown while trying to parse message.java.lang.NullPointerException
05/04 06:56:30 INFO OrOmerShelly.Coordinator|Day 33: Campaign opportunity - Campaign ID 346632909: day 35 to 44 [HIGH_INCOME, OLD], reach: 6250 coefs: (v=2.0, m=1.5)
05/04 06:56:30 INFO OrOmerShelly.Coordinator|****=== ESPECIALLY CRAFTED ===****
05/04 06:56:30 INFO OrOmerShelly.Coordinator|Day 33: Campaign total budget bid: 23.27002628980553
05/04 06:56:30 INFO OrOmerShelly.Coordinator|Day 33: Adjusting ucs bid: was 0.13910363006300297 level reported: 0.47829690000000014 target: 1.0 adjusted: 0.13184980001567176
05/04 06:56:30 SEVERE OrOmerShelly.OOSAgent|Exception thrown while trying to parse message.java.lang.NullPointerException
05/04 06:56:30 INFO OrOmerShelly.Coordinator|Day 33 : Simulation Status Received
05/04 06:56:30 WARNING OrOmerShelly.Coordinator|BidBundle is null!
05/04 06:56:30 INFO OrOmerShelly.Coordinator|Day 33 ended. Starting next day
05/04 06:56:40 INFO OrOmerShelly.Coordinator|Day 34 :BankStatus[-4.052939]
05/04 06:56:40 INFO OrOmerShelly.OOSAgent|UNKNOWN Message Received: (CampaignAuctionReport CampaignAuctionReportEntry [actualBid=2298.0, effectiveBid=2294.0210946833167] CampaignAuctionReportEntry [actualBid=2730.0, effectiveBid=2626.106074695673] CampaignAuctionReportEntry [actualBid=2939.0, effectiveBid=2920.826755977808])
05/04 06:56:40 SEVERE OrOmerShelly.OOSAgent|Exception thrown while trying to parse message.java.lang.NullPointerException
05/04 06:56:40 INFO OrOmerShelly.Coordinator|Day 34: Campaign opportunity - Campaign ID 1222868588: day 36 to 45 [LOW_INCOME, MALE], reach: 12500 coefs: (v=2.0, m=1.5)
05/04 06:56:40 INFO OrOmerShelly.Coordinator|****=== ESPECIALLY CRAFTED ===****
05/04 06:56:40 INFO OrOmerShelly.Coordinator|Day 34: Campaign total budget bid: 47.687861293728496
05/04 06:56:40 INFO OrOmerShelly.Coordinator|Day 34: Adjusting ucs bid: was 0.13184980001567176 level reported: 0.47829690000000014 target: 1.0 adjusted: 0.1903139067759609
05/04 06:56:40 SEVERE OrOmerShelly.OOSAgent|Exception thrown while trying to parse message.java.lang.NullPointerException
05/04 06:56:40 INFO OrOmerShelly.Coordinator|Day 34 : Simulation Status Received
05/04 06:56:40 WARNING OrOmerShelly.Coordinator|BidBundle is null!
05/04 06:56:40 INFO OrOmerShelly.Coordinator|Day 34 ended. Starting next day
05/04 06:56:50 INFO OrOmerShelly.Coordinator|Day 35 :BankStatus[-4.149057]
05/04 06:56:50 INFO OrOmerShelly.OOSAgent|UNKNOWN Message Received: (CampaignAuctionReport CampaignAuctionReportEntry [actualBid=2355.0, effectiveBid=2350.248786914787] CampaignAuctionReportEntry [actualBid=2502.0, effectiveBid=2464.694523493069] CampaignAuctionReportEntry [actualBid=2710.0, effectiveBid=2705.3077313280196])
05/04 06:56:50 SEVERE OrOmerShelly.OOSAgent|Exception thrown while trying to parse message.java.lang.NullPointerException
05/04 06:56:50 INFO OrOmerShelly.Coordinator|Day 35: Campaign opportunity - Campaign ID 1775267999: day 37 to 41 [MALE, OLD], reach: 3750 coefs: (v=2.0, m=1.5)
05/04 06:56:50 INFO OrOmerShelly.Coordinator|****=== ESPECIALLY CRAFTED ===****
05/04 06:56:50 INFO OrOmerShelly.Coordinator|Day 35: Campaign total budget bid: 30.330882386394354
05/04 06:56:50 INFO OrOmerShelly.Coordinator|Day 35: Adjusting ucs bid: was 0.1903139067759609 level reported: 0.47829690000000014 target: 1.0 adjusted: 0.16259344182510477
05/04 06:56:50 SEVERE OrOmerShelly.OOSAgent|Exception thrown while trying to parse message.java.lang.NullPointerException
05/04 06:56:50 INFO OrOmerShelly.Coordinator|Day 35 : Simulation Status Received
05/04 06:56:50 WARNING OrOmerShelly.Coordinator|BidBundle is null!
05/04 06:56:50 INFO OrOmerShelly.Coordinator|Day 35 ended. Starting next day
05/04 06:57:00 INFO OrOmerShelly.Coordinator|Day 36 :BankStatus[-4.287796]
05/04 06:57:00 INFO OrOmerShelly.OOSAgent|UNKNOWN Message Received: (CampaignAuctionReport CampaignAuctionReportEntry [actualBid=2251.0, effectiveBid=2247.1024735126834] CampaignAuctionReportEntry [actualBid=3150.0, effectiveBid=3132.347615089595] CampaignAuctionReportEntry [actualBid=3211.0, effectiveBid=3204.5218067020724])
05/04 06:57:00 SEVERE OrOmerShelly.OOSAgent|Exception thrown while trying to parse message.java.lang.NullPointerException
05/04 06:57:00 INFO OrOmerShelly.Coordinator|Day 36: Campaign opportunity - Campaign ID 1224014683: day 38 to 40 [HIGH_INCOME, MALE], reach: 12500 coefs: (v=2.0, m=1.5)
05/04 06:57:00 INFO OrOmerShelly.Coordinator|****=== ESPECIALLY CRAFTED ===****
05/04 06:57:00 INFO OrOmerShelly.Coordinator|Day 36: Campaign total budget bid: 171.16182603153356
05/04 06:57:00 INFO OrOmerShelly.Coordinator|Day 36: Adjusting ucs bid: was 0.16259344182510477 level reported: 0.47829690000000014 target: 1.0 adjusted: 0.12564691556086705
05/04 06:57:00 SEVERE OrOmerShelly.OOSAgent|Exception thrown while trying to parse message.java.lang.NullPointerException
05/04 06:57:00 INFO OrOmerShelly.Coordinator|Day 36 : Simulation Status Received
05/04 06:57:00 WARNING OrOmerShelly.Coordinator|BidBundle is null!
05/04 06:57:00 INFO OrOmerShelly.Coordinator|Day 36 ended. Starting next day
05/04 06:57:10 INFO OrOmerShelly.Coordinator|Day 37 :BankStatus[-4.406327]
05/04 06:57:10 INFO OrOmerShelly.OOSAgent|UNKNOWN Message Received: (CampaignAuctionReport CampaignAuctionReportEntry [actualBid=2194.0, effectiveBid=2189.5736044547953] CampaignAuctionReportEntry [actualBid=2415.0, effectiveBid=2401.4665049020227] CampaignAuctionReportEntry [actualBid=2961.0, effectiveBid=2959.3063627799556])
05/04 06:57:10 SEVERE OrOmerShelly.OOSAgent|Exception thrown while trying to parse message.java.lang.NullPointerException
05/04 06:57:10 INFO OrOmerShelly.Coordinator|Day 37: Campaign opportunity - Campaign ID 223295385: day 39 to 41 [FEMALE, YOUNG], reach: 6250 coefs: (v=2.0, m=1.5)
05/04 06:57:10 INFO OrOmerShelly.Coordinator|****=== ESPECIALLY CRAFTED ===****
05/04 06:57:10 INFO OrOmerShelly.Coordinator|Day 37: Campaign total budget bid: 83.46823135011213
05/04 06:57:10 INFO OrOmerShelly.Coordinator|Day 37: Adjusting ucs bid: was 0.12564691556086705 level reported: 0.47829690000000014 target: 1.0 adjusted: 0.15206948010598392
05/04 06:57:10 SEVERE OrOmerShelly.OOSAgent|Exception thrown while trying to parse message.java.lang.NullPointerException
05/04 06:57:10 INFO OrOmerShelly.Coordinator|Day 37 : Simulation Status Received
05/04 06:57:10 WARNING OrOmerShelly.Coordinator|BidBundle is null!
05/04 06:57:10 INFO OrOmerShelly.Coordinator|Day 37 ended. Starting next day
05/04 06:57:20 INFO OrOmerShelly.Coordinator|Day 38 :BankStatus[-4.497923]
05/04 06:57:20 INFO OrOmerShelly.OOSAgent|UNKNOWN Message Received: (CampaignAuctionReport CampaignAuctionReportEntry [actualBid=2471.0, effectiveBid=2457.152684725838] CampaignAuctionReportEntry [actualBid=3022.0, effectiveBid=3015.9031142490385])
05/04 06:57:20 SEVERE OrOmerShelly.OOSAgent|Exception thrown while trying to parse message.java.lang.NullPointerException
05/04 06:57:20 INFO OrOmerShelly.Coordinator|Day 38: Campaign opportunity - Campaign ID 2007184558: day 40 to 44 [YOUNG, MALE], reach: 3750 coefs: (v=2.0, m=1.5)
05/04 06:57:20 INFO OrOmerShelly.Coordinator|****=== ESPECIALLY CRAFTED ===****
05/04 06:57:20 INFO OrOmerShelly.Coordinator|Day 38: Campaign total budget bid: 29.03793511196958
05/04 06:57:20 INFO OrOmerShelly.Coordinator|Day 38: Adjusting ucs bid: was 0.15206948010598392 level reported: 0.47829690000000014 target: 1.0 adjusted: 0.12975763037738586
05/04 06:57:20 SEVERE OrOmerShelly.OOSAgent|Exception thrown while trying to parse message.java.lang.NullPointerException
05/04 06:57:20 INFO OrOmerShelly.Coordinator|Day 38 : Simulation Status Received
05/04 06:57:20 WARNING OrOmerShelly.Coordinator|BidBundle is null!
05/04 06:57:20 INFO OrOmerShelly.Coordinator|Day 38 ended. Starting next day
05/04 06:57:31 INFO OrOmerShelly.Coordinator|Day 39 :BankStatus[-4.608782]
05/04 06:57:31 INFO OrOmerShelly.OOSAgent|UNKNOWN Message Received: (CampaignAuctionReport CampaignAuctionReportEntry [actualBid=2402.0, effectiveBid=2397.1539644031077] CampaignAuctionReportEntry [actualBid=2930.0, effectiveBid=2924.0664750611218])
05/04 06:57:31 SEVERE OrOmerShelly.OOSAgent|Exception thrown while trying to parse message.java.lang.NullPointerException
05/04 06:57:31 INFO OrOmerShelly.Coordinator|Day 39: Campaign opportunity - Campaign ID 1868652505: day 41 to 50 [LOW_INCOME, OLD], reach: 3750 coefs: (v=2.0, m=1.5)
05/04 06:57:31 INFO OrOmerShelly.Coordinator|****=== ESPECIALLY CRAFTED ===****
05/04 06:57:31 INFO OrOmerShelly.Coordinator|Day 39: Campaign total budget bid: 14.229589856091946
05/04 06:57:31 INFO OrOmerShelly.Coordinator|Day 39: Adjusting ucs bid: was 0.12975763037738586 level reported: 0.47829690000000014 target: 1.0 adjusted: 0.13988654971600675
05/04 06:57:31 SEVERE OrOmerShelly.OOSAgent|Exception thrown while trying to parse message.java.lang.NullPointerException
05/04 06:57:31 INFO OrOmerShelly.Coordinator|Day 39 : Simulation Status Received
05/04 06:57:31 WARNING OrOmerShelly.Coordinator|BidBundle is null!
05/04 06:57:31 INFO OrOmerShelly.Coordinator|Day 39 ended. Starting next day
05/04 06:57:40 INFO OrOmerShelly.Coordinator|Day 40 :BankStatus[-4.703375]
05/04 06:57:40 INFO OrOmerShelly.OOSAgent|UNKNOWN Message Received: (CampaignAuctionReport CampaignAuctionReportEntry [actualBid=2369.0, effectiveBid=2364.220541911308] CampaignAuctionReportEntry [actualBid=2938.0, effectiveBid=2932.0502743104353])
05/04 06:57:40 SEVERE OrOmerShelly.OOSAgent|Exception thrown while trying to parse message.java.lang.NullPointerException
05/04 06:57:40 INFO OrOmerShelly.Coordinator|Day 40: Campaign opportunity - Campaign ID 549947449: day 42 to 44 [YOUNG, HIGH_INCOME], reach: 3750 coefs: (v=2.0, m=1.5)
05/04 06:57:40 INFO OrOmerShelly.Coordinator|****=== ESPECIALLY CRAFTED ===****
05/04 06:57:40 INFO OrOmerShelly.Coordinator|Day 40: Campaign total budget bid: 51.886792433250264
05/04 06:57:40 INFO OrOmerShelly.Coordinator|Day 40: Adjusting ucs bid: was 0.13988654971600675 level reported: 0.47829690000000014 target: 1.0 adjusted: 0.1513066785170748
05/04 06:57:40 SEVERE OrOmerShelly.OOSAgent|Exception thrown while trying to parse message.java.lang.NullPointerException
05/04 06:57:40 INFO OrOmerShelly.Coordinator|Day 40 : Simulation Status Received
05/04 06:57:40 WARNING OrOmerShelly.Coordinator|BidBundle is null!
05/04 06:57:40 INFO OrOmerShelly.Coordinator|Day 40 ended. Starting next day
05/04 06:57:50 INFO OrOmerShelly.Coordinator|Day 41 :BankStatus[-4.805352]
05/04 06:57:50 INFO OrOmerShelly.OOSAgent|UNKNOWN Message Received: (CampaignAuctionReport CampaignAuctionReportEntry [actualBid=2307.0, effectiveBid=2302.345626926715] CampaignAuctionReportEntry [actualBid=2812.0, effectiveBid=2806.3054361337454])
05/04 06:57:50 SEVERE OrOmerShelly.OOSAgent|Exception thrown while trying to parse message.java.lang.NullPointerException
05/04 06:57:50 INFO OrOmerShelly.Coordinator|Day 41: Campaign opportunity - Campaign ID 1177811830: day 43 to 45 [FEMALE, LOW_INCOME], reach: 3750 coefs: (v=2.0, m=1.5)
05/04 06:57:50 INFO OrOmerShelly.Coordinator|****=== ESPECIALLY CRAFTED ===****
05/04 06:57:50 INFO OrOmerShelly.Coordinator|Day 41: Campaign total budget bid: 46.57508474858311
05/04 06:57:50 INFO OrOmerShelly.Coordinator|Day 41: Adjusting ucs bid: was 0.1513066785170748 level reported: 0.47829690000000014 target: 1.0 adjusted: 0.1366083192345714
05/04 06:57:50 SEVERE OrOmerShelly.OOSAgent|Exception thrown while trying to parse message.java.lang.NullPointerException
05/04 06:57:50 INFO OrOmerShelly.Coordinator|Day 41 : Simulation Status Received
05/04 06:57:50 WARNING OrOmerShelly.Coordinator|BidBundle is null!
05/04 06:57:50 INFO OrOmerShelly.Coordinator|Day 41 ended. Starting next day
05/04 06:58:00 INFO OrOmerShelly.Coordinator|Day 42 :BankStatus[-4.915655]
05/04 06:58:00 INFO OrOmerShelly.OOSAgent|UNKNOWN Message Received: (CampaignAuctionReport CampaignAuctionReportEntry [actualBid=2277.0, effectiveBid=2272.3888613358954] CampaignAuctionReportEntry [actualBid=2811.0, effectiveBid=2809.743969696976])
05/04 06:58:00 SEVERE OrOmerShelly.OOSAgent|Exception thrown while trying to parse message.java.lang.NullPointerException
05/04 06:58:00 INFO OrOmerShelly.Coordinator|Day 42: Campaign opportunity - Campaign ID 333190163: day 44 to 53 [YOUNG, MALE], reach: 12500 coefs: (v=2.0, m=1.5)
05/04 06:58:00 INFO OrOmerShelly.Coordinator|****=== ESPECIALLY CRAFTED ===****
05/04 06:58:00 INFO OrOmerShelly.Coordinator|Day 42: Campaign total budget bid: 48.3965585199493
05/04 06:58:00 INFO OrOmerShelly.Coordinator|Day 42: Adjusting ucs bid: was 0.1366083192345714 level reported: 0.47829690000000014 target: 1.0 adjusted: 0.17091767578765427
05/04 06:58:00 SEVERE OrOmerShelly.OOSAgent|Exception thrown while trying to parse message.java.lang.NullPointerException
05/04 06:58:00 INFO OrOmerShelly.Coordinator|Day 42 : Simulation Status Received
05/04 06:58:00 WARNING OrOmerShelly.Coordinator|BidBundle is null!
05/04 06:58:00 INFO OrOmerShelly.Coordinator|Day 42 ended. Starting next day
05/04 06:58:10 INFO OrOmerShelly.Coordinator|Day 43 :BankStatus[-5.015243]
05/04 06:58:10 INFO OrOmerShelly.OOSAgent|UNKNOWN Message Received: (CampaignAuctionReport CampaignAuctionReportEntry [actualBid=2590.0, effectiveBid=2588.8348514765626] CampaignAuctionReportEntry [actualBid=3137.0, effectiveBid=3137.869452501957])
05/04 06:58:10 SEVERE OrOmerShelly.OOSAgent|Exception thrown while trying to parse message.java.lang.NullPointerException
05/04 06:58:10 INFO OrOmerShelly.Coordinator|Day 43: Campaign opportunity - Campaign ID 254627635: day 45 to 49 [FEMALE, OLD], reach: 3750 coefs: (v=2.0, m=1.5)
05/04 06:58:10 INFO OrOmerShelly.Coordinator|****=== ESPECIALLY CRAFTED ===****
05/04 06:58:10 INFO OrOmerShelly.Coordinator|Day 43: Campaign total budget bid: 26.32978722003735
05/04 06:58:10 INFO OrOmerShelly.Coordinator|Day 43: Adjusting ucs bid: was 0.17091767578765427 level reported: 0.47829690000000014 target: 1.0 adjusted: 0.11735511708961933
05/04 06:58:10 SEVERE OrOmerShelly.OOSAgent|Exception thrown while trying to parse message.java.lang.NullPointerException
05/04 06:58:10 INFO OrOmerShelly.Coordinator|Day 43 : Simulation Status Received
05/04 06:58:10 WARNING OrOmerShelly.Coordinator|BidBundle is null!
05/04 06:58:10 INFO OrOmerShelly.Coordinator|Day 43 ended. Starting next day
05/04 06:58:20 INFO OrOmerShelly.Coordinator|Day 44 :BankStatus[-5.139841]
05/04 06:58:20 INFO OrOmerShelly.OOSAgent|UNKNOWN Message Received: (CampaignAuctionReport CampaignAuctionReportEntry [actualBid=2779.0, effectiveBid=2779.7702290414213] CampaignAuctionReportEntry [actualBid=2946.0, effectiveBid=2944.6746997876267])
05/04 06:58:20 SEVERE OrOmerShelly.OOSAgent|Exception thrown while trying to parse message.java.lang.NullPointerException
05/04 06:58:20 INFO OrOmerShelly.Coordinator|Day 44: Campaign opportunity - Campaign ID 776923704: day 46 to 48 [FEMALE, HIGH_INCOME], reach: 12500 coefs: (v=2.0, m=1.5)
05/04 06:58:20 INFO OrOmerShelly.Coordinator|****=== ESPECIALLY CRAFTED ===****
05/04 06:58:20 INFO OrOmerShelly.Coordinator|Day 44: Campaign total budget bid: 156.60592258692617
05/04 06:58:20 INFO OrOmerShelly.Coordinator|Day 44: Adjusting ucs bid: was 0.11735511708961933 level reported: 0.47829690000000014 target: 1.0 adjusted: 0.11650238046990503
05/04 06:58:20 SEVERE OrOmerShelly.OOSAgent|Exception thrown while trying to parse message.java.lang.NullPointerException
05/04 06:58:20 INFO OrOmerShelly.Coordinator|Day 44 : Simulation Status Received
05/04 06:58:20 WARNING OrOmerShelly.Coordinator|BidBundle is null!
05/04 06:58:20 INFO OrOmerShelly.Coordinator|Day 44 ended. Starting next day
05/04 06:58:30 INFO OrOmerShelly.Coordinator|Day 45 :BankStatus[-5.225393]
05/04 06:58:30 INFO OrOmerShelly.OOSAgent|UNKNOWN Message Received: (CampaignAuctionReport CampaignAuctionReportEntry [actualBid=2563.0, effectiveBid=2563.7103623724947] CampaignAuctionReportEntry [actualBid=2704.0, effectiveBid=2702.783566946959])
05/04 06:58:30 SEVERE OrOmerShelly.OOSAgent|Exception thrown while trying to parse message.java.lang.NullPointerException
05/04 06:58:30 INFO OrOmerShelly.Coordinator|Day 45: Campaign opportunity - Campaign ID 964334102: day 47 to 51 [FEMALE, OLD], reach: 12500 coefs: (v=2.0, m=1.5)
05/04 06:58:30 INFO OrOmerShelly.Coordinator|****=== ESPECIALLY CRAFTED ===****
05/04 06:58:30 INFO OrOmerShelly.Coordinator|Day 45: Campaign total budget bid: 87.76595740012449
05/04 06:58:30 INFO OrOmerShelly.Coordinator|Day 45: Adjusting ucs bid: was 0.11650238046990503 level reported: 0.47829690000000014 target: 1.0 adjusted: 0.17728203351843394
05/04 06:58:30 SEVERE OrOmerShelly.OOSAgent|Exception thrown while trying to parse message.java.lang.NullPointerException
05/04 06:58:30 INFO OrOmerShelly.Coordinator|Day 45 : Simulation Status Received
05/04 06:58:30 WARNING OrOmerShelly.Coordinator|BidBundle is null!
05/04 06:58:30 INFO OrOmerShelly.Coordinator|Day 45 ended. Starting next day
05/04 06:58:40 INFO OrOmerShelly.Coordinator|Day 46 :BankStatus[-5.310324]
05/04 06:58:40 INFO OrOmerShelly.OOSAgent|UNKNOWN Message Received: (CampaignAuctionReport CampaignAuctionReportEntry [actualBid=2190.0, effectiveBid=2189.014797194468] CampaignAuctionReportEntry [actualBid=2789.0, effectiveBid=2791.9701687901656] CampaignAuctionReportEntry [actualBid=3042.0, effectiveBid=2020.8722890605477])
05/04 06:58:40 SEVERE OrOmerShelly.OOSAgent|Exception thrown while trying to parse message.java.lang.NullPointerException
05/04 06:58:40 INFO OrOmerShelly.Coordinator|Day 46: Campaign opportunity - Campaign ID 1506704678: day 48 to 57 [LOW_INCOME, YOUNG], reach: 6250 coefs: (v=2.0, m=1.5)
05/04 06:58:40 INFO OrOmerShelly.Coordinator|****=== ESPECIALLY CRAFTED ===****
05/04 06:58:40 INFO OrOmerShelly.Coordinator|Day 46: Campaign total budget bid: 23.41089670562873
05/04 06:58:40 INFO OrOmerShelly.Coordinator|Day 46: Adjusting ucs bid: was 0.17728203351843394 level reported: 0.47829690000000014 target: 1.0 adjusted: 0.12817279686018873
05/04 06:58:40 SEVERE OrOmerShelly.OOSAgent|Exception thrown while trying to parse message.java.lang.NullPointerException
05/04 06:58:40 INFO OrOmerShelly.Coordinator|Day 46 : Simulation Status Received
05/04 06:58:40 WARNING OrOmerShelly.Coordinator|BidBundle is null!
05/04 06:58:40 INFO OrOmerShelly.Coordinator|Day 46 ended. Starting next day
05/04 06:58:51 INFO OrOmerShelly.Coordinator|Day 47 :BankStatus[-5.439562]
05/04 06:58:51 INFO OrOmerShelly.OOSAgent|UNKNOWN Message Received: (CampaignAuctionReport CampaignAuctionReportEntry [actualBid=3012.0, effectiveBid=3014.2698375063387] CampaignAuctionReportEntry [actualBid=2779.0, effectiveBid=1846.1551910911446])
05/04 06:58:51 SEVERE OrOmerShelly.OOSAgent|Exception thrown while trying to parse message.java.lang.NullPointerException
05/04 06:58:51 INFO OrOmerShelly.Coordinator|Day 47: Campaign opportunity - Campaign ID 455026390: day 49 to 53 [YOUNG, MALE], reach: 6250 coefs: (v=2.0, m=1.5)
05/04 06:58:51 INFO OrOmerShelly.Coordinator|****=== ESPECIALLY CRAFTED ===****
05/04 06:58:51 INFO OrOmerShelly.Coordinator|Day 47: Campaign total budget bid: 48.3965585199493
05/04 06:58:51 INFO OrOmerShelly.Coordinator|Day 47: Adjusting ucs bid: was 0.12817279686018873 level reported: 0.47829690000000014 target: 1.0 adjusted: 0.15455785768905775
05/04 06:58:51 SEVERE OrOmerShelly.OOSAgent|Exception thrown while trying to parse message.java.lang.NullPointerException
05/04 06:58:51 INFO OrOmerShelly.Coordinator|Day 47 : Simulation Status Received
05/04 06:58:51 WARNING OrOmerShelly.Coordinator|BidBundle is null!
05/04 06:58:51 INFO OrOmerShelly.Coordinator|Day 47 ended. Starting next day
05/04 06:59:00 INFO OrOmerShelly.Coordinator|Day 48 :BankStatus[-5.533000]
05/04 06:59:00 INFO OrOmerShelly.OOSAgent|UNKNOWN Message Received: (CampaignAuctionReport CampaignAuctionReportEntry [actualBid=2689.0, effectiveBid=2691.026425316914] CampaignAuctionReportEntry [actualBid=3006.0, effectiveBid=1996.9566406692986] CampaignAuctionReportEntry [actualBid=2279.0, effectiveBid=912.5708160161761])
05/04 06:59:00 SEVERE OrOmerShelly.OOSAgent|Exception thrown while trying to parse message.java.lang.NullPointerException
05/04 06:59:00 INFO OrOmerShelly.Coordinator|Day 48: Campaign opportunity - Campaign ID 1764085092: day 50 to 52 [LOW_INCOME, MALE], reach: 12500 coefs: (v=2.0, m=1.5)
05/04 06:59:00 INFO OrOmerShelly.Coordinator|****=== ESPECIALLY CRAFTED ===****
05/04 06:59:00 INFO OrOmerShelly.Coordinator|Day 48: Campaign total budget bid: 158.95953764576166
05/04 06:59:00 INFO OrOmerShelly.Coordinator|Day 48: Adjusting ucs bid: was 0.15455785768905775 level reported: 0.47829690000000014 target: 1.0 adjusted: 0.12342316322354589
05/04 06:59:00 SEVERE OrOmerShelly.OOSAgent|Exception thrown while trying to parse message.java.lang.NullPointerException
05/04 06:59:00 INFO OrOmerShelly.Coordinator|Day 48 : Simulation Status Received
05/04 06:59:00 WARNING OrOmerShelly.Coordinator|BidBundle is null!
05/04 06:59:00 INFO OrOmerShelly.Coordinator|Day 48 ended. Starting next day
05/04 06:59:10 INFO OrOmerShelly.Coordinator|Day 49 :BankStatus[-5.645673]
05/04 06:59:10 INFO OrOmerShelly.OOSAgent|UNKNOWN Message Received: (CampaignAuctionReport CampaignAuctionReportEntry [actualBid=2805.0, effectiveBid=2807.1138426976363] CampaignAuctionReportEntry [actualBid=2854.0, effectiveBid=1895.9794585729135])
05/04 06:59:10 SEVERE OrOmerShelly.OOSAgent|Exception thrown while trying to parse message.java.lang.NullPointerException
05/04 06:59:10 SEVERE OrOmerShelly.OOSAgent|Exception thrown while trying to parse message.java.lang.NullPointerException
05/04 06:59:10 INFO OrOmerShelly.Coordinator|Day 49 : Simulation Status Received
05/04 06:59:10 WARNING OrOmerShelly.Coordinator|BidBundle is null!
05/04 06:59:10 INFO OrOmerShelly.Coordinator|Day 49 ended. Starting next day
05/04 06:59:20 INFO OrOmerShelly.Coordinator|Day 50 :BankStatus[-5.735648]
05/04 06:59:20 SEVERE OrOmerShelly.OOSAgent|Exception thrown while trying to parse message.java.lang.NullPointerException
05/04 06:59:20 INFO OrOmerShelly.Coordinator|Day 50: Campaign opportunity - Campaign ID 2064872269: day 52 to 56 [LOW_INCOME, MALE], reach: 3750 coefs: (v=2.0, m=1.5)
05/04 06:59:20 INFO OrOmerShelly.Coordinator|****=== ESPECIALLY CRAFTED ===****
05/04 06:59:20 INFO OrOmerShelly.Coordinator|Day 50: Campaign total budget bid: 28.612716776237097
05/04 06:59:20 INFO OrOmerShelly.Coordinator|Day 50: Adjusting ucs bid: was 0.12342316322354589 level reported: 0.47829690000000014 target: 1.0 adjusted: 0.11596684987747818
05/04 06:59:20 SEVERE OrOmerShelly.OOSAgent|Exception thrown while trying to parse message.java.lang.NullPointerException
05/04 06:59:20 INFO OrOmerShelly.Coordinator|Day 50 : Simulation Status Received
05/04 06:59:20 WARNING OrOmerShelly.Coordinator|BidBundle is null!
05/04 06:59:20 INFO OrOmerShelly.Coordinator|Day 50 ended. Starting next day
05/04 06:59:31 INFO OrOmerShelly.Coordinator|Day 51 :BankStatus[-5.825624]
05/04 06:59:31 INFO OrOmerShelly.OOSAgent|UNKNOWN Message Received: (CampaignAuctionReport CampaignAuctionReportEntry [actualBid=2620.0, effectiveBid=1994.508557119311])
05/04 06:59:31 SEVERE OrOmerShelly.OOSAgent|Exception thrown while trying to parse message.java.lang.NullPointerException
05/04 06:59:31 INFO OrOmerShelly.Coordinator|Day 51: Campaign opportunity - Campaign ID 605277453: day 53 to 57 [YOUNG, HIGH_INCOME], reach: 12500 coefs: (v=2.0, m=1.5)
05/04 06:59:31 INFO OrOmerShelly.Coordinator|****=== ESPECIALLY CRAFTED ===****
05/04 06:59:31 INFO OrOmerShelly.Coordinator|Day 51: Campaign total budget bid: 103.77358486650053
05/04 06:59:31 INFO OrOmerShelly.Coordinator|Day 51: Adjusting ucs bid: was 0.11596684987747818 level reported: 0.47829690000000014 target: 1.0 adjusted: 0.17646711495579315
05/04 06:59:31 SEVERE OrOmerShelly.OOSAgent|Exception thrown while trying to parse message.java.lang.NullPointerException
05/04 06:59:31 INFO OrOmerShelly.Coordinator|Day 51 : Simulation Status Received
05/04 06:59:31 WARNING OrOmerShelly.Coordinator|BidBundle is null!
05/04 06:59:31 INFO OrOmerShelly.Coordinator|Day 51 ended. Starting next day
05/04 06:59:40 INFO OrOmerShelly.Coordinator|Day 52 :BankStatus[-5.910164]
05/04 06:59:40 INFO OrOmerShelly.OOSAgent|UNKNOWN Message Received: (CampaignAuctionReport CampaignAuctionReportEntry [actualBid=2230.0, effectiveBid=1697.6160619755967] CampaignAuctionReportEntry [actualBid=2596.0, effectiveBid=1976.1089231435762] CampaignAuctionReportEntry [actualBid=3137.0, effectiveBid=2083.983027870788])
05/04 06:59:40 SEVERE OrOmerShelly.OOSAgent|Exception thrown while trying to parse message.java.lang.NullPointerException
05/04 06:59:40 INFO OrOmerShelly.Coordinator|Day 52: Campaign opportunity - Campaign ID 1973613593: day 54 to 58 [FEMALE, YOUNG], reach: 6250 coefs: (v=2.0, m=1.5)
05/04 06:59:40 INFO OrOmerShelly.Coordinator|****=== ESPECIALLY CRAFTED ===****
05/04 06:59:40 INFO OrOmerShelly.Coordinator|Day 52: Campaign total budget bid: 50.08093881006727
05/04 06:59:40 INFO OrOmerShelly.Coordinator|Day 52: Adjusting ucs bid: was 0.17646711495579315 level reported: 0.47829690000000014 target: 1.0 adjusted: 0.15121262596410576
05/04 06:59:40 SEVERE OrOmerShelly.OOSAgent|Exception thrown while trying to parse message.java.lang.NullPointerException
05/04 06:59:40 INFO OrOmerShelly.Coordinator|Day 52 : Simulation Status Received
05/04 06:59:40 WARNING OrOmerShelly.Coordinator|BidBundle is null!
05/04 06:59:40 INFO OrOmerShelly.Coordinator|Day 52 ended. Starting next day
05/04 06:59:51 INFO OrOmerShelly.Coordinator|Day 53 :BankStatus[-6.038808]
05/04 06:59:51 INFO OrOmerShelly.OOSAgent|UNKNOWN Message Received: (CampaignAuctionReport CampaignAuctionReportEntry [actualBid=2425.0, effectiveBid=1846.0623095474539] CampaignAuctionReportEntry [actualBid=3194.0, effectiveBid=2889.4640633545782] CampaignAuctionReportEntry [actualBid=3261.0, effectiveBid=2166.359150107313])
05/04 06:59:51 SEVERE OrOmerShelly.OOSAgent|Exception thrown while trying to parse message.java.lang.NullPointerException
05/04 06:59:51 INFO OrOmerShelly.Coordinator|Day 53: Campaign opportunity - Campaign ID 538290424: day 55 to 59 [YOUNG, HIGH_INCOME], reach: 6250 coefs: (v=2.0, m=1.5)
05/04 06:59:51 INFO OrOmerShelly.Coordinator|****=== ESPECIALLY CRAFTED ===****
05/04 06:59:51 INFO OrOmerShelly.Coordinator|Day 53: Campaign total budget bid: 51.886792433250264
05/04 06:59:51 INFO OrOmerShelly.Coordinator|Day 53: Adjusting ucs bid: was 0.15121262596410576 level reported: 0.47829690000000014 target: 1.0 adjusted: 0.12786308287625542
05/04 06:59:51 SEVERE OrOmerShelly.OOSAgent|Exception thrown while trying to parse message.java.lang.NullPointerException
05/04 06:59:51 INFO OrOmerShelly.Coordinator|Day 53 : Simulation Status Received
05/04 06:59:51 WARNING OrOmerShelly.Coordinator|BidBundle is null!
05/04 06:59:51 INFO OrOmerShelly.Coordinator|Day 53 ended. Starting next day
05/04 07:00:00 INFO OrOmerShelly.Coordinator|Day 54 :BankStatus[-6.149042]
05/04 07:00:00 INFO OrOmerShelly.OOSAgent|UNKNOWN Message Received: (CampaignAuctionReport CampaignAuctionReportEntry [actualBid=3080.0, effectiveBid=2963.0525466995064] CampaignAuctionReportEntry [actualBid=2504.0, effectiveBid=1906.2020713842576] CampaignAuctionReportEntry [actualBid=3231.0, effectiveBid=2146.4294431146054])
05/04 07:00:00 SEVERE OrOmerShelly.OOSAgent|Exception thrown while trying to parse message.java.lang.NullPointerException
05/04 07:00:00 SEVERE OrOmerShelly.OOSAgent|Exception thrown while trying to parse message.java.lang.NullPointerException
05/04 07:00:00 INFO OrOmerShelly.Coordinator|Day 54 : Simulation Status Received
05/04 07:00:00 WARNING OrOmerShelly.Coordinator|BidBundle is null!
05/04 07:00:00 INFO OrOmerShelly.Coordinator|Day 54 ended. Starting next day
05/04 07:00:10 INFO OrOmerShelly.Coordinator|Day 55 :BankStatus[-6.242254]
05/04 07:00:10 SEVERE OrOmerShelly.OOSAgent|Exception thrown while trying to parse message.java.lang.NullPointerException
05/04 07:00:10 SEVERE OrOmerShelly.OOSAgent|Exception thrown while trying to parse message.java.lang.NullPointerException
05/04 07:00:10 INFO OrOmerShelly.Coordinator|Day 55 : Simulation Status Received
05/04 07:00:10 WARNING OrOmerShelly.Coordinator|BidBundle is null!
05/04 07:00:10 INFO OrOmerShelly.Coordinator|Day 55 ended. Starting next day
05/04 07:00:20 INFO OrOmerShelly.Coordinator|Day 56 :BankStatus[-6.335467]
05/04 07:00:20 SEVERE OrOmerShelly.OOSAgent|Exception thrown while trying to parse message.java.lang.NullPointerException
05/04 07:00:20 SEVERE OrOmerShelly.OOSAgent|Exception thrown while trying to parse message.java.lang.NullPointerException
05/04 07:00:20 INFO OrOmerShelly.Coordinator|Day 56 : Simulation Status Received
05/04 07:00:20 WARNING OrOmerShelly.Coordinator|BidBundle is null!
05/04 07:00:20 INFO OrOmerShelly.Coordinator|Day 56 ended. Starting next day
05/04 07:00:30 INFO OrOmerShelly.Coordinator|Day 57 :BankStatus[-6.428679]
05/04 07:00:30 SEVERE OrOmerShelly.OOSAgent|Exception thrown while trying to parse message.java.lang.NullPointerException
05/04 07:00:30 SEVERE OrOmerShelly.OOSAgent|Exception thrown while trying to parse message.java.lang.NullPointerException
05/04 07:00:30 INFO OrOmerShelly.Coordinator|Day 57 : Simulation Status Received
05/04 07:00:30 WARNING OrOmerShelly.Coordinator|BidBundle is null!
05/04 07:00:30 INFO OrOmerShelly.Coordinator|Day 57 ended. Starting next day
05/04 07:00:40 INFO OrOmerShelly.Coordinator|Day 58 :BankStatus[-6.521891]
05/04 07:00:40 SEVERE OrOmerShelly.OOSAgent|Exception thrown while trying to parse message.java.lang.NullPointerException
05/04 07:00:40 SEVERE OrOmerShelly.OOSAgent|Exception thrown while trying to parse message.java.lang.NullPointerException
05/04 07:00:40 INFO OrOmerShelly.Coordinator|Day 58 : Simulation Status Received
05/04 07:00:40 WARNING OrOmerShelly.Coordinator|BidBundle is null!
05/04 07:00:40 INFO OrOmerShelly.Coordinator|Day 58 ended. Starting next day
05/04 07:00:50 INFO OrOmerShelly.Coordinator|Day 59 :BankStatus[-6.615103]
05/04 07:00:50 SEVERE OrOmerShelly.OOSAgent|Exception thrown while trying to parse message.java.lang.NullPointerException
05/04 07:00:50 SEVERE OrOmerShelly.OOSAgent|Exception thrown while trying to parse message.java.lang.NullPointerException
05/04 07:00:50 INFO OrOmerShelly.Coordinator|Day 59 : Simulation Status Received
05/04 07:00:50 WARNING OrOmerShelly.Coordinator|BidBundle is null!
05/04 07:00:50 INFO OrOmerShelly.Coordinator|Day 59 ended. Starting next day
05/04 07:01:00 SEVERE OrOmerShelly.OOSAgent|Exception thrown while trying to parse message.java.lang.NullPointerException
05/04 07:01:00 INFO OrOmerShelly.Coordinator|Day 60 :BankStatus[-6.801528]
05/04 07:01:00 SEVERE OrOmerShelly.OOSAgent|Exception thrown while trying to parse message.java.lang.NullPointerException
05/04 07:01:00 INFO OrOmerShelly.Coordinator|Day 60 : Simulation Status Received
05/04 07:01:00 WARNING OrOmerShelly.Coordinator|BidBundle is null!
05/04 07:01:00 INFO OrOmerShelly.Coordinator|Day 60 ended. Starting next day
