05/04 06:15:01 INFO OrOmerShelly.OOSAgent|UNKNOWN Message Received: edu.umich.eecs.tac.props.AdvertiserInfo@bc76a1c1
05/04 06:15:01 INFO OrOmerShelly.Coordinator|Day 0 :BankStatus[0.000000]
05/04 06:15:01 INFO OrOmerShelly.Coordinator|tau.tac.adx.report.demand.InitialCampaignMessage[469418656,1250,1,5,[OLD, MALE],2.0,1.5,demand,[]]
05/04 06:15:01 INFO OrOmerShelly.Coordinator|Day 0: Allocated campaign - Campaign ID 469418656: day 1 to 5 [OLD, MALE], reach: 1250 coefs: (v=2.0, m=1.5)
05/04 06:15:01 INFO OrOmerShelly.Coordinator|Day 0: Campaign opportunity - Campaign ID 1202586031: day 2 to 6 [MALE, LOW_INCOME], reach: 3750 coefs: (v=2.0, m=1.5)
05/04 06:15:01 INFO OrOmerShelly.Coordinator|****=== ESPECIALLY CRAFTED ===****
05/04 06:15:01 INFO OrOmerShelly.Coordinator|Day 0: Campaign total budget bid: 598.9835431363972
05/04 06:15:01 INFO OrOmerShelly.Coordinator|Day 0: Initial ucs bid is 0.1184969344833067
05/04 06:15:01 INFO OrOmerShelly.Coordinator|Day 0 : Simulation Status Received
05/04 06:15:01 WARNING OrOmerShelly.Coordinator|BidBundle is null!
05/04 06:15:01 INFO OrOmerShelly.Coordinator|Day 0 ended. Starting next day
05/04 06:15:11 INFO OrOmerShelly.Coordinator|Day 1 :BankStatus[0.000000]
05/04 06:15:11 INFO OrOmerShelly.OOSAgent|UNKNOWN Message Received: (CampaignAuctionReport CampaignAuctionReportEntry [actualBid=598.0, effectiveBid=598.0] CampaignAuctionReportEntry [actualBid=2005.0, effectiveBid=2005.0] CampaignAuctionReportEntry [actualBid=2378.0, effectiveBid=2378.0] CampaignAuctionReportEntry [actualBid=2469.0, effectiveBid=2469.0] CampaignAuctionReportEntry [actualBid=2699.0, effectiveBid=2699.0] CampaignAuctionReportEntry [actualBid=2949.0, effectiveBid=2949.0] CampaignAuctionReportEntry [actualBid=3126.0, effectiveBid=3126.0] CampaignAuctionReportEntry [actualBid=3155.0, effectiveBid=3155.0])
05/04 06:15:11 INFO OrOmerShelly.Coordinator|Day 1: Daily notification for campaign 1202586031
05/04 06:15:11 SEVERE OrOmerShelly.OOSAgent|Exception thrown while trying to parse message.java.lang.NullPointerException
05/04 06:15:11 INFO OrOmerShelly.Coordinator|Day 1: Campaign opportunity - Campaign ID 594149356: day 3 to 5 [LOW_INCOME, YOUNG], reach: 12500 coefs: (v=2.0, m=1.5)
05/04 06:15:11 INFO OrOmerShelly.Coordinator|****=== ESPECIALLY CRAFTED ===****
05/04 06:15:11 INFO OrOmerShelly.Coordinator|Day 1: Campaign total budget bid: 3314.8505302961707
05/04 06:15:11 INFO OrOmerShelly.Coordinator|Day 1: Adjusting ucs bid: was 0.1184969344833067 level reported: 0.47829690000000014 target: 0.8 adjusted: 0.10825179356660362
05/04 06:15:11 INFO OrOmerShelly.Coordinator|Publishers Report: 
05/04 06:15:11 INFO OrOmerShelly.Coordinator|(publisher: fox popularity: 37473 video: 5734 text: 31740)
05/04 06:15:11 INFO OrOmerShelly.Coordinator|(publisher: cnn popularity: 41402 video: 29724 text: 11679)
05/04 06:15:11 INFO OrOmerShelly.Coordinator|(publisher: hfn popularity: 92662 video: 22671 text: 69992)
05/04 06:15:11 INFO OrOmerShelly.Coordinator|(publisher: target popularity: 31868 video: 4537 text: 27332)
05/04 06:15:11 INFO OrOmerShelly.Coordinator|(publisher: bestbuy popularity: 17869 video: 12386 text: 5484)
05/04 06:15:11 INFO OrOmerShelly.Coordinator|(publisher: wallmart popularity: 45096 video: 6352 text: 38745)
05/04 06:15:11 INFO OrOmerShelly.Coordinator|Day 1 : Simulation Status Received
05/04 06:15:11 WARNING OrOmerShelly.Coordinator|BidBundle is null!
05/04 06:15:11 INFO OrOmerShelly.Coordinator|Day 1 ended. Starting next day
05/04 06:15:20 INFO OrOmerShelly.Coordinator|Day 2 :BankStatus[-0.145800]
05/04 06:15:20 INFO OrOmerShelly.OOSAgent|UNKNOWN Message Received: (CampaignAuctionReport CampaignAuctionReportEntry [actualBid=2025.0, effectiveBid=2025.0] CampaignAuctionReportEntry [actualBid=2246.0, effectiveBid=2246.0] CampaignAuctionReportEntry [actualBid=2818.0, effectiveBid=2818.0] CampaignAuctionReportEntry [actualBid=2832.0, effectiveBid=2832.0] CampaignAuctionReportEntry [actualBid=2841.0, effectiveBid=2841.0] CampaignAuctionReportEntry [actualBid=3123.0, effectiveBid=3123.0] CampaignAuctionReportEntry [actualBid=3197.0, effectiveBid=3197.0] CampaignAuctionReportEntry [actualBid=3314.0, effectiveBid=3314.0])
05/04 06:15:20 INFO OrOmerShelly.Coordinator|Day 2: Updating campaign 469418656 stats: 0.0 tgtImps 0.0 nonTgtImps. Cost of imps is 0.0
05/04 06:15:20 SEVERE OrOmerShelly.OOSAgent|Exception thrown while trying to parse message.java.lang.NullPointerException
05/04 06:15:20 INFO OrOmerShelly.Coordinator|Day 2: Campaign opportunity - Campaign ID 545356151: day 4 to 6 [HIGH_INCOME, YOUNG], reach: 6250 coefs: (v=2.0, m=1.5)
05/04 06:15:20 INFO OrOmerShelly.Coordinator|****=== ESPECIALLY CRAFTED ===****
05/04 06:15:20 INFO OrOmerShelly.Coordinator|Day 2: Campaign total budget bid: 1692.5160018444722
05/04 06:15:20 INFO OrOmerShelly.Coordinator|Day 2: Adjusting ucs bid: was 0.10825179356660362 level reported: 0.47829690000000014 target: 0.8 adjusted: 0.14307673113754005
05/04 06:15:20 SEVERE OrOmerShelly.OOSAgent|Exception thrown while trying to parse message.java.lang.NullPointerException
05/04 06:15:20 INFO OrOmerShelly.Coordinator|Day 2 : Simulation Status Received
05/04 06:15:20 WARNING OrOmerShelly.Coordinator|BidBundle is null!
05/04 06:15:20 INFO OrOmerShelly.Coordinator|Day 2 ended. Starting next day
05/04 06:15:31 INFO OrOmerShelly.Coordinator|Day 3 :BankStatus[-0.291600]
05/04 06:15:31 INFO OrOmerShelly.OOSAgent|UNKNOWN Message Received: (CampaignAuctionReport CampaignAuctionReportEntry [actualBid=1692.0, effectiveBid=1692.0] CampaignAuctionReportEntry [actualBid=2227.0, effectiveBid=2227.0] CampaignAuctionReportEntry [actualBid=2422.0, effectiveBid=2422.0] CampaignAuctionReportEntry [actualBid=2992.0, effectiveBid=2992.0] CampaignAuctionReportEntry [actualBid=3028.0, effectiveBid=3028.0])
05/04 06:15:31 INFO OrOmerShelly.Coordinator|Day 3: Updating campaign 1202586031 stats: 0.0 tgtImps 0.0 nonTgtImps. Cost of imps is 0.0
05/04 06:15:31 INFO OrOmerShelly.Coordinator|Day 3: Updating campaign 469418656 stats: 0.0 tgtImps 0.0 nonTgtImps. Cost of imps is 0.0
05/04 06:15:31 SEVERE OrOmerShelly.OOSAgent|Exception thrown while trying to parse message.java.lang.NullPointerException
05/04 06:15:31 INFO OrOmerShelly.Coordinator|Day 3: Campaign opportunity - Campaign ID 993778958: day 5 to 9 [FEMALE, HIGH_INCOME], reach: 12500 coefs: (v=2.0, m=1.5)
05/04 06:15:31 INFO OrOmerShelly.Coordinator|****=== ESPECIALLY CRAFTED ===****
05/04 06:15:31 INFO OrOmerShelly.Coordinator|Day 3: Campaign total budget bid: 1990.3498191551432
05/04 06:15:31 INFO OrOmerShelly.Coordinator|Day 3: Adjusting ucs bid: was 0.14307673113754005 level reported: 0.47829690000000014 target: 0.8 adjusted: 0.14027609939226712
05/04 06:15:31 SEVERE OrOmerShelly.OOSAgent|Exception thrown while trying to parse message.java.lang.NullPointerException
05/04 06:15:31 INFO OrOmerShelly.Coordinator|Day 3 : Simulation Status Received
05/04 06:15:31 WARNING OrOmerShelly.Coordinator|BidBundle is null!
05/04 06:15:31 INFO OrOmerShelly.Coordinator|Day 3 ended. Starting next day
05/04 06:15:40 INFO OrOmerShelly.Coordinator|Day 4 :BankStatus[-0.437400]
05/04 06:15:40 INFO OrOmerShelly.OOSAgent|UNKNOWN Message Received: (CampaignAuctionReport CampaignAuctionReportEntry [actualBid=1990.0, effectiveBid=1990.0] CampaignAuctionReportEntry [actualBid=2454.0, effectiveBid=2454.0] CampaignAuctionReportEntry [actualBid=2749.0, effectiveBid=2749.0] CampaignAuctionReportEntry [actualBid=2870.0, effectiveBid=2870.0] CampaignAuctionReportEntry [actualBid=2952.0, effectiveBid=2952.0])
05/04 06:15:40 INFO OrOmerShelly.Coordinator|Day 4: Updating campaign 1202586031 stats: 0.0 tgtImps 0.0 nonTgtImps. Cost of imps is 0.0
05/04 06:15:40 INFO OrOmerShelly.Coordinator|Day 4: Updating campaign 469418656 stats: 0.0 tgtImps 0.0 nonTgtImps. Cost of imps is 0.0
05/04 06:15:40 SEVERE OrOmerShelly.OOSAgent|Exception thrown while trying to parse message.java.lang.NullPointerException
05/04 06:15:40 INFO OrOmerShelly.Coordinator|Day 4: Campaign opportunity - Campaign ID 229621610: day 6 to 15 [MALE, LOW_INCOME], reach: 12500 coefs: (v=2.0, m=1.5)
05/04 06:15:40 INFO OrOmerShelly.Coordinator|****=== ESPECIALLY CRAFTED ===****
05/04 06:15:40 INFO OrOmerShelly.Coordinator|Day 4: Campaign total budget bid: 998.3059052273287
05/04 06:15:40 INFO OrOmerShelly.Coordinator|Day 4: Adjusting ucs bid: was 0.14027609939226712 level reported: 0.47829690000000014 target: 0.8 adjusted: 0.10525141497619035
05/04 06:15:40 SEVERE OrOmerShelly.OOSAgent|Exception thrown while trying to parse message.java.lang.NullPointerException
05/04 06:15:40 INFO OrOmerShelly.Coordinator|Day 4 : Simulation Status Received
05/04 06:15:40 WARNING OrOmerShelly.Coordinator|BidBundle is null!
05/04 06:15:40 INFO OrOmerShelly.Coordinator|Day 4 ended. Starting next day
05/04 06:15:50 INFO OrOmerShelly.Coordinator|Day 5 :BankStatus[-0.583200]
05/04 06:15:50 INFO OrOmerShelly.OOSAgent|UNKNOWN Message Received: (CampaignAuctionReport CampaignAuctionReportEntry [actualBid=2634.0, effectiveBid=2634.0] CampaignAuctionReportEntry [actualBid=2971.0, effectiveBid=2971.0])
05/04 06:15:50 SEVERE OrOmerShelly.OOSAgent|Exception thrown while trying to parse message.java.lang.NullPointerException
05/04 06:15:50 SEVERE OrOmerShelly.OOSAgent|Exception thrown while trying to parse message.java.lang.NullPointerException
05/04 06:15:50 INFO OrOmerShelly.Coordinator|Day 5: Campaign opportunity - Campaign ID 126575338: day 7 to 9 [OLD, LOW_INCOME], reach: 6250 coefs: (v=2.0, m=1.5)
05/04 06:15:50 INFO OrOmerShelly.Coordinator|****=== ESPECIALLY CRAFTED ===****
05/04 06:15:50 INFO OrOmerShelly.Coordinator|Day 5: Campaign total budget bid: 1661.9661557095048
05/04 06:15:50 INFO OrOmerShelly.Coordinator|Day 5: Adjusting ucs bid: was 0.10525141497619035 level reported: 0.47829690000000014 target: 0.8 adjusted: 0.12822061422593334
05/04 06:15:50 SEVERE OrOmerShelly.OOSAgent|Exception thrown while trying to parse message.java.lang.NullPointerException
05/04 06:15:50 INFO OrOmerShelly.Coordinator|Day 5 : Simulation Status Received
05/04 06:15:50 WARNING OrOmerShelly.Coordinator|BidBundle is null!
05/04 06:15:50 INFO OrOmerShelly.Coordinator|Day 5 ended. Starting next day
05/04 06:16:00 INFO OrOmerShelly.Coordinator|Day 6 :BankStatus[-0.729000]
05/04 06:16:00 INFO OrOmerShelly.OOSAgent|UNKNOWN Message Received: (CampaignAuctionReport CampaignAuctionReportEntry [actualBid=1661.0, effectiveBid=1661.0] CampaignAuctionReportEntry [actualBid=2306.0, effectiveBid=2306.0] CampaignAuctionReportEntry [actualBid=2586.0, effectiveBid=2586.0])
05/04 06:16:00 SEVERE OrOmerShelly.OOSAgent|Exception thrown while trying to parse message.java.lang.NullPointerException
05/04 06:16:00 SEVERE OrOmerShelly.OOSAgent|Exception thrown while trying to parse message.java.lang.NullPointerException
05/04 06:16:00 INFO OrOmerShelly.Coordinator|Day 6: Campaign opportunity - Campaign ID 839748284: day 8 to 10 [MALE, LOW_INCOME], reach: 12500 coefs: (v=2.0, m=1.5)
05/04 06:16:00 INFO OrOmerShelly.Coordinator|****=== ESPECIALLY CRAFTED ===****
05/04 06:16:00 INFO OrOmerShelly.Coordinator|Day 6: Campaign total budget bid: 3327.6863507577627
05/04 06:16:00 INFO OrOmerShelly.Coordinator|Day 6: Adjusting ucs bid: was 0.12822061422593334 level reported: 0.47829690000000014 target: 0.8 adjusted: 0.12320148676329938
05/04 06:16:00 SEVERE OrOmerShelly.OOSAgent|Exception thrown while trying to parse message.java.lang.NullPointerException
05/04 06:16:00 INFO OrOmerShelly.Coordinator|Day 6 : Simulation Status Received
05/04 06:16:00 WARNING OrOmerShelly.Coordinator|BidBundle is null!
05/04 06:16:00 INFO OrOmerShelly.Coordinator|Day 6 ended. Starting next day
05/04 06:16:10 INFO OrOmerShelly.Coordinator|Day 7 :BankStatus[-0.874800]
05/04 06:16:10 INFO OrOmerShelly.OOSAgent|UNKNOWN Message Received: (CampaignAuctionReport CampaignAuctionReportEntry [actualBid=2149.0, effectiveBid=1691.388115125711] CampaignAuctionReportEntry [actualBid=3327.0, effectiveBid=1330.8000000000002])
05/04 06:16:10 SEVERE OrOmerShelly.OOSAgent|Exception thrown while trying to parse message.java.lang.NullPointerException
05/04 06:16:10 SEVERE OrOmerShelly.OOSAgent|Exception thrown while trying to parse message.java.lang.NullPointerException
05/04 06:16:10 INFO OrOmerShelly.Coordinator|Day 7: Campaign opportunity - Campaign ID 1894567595: day 9 to 11 [OLD, HIGH_INCOME], reach: 3750 coefs: (v=2.0, m=1.5)
05/04 06:16:10 INFO OrOmerShelly.Coordinator|****=== ESPECIALLY CRAFTED ===****
05/04 06:16:10 INFO OrOmerShelly.Coordinator|Day 7: Campaign total budget bid: 993.178169817654
05/04 06:16:10 INFO OrOmerShelly.Coordinator|Day 7: Adjusting ucs bid: was 0.12320148676329938 level reported: 0.47829690000000014 target: 0.8 adjusted: 0.15568511811589206
05/04 06:16:10 SEVERE OrOmerShelly.OOSAgent|Exception thrown while trying to parse message.java.lang.NullPointerException
05/04 06:16:10 INFO OrOmerShelly.Coordinator|Day 7 : Simulation Status Received
05/04 06:16:10 WARNING OrOmerShelly.Coordinator|BidBundle is null!
05/04 06:16:10 INFO OrOmerShelly.Coordinator|Day 7 ended. Starting next day
05/04 06:16:20 INFO OrOmerShelly.Coordinator|Day 8 :BankStatus[-1.020600]
05/04 06:16:20 SEVERE OrOmerShelly.OOSAgent|Exception thrown while trying to parse message.java.lang.NullPointerException
05/04 06:16:20 SEVERE OrOmerShelly.OOSAgent|Exception thrown while trying to parse message.java.lang.NullPointerException
05/04 06:16:20 INFO OrOmerShelly.Coordinator|Day 8: Campaign opportunity - Campaign ID 104207118: day 10 to 19 [FEMALE, HIGH_INCOME], reach: 6250 coefs: (v=2.0, m=1.5)
05/04 06:16:20 INFO OrOmerShelly.Coordinator|****=== ESPECIALLY CRAFTED ===****
05/04 06:16:20 INFO OrOmerShelly.Coordinator|Day 8: Campaign total budget bid: 497.5874547887858
05/04 06:16:20 INFO OrOmerShelly.Coordinator|Day 8: Adjusting ucs bid: was 0.15568511811589206 level reported: 0.47829690000000014 target: 0.8 adjusted: 0.18194245398689154
05/04 06:16:20 SEVERE OrOmerShelly.OOSAgent|Exception thrown while trying to parse message.java.lang.NullPointerException
05/04 06:16:20 INFO OrOmerShelly.Coordinator|Day 8 : Simulation Status Received
05/04 06:16:20 WARNING OrOmerShelly.Coordinator|BidBundle is null!
05/04 06:16:20 INFO OrOmerShelly.Coordinator|Day 8 ended. Starting next day
05/04 06:16:31 INFO OrOmerShelly.Coordinator|Day 9 :BankStatus[-1.166400]
05/04 06:16:31 INFO OrOmerShelly.OOSAgent|UNKNOWN Message Received: (CampaignAuctionReport CampaignAuctionReportEntry [actualBid=3234.0, effectiveBid=2545.3462840002558])
05/04 06:16:31 SEVERE OrOmerShelly.OOSAgent|Exception thrown while trying to parse message.java.lang.NullPointerException
05/04 06:16:31 SEVERE OrOmerShelly.OOSAgent|Exception thrown while trying to parse message.java.lang.NullPointerException
05/04 06:16:31 INFO OrOmerShelly.Coordinator|Day 9: Campaign opportunity - Campaign ID 1637795207: day 11 to 13 [OLD, LOW_INCOME], reach: 6250 coefs: (v=2.0, m=1.5)
05/04 06:16:31 INFO OrOmerShelly.Coordinator|****=== ESPECIALLY CRAFTED ===****
05/04 06:16:31 INFO OrOmerShelly.Coordinator|Day 9: Campaign total budget bid: 1661.9661557095048
05/04 06:16:31 INFO OrOmerShelly.Coordinator|Day 9: Adjusting ucs bid: was 0.18194245398689154 level reported: 0.47829690000000014 target: 0.8 adjusted: 0.1346720737370799
05/04 06:16:31 SEVERE OrOmerShelly.OOSAgent|Exception thrown while trying to parse message.java.lang.NullPointerException
05/04 06:16:31 INFO OrOmerShelly.Coordinator|Day 9 : Simulation Status Received
05/04 06:16:31 WARNING OrOmerShelly.Coordinator|BidBundle is null!
05/04 06:16:31 INFO OrOmerShelly.Coordinator|Day 9 ended. Starting next day
05/04 06:16:40 INFO OrOmerShelly.Coordinator|Day 10 :BankStatus[-1.312200]
05/04 06:16:40 INFO OrOmerShelly.OOSAgent|UNKNOWN Message Received: (CampaignAuctionReport CampaignAuctionReportEntry [actualBid=2757.0, effectiveBid=2169.9195129835207])
05/04 06:16:40 SEVERE OrOmerShelly.OOSAgent|Exception thrown while trying to parse message.java.lang.NullPointerException
05/04 06:16:40 SEVERE OrOmerShelly.OOSAgent|Exception thrown while trying to parse message.java.lang.NullPointerException
05/04 06:16:40 INFO OrOmerShelly.Coordinator|Day 10: Campaign opportunity - Campaign ID 999066322: day 12 to 14 [OLD, MALE], reach: 12500 coefs: (v=2.0, m=1.5)
05/04 06:16:40 INFO OrOmerShelly.Coordinator|****=== ESPECIALLY CRAFTED ===****
05/04 06:16:40 INFO OrOmerShelly.Coordinator|Day 10: Campaign total budget bid: 3367.6218474236744
05/04 06:16:40 INFO OrOmerShelly.Coordinator|Day 10: Adjusting ucs bid: was 0.1346720737370799 level reported: 0.47829690000000014 target: 0.8 adjusted: 0.15041494570613329
05/04 06:16:40 SEVERE OrOmerShelly.OOSAgent|Exception thrown while trying to parse message.java.lang.NullPointerException
05/04 06:16:40 INFO OrOmerShelly.Coordinator|Day 10 : Simulation Status Received
05/04 06:16:40 WARNING OrOmerShelly.Coordinator|BidBundle is null!
05/04 06:16:40 INFO OrOmerShelly.Coordinator|Day 10 ended. Starting next day
05/04 06:16:50 INFO OrOmerShelly.Coordinator|Day 11 :BankStatus[-1.458000]
05/04 06:16:50 INFO OrOmerShelly.OOSAgent|UNKNOWN Message Received: (CampaignAuctionReport CampaignAuctionReportEntry [actualBid=2213.0, effectiveBid=1741.7598412160069])
05/04 06:16:50 SEVERE OrOmerShelly.OOSAgent|Exception thrown while trying to parse message.java.lang.NullPointerException
05/04 06:16:50 INFO OrOmerShelly.Coordinator|Day 11: Campaign opportunity - Campaign ID 446427670: day 13 to 15 [FEMALE, LOW_INCOME], reach: 6250 coefs: (v=2.0, m=1.5)
05/04 06:16:50 INFO OrOmerShelly.Coordinator|****=== ESPECIALLY CRAFTED ===****
05/04 06:16:50 INFO OrOmerShelly.Coordinator|Day 11: Campaign total budget bid: 1655.5626911455404
05/04 06:16:50 INFO OrOmerShelly.Coordinator|Day 11: Adjusting ucs bid: was 0.15041494570613329 level reported: 0.47829690000000014 target: 0.8 adjusted: 0.1466305648637225
05/04 06:16:50 SEVERE OrOmerShelly.OOSAgent|Exception thrown while trying to parse message.java.lang.NullPointerException
05/04 06:16:50 INFO OrOmerShelly.Coordinator|Day 11 : Simulation Status Received
05/04 06:16:50 WARNING OrOmerShelly.Coordinator|BidBundle is null!
05/04 06:16:50 INFO OrOmerShelly.Coordinator|Day 11 ended. Starting next day
05/04 06:17:00 INFO OrOmerShelly.Coordinator|Day 12 :BankStatus[-1.603800]
05/04 06:17:00 INFO OrOmerShelly.OOSAgent|UNKNOWN Message Received: (CampaignAuctionReport CampaignAuctionReportEntry [actualBid=3117.0, effectiveBid=2851.506286326807])
05/04 06:17:00 SEVERE OrOmerShelly.OOSAgent|Exception thrown while trying to parse message.java.lang.NullPointerException
05/04 06:17:00 INFO OrOmerShelly.Coordinator|Day 12: Campaign opportunity - Campaign ID 1698571886: day 14 to 18 [OLD, MALE], reach: 3750 coefs: (v=2.0, m=1.5)
05/04 06:17:00 INFO OrOmerShelly.Coordinator|****=== ESPECIALLY CRAFTED ===****
05/04 06:17:00 INFO OrOmerShelly.Coordinator|Day 12: Campaign total budget bid: 606.1719325362614
05/04 06:17:00 INFO OrOmerShelly.Coordinator|Day 12: Adjusting ucs bid: was 0.1466305648637225 level reported: 0.47829690000000014 target: 0.8 adjusted: 0.18178920391827644
05/04 06:17:00 SEVERE OrOmerShelly.OOSAgent|Exception thrown while trying to parse message.java.lang.NullPointerException
05/04 06:17:00 INFO OrOmerShelly.Coordinator|Day 12 : Simulation Status Received
05/04 06:17:00 WARNING OrOmerShelly.Coordinator|BidBundle is null!
05/04 06:17:00 INFO OrOmerShelly.Coordinator|Day 12 ended. Starting next day
05/04 06:17:10 INFO OrOmerShelly.Coordinator|Day 13 :BankStatus[-1.749600]
05/04 06:17:10 INFO OrOmerShelly.OOSAgent|UNKNOWN Message Received: (CampaignAuctionReport CampaignAuctionReportEntry [actualBid=2491.0, effectiveBid=2278.8264867629377])
05/04 06:17:10 SEVERE OrOmerShelly.OOSAgent|Exception thrown while trying to parse message.java.lang.NullPointerException
05/04 06:17:10 INFO OrOmerShelly.Coordinator|Day 13: Campaign opportunity - Campaign ID 189572854: day 15 to 24 [FEMALE, LOW_INCOME], reach: 3750 coefs: (v=2.0, m=1.5)
05/04 06:17:10 INFO OrOmerShelly.Coordinator|****=== ESPECIALLY CRAFTED ===****
05/04 06:17:10 INFO OrOmerShelly.Coordinator|Day 13: Campaign total budget bid: 298.00128440619727
05/04 06:17:10 INFO OrOmerShelly.Coordinator|Day 13: Adjusting ucs bid: was 0.18178920391827644 level reported: 0.47829690000000014 target: 0.8 adjusted: 0.15575467904051848
05/04 06:17:10 SEVERE OrOmerShelly.OOSAgent|Exception thrown while trying to parse message.java.lang.NullPointerException
05/04 06:17:10 INFO OrOmerShelly.Coordinator|Day 13 : Simulation Status Received
05/04 06:17:10 WARNING OrOmerShelly.Coordinator|BidBundle is null!
05/04 06:17:10 INFO OrOmerShelly.Coordinator|Day 13 ended. Starting next day
05/04 06:17:20 INFO OrOmerShelly.Coordinator|Day 14 :BankStatus[-1.895400]
05/04 06:17:20 INFO OrOmerShelly.OOSAgent|UNKNOWN Message Received: (CampaignAuctionReport CampaignAuctionReportEntry [actualBid=2498.0, effectiveBid=2285.23025448969])
05/04 06:17:20 SEVERE OrOmerShelly.OOSAgent|Exception thrown while trying to parse message.java.lang.NullPointerException
05/04 06:17:20 INFO OrOmerShelly.Coordinator|Day 14: Campaign opportunity - Campaign ID 1272134281: day 16 to 18 [MALE, HIGH_INCOME], reach: 12500 coefs: (v=2.0, m=1.5)
05/04 06:17:20 INFO OrOmerShelly.Coordinator|****=== ESPECIALLY CRAFTED ===****
05/04 06:17:20 INFO OrOmerShelly.Coordinator|Day 14: Campaign total budget bid: 3378.1017127611044
05/04 06:17:20 INFO OrOmerShelly.Coordinator|Day 14: Adjusting ucs bid: was 0.15575467904051848 level reported: 0.47829690000000014 target: 0.8 adjusted: 0.10031382928899524
05/04 06:17:20 SEVERE OrOmerShelly.OOSAgent|Exception thrown while trying to parse message.java.lang.NullPointerException
05/04 06:17:20 INFO OrOmerShelly.Coordinator|Day 14 : Simulation Status Received
05/04 06:17:20 WARNING OrOmerShelly.Coordinator|BidBundle is null!
05/04 06:17:20 INFO OrOmerShelly.Coordinator|Day 14 ended. Starting next day
05/04 06:17:30 INFO OrOmerShelly.Coordinator|Day 15 :BankStatus[-2.041200]
05/04 06:17:30 INFO OrOmerShelly.OOSAgent|UNKNOWN Message Received: (CampaignAuctionReport CampaignAuctionReportEntry [actualBid=2900.0, effectiveBid=2801.6845879824987])
05/04 06:17:30 SEVERE OrOmerShelly.OOSAgent|Exception thrown while trying to parse message.java.lang.NullPointerException
05/04 06:17:30 INFO OrOmerShelly.Coordinator|Day 15: Campaign opportunity - Campaign ID 1365695259: day 17 to 26 [OLD, LOW_INCOME], reach: 12500 coefs: (v=2.0, m=1.5)
05/04 06:17:30 INFO OrOmerShelly.Coordinator|****=== ESPECIALLY CRAFTED ===****
05/04 06:17:30 INFO OrOmerShelly.Coordinator|Day 15: Campaign total budget bid: 997.1796934257029
05/04 06:17:30 INFO OrOmerShelly.Coordinator|Day 15: Adjusting ucs bid: was 0.10031382928899524 level reported: 0.47829690000000014 target: 0.8 adjusted: 0.1325850991441358
05/04 06:17:30 SEVERE OrOmerShelly.OOSAgent|Exception thrown while trying to parse message.java.lang.NullPointerException
05/04 06:17:30 INFO OrOmerShelly.Coordinator|Day 15 : Simulation Status Received
05/04 06:17:30 WARNING OrOmerShelly.Coordinator|BidBundle is null!
05/04 06:17:30 INFO OrOmerShelly.Coordinator|Day 15 ended. Starting next day
05/04 06:17:40 INFO OrOmerShelly.Coordinator|Day 16 :BankStatus[-2.187000]
05/04 06:17:40 SEVERE OrOmerShelly.OOSAgent|Exception thrown while trying to parse message.java.lang.NullPointerException
05/04 06:17:40 INFO OrOmerShelly.Coordinator|Day 16: Campaign opportunity - Campaign ID 473989804: day 18 to 20 [OLD, MALE], reach: 6250 coefs: (v=2.0, m=1.5)
05/04 06:17:40 INFO OrOmerShelly.Coordinator|****=== ESPECIALLY CRAFTED ===****
05/04 06:17:40 INFO OrOmerShelly.Coordinator|Day 16: Campaign total budget bid: 1683.8109237118372
05/04 06:17:40 INFO OrOmerShelly.Coordinator|Day 16: Adjusting ucs bid: was 0.1325850991441358 level reported: 0.47829690000000014 target: 0.8 adjusted: 0.10203990146696956
05/04 06:17:40 SEVERE OrOmerShelly.OOSAgent|Exception thrown while trying to parse message.java.lang.NullPointerException
05/04 06:17:40 INFO OrOmerShelly.Coordinator|Day 16 : Simulation Status Received
05/04 06:17:40 WARNING OrOmerShelly.Coordinator|BidBundle is null!
05/04 06:17:40 INFO OrOmerShelly.Coordinator|Day 16 ended. Starting next day
05/04 06:17:50 INFO OrOmerShelly.Coordinator|Day 17 :BankStatus[-2.332800]
05/04 06:17:50 INFO OrOmerShelly.OOSAgent|UNKNOWN Message Received: (CampaignAuctionReport CampaignAuctionReportEntry [actualBid=2170.0, effectiveBid=1957.3588719921959])
05/04 06:17:50 SEVERE OrOmerShelly.OOSAgent|Exception thrown while trying to parse message.java.lang.NullPointerException
05/04 06:17:50 INFO OrOmerShelly.Coordinator|Day 17: Campaign opportunity - Campaign ID 528576925: day 19 to 23 [FEMALE, LOW_INCOME], reach: 6250 coefs: (v=2.0, m=1.5)
05/04 06:17:50 INFO OrOmerShelly.Coordinator|****=== ESPECIALLY CRAFTED ===****
05/04 06:17:50 INFO OrOmerShelly.Coordinator|Day 17: Campaign total budget bid: 993.3376146873242
05/04 06:17:50 INFO OrOmerShelly.Coordinator|Day 17: Adjusting ucs bid: was 0.10203990146696956 level reported: 0.47829690000000014 target: 0.8 adjusted: 0.10537954185269556
05/04 06:17:50 SEVERE OrOmerShelly.OOSAgent|Exception thrown while trying to parse message.java.lang.NullPointerException
05/04 06:17:50 INFO OrOmerShelly.Coordinator|Day 17 : Simulation Status Received
05/04 06:17:50 WARNING OrOmerShelly.Coordinator|BidBundle is null!
05/04 06:17:50 INFO OrOmerShelly.Coordinator|Day 17 ended. Starting next day
05/04 06:18:00 INFO OrOmerShelly.Coordinator|Day 18 :BankStatus[-2.478600]
05/04 06:18:00 INFO OrOmerShelly.OOSAgent|UNKNOWN Message Received: (CampaignAuctionReport CampaignAuctionReportEntry [actualBid=2108.0, effectiveBid=1901.4343327924187])
05/04 06:18:00 SEVERE OrOmerShelly.OOSAgent|Exception thrown while trying to parse message.java.lang.NullPointerException
05/04 06:18:00 INFO OrOmerShelly.Coordinator|Day 18: Campaign opportunity - Campaign ID 429653959: day 20 to 29 [FEMALE, HIGH_INCOME], reach: 6250 coefs: (v=2.0, m=1.5)
05/04 06:18:00 INFO OrOmerShelly.Coordinator|****=== ESPECIALLY CRAFTED ===****
05/04 06:18:00 INFO OrOmerShelly.Coordinator|Day 18: Campaign total budget bid: 497.5874547887858
05/04 06:18:00 INFO OrOmerShelly.Coordinator|Day 18: Adjusting ucs bid: was 0.10537954185269556 level reported: 0.47829690000000014 target: 0.8 adjusted: 0.13928046714328746
05/04 06:18:00 SEVERE OrOmerShelly.OOSAgent|Exception thrown while trying to parse message.java.lang.NullPointerException
05/04 06:18:00 INFO OrOmerShelly.Coordinator|Day 18 : Simulation Status Received
05/04 06:18:00 WARNING OrOmerShelly.Coordinator|BidBundle is null!
05/04 06:18:00 INFO OrOmerShelly.Coordinator|Day 18 ended. Starting next day
05/04 06:18:10 INFO OrOmerShelly.Coordinator|Day 19 :BankStatus[-2.624400]
05/04 06:18:10 INFO OrOmerShelly.OOSAgent|UNKNOWN Message Received: (CampaignAuctionReport CampaignAuctionReportEntry [actualBid=2260.0, effectiveBid=2038.5396547015496])
05/04 06:18:10 SEVERE OrOmerShelly.OOSAgent|Exception thrown while trying to parse message.java.lang.NullPointerException
05/04 06:18:10 INFO OrOmerShelly.Coordinator|Day 19: Campaign opportunity - Campaign ID 1083871711: day 21 to 25 [FEMALE, LOW_INCOME], reach: 3750 coefs: (v=2.0, m=1.5)
05/04 06:18:10 INFO OrOmerShelly.Coordinator|****=== ESPECIALLY CRAFTED ===****
05/04 06:18:10 INFO OrOmerShelly.Coordinator|Day 19: Campaign total budget bid: 596.0025688123945
05/04 06:18:10 INFO OrOmerShelly.Coordinator|Day 19: Adjusting ucs bid: was 0.13928046714328746 level reported: 0.47829690000000014 target: 0.8 adjusted: 0.11302638688861835
05/04 06:18:10 SEVERE OrOmerShelly.OOSAgent|Exception thrown while trying to parse message.java.lang.NullPointerException
05/04 06:18:10 INFO OrOmerShelly.Coordinator|Day 19 : Simulation Status Received
05/04 06:18:10 WARNING OrOmerShelly.Coordinator|BidBundle is null!
05/04 06:18:10 INFO OrOmerShelly.Coordinator|Day 19 ended. Starting next day
05/04 06:18:20 INFO OrOmerShelly.Coordinator|Day 20 :BankStatus[-2.770200]
05/04 06:18:20 SEVERE OrOmerShelly.OOSAgent|Exception thrown while trying to parse message.java.lang.NullPointerException
05/04 06:18:20 INFO OrOmerShelly.Coordinator|Day 20: Campaign opportunity - Campaign ID 150377421: day 22 to 24 [FEMALE, LOW_INCOME], reach: 12500 coefs: (v=2.0, m=1.5)
05/04 06:18:20 INFO OrOmerShelly.Coordinator|****=== ESPECIALLY CRAFTED ===****
05/04 06:18:20 INFO OrOmerShelly.Coordinator|Day 20: Campaign total budget bid: 3311.1253822910808
05/04 06:18:20 INFO OrOmerShelly.Coordinator|Day 20: Adjusting ucs bid: was 0.11302638688861835 level reported: 0.47829690000000014 target: 0.8 adjusted: 0.14938732593248621
05/04 06:18:20 SEVERE OrOmerShelly.OOSAgent|Exception thrown while trying to parse message.java.lang.NullPointerException
05/04 06:18:20 INFO OrOmerShelly.Coordinator|Day 20 : Simulation Status Received
05/04 06:18:20 WARNING OrOmerShelly.Coordinator|BidBundle is null!
05/04 06:18:20 INFO OrOmerShelly.Coordinator|Day 20 ended. Starting next day
05/04 06:18:30 INFO OrOmerShelly.Coordinator|Day 21 :BankStatus[-2.916000]
05/04 06:18:30 SEVERE OrOmerShelly.OOSAgent|Exception thrown while trying to parse message.java.lang.NullPointerException
05/04 06:18:30 INFO OrOmerShelly.Coordinator|Day 21: Campaign opportunity - Campaign ID 626131966: day 23 to 32 [FEMALE, HIGH_INCOME], reach: 6250 coefs: (v=2.0, m=1.5)
05/04 06:18:30 INFO OrOmerShelly.Coordinator|****=== ESPECIALLY CRAFTED ===****
05/04 06:18:30 INFO OrOmerShelly.Coordinator|Day 21: Campaign total budget bid: 497.5874547887858
05/04 06:18:30 INFO OrOmerShelly.Coordinator|Day 21: Adjusting ucs bid: was 0.14938732593248621 level reported: 0.47829690000000014 target: 0.8 adjusted: 0.11121586130765998
05/04 06:18:30 SEVERE OrOmerShelly.OOSAgent|Exception thrown while trying to parse message.java.lang.NullPointerException
05/04 06:18:30 INFO OrOmerShelly.Coordinator|Day 21 : Simulation Status Received
05/04 06:18:30 WARNING OrOmerShelly.Coordinator|BidBundle is null!
05/04 06:18:30 INFO OrOmerShelly.Coordinator|Day 21 ended. Starting next day
05/04 06:18:40 INFO OrOmerShelly.Coordinator|Day 22 :BankStatus[-3.061800]
05/04 06:18:40 SEVERE OrOmerShelly.OOSAgent|Exception thrown while trying to parse message.java.lang.NullPointerException
05/04 06:18:40 INFO OrOmerShelly.Coordinator|Day 22: Campaign opportunity - Campaign ID 827986386: day 24 to 33 [FEMALE, HIGH_INCOME], reach: 6250 coefs: (v=2.0, m=1.5)
05/04 06:18:40 INFO OrOmerShelly.Coordinator|****=== ESPECIALLY CRAFTED ===****
05/04 06:18:40 INFO OrOmerShelly.Coordinator|Day 22: Campaign total budget bid: 497.5874547887858
05/04 06:18:40 INFO OrOmerShelly.Coordinator|Day 22: Adjusting ucs bid: was 0.11121586130765998 level reported: 0.47829690000000014 target: 0.8 adjusted: 0.14699434865950423
05/04 06:18:40 SEVERE OrOmerShelly.OOSAgent|Exception thrown while trying to parse message.java.lang.NullPointerException
05/04 06:18:40 INFO OrOmerShelly.Coordinator|Day 22 : Simulation Status Received
05/04 06:18:40 WARNING OrOmerShelly.Coordinator|BidBundle is null!
05/04 06:18:40 INFO OrOmerShelly.Coordinator|Day 22 ended. Starting next day
05/04 06:18:50 INFO OrOmerShelly.Coordinator|Day 23 :BankStatus[-3.207600]
05/04 06:18:50 SEVERE OrOmerShelly.OOSAgent|Exception thrown while trying to parse message.java.lang.NullPointerException
05/04 06:18:50 INFO OrOmerShelly.Coordinator|Day 23: Campaign opportunity - Campaign ID 1431056435: day 25 to 29 [OLD, LOW_INCOME], reach: 6250 coefs: (v=2.0, m=1.5)
05/04 06:18:50 INFO OrOmerShelly.Coordinator|****=== ESPECIALLY CRAFTED ===****
05/04 06:18:50 INFO OrOmerShelly.Coordinator|Day 23: Campaign total budget bid: 997.1796934257029
05/04 06:18:50 INFO OrOmerShelly.Coordinator|Day 23: Adjusting ucs bid: was 0.14699434865950423 level reported: 0.47829690000000014 target: 0.8 adjusted: 0.17104706853253399
05/04 06:18:50 SEVERE OrOmerShelly.OOSAgent|Exception thrown while trying to parse message.java.lang.NullPointerException
05/04 06:18:50 INFO OrOmerShelly.Coordinator|Day 23 : Simulation Status Received
05/04 06:18:50 WARNING OrOmerShelly.Coordinator|BidBundle is null!
05/04 06:18:50 INFO OrOmerShelly.Coordinator|Day 23 ended. Starting next day
05/04 06:19:01 INFO OrOmerShelly.Coordinator|Day 24 :BankStatus[-3.353400]
05/04 06:19:01 SEVERE OrOmerShelly.OOSAgent|Exception thrown while trying to parse message.java.lang.NullPointerException
05/04 06:19:01 INFO OrOmerShelly.Coordinator|Day 24: Campaign opportunity - Campaign ID 112742359: day 26 to 28 [FEMALE, YOUNG], reach: 12500 coefs: (v=2.0, m=1.5)
05/04 06:19:01 INFO OrOmerShelly.Coordinator|****=== ESPECIALLY CRAFTED ===****
05/04 06:19:01 INFO OrOmerShelly.Coordinator|Day 24: Campaign total budget bid: 3361.3102987740194
05/04 06:19:01 INFO OrOmerShelly.Coordinator|Day 24: Adjusting ucs bid: was 0.17104706853253399 level reported: 0.47829690000000014 target: 0.8 adjusted: 0.14614491092256676
05/04 06:19:01 SEVERE OrOmerShelly.OOSAgent|Exception thrown while trying to parse message.java.lang.NullPointerException
05/04 06:19:01 INFO OrOmerShelly.Coordinator|Day 24 : Simulation Status Received
05/04 06:19:01 WARNING OrOmerShelly.Coordinator|BidBundle is null!
05/04 06:19:01 INFO OrOmerShelly.Coordinator|Day 24 ended. Starting next day
05/04 06:19:10 INFO OrOmerShelly.Coordinator|Day 25 :BankStatus[-3.499200]
05/04 06:19:10 INFO OrOmerShelly.OOSAgent|UNKNOWN Message Received: (CampaignAuctionReport CampaignAuctionReportEntry [actualBid=3210.0, effectiveBid=2079.6084220194493])
05/04 06:19:10 SEVERE OrOmerShelly.OOSAgent|Exception thrown while trying to parse message.java.lang.NullPointerException
05/04 06:19:10 INFO OrOmerShelly.Coordinator|Day 25: Campaign opportunity - Campaign ID 1532902700: day 27 to 36 [MALE, HIGH_INCOME], reach: 12500 coefs: (v=2.0, m=1.5)
05/04 06:19:10 INFO OrOmerShelly.Coordinator|****=== ESPECIALLY CRAFTED ===****
05/04 06:19:10 INFO OrOmerShelly.Coordinator|Day 25: Campaign total budget bid: 1013.4305138283312
05/04 06:19:10 INFO OrOmerShelly.Coordinator|Day 25: Adjusting ucs bid: was 0.14614491092256676 level reported: 0.47829690000000014 target: 0.8 adjusted: 0.15746502288795
05/04 06:19:10 SEVERE OrOmerShelly.OOSAgent|Exception thrown while trying to parse message.java.lang.NullPointerException
05/04 06:19:10 INFO OrOmerShelly.Coordinator|Day 25 : Simulation Status Received
05/04 06:19:10 WARNING OrOmerShelly.Coordinator|BidBundle is null!
05/04 06:19:10 INFO OrOmerShelly.Coordinator|Day 25 ended. Starting next day
05/04 06:19:20 INFO OrOmerShelly.Coordinator|Day 26 :BankStatus[-3.645000]
05/04 06:19:20 INFO OrOmerShelly.OOSAgent|UNKNOWN Message Received: (CampaignAuctionReport CampaignAuctionReportEntry [actualBid=2795.0, effectiveBid=2402.573971745259])
05/04 06:19:20 SEVERE OrOmerShelly.OOSAgent|Exception thrown while trying to parse message.java.lang.NullPointerException
05/04 06:19:20 INFO OrOmerShelly.Coordinator|Day 26: Campaign opportunity - Campaign ID 291125519: day 28 to 32 [MALE, YOUNG], reach: 6250 coefs: (v=2.0, m=1.5)
05/04 06:19:20 INFO OrOmerShelly.Coordinator|****=== ESPECIALLY CRAFTED ===****
05/04 06:19:20 INFO OrOmerShelly.Coordinator|Day 26: Campaign total budget bid: 1001.3756273510156
05/04 06:19:20 INFO OrOmerShelly.Coordinator|Day 26: Adjusting ucs bid: was 0.15746502288795 level reported: 0.47829690000000014 target: 0.8 adjusted: 0.1951758724077091
05/04 06:19:20 SEVERE OrOmerShelly.OOSAgent|Exception thrown while trying to parse message.java.lang.NullPointerException
05/04 06:19:20 INFO OrOmerShelly.Coordinator|Day 26 : Simulation Status Received
05/04 06:19:20 WARNING OrOmerShelly.Coordinator|BidBundle is null!
05/04 06:19:20 INFO OrOmerShelly.Coordinator|Day 26 ended. Starting next day
05/04 06:19:30 INFO OrOmerShelly.Coordinator|Day 27 :BankStatus[-3.790800]
05/04 06:19:30 INFO OrOmerShelly.OOSAgent|UNKNOWN Message Received: (CampaignAuctionReport CampaignAuctionReportEntry [actualBid=2145.0, effectiveBid=1843.835838781245])
05/04 06:19:30 SEVERE OrOmerShelly.OOSAgent|Exception thrown while trying to parse message.java.lang.NullPointerException
05/04 06:19:30 INFO OrOmerShelly.Coordinator|Day 27: Campaign opportunity - Campaign ID 1670096748: day 29 to 31 [FEMALE, LOW_INCOME], reach: 12500 coefs: (v=2.0, m=1.5)
05/04 06:19:30 INFO OrOmerShelly.Coordinator|****=== ESPECIALLY CRAFTED ===****
05/04 06:19:30 INFO OrOmerShelly.Coordinator|Day 27: Campaign total budget bid: 3311.1253822910808
05/04 06:19:30 INFO OrOmerShelly.Coordinator|Day 27: Adjusting ucs bid: was 0.1951758724077091 level reported: 0.47829690000000014 target: 0.8 adjusted: 0.11240738909286396
05/04 06:19:30 SEVERE OrOmerShelly.OOSAgent|Exception thrown while trying to parse message.java.lang.NullPointerException
05/04 06:19:30 INFO OrOmerShelly.Coordinator|Day 27 : Simulation Status Received
05/04 06:19:30 WARNING OrOmerShelly.Coordinator|BidBundle is null!
05/04 06:19:30 INFO OrOmerShelly.Coordinator|Day 27 ended. Starting next day
05/04 06:19:40 INFO OrOmerShelly.Coordinator|Day 28 :BankStatus[-3.936600]
05/04 06:19:40 INFO OrOmerShelly.OOSAgent|UNKNOWN Message Received: (CampaignAuctionReport CampaignAuctionReportEntry [actualBid=3221.0, effectiveBid=2768.762348118597])
05/04 06:19:40 SEVERE OrOmerShelly.OOSAgent|Exception thrown while trying to parse message.java.lang.NullPointerException
05/04 06:19:40 INFO OrOmerShelly.Coordinator|Day 28: Campaign opportunity - Campaign ID 352399350: day 30 to 39 [FEMALE, OLD], reach: 6250 coefs: (v=2.0, m=1.5)
05/04 06:19:40 INFO OrOmerShelly.Coordinator|****=== ESPECIALLY CRAFTED ===****
05/04 06:19:40 INFO OrOmerShelly.Coordinator|Day 28: Campaign total budget bid: 490.2543379498153
05/04 06:19:40 INFO OrOmerShelly.Coordinator|Day 28: Adjusting ucs bid: was 0.11240738909286396 level reported: 0.47829690000000014 target: 0.8 adjusted: 0.14856919462694448
05/04 06:19:40 SEVERE OrOmerShelly.OOSAgent|Exception thrown while trying to parse message.java.lang.NullPointerException
05/04 06:19:40 INFO OrOmerShelly.Coordinator|Day 28 : Simulation Status Received
05/04 06:19:40 WARNING OrOmerShelly.Coordinator|BidBundle is null!
05/04 06:19:40 INFO OrOmerShelly.Coordinator|Day 28 ended. Starting next day
05/04 06:19:50 INFO OrOmerShelly.Coordinator|Day 29 :BankStatus[-4.082400]
05/04 06:19:50 INFO OrOmerShelly.OOSAgent|UNKNOWN Message Received: (CampaignAuctionReport CampaignAuctionReportEntry [actualBid=2682.0, effectiveBid=2305.439496322284])
05/04 06:19:50 SEVERE OrOmerShelly.OOSAgent|Exception thrown while trying to parse message.java.lang.NullPointerException
05/04 06:19:50 INFO OrOmerShelly.Coordinator|Day 29: Campaign opportunity - Campaign ID 296190692: day 31 to 33 [LOW_INCOME, YOUNG], reach: 12500 coefs: (v=2.0, m=1.5)
05/04 06:19:50 INFO OrOmerShelly.Coordinator|****=== ESPECIALLY CRAFTED ===****
05/04 06:19:50 INFO OrOmerShelly.Coordinator|Day 29: Campaign total budget bid: 3314.8505302961707
05/04 06:19:50 INFO OrOmerShelly.Coordinator|Day 29: Adjusting ucs bid: was 0.14856919462694448 level reported: 0.47829690000000014 target: 0.8 adjusted: 0.120285006927359
05/04 06:19:50 SEVERE OrOmerShelly.OOSAgent|Exception thrown while trying to parse message.java.lang.NullPointerException
05/04 06:19:50 INFO OrOmerShelly.Coordinator|Day 29 : Simulation Status Received
05/04 06:19:50 WARNING OrOmerShelly.Coordinator|BidBundle is null!
05/04 06:19:50 INFO OrOmerShelly.Coordinator|Day 29 ended. Starting next day
05/04 06:20:00 INFO OrOmerShelly.Coordinator|Day 30 :BankStatus[-4.228200]
05/04 06:20:00 SEVERE OrOmerShelly.OOSAgent|Exception thrown while trying to parse message.java.lang.NullPointerException
05/04 06:20:00 INFO OrOmerShelly.Coordinator|Day 30: Campaign opportunity - Campaign ID 1071792496: day 32 to 36 [LOW_INCOME, YOUNG], reach: 6250 coefs: (v=2.0, m=1.5)
05/04 06:20:00 INFO OrOmerShelly.Coordinator|****=== ESPECIALLY CRAFTED ===****
05/04 06:20:00 INFO OrOmerShelly.Coordinator|Day 30: Campaign total budget bid: 994.4551590888511
05/04 06:20:00 INFO OrOmerShelly.Coordinator|Day 30: Adjusting ucs bid: was 0.120285006927359 level reported: 0.47829690000000014 target: 0.8 adjusted: 0.15898106653941185
05/04 06:20:00 SEVERE OrOmerShelly.OOSAgent|Exception thrown while trying to parse message.java.lang.NullPointerException
05/04 06:20:00 INFO OrOmerShelly.Coordinator|Day 30 : Simulation Status Received
05/04 06:20:00 WARNING OrOmerShelly.Coordinator|BidBundle is null!
05/04 06:20:00 INFO OrOmerShelly.Coordinator|Day 30 ended. Starting next day
05/04 06:20:10 INFO OrOmerShelly.Coordinator|Day 31 :BankStatus[-4.374000]
05/04 06:20:10 INFO OrOmerShelly.OOSAgent|UNKNOWN Message Received: (CampaignAuctionReport CampaignAuctionReportEntry [actualBid=2977.0, effectiveBid=2195.85956350423])
05/04 06:20:10 SEVERE OrOmerShelly.OOSAgent|Exception thrown while trying to parse message.java.lang.NullPointerException
05/04 06:20:10 INFO OrOmerShelly.Coordinator|Day 31: Campaign opportunity - Campaign ID 281731168: day 33 to 42 [LOW_INCOME, YOUNG], reach: 6250 coefs: (v=2.0, m=1.5)
05/04 06:20:10 INFO OrOmerShelly.Coordinator|****=== ESPECIALLY CRAFTED ===****
05/04 06:20:10 INFO OrOmerShelly.Coordinator|Day 31: Campaign total budget bid: 497.22757954442557
05/04 06:20:10 INFO OrOmerShelly.Coordinator|Day 31: Adjusting ucs bid: was 0.15898106653941185 level reported: 0.47829690000000014 target: 0.8 adjusted: 0.16539604807260896
05/04 06:20:10 SEVERE OrOmerShelly.OOSAgent|Exception thrown while trying to parse message.java.lang.NullPointerException
05/04 06:20:10 INFO OrOmerShelly.Coordinator|Day 31 : Simulation Status Received
05/04 06:20:10 WARNING OrOmerShelly.Coordinator|BidBundle is null!
05/04 06:20:10 INFO OrOmerShelly.Coordinator|Day 31 ended. Starting next day
05/04 06:20:20 INFO OrOmerShelly.Coordinator|Day 32 :BankStatus[-4.519800]
05/04 06:20:20 INFO OrOmerShelly.OOSAgent|UNKNOWN Message Received: (CampaignAuctionReport CampaignAuctionReportEntry [actualBid=2121.0, effectiveBid=1564.466958076074])
05/04 06:20:20 SEVERE OrOmerShelly.OOSAgent|Exception thrown while trying to parse message.java.lang.NullPointerException
05/04 06:20:20 INFO OrOmerShelly.Coordinator|Day 32: Campaign opportunity - Campaign ID 1781399452: day 34 to 38 [LOW_INCOME, YOUNG], reach: 3750 coefs: (v=2.0, m=1.5)
05/04 06:20:20 INFO OrOmerShelly.Coordinator|****=== ESPECIALLY CRAFTED ===****
05/04 06:20:20 INFO OrOmerShelly.Coordinator|Day 32: Campaign total budget bid: 596.6730954533107
05/04 06:20:20 INFO OrOmerShelly.Coordinator|Day 32: Adjusting ucs bid: was 0.16539604807260896 level reported: 0.47829690000000014 target: 0.8 adjusted: 0.15033941216479085
05/04 06:20:20 SEVERE OrOmerShelly.OOSAgent|Exception thrown while trying to parse message.java.lang.NullPointerException
05/04 06:20:20 INFO OrOmerShelly.Coordinator|Day 32 : Simulation Status Received
05/04 06:20:20 WARNING OrOmerShelly.Coordinator|BidBundle is null!
05/04 06:20:20 INFO OrOmerShelly.Coordinator|Day 32 ended. Starting next day
05/04 06:20:30 INFO OrOmerShelly.Coordinator|Day 33 :BankStatus[-4.665600]
05/04 06:20:30 INFO OrOmerShelly.OOSAgent|UNKNOWN Message Received: (CampaignAuctionReport CampaignAuctionReportEntry [actualBid=3232.0, effectiveBid=2892.8595839613395])
05/04 06:20:30 SEVERE OrOmerShelly.OOSAgent|Exception thrown while trying to parse message.java.lang.NullPointerException
05/04 06:20:30 INFO OrOmerShelly.Coordinator|Day 33: Campaign opportunity - Campaign ID 1935379626: day 35 to 44 [FEMALE, YOUNG], reach: 12500 coefs: (v=2.0, m=1.5)
05/04 06:20:30 INFO OrOmerShelly.Coordinator|****=== ESPECIALLY CRAFTED ===****
05/04 06:20:30 INFO OrOmerShelly.Coordinator|Day 33: Campaign total budget bid: 1008.3930896322057
05/04 06:20:30 INFO OrOmerShelly.Coordinator|Day 33: Adjusting ucs bid: was 0.15033941216479085 level reported: 0.47829690000000014 target: 0.8 adjusted: 0.15547510892650407
05/04 06:20:30 SEVERE OrOmerShelly.OOSAgent|Exception thrown while trying to parse message.java.lang.NullPointerException
05/04 06:20:30 INFO OrOmerShelly.Coordinator|Day 33 : Simulation Status Received
05/04 06:20:30 WARNING OrOmerShelly.Coordinator|BidBundle is null!
05/04 06:20:30 INFO OrOmerShelly.Coordinator|Day 33 ended. Starting next day
05/04 06:20:40 INFO OrOmerShelly.Coordinator|Day 34 :BankStatus[-4.811400]
05/04 06:20:40 SEVERE OrOmerShelly.OOSAgent|Exception thrown while trying to parse message.java.lang.NullPointerException
05/04 06:20:40 INFO OrOmerShelly.Coordinator|Day 34: Campaign opportunity - Campaign ID 662005514: day 36 to 40 [FEMALE, LOW_INCOME], reach: 3750 coefs: (v=2.0, m=1.5)
05/04 06:20:40 INFO OrOmerShelly.Coordinator|****=== ESPECIALLY CRAFTED ===****
05/04 06:20:40 INFO OrOmerShelly.Coordinator|Day 34: Campaign total budget bid: 596.0025688123945
05/04 06:20:40 INFO OrOmerShelly.Coordinator|Day 34: Adjusting ucs bid: was 0.15547510892650407 level reported: 0.47829690000000014 target: 0.8 adjusted: 0.12005995164410092
05/04 06:20:40 SEVERE OrOmerShelly.OOSAgent|Exception thrown while trying to parse message.java.lang.NullPointerException
05/04 06:20:40 INFO OrOmerShelly.Coordinator|Day 34 : Simulation Status Received
05/04 06:20:40 WARNING OrOmerShelly.Coordinator|BidBundle is null!
05/04 06:20:40 INFO OrOmerShelly.Coordinator|Day 34 ended. Starting next day
05/04 06:20:50 INFO OrOmerShelly.Coordinator|Day 35 :BankStatus[-4.957200]
05/04 06:20:50 SEVERE OrOmerShelly.OOSAgent|Exception thrown while trying to parse message.java.lang.NullPointerException
05/04 06:20:50 INFO OrOmerShelly.Coordinator|Day 35: Campaign opportunity - Campaign ID 771489540: day 37 to 46 [OLD, LOW_INCOME], reach: 3750 coefs: (v=2.0, m=1.5)
05/04 06:20:50 INFO OrOmerShelly.Coordinator|****=== ESPECIALLY CRAFTED ===****
05/04 06:20:50 INFO OrOmerShelly.Coordinator|Day 35: Campaign total budget bid: 299.1539080277109
05/04 06:20:50 INFO OrOmerShelly.Coordinator|Day 35: Adjusting ucs bid: was 0.12005995164410092 level reported: 0.47829690000000014 target: 0.8 adjusted: 0.15868361027385827
05/04 06:20:50 SEVERE OrOmerShelly.OOSAgent|Exception thrown while trying to parse message.java.lang.NullPointerException
05/04 06:20:50 INFO OrOmerShelly.Coordinator|Day 35 : Simulation Status Received
05/04 06:20:50 WARNING OrOmerShelly.Coordinator|BidBundle is null!
05/04 06:20:50 INFO OrOmerShelly.Coordinator|Day 35 ended. Starting next day
05/04 06:21:00 INFO OrOmerShelly.Coordinator|Day 36 :BankStatus[-5.103000]
05/04 06:21:00 SEVERE OrOmerShelly.OOSAgent|Exception thrown while trying to parse message.java.lang.NullPointerException
05/04 06:21:00 INFO OrOmerShelly.Coordinator|Day 36: Campaign opportunity - Campaign ID 914427082: day 38 to 42 [FEMALE, YOUNG], reach: 3750 coefs: (v=2.0, m=1.5)
05/04 06:21:00 INFO OrOmerShelly.Coordinator|****=== ESPECIALLY CRAFTED ===****
05/04 06:21:00 INFO OrOmerShelly.Coordinator|Day 36: Campaign total budget bid: 605.0358537793234
05/04 06:21:00 INFO OrOmerShelly.Coordinator|Day 36: Adjusting ucs bid: was 0.15868361027385827 level reported: 0.47829690000000014 target: 0.8 adjusted: 0.1627266400339631
05/04 06:21:00 SEVERE OrOmerShelly.OOSAgent|Exception thrown while trying to parse message.java.lang.NullPointerException
05/04 06:21:00 INFO OrOmerShelly.Coordinator|Day 36 : Simulation Status Received
05/04 06:21:00 WARNING OrOmerShelly.Coordinator|BidBundle is null!
05/04 06:21:00 INFO OrOmerShelly.Coordinator|Day 36 ended. Starting next day
05/04 06:21:10 INFO OrOmerShelly.Coordinator|Day 37 :BankStatus[-5.248800]
05/04 06:21:10 SEVERE OrOmerShelly.OOSAgent|Exception thrown while trying to parse message.java.lang.NullPointerException
05/04 06:21:10 INFO OrOmerShelly.Coordinator|Day 37: Campaign opportunity - Campaign ID 847941726: day 39 to 48 [OLD, HIGH_INCOME], reach: 3750 coefs: (v=2.0, m=1.5)
05/04 06:21:10 INFO OrOmerShelly.Coordinator|****=== ESPECIALLY CRAFTED ===****
05/04 06:21:10 INFO OrOmerShelly.Coordinator|Day 37: Campaign total budget bid: 297.9534509452962
05/04 06:21:10 INFO OrOmerShelly.Coordinator|Day 37: Adjusting ucs bid: was 0.1627266400339631 level reported: 0.47829690000000014 target: 0.8 adjusted: 0.17039423040039747
05/04 06:21:10 SEVERE OrOmerShelly.OOSAgent|Exception thrown while trying to parse message.java.lang.NullPointerException
05/04 06:21:10 INFO OrOmerShelly.Coordinator|Day 37 : Simulation Status Received
05/04 06:21:10 WARNING OrOmerShelly.Coordinator|BidBundle is null!
05/04 06:21:10 INFO OrOmerShelly.Coordinator|Day 37 ended. Starting next day
05/04 06:21:20 INFO OrOmerShelly.Coordinator|Day 38 :BankStatus[-5.394600]
05/04 06:21:20 SEVERE OrOmerShelly.OOSAgent|Exception thrown while trying to parse message.java.lang.NullPointerException
05/04 06:21:20 INFO OrOmerShelly.Coordinator|Day 38: Campaign opportunity - Campaign ID 879841412: day 40 to 42 [OLD, LOW_INCOME], reach: 3750 coefs: (v=2.0, m=1.5)
05/04 06:21:20 INFO OrOmerShelly.Coordinator|****=== ESPECIALLY CRAFTED ===****
05/04 06:21:20 INFO OrOmerShelly.Coordinator|Day 38: Campaign total budget bid: 997.1796934257029
05/04 06:21:20 INFO OrOmerShelly.Coordinator|Day 38: Adjusting ucs bid: was 0.17039423040039747 level reported: 0.47829690000000014 target: 0.8 adjusted: 0.125359815879359
05/04 06:21:20 SEVERE OrOmerShelly.OOSAgent|Exception thrown while trying to parse message.java.lang.NullPointerException
05/04 06:21:20 INFO OrOmerShelly.Coordinator|Day 38 : Simulation Status Received
05/04 06:21:20 WARNING OrOmerShelly.Coordinator|BidBundle is null!
05/04 06:21:20 INFO OrOmerShelly.Coordinator|Day 38 ended. Starting next day
05/04 06:21:30 INFO OrOmerShelly.Coordinator|Day 39 :BankStatus[-5.540400]
05/04 06:21:30 SEVERE OrOmerShelly.OOSAgent|Exception thrown while trying to parse message.java.lang.NullPointerException
05/04 06:21:30 INFO OrOmerShelly.Coordinator|Day 39: Campaign opportunity - Campaign ID 63602744: day 41 to 43 [FEMALE, LOW_INCOME], reach: 12500 coefs: (v=2.0, m=1.5)
05/04 06:21:30 INFO OrOmerShelly.Coordinator|****=== ESPECIALLY CRAFTED ===****
05/04 06:21:30 INFO OrOmerShelly.Coordinator|Day 39: Campaign total budget bid: 3311.1253822910808
05/04 06:21:30 INFO OrOmerShelly.Coordinator|Day 39: Adjusting ucs bid: was 0.125359815879359 level reported: 0.47829690000000014 target: 0.8 adjusted: 0.14095044619669447
05/04 06:21:30 SEVERE OrOmerShelly.OOSAgent|Exception thrown while trying to parse message.java.lang.NullPointerException
05/04 06:21:30 INFO OrOmerShelly.Coordinator|Day 39 : Simulation Status Received
05/04 06:21:30 WARNING OrOmerShelly.Coordinator|BidBundle is null!
05/04 06:21:30 INFO OrOmerShelly.Coordinator|Day 39 ended. Starting next day
05/04 06:21:40 INFO OrOmerShelly.Coordinator|Day 40 :BankStatus[-5.686200]
05/04 06:21:40 INFO OrOmerShelly.OOSAgent|UNKNOWN Message Received: (CampaignAuctionReport CampaignAuctionReportEntry [actualBid=3228.0, effectiveBid=2320.8367740564763])
05/04 06:21:40 SEVERE OrOmerShelly.OOSAgent|Exception thrown while trying to parse message.java.lang.NullPointerException
05/04 06:21:40 INFO OrOmerShelly.Coordinator|Day 40: Campaign opportunity - Campaign ID 328155432: day 42 to 44 [LOW_INCOME, YOUNG], reach: 6250 coefs: (v=2.0, m=1.5)
05/04 06:21:40 INFO OrOmerShelly.Coordinator|****=== ESPECIALLY CRAFTED ===****
05/04 06:21:40 INFO OrOmerShelly.Coordinator|Day 40: Campaign total budget bid: 1657.4252651480854
05/04 06:21:40 INFO OrOmerShelly.Coordinator|Day 40: Adjusting ucs bid: was 0.14095044619669447 level reported: 0.47829690000000014 target: 0.8 adjusted: 0.10929417082671351
05/04 06:21:40 SEVERE OrOmerShelly.OOSAgent|Exception thrown while trying to parse message.java.lang.NullPointerException
05/04 06:21:40 INFO OrOmerShelly.Coordinator|Day 40 : Simulation Status Received
05/04 06:21:40 WARNING OrOmerShelly.Coordinator|BidBundle is null!
05/04 06:21:40 INFO OrOmerShelly.Coordinator|Day 40 ended. Starting next day
05/04 06:21:50 INFO OrOmerShelly.Coordinator|Day 41 :BankStatus[-5.832000]
05/04 06:21:50 INFO OrOmerShelly.OOSAgent|UNKNOWN Message Received: (CampaignAuctionReport CampaignAuctionReportEntry [actualBid=2698.0, effectiveBid=2395.0383539726176])
05/04 06:21:50 SEVERE OrOmerShelly.OOSAgent|Exception thrown while trying to parse message.java.lang.NullPointerException
05/04 06:21:50 INFO OrOmerShelly.Coordinator|Day 41: Campaign opportunity - Campaign ID 1768135262: day 43 to 52 [FEMALE, OLD], reach: 3750 coefs: (v=2.0, m=1.5)
05/04 06:21:50 INFO OrOmerShelly.Coordinator|****=== ESPECIALLY CRAFTED ===****
05/04 06:21:50 INFO OrOmerShelly.Coordinator|Day 41: Campaign total budget bid: 294.1526027698892
05/04 06:21:50 INFO OrOmerShelly.Coordinator|Day 41: Adjusting ucs bid: was 0.10929417082671351 level reported: 0.47829690000000014 target: 0.8 adjusted: 0.1444544443935968
05/04 06:21:50 SEVERE OrOmerShelly.OOSAgent|Exception thrown while trying to parse message.java.lang.NullPointerException
05/04 06:21:50 INFO OrOmerShelly.Coordinator|Day 41 : Simulation Status Received
05/04 06:21:50 WARNING OrOmerShelly.Coordinator|BidBundle is null!
05/04 06:21:50 INFO OrOmerShelly.Coordinator|Day 41 ended. Starting next day
05/04 06:22:00 INFO OrOmerShelly.Coordinator|Day 42 :BankStatus[-5.977800]
05/04 06:22:00 INFO OrOmerShelly.OOSAgent|UNKNOWN Message Received: (CampaignAuctionReport CampaignAuctionReportEntry [actualBid=2937.0, effectiveBid=2607.2007581977678])
05/04 06:22:00 SEVERE OrOmerShelly.OOSAgent|Exception thrown while trying to parse message.java.lang.NullPointerException
05/04 06:22:00 INFO OrOmerShelly.Coordinator|Day 42: Campaign opportunity - Campaign ID 1700973403: day 44 to 48 [MALE, LOW_INCOME], reach: 3750 coefs: (v=2.0, m=1.5)
05/04 06:22:00 INFO OrOmerShelly.Coordinator|****=== ESPECIALLY CRAFTED ===****
05/04 06:22:00 INFO OrOmerShelly.Coordinator|Day 42: Campaign total budget bid: 598.9835431363972
05/04 06:22:00 INFO OrOmerShelly.Coordinator|Day 42: Adjusting ucs bid: was 0.1444544443935968 level reported: 0.47829690000000014 target: 0.8 adjusted: 0.14639546454697808
05/04 06:22:00 SEVERE OrOmerShelly.OOSAgent|Exception thrown while trying to parse message.java.lang.NullPointerException
05/04 06:22:00 INFO OrOmerShelly.Coordinator|Day 42 : Simulation Status Received
05/04 06:22:00 WARNING OrOmerShelly.Coordinator|BidBundle is null!
05/04 06:22:00 INFO OrOmerShelly.Coordinator|Day 42 ended. Starting next day
05/04 06:22:10 INFO OrOmerShelly.Coordinator|Day 43 :BankStatus[-6.123600]
05/04 06:22:10 INFO OrOmerShelly.OOSAgent|UNKNOWN Message Received: (CampaignAuctionReport CampaignAuctionReportEntry [actualBid=2504.0, effectiveBid=2222.8228459404872])
05/04 06:22:10 SEVERE OrOmerShelly.OOSAgent|Exception thrown while trying to parse message.java.lang.NullPointerException
05/04 06:22:10 INFO OrOmerShelly.Coordinator|Day 43: Campaign opportunity - Campaign ID 1334535938: day 45 to 49 [FEMALE, HIGH_INCOME], reach: 6250 coefs: (v=2.0, m=1.5)
05/04 06:22:10 INFO OrOmerShelly.Coordinator|****=== ESPECIALLY CRAFTED ===****
05/04 06:22:10 INFO OrOmerShelly.Coordinator|Day 43: Campaign total budget bid: 995.1749095775716
05/04 06:22:10 INFO OrOmerShelly.Coordinator|Day 43: Adjusting ucs bid: was 0.14639546454697808 level reported: 0.47829690000000014 target: 0.8 adjusted: 0.13698857819527327
05/04 06:22:10 SEVERE OrOmerShelly.OOSAgent|Exception thrown while trying to parse message.java.lang.NullPointerException
05/04 06:22:10 INFO OrOmerShelly.Coordinator|Day 43 : Simulation Status Received
05/04 06:22:10 WARNING OrOmerShelly.Coordinator|BidBundle is null!
05/04 06:22:10 INFO OrOmerShelly.Coordinator|Day 43 ended. Starting next day
05/04 06:22:20 INFO OrOmerShelly.Coordinator|Day 44 :BankStatus[-6.269400]
05/04 06:22:20 INFO OrOmerShelly.OOSAgent|UNKNOWN Message Received: (CampaignAuctionReport CampaignAuctionReportEntry [actualBid=2620.0, effectiveBid=2502.5091528376743])
05/04 06:22:20 SEVERE OrOmerShelly.OOSAgent|Exception thrown while trying to parse message.java.lang.NullPointerException
05/04 06:22:20 INFO OrOmerShelly.Coordinator|Day 44: Campaign opportunity - Campaign ID 560472367: day 46 to 50 [OLD, MALE], reach: 6250 coefs: (v=2.0, m=1.5)
05/04 06:22:20 INFO OrOmerShelly.Coordinator|****=== ESPECIALLY CRAFTED ===****
05/04 06:22:20 INFO OrOmerShelly.Coordinator|Day 44: Campaign total budget bid: 1010.2865542271022
05/04 06:22:20 INFO OrOmerShelly.Coordinator|Day 44: Adjusting ucs bid: was 0.13698857819527327 level reported: 0.47829690000000014 target: 0.8 adjusted: 0.1488718517804098
05/04 06:22:20 SEVERE OrOmerShelly.OOSAgent|Exception thrown while trying to parse message.java.lang.NullPointerException
05/04 06:22:20 INFO OrOmerShelly.Coordinator|Day 44 : Simulation Status Received
05/04 06:22:20 WARNING OrOmerShelly.Coordinator|BidBundle is null!
05/04 06:22:20 INFO OrOmerShelly.Coordinator|Day 44 ended. Starting next day
05/04 06:22:30 INFO OrOmerShelly.Coordinator|Day 45 :BankStatus[-6.415200]
05/04 06:22:30 INFO OrOmerShelly.OOSAgent|UNKNOWN Message Received: (CampaignAuctionReport CampaignAuctionReportEntry [actualBid=2603.0, effectiveBid=2556.310350771154])
05/04 06:22:30 SEVERE OrOmerShelly.OOSAgent|Exception thrown while trying to parse message.java.lang.NullPointerException
05/04 06:22:30 INFO OrOmerShelly.Coordinator|Day 45: Campaign opportunity - Campaign ID 2028850196: day 47 to 51 [MALE, LOW_INCOME], reach: 3750 coefs: (v=2.0, m=1.5)
05/04 06:22:30 INFO OrOmerShelly.Coordinator|****=== ESPECIALLY CRAFTED ===****
05/04 06:22:30 INFO OrOmerShelly.Coordinator|Day 45: Campaign total budget bid: 598.9835431363972
05/04 06:22:30 INFO OrOmerShelly.Coordinator|Day 45: Adjusting ucs bid: was 0.1488718517804098 level reported: 0.47829690000000014 target: 0.8 adjusted: 0.16110353781230924
05/04 06:22:30 SEVERE OrOmerShelly.OOSAgent|Exception thrown while trying to parse message.java.lang.NullPointerException
05/04 06:22:30 INFO OrOmerShelly.Coordinator|Day 45 : Simulation Status Received
05/04 06:22:30 WARNING OrOmerShelly.Coordinator|BidBundle is null!
05/04 06:22:30 INFO OrOmerShelly.Coordinator|Day 45 ended. Starting next day
05/04 06:22:40 INFO OrOmerShelly.Coordinator|Day 46 :BankStatus[-6.561000]
05/04 06:22:40 SEVERE OrOmerShelly.OOSAgent|Exception thrown while trying to parse message.java.lang.NullPointerException
05/04 06:22:40 INFO OrOmerShelly.Coordinator|Day 46: Campaign opportunity - Campaign ID 70780713: day 48 to 52 [MALE, YOUNG], reach: 12500 coefs: (v=2.0, m=1.5)
05/04 06:22:40 INFO OrOmerShelly.Coordinator|****=== ESPECIALLY CRAFTED ===****
05/04 06:22:40 INFO OrOmerShelly.Coordinator|Day 46: Campaign total budget bid: 2002.7512547020312
05/04 06:22:40 INFO OrOmerShelly.Coordinator|Day 46: Adjusting ucs bid: was 0.16110353781230924 level reported: 0.47829690000000014 target: 0.8 adjusted: 0.1558002507897962
05/04 06:22:40 SEVERE OrOmerShelly.OOSAgent|Exception thrown while trying to parse message.java.lang.NullPointerException
05/04 06:22:40 INFO OrOmerShelly.Coordinator|Day 46 : Simulation Status Received
05/04 06:22:40 WARNING OrOmerShelly.Coordinator|BidBundle is null!
05/04 06:22:40 INFO OrOmerShelly.Coordinator|Day 46 ended. Starting next day
05/04 06:22:50 INFO OrOmerShelly.Coordinator|Day 47 :BankStatus[-6.706800]
05/04 06:22:50 SEVERE OrOmerShelly.OOSAgent|Exception thrown while trying to parse message.java.lang.NullPointerException
05/04 06:22:50 INFO OrOmerShelly.Coordinator|Day 47: Campaign opportunity - Campaign ID 896771504: day 49 to 58 [FEMALE, LOW_INCOME], reach: 12500 coefs: (v=2.0, m=1.5)
05/04 06:22:50 INFO OrOmerShelly.Coordinator|****=== ESPECIALLY CRAFTED ===****
05/04 06:22:50 INFO OrOmerShelly.Coordinator|Day 47: Campaign total budget bid: 993.3376146873242
05/04 06:22:50 INFO OrOmerShelly.Coordinator|Day 47: Adjusting ucs bid: was 0.1558002507897962 level reported: 0.47829690000000014 target: 0.8 adjusted: 0.19615380438207736
05/04 06:22:50 SEVERE OrOmerShelly.OOSAgent|Exception thrown while trying to parse message.java.lang.NullPointerException
05/04 06:22:50 INFO OrOmerShelly.Coordinator|Day 47 : Simulation Status Received
05/04 06:22:50 WARNING OrOmerShelly.Coordinator|BidBundle is null!
05/04 06:22:50 INFO OrOmerShelly.Coordinator|Day 47 ended. Starting next day
05/04 06:23:00 INFO OrOmerShelly.Coordinator|Day 48 :BankStatus[-6.852600]
05/04 06:23:00 SEVERE OrOmerShelly.OOSAgent|Exception thrown while trying to parse message.java.lang.NullPointerException
05/04 06:23:00 INFO OrOmerShelly.Coordinator|Day 48: Campaign opportunity - Campaign ID 1029671468: day 50 to 54 [FEMALE, YOUNG], reach: 12500 coefs: (v=2.0, m=1.5)
05/04 06:23:00 INFO OrOmerShelly.Coordinator|****=== ESPECIALLY CRAFTED ===****
05/04 06:23:00 INFO OrOmerShelly.Coordinator|Day 48: Campaign total budget bid: 2016.7861792644114
05/04 06:23:00 INFO OrOmerShelly.Coordinator|Day 48: Adjusting ucs bid: was 0.19615380438207736 level reported: 0.47829690000000014 target: 0.8 adjusted: 0.1519528574997496
05/04 06:23:00 SEVERE OrOmerShelly.OOSAgent|Exception thrown while trying to parse message.java.lang.NullPointerException
05/04 06:23:00 INFO OrOmerShelly.Coordinator|Day 48 : Simulation Status Received
05/04 06:23:00 WARNING OrOmerShelly.Coordinator|BidBundle is null!
05/04 06:23:00 INFO OrOmerShelly.Coordinator|Day 48 ended. Starting next day
05/04 06:23:10 INFO OrOmerShelly.Coordinator|Day 49 :BankStatus[-6.998400]
05/04 06:23:10 SEVERE OrOmerShelly.OOSAgent|Exception thrown while trying to parse message.java.lang.NullPointerException
05/04 06:23:10 INFO OrOmerShelly.Coordinator|Day 49: Campaign opportunity - Campaign ID 169949273: day 51 to 53 [HIGH_INCOME, YOUNG], reach: 3750 coefs: (v=2.0, m=1.5)
05/04 06:23:10 INFO OrOmerShelly.Coordinator|****=== ESPECIALLY CRAFTED ===****
05/04 06:23:10 INFO OrOmerShelly.Coordinator|Day 49: Campaign total budget bid: 1015.5096011066831
05/04 06:23:10 INFO OrOmerShelly.Coordinator|Day 49: Adjusting ucs bid: was 0.1519528574997496 level reported: 0.47829690000000014 target: 0.8 adjusted: 0.101093042558981
05/04 06:23:10 SEVERE OrOmerShelly.OOSAgent|Exception thrown while trying to parse message.java.lang.NullPointerException
05/04 06:23:10 INFO OrOmerShelly.Coordinator|Day 49 : Simulation Status Received
05/04 06:23:10 WARNING OrOmerShelly.Coordinator|BidBundle is null!
05/04 06:23:10 INFO OrOmerShelly.Coordinator|Day 49 ended. Starting next day
05/04 06:23:20 INFO OrOmerShelly.Coordinator|Day 50 :BankStatus[-7.144200]
05/04 06:23:20 SEVERE OrOmerShelly.OOSAgent|Exception thrown while trying to parse message.java.lang.NullPointerException
05/04 06:23:20 INFO OrOmerShelly.Coordinator|Day 50: Campaign opportunity - Campaign ID 1850025386: day 52 to 56 [FEMALE, LOW_INCOME], reach: 3750 coefs: (v=2.0, m=1.5)
05/04 06:23:20 INFO OrOmerShelly.Coordinator|****=== ESPECIALLY CRAFTED ===****
05/04 06:23:20 INFO OrOmerShelly.Coordinator|Day 50: Campaign total budget bid: 596.0025688123945
05/04 06:23:20 INFO OrOmerShelly.Coordinator|Day 50: Adjusting ucs bid: was 0.101093042558981 level reported: 0.47829690000000014 target: 0.8 adjusted: 0.13361498773863711
05/04 06:23:20 SEVERE OrOmerShelly.OOSAgent|Exception thrown while trying to parse message.java.lang.NullPointerException
05/04 06:23:20 INFO OrOmerShelly.Coordinator|Day 50 : Simulation Status Received
05/04 06:23:20 WARNING OrOmerShelly.Coordinator|BidBundle is null!
05/04 06:23:20 INFO OrOmerShelly.Coordinator|Day 50 ended. Starting next day
05/04 06:23:30 INFO OrOmerShelly.Coordinator|Day 51 :BankStatus[-7.290000]
05/04 06:23:30 INFO OrOmerShelly.OOSAgent|UNKNOWN Message Received: (CampaignAuctionReport CampaignAuctionReportEntry [actualBid=2244.0, effectiveBid=1487.818204624408])
05/04 06:23:30 SEVERE OrOmerShelly.OOSAgent|Exception thrown while trying to parse message.java.lang.NullPointerException
05/04 06:23:30 INFO OrOmerShelly.Coordinator|Day 51: Campaign opportunity - Campaign ID 1917176271: day 53 to 55 [OLD, HIGH_INCOME], reach: 6250 coefs: (v=2.0, m=1.5)
05/04 06:23:30 INFO OrOmerShelly.Coordinator|****=== ESPECIALLY CRAFTED ===****
05/04 06:23:30 INFO OrOmerShelly.Coordinator|Day 51: Campaign total budget bid: 1655.29694969609
05/04 06:23:30 INFO OrOmerShelly.Coordinator|Day 51: Adjusting ucs bid: was 0.13361498773863711 level reported: 0.47829690000000014 target: 0.8 adjusted: 0.13557419190941628
05/04 06:23:30 SEVERE OrOmerShelly.OOSAgent|Exception thrown while trying to parse message.java.lang.NullPointerException
05/04 06:23:30 INFO OrOmerShelly.Coordinator|Day 51 : Simulation Status Received
05/04 06:23:30 WARNING OrOmerShelly.Coordinator|BidBundle is null!
05/04 06:23:30 INFO OrOmerShelly.Coordinator|Day 51 ended. Starting next day
05/04 06:23:40 INFO OrOmerShelly.Coordinator|Day 52 :BankStatus[-7.435800]
05/04 06:23:40 INFO OrOmerShelly.OOSAgent|UNKNOWN Message Received: (CampaignAuctionReport CampaignAuctionReportEntry [actualBid=2314.0, effectiveBid=2002.481881692452])
05/04 06:23:40 SEVERE OrOmerShelly.OOSAgent|Exception thrown while trying to parse message.java.lang.NullPointerException
05/04 06:23:40 INFO OrOmerShelly.Coordinator|Day 52: Campaign opportunity - Campaign ID 1922145243: day 54 to 58 [MALE, LOW_INCOME], reach: 6250 coefs: (v=2.0, m=1.5)
05/04 06:23:40 INFO OrOmerShelly.Coordinator|****=== ESPECIALLY CRAFTED ===****
05/04 06:23:40 INFO OrOmerShelly.Coordinator|Day 52: Campaign total budget bid: 998.3059052273287
05/04 06:23:40 INFO OrOmerShelly.Coordinator|Day 52: Adjusting ucs bid: was 0.13557419190941628 level reported: 0.47829690000000014 target: 0.8 adjusted: 0.14427867863196808
05/04 06:23:40 SEVERE OrOmerShelly.OOSAgent|Exception thrown while trying to parse message.java.lang.NullPointerException
05/04 06:23:40 INFO OrOmerShelly.Coordinator|Day 52 : Simulation Status Received
05/04 06:23:40 WARNING OrOmerShelly.Coordinator|BidBundle is null!
05/04 06:23:40 INFO OrOmerShelly.Coordinator|Day 52 ended. Starting next day
05/04 06:23:50 INFO OrOmerShelly.Coordinator|Day 53 :BankStatus[-7.581600]
05/04 06:23:50 INFO OrOmerShelly.OOSAgent|UNKNOWN Message Received: (CampaignAuctionReport CampaignAuctionReportEntry [actualBid=2409.0, effectiveBid=2084.692676316818])
05/04 06:23:50 SEVERE OrOmerShelly.OOSAgent|Exception thrown while trying to parse message.java.lang.NullPointerException
05/04 06:23:50 INFO OrOmerShelly.Coordinator|Day 53: Campaign opportunity - Campaign ID 984515682: day 55 to 59 [OLD, LOW_INCOME], reach: 3750 coefs: (v=2.0, m=1.5)
05/04 06:23:50 INFO OrOmerShelly.Coordinator|****=== ESPECIALLY CRAFTED ===****
05/04 06:23:50 INFO OrOmerShelly.Coordinator|Day 53: Campaign total budget bid: 598.3078160554218
05/04 06:23:50 INFO OrOmerShelly.Coordinator|Day 53: Adjusting ucs bid: was 0.14427867863196808 level reported: 0.47829690000000014 target: 0.8 adjusted: 0.19069357681177596
05/04 06:23:50 SEVERE OrOmerShelly.OOSAgent|Exception thrown while trying to parse message.java.lang.NullPointerException
05/04 06:23:50 INFO OrOmerShelly.Coordinator|Day 53 : Simulation Status Received
05/04 06:23:50 WARNING OrOmerShelly.Coordinator|BidBundle is null!
05/04 06:23:50 INFO OrOmerShelly.Coordinator|Day 53 ended. Starting next day
05/04 06:24:00 INFO OrOmerShelly.Coordinator|Day 54 :BankStatus[-7.727400]
05/04 06:24:00 INFO OrOmerShelly.OOSAgent|UNKNOWN Message Received: (CampaignAuctionReport CampaignAuctionReportEntry [actualBid=2352.0, effectiveBid=2225.479727848212])
05/04 06:24:00 SEVERE OrOmerShelly.OOSAgent|Exception thrown while trying to parse message.java.lang.NullPointerException
05/04 06:24:00 SEVERE OrOmerShelly.OOSAgent|Exception thrown while trying to parse message.java.lang.NullPointerException
05/04 06:24:00 INFO OrOmerShelly.Coordinator|Day 54 : Simulation Status Received
05/04 06:24:00 WARNING OrOmerShelly.Coordinator|BidBundle is null!
05/04 06:24:00 INFO OrOmerShelly.Coordinator|Day 54 ended. Starting next day
05/04 06:24:10 INFO OrOmerShelly.Coordinator|Day 55 :BankStatus[-7.873200]
05/04 06:24:10 SEVERE OrOmerShelly.OOSAgent|Exception thrown while trying to parse message.java.lang.NullPointerException
05/04 06:24:10 INFO OrOmerShelly.Coordinator|Day 55: Campaign opportunity - Campaign ID 609719533: day 57 to 59 [MALE, YOUNG], reach: 12500 coefs: (v=2.0, m=1.5)
05/04 06:24:10 INFO OrOmerShelly.Coordinator|****=== ESPECIALLY CRAFTED ===****
05/04 06:24:10 INFO OrOmerShelly.Coordinator|Day 55: Campaign total budget bid: 3337.918757836719
05/04 06:24:10 INFO OrOmerShelly.Coordinator|Day 55: Adjusting ucs bid: was 0.19069357681177596 level reported: 0.47829690000000014 target: 0.8 adjusted: 0.16900976947347057
05/04 06:24:10 SEVERE OrOmerShelly.OOSAgent|Exception thrown while trying to parse message.java.lang.NullPointerException
05/04 06:24:10 INFO OrOmerShelly.Coordinator|Day 55 : Simulation Status Received
05/04 06:24:10 WARNING OrOmerShelly.Coordinator|BidBundle is null!
05/04 06:24:10 INFO OrOmerShelly.Coordinator|Day 55 ended. Starting next day
05/04 06:24:21 INFO OrOmerShelly.Coordinator|Day 56 :BankStatus[-8.019000]
05/04 06:24:21 INFO OrOmerShelly.OOSAgent|UNKNOWN Message Received: (CampaignAuctionReport CampaignAuctionReportEntry [actualBid=2832.0, effectiveBid=2679.659264143765])
05/04 06:24:21 SEVERE OrOmerShelly.OOSAgent|Exception thrown while trying to parse message.java.lang.NullPointerException
05/04 06:24:21 SEVERE OrOmerShelly.OOSAgent|Exception thrown while trying to parse message.java.lang.NullPointerException
05/04 06:24:21 INFO OrOmerShelly.Coordinator|Day 56 : Simulation Status Received
05/04 06:24:21 WARNING OrOmerShelly.Coordinator|BidBundle is null!
05/04 06:24:21 INFO OrOmerShelly.Coordinator|Day 56 ended. Starting next day
05/04 06:24:30 INFO OrOmerShelly.Coordinator|Day 57 :BankStatus[-8.164800]
05/04 06:24:30 SEVERE OrOmerShelly.OOSAgent|Exception thrown while trying to parse message.java.lang.NullPointerException
05/04 06:24:30 SEVERE OrOmerShelly.OOSAgent|Exception thrown while trying to parse message.java.lang.NullPointerException
05/04 06:24:30 INFO OrOmerShelly.Coordinator|Day 57 : Simulation Status Received
05/04 06:24:30 WARNING OrOmerShelly.Coordinator|BidBundle is null!
05/04 06:24:30 INFO OrOmerShelly.Coordinator|Day 57 ended. Starting next day
05/04 06:24:40 INFO OrOmerShelly.Coordinator|Day 58 :BankStatus[-8.310600]
05/04 06:24:40 SEVERE OrOmerShelly.OOSAgent|Exception thrown while trying to parse message.java.lang.NullPointerException
05/04 06:24:40 SEVERE OrOmerShelly.OOSAgent|Exception thrown while trying to parse message.java.lang.NullPointerException
05/04 06:24:40 INFO OrOmerShelly.Coordinator|Day 58 : Simulation Status Received
05/04 06:24:40 WARNING OrOmerShelly.Coordinator|BidBundle is null!
05/04 06:24:40 INFO OrOmerShelly.Coordinator|Day 58 ended. Starting next day
05/04 06:24:50 INFO OrOmerShelly.Coordinator|Day 59 :BankStatus[-8.456400]
05/04 06:24:50 SEVERE OrOmerShelly.OOSAgent|Exception thrown while trying to parse message.java.lang.NullPointerException
05/04 06:24:50 SEVERE OrOmerShelly.OOSAgent|Exception thrown while trying to parse message.java.lang.NullPointerException
05/04 06:24:50 INFO OrOmerShelly.Coordinator|Day 59 : Simulation Status Received
05/04 06:24:50 WARNING OrOmerShelly.Coordinator|BidBundle is null!
05/04 06:24:50 INFO OrOmerShelly.Coordinator|Day 59 ended. Starting next day
05/04 06:25:00 SEVERE OrOmerShelly.OOSAgent|Exception thrown while trying to parse message.java.lang.NullPointerException
05/04 06:25:00 INFO OrOmerShelly.Coordinator|Day 60 :BankStatus[-8.748000]
05/04 06:25:00 SEVERE OrOmerShelly.OOSAgent|Exception thrown while trying to parse message.java.lang.NullPointerException
05/04 06:25:00 INFO OrOmerShelly.Coordinator|Day 60 : Simulation Status Received
05/04 06:25:00 WARNING OrOmerShelly.Coordinator|BidBundle is null!
05/04 06:25:00 INFO OrOmerShelly.Coordinator|Day 60 ended. Starting next day
