05/04 06:31:01 INFO OrOmerShelly.OOSAgent|UNKNOWN Message Received: edu.umich.eecs.tac.props.AdvertiserInfo@bc76a1c1
05/04 06:31:01 INFO OrOmerShelly.Coordinator|Day 0 :BankStatus[0.000000]
05/04 06:31:01 INFO OrOmerShelly.Coordinator|tau.tac.adx.report.demand.InitialCampaignMessage[614224506,1250,1,5,[LOW_INCOME, MALE],2.0,1.5,demand,[]]
05/04 06:31:01 INFO OrOmerShelly.Coordinator|Day 0: Allocated campaign - Campaign ID 614224506: day 1 to 5 [LOW_INCOME, MALE], reach: 1250 coefs: (v=2.0, m=1.5)
05/04 06:31:01 INFO OrOmerShelly.Coordinator|Day 0: Campaign opportunity - Campaign ID 141340300: day 2 to 6 [LOW_INCOME, YOUNG], reach: 6250 coefs: (v=2.0, m=1.5)
05/04 06:31:01 INFO OrOmerShelly.Coordinator|****=== ESPECIALLY CRAFTED ===****
05/04 06:31:01 INFO OrOmerShelly.Coordinator|Day 0: Campaign total budget bid: 1.0
05/04 06:31:01 INFO OrOmerShelly.Coordinator|Day 0: Initial ucs bid is 0.1925452801111927
05/04 06:31:01 INFO OrOmerShelly.Coordinator|Day 0 : Simulation Status Received
05/04 06:31:01 WARNING OrOmerShelly.Coordinator|BidBundle is null!
05/04 06:31:01 INFO OrOmerShelly.Coordinator|Day 0 ended. Starting next day
05/04 06:31:11 INFO OrOmerShelly.Coordinator|Day 1 :BankStatus[0.000000]
05/04 06:31:11 INFO OrOmerShelly.OOSAgent|UNKNOWN Message Received: (CampaignAuctionReport CampaignAuctionReportEntry [actualBid=2287.0, effectiveBid=2287.0] CampaignAuctionReportEntry [actualBid=2412.0, effectiveBid=2412.0] CampaignAuctionReportEntry [actualBid=2488.0, effectiveBid=2488.0] CampaignAuctionReportEntry [actualBid=2695.0, effectiveBid=2695.0] CampaignAuctionReportEntry [actualBid=2978.0, effectiveBid=2978.0] CampaignAuctionReportEntry [actualBid=3124.0, effectiveBid=3124.0] CampaignAuctionReportEntry [actualBid=3133.0, effectiveBid=3133.0])
05/04 06:31:11 INFO OrOmerShelly.Coordinator|Day 1: Daily notification for campaign 141340300
05/04 06:31:11 INFO OrOmerShelly.Coordinator|Day 1:  allocated to DummyAdnetwork-2. UCS Level set to 0.47829690000000014 at price 0.0 Quality Score is: 1.0
05/04 06:31:11 INFO OrOmerShelly.Coordinator|Day 1: Campaign opportunity - Campaign ID 1668588795: day 3 to 7 [YOUNG, MALE], reach: 12500 coefs: (v=2.0, m=1.5)
05/04 06:31:11 INFO OrOmerShelly.Coordinator|****=== ESPECIALLY CRAFTED ===****
05/04 06:31:11 INFO OrOmerShelly.Coordinator|Day 1: Campaign total budget bid: 1.0
05/04 06:31:11 INFO OrOmerShelly.Coordinator|Day 1: Adjusting ucs bid: was 0.1925452801111927 level reported: 0.47829690000000014 target: 1.0 adjusted: 0.19296657991254768
05/04 06:31:11 INFO OrOmerShelly.Coordinator|Publishers Report: 
05/04 06:31:11 INFO OrOmerShelly.Coordinator|(publisher: fox popularity: 27149 video: 6953 text: 20197)
05/04 06:31:11 INFO OrOmerShelly.Coordinator|(publisher: yahoo popularity: 131913 video: 18561 text: 113353)
05/04 06:31:11 INFO OrOmerShelly.Coordinator|(publisher: sears popularity: 14280 video: 1305 text: 12976)
05/04 06:31:11 INFO OrOmerShelly.Coordinator|(publisher: amazon popularity: 147682 video: 8393 text: 139290)
05/04 06:31:11 INFO OrOmerShelly.Coordinator|(publisher: bestbuy popularity: 19502 video: 11272 text: 8231)
05/04 06:31:11 INFO OrOmerShelly.Coordinator|(publisher: wallmart popularity: 37558 video: 22959 text: 14600)
05/04 06:31:11 INFO OrOmerShelly.Coordinator|Day 1 : Simulation Status Received
05/04 06:31:11 WARNING OrOmerShelly.Coordinator|BidBundle is null!
05/04 06:31:11 INFO OrOmerShelly.Coordinator|Day 1 ended. Starting next day
05/04 06:31:20 INFO OrOmerShelly.Coordinator|Day 2 :BankStatus[-0.145800]
05/04 06:31:20 INFO OrOmerShelly.OOSAgent|UNKNOWN Message Received: (CampaignAuctionReport CampaignAuctionReportEntry [actualBid=2427.0, effectiveBid=2427.0] CampaignAuctionReportEntry [actualBid=2671.0, effectiveBid=2671.0] CampaignAuctionReportEntry [actualBid=2740.0, effectiveBid=2740.0] CampaignAuctionReportEntry [actualBid=2995.0, effectiveBid=2995.0] CampaignAuctionReportEntry [actualBid=3141.0, effectiveBid=3141.0] CampaignAuctionReportEntry [actualBid=3157.0, effectiveBid=3157.0] CampaignAuctionReportEntry [actualBid=3262.0, effectiveBid=3262.0])
05/04 06:31:20 INFO OrOmerShelly.Coordinator|Day 2: Updating campaign 614224506 stats: 0.0 tgtImps 0.0 nonTgtImps. Cost of imps is 0.0
05/04 06:31:20 SEVERE OrOmerShelly.OOSAgent|Exception thrown while trying to parse message.java.lang.NullPointerException
05/04 06:31:20 INFO OrOmerShelly.Coordinator|Day 2: Campaign opportunity - Campaign ID 272287785: day 4 to 6 [OLD, LOW_INCOME], reach: 3750 coefs: (v=2.0, m=1.5)
05/04 06:31:20 INFO OrOmerShelly.Coordinator|****=== ESPECIALLY CRAFTED ===****
05/04 06:31:20 INFO OrOmerShelly.Coordinator|Day 2: Campaign total budget bid: 1.0
05/04 06:31:20 INFO OrOmerShelly.Coordinator|Day 2: Adjusting ucs bid: was 0.19296657991254768 level reported: 0.47829690000000014 target: 1.0 adjusted: 0.1435001590437781
05/04 06:31:20 SEVERE OrOmerShelly.OOSAgent|Exception thrown while trying to parse message.java.lang.NullPointerException
05/04 06:31:20 INFO OrOmerShelly.Coordinator|Day 2 : Simulation Status Received
05/04 06:31:20 WARNING OrOmerShelly.Coordinator|BidBundle is null!
05/04 06:31:20 INFO OrOmerShelly.Coordinator|Day 2 ended. Starting next day
05/04 06:31:31 INFO OrOmerShelly.Coordinator|Day 3 :BankStatus[-0.291600]
05/04 06:31:31 INFO OrOmerShelly.OOSAgent|UNKNOWN Message Received: (CampaignAuctionReport CampaignAuctionReportEntry [actualBid=2080.0, effectiveBid=2080.0] CampaignAuctionReportEntry [actualBid=2104.0, effectiveBid=2104.0] CampaignAuctionReportEntry [actualBid=2388.0, effectiveBid=2388.0] CampaignAuctionReportEntry [actualBid=2832.0, effectiveBid=2832.0] CampaignAuctionReportEntry [actualBid=2906.0, effectiveBid=2906.0] CampaignAuctionReportEntry [actualBid=3128.0, effectiveBid=3128.0])
05/04 06:31:31 INFO OrOmerShelly.Coordinator|Day 3: Updating campaign 614224506 stats: 0.0 tgtImps 0.0 nonTgtImps. Cost of imps is 0.0
05/04 06:31:31 SEVERE OrOmerShelly.OOSAgent|Exception thrown while trying to parse message.java.lang.NullPointerException
05/04 06:31:31 INFO OrOmerShelly.Coordinator|Day 3: Campaign opportunity - Campaign ID 1704363211: day 5 to 14 [FEMALE, YOUNG], reach: 12500 coefs: (v=2.0, m=1.5)
05/04 06:31:31 INFO OrOmerShelly.Coordinator|****=== ESPECIALLY CRAFTED ===****
05/04 06:31:31 INFO OrOmerShelly.Coordinator|Day 3: Campaign total budget bid: 1.0
05/04 06:31:31 INFO OrOmerShelly.Coordinator|Day 3: Adjusting ucs bid: was 0.1435001590437781 level reported: 0.47829690000000014 target: 1.0 adjusted: 0.12582029633524786
05/04 06:31:31 SEVERE OrOmerShelly.OOSAgent|Exception thrown while trying to parse message.java.lang.NullPointerException
05/04 06:31:31 INFO OrOmerShelly.Coordinator|Day 3 : Simulation Status Received
05/04 06:31:31 WARNING OrOmerShelly.Coordinator|BidBundle is null!
05/04 06:31:31 INFO OrOmerShelly.Coordinator|Day 3 ended. Starting next day
05/04 06:31:40 INFO OrOmerShelly.Coordinator|Day 4 :BankStatus[-0.437400]
05/04 06:31:40 INFO OrOmerShelly.OOSAgent|UNKNOWN Message Received: (CampaignAuctionReport CampaignAuctionReportEntry [actualBid=2582.0, effectiveBid=2582.0] CampaignAuctionReportEntry [actualBid=2675.0, effectiveBid=2675.0] CampaignAuctionReportEntry [actualBid=2784.0, effectiveBid=2784.0] CampaignAuctionReportEntry [actualBid=2786.0, effectiveBid=2786.0] CampaignAuctionReportEntry [actualBid=3239.0, effectiveBid=3239.0] CampaignAuctionReportEntry [actualBid=3285.0, effectiveBid=3285.0])
05/04 06:31:40 INFO OrOmerShelly.Coordinator|Day 4: Updating campaign 614224506 stats: 0.0 tgtImps 0.0 nonTgtImps. Cost of imps is 0.0
05/04 06:31:40 SEVERE OrOmerShelly.OOSAgent|Exception thrown while trying to parse message.java.lang.NullPointerException
05/04 06:31:40 INFO OrOmerShelly.Coordinator|Day 4: Campaign opportunity - Campaign ID 1189104767: day 6 to 15 [HIGH_INCOME, MALE], reach: 6250 coefs: (v=2.0, m=1.5)
05/04 06:31:40 INFO OrOmerShelly.Coordinator|****=== ESPECIALLY CRAFTED ===****
05/04 06:31:40 INFO OrOmerShelly.Coordinator|Day 4: Campaign total budget bid: 1.0
05/04 06:31:40 INFO OrOmerShelly.Coordinator|Day 4: Adjusting ucs bid: was 0.12582029633524786 level reported: 0.47829690000000014 target: 1.0 adjusted: 0.17117447043987127
05/04 06:31:40 SEVERE OrOmerShelly.OOSAgent|Exception thrown while trying to parse message.java.lang.NullPointerException
05/04 06:31:40 INFO OrOmerShelly.Coordinator|Day 4 : Simulation Status Received
05/04 06:31:40 WARNING OrOmerShelly.Coordinator|BidBundle is null!
05/04 06:31:40 INFO OrOmerShelly.Coordinator|Day 4 ended. Starting next day
05/04 06:31:50 INFO OrOmerShelly.Coordinator|Day 5 :BankStatus[-0.583200]
05/04 06:31:50 INFO OrOmerShelly.OOSAgent|UNKNOWN Message Received: (CampaignAuctionReport CampaignAuctionReportEntry [actualBid=2076.0, effectiveBid=2076.0] CampaignAuctionReportEntry [actualBid=2150.0, effectiveBid=2150.0] CampaignAuctionReportEntry [actualBid=2354.0, effectiveBid=2354.0] CampaignAuctionReportEntry [actualBid=2495.0, effectiveBid=2495.0] CampaignAuctionReportEntry [actualBid=2690.0, effectiveBid=2690.0])
05/04 06:31:50 INFO OrOmerShelly.Coordinator|Day 5: Updating campaign 614224506 stats: 0.0 tgtImps 0.0 nonTgtImps. Cost of imps is 0.0
05/04 06:31:50 SEVERE OrOmerShelly.OOSAgent|Exception thrown while trying to parse message.java.lang.NullPointerException
05/04 06:31:50 INFO OrOmerShelly.Coordinator|Day 5: Campaign opportunity - Campaign ID 1127673496: day 7 to 16 [YOUNG, HIGH_INCOME], reach: 3750 coefs: (v=2.0, m=1.5)
05/04 06:31:50 INFO OrOmerShelly.Coordinator|****=== ESPECIALLY CRAFTED ===****
05/04 06:31:50 INFO OrOmerShelly.Coordinator|Day 5: Campaign total budget bid: 1.0
05/04 06:31:50 INFO OrOmerShelly.Coordinator|Day 5: Adjusting ucs bid: was 0.17117447043987127 level reported: 0.47829690000000014 target: 1.0 adjusted: 0.12126470408409752
05/04 06:31:50 SEVERE OrOmerShelly.OOSAgent|Exception thrown while trying to parse message.java.lang.NullPointerException
05/04 06:31:50 INFO OrOmerShelly.Coordinator|Day 5 : Simulation Status Received
05/04 06:31:50 WARNING OrOmerShelly.Coordinator|BidBundle is null!
05/04 06:31:50 INFO OrOmerShelly.Coordinator|Day 5 ended. Starting next day
05/04 06:32:00 INFO OrOmerShelly.Coordinator|Day 6 :BankStatus[-0.729000]
05/04 06:32:00 INFO OrOmerShelly.OOSAgent|UNKNOWN Message Received: (CampaignAuctionReport CampaignAuctionReportEntry [actualBid=2382.0, effectiveBid=2382.0] CampaignAuctionReportEntry [actualBid=2571.0, effectiveBid=2571.0] CampaignAuctionReportEntry [actualBid=2581.0, effectiveBid=2581.0] CampaignAuctionReportEntry [actualBid=2792.0, effectiveBid=2792.0] CampaignAuctionReportEntry [actualBid=2907.0, effectiveBid=2907.0])
05/04 06:32:00 INFO OrOmerShelly.Coordinator|Day 6: Updating campaign 614224506 stats: 0.0 tgtImps 0.0 nonTgtImps. Cost of imps is 0.0
05/04 06:32:00 SEVERE OrOmerShelly.OOSAgent|Exception thrown while trying to parse message.java.lang.NullPointerException
05/04 06:32:00 INFO OrOmerShelly.Coordinator|Day 6: Campaign opportunity - Campaign ID 33245828: day 8 to 17 [YOUNG, HIGH_INCOME], reach: 6250 coefs: (v=2.0, m=1.5)
05/04 06:32:00 INFO OrOmerShelly.Coordinator|****=== ESPECIALLY CRAFTED ===****
05/04 06:32:00 INFO OrOmerShelly.Coordinator|Day 6: Campaign total budget bid: 1.0
05/04 06:32:00 INFO OrOmerShelly.Coordinator|Day 6: Adjusting ucs bid: was 0.12126470408409752 level reported: 0.47829690000000014 target: 1.0 adjusted: 0.13287078155129958
05/04 06:32:00 SEVERE OrOmerShelly.OOSAgent|Exception thrown while trying to parse message.java.lang.NullPointerException
05/04 06:32:00 INFO OrOmerShelly.Coordinator|Day 6 : Simulation Status Received
05/04 06:32:00 WARNING OrOmerShelly.Coordinator|BidBundle is null!
05/04 06:32:00 INFO OrOmerShelly.Coordinator|Day 6 ended. Starting next day
05/04 06:32:10 INFO OrOmerShelly.Coordinator|Day 7 :BankStatus[-0.874800]
05/04 06:32:10 INFO OrOmerShelly.OOSAgent|UNKNOWN Message Received: (CampaignAuctionReport CampaignAuctionReportEntry [actualBid=2383.0, effectiveBid=2383.515869102507] CampaignAuctionReportEntry [actualBid=2103.0, effectiveBid=1161.0996128805725] CampaignAuctionReportEntry [actualBid=2804.0, effectiveBid=1382.8514219658423])
05/04 06:32:10 SEVERE OrOmerShelly.OOSAgent|Exception thrown while trying to parse message.java.lang.NullPointerException
05/04 06:32:10 INFO OrOmerShelly.Coordinator|Day 7: Campaign opportunity - Campaign ID 600547325: day 9 to 18 [FEMALE, LOW_INCOME], reach: 3750 coefs: (v=2.0, m=1.5)
05/04 06:32:10 INFO OrOmerShelly.Coordinator|****=== ESPECIALLY CRAFTED ===****
05/04 06:32:10 INFO OrOmerShelly.Coordinator|Day 7: Campaign total budget bid: 1.0
05/04 06:32:10 INFO OrOmerShelly.Coordinator|Day 7: Adjusting ucs bid: was 0.13287078155129958 level reported: 0.47829690000000014 target: 1.0 adjusted: 0.18261243944104466
05/04 06:32:10 SEVERE OrOmerShelly.OOSAgent|Exception thrown while trying to parse message.java.lang.NullPointerException
05/04 06:32:10 INFO OrOmerShelly.Coordinator|Day 7 : Simulation Status Received
05/04 06:32:10 WARNING OrOmerShelly.Coordinator|BidBundle is null!
05/04 06:32:10 INFO OrOmerShelly.Coordinator|Day 7 ended. Starting next day
05/04 06:32:20 INFO OrOmerShelly.Coordinator|Day 8 :BankStatus[-1.020600]
05/04 06:32:20 INFO OrOmerShelly.OOSAgent|UNKNOWN Message Received: (CampaignAuctionReport CampaignAuctionReportEntry [actualBid=2366.0, effectiveBid=2366.2632377483105])
05/04 06:32:20 SEVERE OrOmerShelly.OOSAgent|Exception thrown while trying to parse message.java.lang.NullPointerException
05/04 06:32:20 INFO OrOmerShelly.Coordinator|Day 8: Campaign opportunity - Campaign ID 2006936655: day 10 to 12 [FEMALE, HIGH_INCOME], reach: 12500 coefs: (v=2.0, m=1.5)
05/04 06:32:20 INFO OrOmerShelly.Coordinator|****=== ESPECIALLY CRAFTED ===****
05/04 06:32:20 INFO OrOmerShelly.Coordinator|Day 8: Campaign total budget bid: 1.0
05/04 06:32:20 INFO OrOmerShelly.Coordinator|Day 8: Adjusting ucs bid: was 0.18261243944104466 level reported: 0.47829690000000014 target: 1.0 adjusted: 0.16511138892274085
05/04 06:32:20 SEVERE OrOmerShelly.OOSAgent|Exception thrown while trying to parse message.java.lang.NullPointerException
05/04 06:32:20 INFO OrOmerShelly.Coordinator|Day 8 : Simulation Status Received
05/04 06:32:20 WARNING OrOmerShelly.Coordinator|BidBundle is null!
05/04 06:32:20 INFO OrOmerShelly.Coordinator|Day 8 ended. Starting next day
05/04 06:32:30 INFO OrOmerShelly.Coordinator|Day 9 :BankStatus[-1.166400]
05/04 06:32:30 INFO OrOmerShelly.OOSAgent|UNKNOWN Message Received: (CampaignAuctionReport CampaignAuctionReportEntry [actualBid=2279.0, effectiveBid=2279.2535582537616] CampaignAuctionReportEntry [actualBid=3009.0, effectiveBid=2399.631973835598] CampaignAuctionReportEntry [actualBid=2949.0, effectiveBid=1628.1896140679069])
05/04 06:32:30 SEVERE OrOmerShelly.OOSAgent|Exception thrown while trying to parse message.java.lang.NullPointerException
05/04 06:32:30 INFO OrOmerShelly.Coordinator|Day 9: Campaign opportunity - Campaign ID 1524446485: day 11 to 15 [YOUNG, HIGH_INCOME], reach: 6250 coefs: (v=2.0, m=1.5)
05/04 06:32:30 INFO OrOmerShelly.Coordinator|****=== ESPECIALLY CRAFTED ===****
05/04 06:32:30 INFO OrOmerShelly.Coordinator|Day 9: Campaign total budget bid: 1.0
05/04 06:32:30 INFO OrOmerShelly.Coordinator|Day 9: Adjusting ucs bid: was 0.16511138892274085 level reported: 0.47829690000000014 target: 1.0 adjusted: 0.19146020218685372
05/04 06:32:30 SEVERE OrOmerShelly.OOSAgent|Exception thrown while trying to parse message.java.lang.NullPointerException
05/04 06:32:30 INFO OrOmerShelly.Coordinator|Day 9 : Simulation Status Received
05/04 06:32:30 WARNING OrOmerShelly.Coordinator|BidBundle is null!
05/04 06:32:30 INFO OrOmerShelly.Coordinator|Day 9 ended. Starting next day
05/04 06:32:40 INFO OrOmerShelly.Coordinator|Day 10 :BankStatus[-1.312200]
05/04 06:32:40 INFO OrOmerShelly.OOSAgent|UNKNOWN Message Received: (CampaignAuctionReport CampaignAuctionReportEntry [actualBid=3034.0, effectiveBid=3034.337558465078] CampaignAuctionReportEntry [actualBid=3262.0, effectiveBid=2601.3956459460683] CampaignAuctionReportEntry [actualBid=2281.0, effectiveBid=1259.3762325157327])
05/04 06:32:40 SEVERE OrOmerShelly.OOSAgent|Exception thrown while trying to parse message.java.lang.NullPointerException
05/04 06:32:40 INFO OrOmerShelly.Coordinator|Day 10: Campaign opportunity - Campaign ID 99257748: day 12 to 16 [FEMALE, YOUNG], reach: 12500 coefs: (v=2.0, m=1.5)
05/04 06:32:40 INFO OrOmerShelly.Coordinator|****=== ESPECIALLY CRAFTED ===****
05/04 06:32:40 INFO OrOmerShelly.Coordinator|Day 10: Campaign total budget bid: 1.0
05/04 06:32:40 INFO OrOmerShelly.Coordinator|Day 10: Adjusting ucs bid: was 0.19146020218685372 level reported: 0.47829690000000014 target: 1.0 adjusted: 0.10897938411321059
05/04 06:32:40 SEVERE OrOmerShelly.OOSAgent|Exception thrown while trying to parse message.java.lang.NullPointerException
05/04 06:32:40 INFO OrOmerShelly.Coordinator|Day 10 : Simulation Status Received
05/04 06:32:40 WARNING OrOmerShelly.Coordinator|BidBundle is null!
05/04 06:32:40 INFO OrOmerShelly.Coordinator|Day 10 ended. Starting next day
05/04 06:32:50 INFO OrOmerShelly.Coordinator|Day 11 :BankStatus[-1.458000]
05/04 06:32:50 INFO OrOmerShelly.OOSAgent|UNKNOWN Message Received: (CampaignAuctionReport CampaignAuctionReportEntry [actualBid=2384.0, effectiveBid=2384.265240402355] CampaignAuctionReportEntry [actualBid=2052.0, effectiveBid=1636.4389532438174])
05/04 06:32:50 SEVERE OrOmerShelly.OOSAgent|Exception thrown while trying to parse message.java.lang.NullPointerException
05/04 06:32:50 INFO OrOmerShelly.Coordinator|Day 11: Campaign opportunity - Campaign ID 446427670: day 13 to 17 [YOUNG, MALE], reach: 12500 coefs: (v=2.0, m=1.5)
05/04 06:32:50 INFO OrOmerShelly.Coordinator|****=== ESPECIALLY CRAFTED ===****
05/04 06:32:50 INFO OrOmerShelly.Coordinator|Day 11: Campaign total budget bid: 1.0
05/04 06:32:50 INFO OrOmerShelly.Coordinator|Day 11: Adjusting ucs bid: was 0.10897938411321059 level reported: 0.47829690000000014 target: 1.0 adjusted: 0.1658342666411633
05/04 06:32:50 SEVERE OrOmerShelly.OOSAgent|Exception thrown while trying to parse message.java.lang.NullPointerException
05/04 06:32:50 INFO OrOmerShelly.Coordinator|Day 11 : Simulation Status Received
05/04 06:32:50 WARNING OrOmerShelly.Coordinator|BidBundle is null!
05/04 06:32:50 INFO OrOmerShelly.Coordinator|Day 11 ended. Starting next day
05/04 06:33:00 INFO OrOmerShelly.Coordinator|Day 12 :BankStatus[-1.603800]
05/04 06:33:00 INFO OrOmerShelly.OOSAgent|UNKNOWN Message Received: (CampaignAuctionReport CampaignAuctionReportEntry [actualBid=2757.0, effectiveBid=2757.3067398445023] CampaignAuctionReportEntry [actualBid=3255.0, effectiveBid=2595.813251856055] CampaignAuctionReportEntry [actualBid=2648.0, effectiveBid=1462.0027460331696])
05/04 06:33:00 SEVERE OrOmerShelly.OOSAgent|Exception thrown while trying to parse message.java.lang.NullPointerException
05/04 06:33:00 INFO OrOmerShelly.Coordinator|Day 12: Campaign opportunity - Campaign ID 989923899: day 14 to 16 [LOW_INCOME, YOUNG], reach: 12500 coefs: (v=2.0, m=1.5)
05/04 06:33:00 INFO OrOmerShelly.Coordinator|****=== ESPECIALLY CRAFTED ===****
05/04 06:33:00 INFO OrOmerShelly.Coordinator|Day 12: Campaign total budget bid: 1.0
05/04 06:33:00 INFO OrOmerShelly.Coordinator|Day 12: Adjusting ucs bid: was 0.1658342666411633 level reported: 0.47829690000000014 target: 1.0 adjusted: 0.1422325199755524
05/04 06:33:00 SEVERE OrOmerShelly.OOSAgent|Exception thrown while trying to parse message.java.lang.NullPointerException
05/04 06:33:00 INFO OrOmerShelly.Coordinator|Day 12 : Simulation Status Received
05/04 06:33:00 WARNING OrOmerShelly.Coordinator|BidBundle is null!
05/04 06:33:00 INFO OrOmerShelly.Coordinator|Day 12 ended. Starting next day
05/04 06:33:10 INFO OrOmerShelly.Coordinator|Day 13 :BankStatus[-1.749600]
05/04 06:33:10 INFO OrOmerShelly.OOSAgent|UNKNOWN Message Received: (CampaignAuctionReport CampaignAuctionReportEntry [actualBid=2664.0, effectiveBid=2664.296392798605] CampaignAuctionReportEntry [actualBid=3179.0, effectiveBid=2535.204401735914] CampaignAuctionReportEntry [actualBid=3235.0, effectiveBid=1786.0947444929395])
05/04 06:33:10 SEVERE OrOmerShelly.OOSAgent|Exception thrown while trying to parse message.java.lang.NullPointerException
05/04 06:33:10 INFO OrOmerShelly.Coordinator|Day 13: Campaign opportunity - Campaign ID 8961354: day 15 to 17 [FEMALE, HIGH_INCOME], reach: 3750 coefs: (v=2.0, m=1.5)
05/04 06:33:10 INFO OrOmerShelly.Coordinator|****=== ESPECIALLY CRAFTED ===****
05/04 06:33:10 INFO OrOmerShelly.Coordinator|Day 13: Campaign total budget bid: 1.0
05/04 06:33:10 INFO OrOmerShelly.Coordinator|Day 13: Adjusting ucs bid: was 0.1422325199755524 level reported: 0.47829690000000014 target: 1.0 adjusted: 0.10268102953302806
05/04 06:33:10 SEVERE OrOmerShelly.OOSAgent|Exception thrown while trying to parse message.java.lang.NullPointerException
05/04 06:33:10 INFO OrOmerShelly.Coordinator|Day 13 : Simulation Status Received
05/04 06:33:10 WARNING OrOmerShelly.Coordinator|BidBundle is null!
05/04 06:33:10 INFO OrOmerShelly.Coordinator|Day 13 ended. Starting next day
05/04 06:33:20 INFO OrOmerShelly.Coordinator|Day 14 :BankStatus[-1.895400]
05/04 06:33:20 INFO OrOmerShelly.OOSAgent|UNKNOWN Message Received: (CampaignAuctionReport CampaignAuctionReportEntry [actualBid=2888.0, effectiveBid=2303.1363045653725])
05/04 06:33:20 SEVERE OrOmerShelly.OOSAgent|Exception thrown while trying to parse message.java.lang.NullPointerException
05/04 06:33:20 INFO OrOmerShelly.Coordinator|Day 14: Campaign opportunity - Campaign ID 151049956: day 16 to 20 [OLD, HIGH_INCOME], reach: 3750 coefs: (v=2.0, m=1.5)
05/04 06:33:20 INFO OrOmerShelly.Coordinator|****=== ESPECIALLY CRAFTED ===****
05/04 06:33:20 INFO OrOmerShelly.Coordinator|Day 14: Campaign total budget bid: 1.0
05/04 06:33:20 INFO OrOmerShelly.Coordinator|Day 14: Adjusting ucs bid: was 0.10268102953302806 level reported: 0.47829690000000014 target: 1.0 adjusted: 0.1531549358772876
05/04 06:33:20 SEVERE OrOmerShelly.OOSAgent|Exception thrown while trying to parse message.java.lang.NullPointerException
05/04 06:33:20 INFO OrOmerShelly.Coordinator|Day 14 : Simulation Status Received
05/04 06:33:20 WARNING OrOmerShelly.Coordinator|BidBundle is null!
05/04 06:33:20 INFO OrOmerShelly.Coordinator|Day 14 ended. Starting next day
05/04 06:33:30 INFO OrOmerShelly.Coordinator|Day 15 :BankStatus[-2.041200]
05/04 06:33:30 SEVERE OrOmerShelly.OOSAgent|Exception thrown while trying to parse message.java.lang.NullPointerException
05/04 06:33:30 INFO OrOmerShelly.Coordinator|Day 15: Campaign opportunity - Campaign ID 898122749: day 17 to 26 [FEMALE, YOUNG], reach: 3750 coefs: (v=2.0, m=1.5)
05/04 06:33:30 INFO OrOmerShelly.Coordinator|****=== ESPECIALLY CRAFTED ===****
05/04 06:33:30 INFO OrOmerShelly.Coordinator|Day 15: Campaign total budget bid: 1.0
05/04 06:33:30 INFO OrOmerShelly.Coordinator|Day 15: Adjusting ucs bid: was 0.1531549358772876 level reported: 0.47829690000000014 target: 1.0 adjusted: 0.16623811012983253
05/04 06:33:30 SEVERE OrOmerShelly.OOSAgent|Exception thrown while trying to parse message.java.lang.NullPointerException
05/04 06:33:30 INFO OrOmerShelly.Coordinator|Day 15 : Simulation Status Received
05/04 06:33:30 WARNING OrOmerShelly.Coordinator|BidBundle is null!
05/04 06:33:30 INFO OrOmerShelly.Coordinator|Day 15 ended. Starting next day
05/04 06:33:40 INFO OrOmerShelly.Coordinator|Day 16 :BankStatus[-2.187000]
05/04 06:33:40 INFO OrOmerShelly.OOSAgent|UNKNOWN Message Received: (CampaignAuctionReport CampaignAuctionReportEntry [actualBid=2853.0, effectiveBid=2342.013416377064] CampaignAuctionReportEntry [actualBid=2959.0, effectiveBid=2359.7577303355047])
05/04 06:33:40 SEVERE OrOmerShelly.OOSAgent|Exception thrown while trying to parse message.java.lang.NullPointerException
05/04 06:33:40 INFO OrOmerShelly.Coordinator|Day 16: Campaign opportunity - Campaign ID 1544662839: day 18 to 20 [LOW_INCOME, MALE], reach: 6250 coefs: (v=2.0, m=1.5)
05/04 06:33:40 INFO OrOmerShelly.Coordinator|****=== ESPECIALLY CRAFTED ===****
05/04 06:33:40 INFO OrOmerShelly.Coordinator|Day 16: Campaign total budget bid: 1.0
05/04 06:33:40 INFO OrOmerShelly.Coordinator|Day 16: Adjusting ucs bid: was 0.16623811012983253 level reported: 0.47829690000000014 target: 1.0 adjusted: 0.1946140782107564
05/04 06:33:40 SEVERE OrOmerShelly.OOSAgent|Exception thrown while trying to parse message.java.lang.NullPointerException
05/04 06:33:40 INFO OrOmerShelly.Coordinator|Day 16 : Simulation Status Received
05/04 06:33:40 WARNING OrOmerShelly.Coordinator|BidBundle is null!
05/04 06:33:40 INFO OrOmerShelly.Coordinator|Day 16 ended. Starting next day
05/04 06:33:50 INFO OrOmerShelly.Coordinator|Day 17 :BankStatus[-2.332800]
05/04 06:33:50 INFO OrOmerShelly.OOSAgent|UNKNOWN Message Received: (CampaignAuctionReport CampaignAuctionReportEntry [actualBid=2349.0, effectiveBid=1928.2823396669203] CampaignAuctionReportEntry [actualBid=3055.0, effectiveBid=2762.2575777888082] CampaignAuctionReportEntry [actualBid=3161.0, effectiveBid=2520.8496740758806])
05/04 06:33:50 SEVERE OrOmerShelly.OOSAgent|Exception thrown while trying to parse message.java.lang.NullPointerException
05/04 06:33:50 INFO OrOmerShelly.Coordinator|Day 17: Campaign opportunity - Campaign ID 647635255: day 19 to 21 [HIGH_INCOME, MALE], reach: 3750 coefs: (v=2.0, m=1.5)
05/04 06:33:50 INFO OrOmerShelly.Coordinator|****=== ESPECIALLY CRAFTED ===****
05/04 06:33:50 INFO OrOmerShelly.Coordinator|Day 17: Campaign total budget bid: 1.0
05/04 06:33:50 INFO OrOmerShelly.Coordinator|Day 17: Adjusting ucs bid: was 0.1946140782107564 level reported: 0.47829690000000014 target: 1.0 adjusted: 0.13832746162837828
05/04 06:33:50 SEVERE OrOmerShelly.OOSAgent|Exception thrown while trying to parse message.java.lang.NullPointerException
05/04 06:33:50 INFO OrOmerShelly.Coordinator|Day 17 : Simulation Status Received
05/04 06:33:50 WARNING OrOmerShelly.Coordinator|BidBundle is null!
05/04 06:33:50 INFO OrOmerShelly.Coordinator|Day 17 ended. Starting next day
05/04 06:34:00 INFO OrOmerShelly.Coordinator|Day 18 :BankStatus[-2.474674]
05/04 06:34:00 INFO OrOmerShelly.OOSAgent|UNKNOWN Message Received: (CampaignAuctionReport CampaignAuctionReportEntry [actualBid=2634.0, effectiveBid=2420.779283232315] CampaignAuctionReportEntry [actualBid=2871.0, effectiveBid=2356.7895262595694])
05/04 06:34:00 SEVERE OrOmerShelly.OOSAgent|Exception thrown while trying to parse message.java.lang.NullPointerException
05/04 06:34:00 INFO OrOmerShelly.Coordinator|Day 18: Campaign opportunity - Campaign ID 1898518061: day 20 to 24 [FEMALE, LOW_INCOME], reach: 12500 coefs: (v=2.0, m=1.5)
05/04 06:34:00 INFO OrOmerShelly.Coordinator|****=== ESPECIALLY CRAFTED ===****
05/04 06:34:00 INFO OrOmerShelly.Coordinator|Day 18: Campaign total budget bid: 1.0
05/04 06:34:00 INFO OrOmerShelly.Coordinator|Day 18: Adjusting ucs bid: was 0.13832746162837828 level reported: 0.47829690000000014 target: 1.0 adjusted: 0.19162178942214278
05/04 06:34:00 SEVERE OrOmerShelly.OOSAgent|Exception thrown while trying to parse message.java.lang.NullPointerException
05/04 06:34:00 INFO OrOmerShelly.Coordinator|Day 18 : Simulation Status Received
05/04 06:34:00 WARNING OrOmerShelly.Coordinator|BidBundle is null!
05/04 06:34:00 INFO OrOmerShelly.Coordinator|Day 18 ended. Starting next day
05/04 06:34:10 INFO OrOmerShelly.Coordinator|Day 19 :BankStatus[-2.575514]
05/04 06:34:10 INFO OrOmerShelly.OOSAgent|UNKNOWN Message Received: (CampaignAuctionReport CampaignAuctionReportEntry [actualBid=2014.0, effectiveBid=1808.3548868453286] CampaignAuctionReportEntry [actualBid=2282.0, effectiveBid=2118.678722484713] CampaignAuctionReportEntry [actualBid=2764.0, effectiveBid=2674.8798730343533])
05/04 06:34:10 SEVERE OrOmerShelly.OOSAgent|Exception thrown while trying to parse message.java.lang.NullPointerException
05/04 06:34:10 INFO OrOmerShelly.Coordinator|Day 19: Campaign opportunity - Campaign ID 590387933: day 21 to 25 [OLD, HIGH_INCOME], reach: 6250 coefs: (v=2.0, m=1.5)
05/04 06:34:10 INFO OrOmerShelly.Coordinator|****=== ESPECIALLY CRAFTED ===****
05/04 06:34:10 INFO OrOmerShelly.Coordinator|Day 19: Campaign total budget bid: 1.0
05/04 06:34:10 INFO OrOmerShelly.Coordinator|Day 19: Adjusting ucs bid: was 0.19162178942214278 level reported: 0.47829690000000014 target: 1.0 adjusted: 0.1716936676514878
05/04 06:34:10 SEVERE OrOmerShelly.OOSAgent|Exception thrown while trying to parse message.java.lang.NullPointerException
05/04 06:34:10 INFO OrOmerShelly.Coordinator|Day 19 : Simulation Status Received
05/04 06:34:10 WARNING OrOmerShelly.Coordinator|BidBundle is null!
05/04 06:34:10 INFO OrOmerShelly.Coordinator|Day 19 ended. Starting next day
05/04 06:34:20 INFO OrOmerShelly.Coordinator|Day 20 :BankStatus[-2.715207]
05/04 06:34:20 INFO OrOmerShelly.OOSAgent|UNKNOWN Message Received: (CampaignAuctionReport CampaignAuctionReportEntry [actualBid=2104.0, effectiveBid=1953.418068408342] CampaignAuctionReportEntry [actualBid=3040.0, effectiveBid=2941.980757606525] CampaignAuctionReportEntry [actualBid=3262.0, effectiveBid=3130.2568572496257])
05/04 06:34:20 SEVERE OrOmerShelly.OOSAgent|Exception thrown while trying to parse message.java.lang.NullPointerException
05/04 06:34:20 INFO OrOmerShelly.Coordinator|Day 20: Campaign opportunity - Campaign ID 1209868900: day 22 to 24 [YOUNG, HIGH_INCOME], reach: 3750 coefs: (v=2.0, m=1.5)
05/04 06:34:20 INFO OrOmerShelly.Coordinator|****=== ESPECIALLY CRAFTED ===****
05/04 06:34:20 INFO OrOmerShelly.Coordinator|Day 20: Campaign total budget bid: 1.0
05/04 06:34:20 INFO OrOmerShelly.Coordinator|Day 20: Adjusting ucs bid: was 0.1716936676514878 level reported: 0.47829690000000014 target: 1.0 adjusted: 0.1728164753029774
05/04 06:34:20 SEVERE OrOmerShelly.OOSAgent|Exception thrown while trying to parse message.java.lang.NullPointerException
05/04 06:34:20 INFO OrOmerShelly.Coordinator|Day 20 : Simulation Status Received
05/04 06:34:20 WARNING OrOmerShelly.Coordinator|BidBundle is null!
05/04 06:34:20 INFO OrOmerShelly.Coordinator|Day 20 ended. Starting next day
05/04 06:34:30 INFO OrOmerShelly.Coordinator|Day 21 :BankStatus[-2.840371]
05/04 06:34:30 INFO OrOmerShelly.OOSAgent|UNKNOWN Message Received: (CampaignAuctionReport CampaignAuctionReportEntry [actualBid=2128.0, effectiveBid=2059.3865303245675] CampaignAuctionReportEntry [actualBid=2281.0, effectiveBid=2117.7502918438345] CampaignAuctionReportEntry [actualBid=2427.0, effectiveBid=2328.980193913195])
05/04 06:34:30 SEVERE OrOmerShelly.OOSAgent|Exception thrown while trying to parse message.java.lang.NullPointerException
05/04 06:34:30 INFO OrOmerShelly.Coordinator|Day 21: Campaign opportunity - Campaign ID 567059790: day 23 to 27 [OLD, FEMALE], reach: 12500 coefs: (v=2.0, m=1.5)
05/04 06:34:30 INFO OrOmerShelly.Coordinator|****=== ESPECIALLY CRAFTED ===****
05/04 06:34:30 INFO OrOmerShelly.Coordinator|Day 21: Campaign total budget bid: 1.0
05/04 06:34:30 INFO OrOmerShelly.Coordinator|Day 21: Adjusting ucs bid: was 0.1728164753029774 level reported: 0.47829690000000014 target: 1.0 adjusted: 0.1279173800459989
05/04 06:34:30 SEVERE OrOmerShelly.OOSAgent|Exception thrown while trying to parse message.java.lang.NullPointerException
05/04 06:34:30 INFO OrOmerShelly.Coordinator|Day 21 : Simulation Status Received
05/04 06:34:30 WARNING OrOmerShelly.Coordinator|BidBundle is null!
05/04 06:34:30 INFO OrOmerShelly.Coordinator|Day 21 ended. Starting next day
05/04 06:34:40 INFO OrOmerShelly.Coordinator|Day 22 :BankStatus[-2.966355]
05/04 06:34:40 INFO OrOmerShelly.OOSAgent|UNKNOWN Message Received: (CampaignAuctionReport CampaignAuctionReportEntry [actualBid=2357.0, effectiveBid=2319.094140697039] CampaignAuctionReportEntry [actualBid=2634.0, effectiveBid=2445.4863080739415] CampaignAuctionReportEntry [actualBid=3202.0, effectiveBid=3098.7573637684513])
05/04 06:34:40 SEVERE OrOmerShelly.OOSAgent|Exception thrown while trying to parse message.java.lang.NullPointerException
05/04 06:34:40 INFO OrOmerShelly.Coordinator|Day 22: Campaign opportunity - Campaign ID 1840588642: day 24 to 33 [OLD, FEMALE], reach: 6250 coefs: (v=2.0, m=1.5)
05/04 06:34:40 INFO OrOmerShelly.Coordinator|****=== ESPECIALLY CRAFTED ===****
05/04 06:34:40 INFO OrOmerShelly.Coordinator|Day 22: Campaign total budget bid: 1.0
05/04 06:34:40 INFO OrOmerShelly.Coordinator|Day 22: Adjusting ucs bid: was 0.1279173800459989 level reported: 0.47829690000000014 target: 1.0 adjusted: 0.1569572480480741
05/04 06:34:40 SEVERE OrOmerShelly.OOSAgent|Exception thrown while trying to parse message.java.lang.NullPointerException
05/04 06:34:40 INFO OrOmerShelly.Coordinator|Day 22 : Simulation Status Received
05/04 06:34:40 WARNING OrOmerShelly.Coordinator|BidBundle is null!
05/04 06:34:40 INFO OrOmerShelly.Coordinator|Day 22 ended. Starting next day
05/04 06:34:50 INFO OrOmerShelly.Coordinator|Day 23 :BankStatus[-3.059606]
05/04 06:34:50 INFO OrOmerShelly.OOSAgent|UNKNOWN Message Received: (CampaignAuctionReport CampaignAuctionReportEntry [actualBid=2063.0, effectiveBid=1915.3524121323237] CampaignAuctionReportEntry [actualBid=2404.0, effectiveBid=2365.3382750257456] CampaignAuctionReportEntry [actualBid=2736.0, effectiveBid=2701.5238219390253])
05/04 06:34:50 SEVERE OrOmerShelly.OOSAgent|Exception thrown while trying to parse message.java.lang.NullPointerException
05/04 06:34:50 INFO OrOmerShelly.Coordinator|Day 23: Campaign opportunity - Campaign ID 1007864068: day 25 to 29 [OLD, MALE], reach: 12500 coefs: (v=2.0, m=1.5)
05/04 06:34:50 INFO OrOmerShelly.Coordinator|****=== ESPECIALLY CRAFTED ===****
05/04 06:34:50 INFO OrOmerShelly.Coordinator|Day 23: Campaign total budget bid: 1.0
05/04 06:34:50 INFO OrOmerShelly.Coordinator|Day 23: Adjusting ucs bid: was 0.1569572480480741 level reported: 0.47829690000000014 target: 1.0 adjusted: 0.11691574872306794
05/04 06:34:50 SEVERE OrOmerShelly.OOSAgent|Exception thrown while trying to parse message.java.lang.NullPointerException
05/04 06:34:50 INFO OrOmerShelly.Coordinator|Day 23 : Simulation Status Received
05/04 06:34:50 WARNING OrOmerShelly.Coordinator|BidBundle is null!
05/04 06:34:50 INFO OrOmerShelly.Coordinator|Day 23 ended. Starting next day
05/04 06:35:00 INFO OrOmerShelly.Coordinator|Day 24 :BankStatus[-3.174028]
05/04 06:35:00 INFO OrOmerShelly.OOSAgent|UNKNOWN Message Received: (CampaignAuctionReport CampaignAuctionReportEntry [actualBid=2243.0, effectiveBid=2214.736086479983] CampaignAuctionReportEntry [actualBid=2735.0, effectiveBid=2691.0150508300394] CampaignAuctionReportEntry [actualBid=3110.0, effectiveBid=2887.419293132102])
05/04 06:35:00 SEVERE OrOmerShelly.OOSAgent|Exception thrown while trying to parse message.java.lang.NullPointerException
05/04 06:35:00 INFO OrOmerShelly.Coordinator|Day 24: Campaign opportunity - Campaign ID 560438986: day 26 to 30 [FEMALE, HIGH_INCOME], reach: 3750 coefs: (v=2.0, m=1.5)
05/04 06:35:00 INFO OrOmerShelly.Coordinator|****=== ESPECIALLY CRAFTED ===****
05/04 06:35:00 INFO OrOmerShelly.Coordinator|Day 24: Campaign total budget bid: 1.0
05/04 06:35:00 INFO OrOmerShelly.Coordinator|Day 24: Adjusting ucs bid: was 0.11691574872306794 level reported: 0.47829690000000014 target: 1.0 adjusted: 0.14633273236259736
05/04 06:35:00 SEVERE OrOmerShelly.OOSAgent|Exception thrown while trying to parse message.java.lang.NullPointerException
05/04 06:35:00 INFO OrOmerShelly.Coordinator|Day 24 : Simulation Status Received
05/04 06:35:00 WARNING OrOmerShelly.Coordinator|BidBundle is null!
05/04 06:35:00 INFO OrOmerShelly.Coordinator|Day 24 ended. Starting next day
05/04 06:35:10 INFO OrOmerShelly.Coordinator|Day 25 :BankStatus[-3.259260]
05/04 06:35:10 INFO OrOmerShelly.OOSAgent|UNKNOWN Message Received: (CampaignAuctionReport CampaignAuctionReportEntry [actualBid=2031.0, effectiveBid=1998.3369536511188] CampaignAuctionReportEntry [actualBid=2190.0, effectiveBid=2033.263103523892] CampaignAuctionReportEntry [actualBid=2383.0, effectiveBid=2352.971954561658])
05/04 06:35:10 SEVERE OrOmerShelly.OOSAgent|Exception thrown while trying to parse message.java.lang.NullPointerException
05/04 06:35:10 INFO OrOmerShelly.Coordinator|Day 25: Campaign opportunity - Campaign ID 479415928: day 27 to 29 [LOW_INCOME, MALE], reach: 12500 coefs: (v=2.0, m=1.5)
05/04 06:35:10 INFO OrOmerShelly.Coordinator|****=== ESPECIALLY CRAFTED ===****
05/04 06:35:10 INFO OrOmerShelly.Coordinator|Day 25: Campaign total budget bid: 1.0
05/04 06:35:10 INFO OrOmerShelly.Coordinator|Day 25: Adjusting ucs bid: was 0.14633273236259736 level reported: 0.47829690000000014 target: 1.0 adjusted: 0.13588364097891728
05/04 06:35:10 SEVERE OrOmerShelly.OOSAgent|Exception thrown while trying to parse message.java.lang.NullPointerException
05/04 06:35:10 INFO OrOmerShelly.Coordinator|Day 25 : Simulation Status Received
05/04 06:35:10 WARNING OrOmerShelly.Coordinator|BidBundle is null!
05/04 06:35:10 INFO OrOmerShelly.Coordinator|Day 25 ended. Starting next day
05/04 06:35:20 INFO OrOmerShelly.Coordinator|Day 26 :BankStatus[-3.365936]
05/04 06:35:20 INFO OrOmerShelly.OOSAgent|UNKNOWN Message Received: (CampaignAuctionReport CampaignAuctionReportEntry [actualBid=2302.0, effectiveBid=2287.193014758464] CampaignAuctionReportEntry [actualBid=2845.0, effectiveBid=2831.048719784111] CampaignAuctionReportEntry [actualBid=3073.0, effectiveBid=2853.0673594195982])
05/04 06:35:20 SEVERE OrOmerShelly.OOSAgent|Exception thrown while trying to parse message.java.lang.NullPointerException
05/04 06:35:20 INFO OrOmerShelly.Coordinator|Day 26: Campaign opportunity - Campaign ID 1232490846: day 28 to 37 [HIGH_INCOME, MALE], reach: 3750 coefs: (v=2.0, m=1.5)
05/04 06:35:20 INFO OrOmerShelly.Coordinator|****=== ESPECIALLY CRAFTED ===****
05/04 06:35:20 INFO OrOmerShelly.Coordinator|Day 26: Campaign total budget bid: 1.0
05/04 06:35:20 INFO OrOmerShelly.Coordinator|Day 26: Adjusting ucs bid: was 0.13588364097891728 level reported: 0.47829690000000014 target: 1.0 adjusted: 0.176831531085993
05/04 06:35:20 SEVERE OrOmerShelly.OOSAgent|Exception thrown while trying to parse message.java.lang.NullPointerException
05/04 06:35:20 INFO OrOmerShelly.Coordinator|Day 26 : Simulation Status Received
05/04 06:35:20 WARNING OrOmerShelly.Coordinator|BidBundle is null!
05/04 06:35:20 INFO OrOmerShelly.Coordinator|Day 26 ended. Starting next day
05/04 06:35:31 INFO OrOmerShelly.Coordinator|Day 27 :BankStatus[-3.464995]
05/04 06:35:31 INFO OrOmerShelly.OOSAgent|UNKNOWN Message Received: (CampaignAuctionReport CampaignAuctionReportEntry [actualBid=2020.0, effectiveBid=2007.0069026116844] CampaignAuctionReportEntry [actualBid=2516.0, effectiveBid=2503.662066424191] CampaignAuctionReportEntry [actualBid=3127.0, effectiveBid=3038.008099588396])
05/04 06:35:31 SEVERE OrOmerShelly.OOSAgent|Exception thrown while trying to parse message.java.lang.NullPointerException
05/04 06:35:31 INFO OrOmerShelly.Coordinator|Day 27: Campaign opportunity - Campaign ID 222564796: day 29 to 31 [LOW_INCOME, YOUNG], reach: 3750 coefs: (v=2.0, m=1.5)
05/04 06:35:31 INFO OrOmerShelly.Coordinator|****=== ESPECIALLY CRAFTED ===****
05/04 06:35:31 INFO OrOmerShelly.Coordinator|Day 27: Campaign total budget bid: 1.0
05/04 06:35:31 INFO OrOmerShelly.Coordinator|Day 27: Adjusting ucs bid: was 0.176831531085993 level reported: 0.47829690000000014 target: 1.0 adjusted: 0.13346814044324884
05/04 06:35:31 SEVERE OrOmerShelly.OOSAgent|Exception thrown while trying to parse message.java.lang.NullPointerException
05/04 06:35:31 INFO OrOmerShelly.Coordinator|Day 27 : Simulation Status Received
05/04 06:35:31 WARNING OrOmerShelly.Coordinator|BidBundle is null!
05/04 06:35:31 INFO OrOmerShelly.Coordinator|Day 27 ended. Starting next day
05/04 06:35:40 INFO OrOmerShelly.Coordinator|Day 28 :BankStatus[-3.593906]
05/04 06:35:40 INFO OrOmerShelly.OOSAgent|UNKNOWN Message Received: (CampaignAuctionReport CampaignAuctionReportEntry [actualBid=2024.0, effectiveBid=2010.981173705965] CampaignAuctionReportEntry [actualBid=2439.0, effectiveBid=2427.039658191018] CampaignAuctionReportEntry [actualBid=3288.0, effectiveBid=3251.2822501887063])
05/04 06:35:40 SEVERE OrOmerShelly.OOSAgent|Exception thrown while trying to parse message.java.lang.NullPointerException
05/04 06:35:40 INFO OrOmerShelly.Coordinator|Day 28: Campaign opportunity - Campaign ID 1121559976: day 30 to 34 [OLD, FEMALE], reach: 6250 coefs: (v=2.0, m=1.5)
05/04 06:35:40 INFO OrOmerShelly.Coordinator|****=== ESPECIALLY CRAFTED ===****
05/04 06:35:40 INFO OrOmerShelly.Coordinator|Day 28: Campaign total budget bid: 1.0
05/04 06:35:40 INFO OrOmerShelly.Coordinator|Day 28: Adjusting ucs bid: was 0.13346814044324884 level reported: 0.47829690000000014 target: 1.0 adjusted: 0.11150519815662183
05/04 06:35:40 SEVERE OrOmerShelly.OOSAgent|Exception thrown while trying to parse message.java.lang.NullPointerException
05/04 06:35:40 INFO OrOmerShelly.Coordinator|Day 28 : Simulation Status Received
05/04 06:35:40 WARNING OrOmerShelly.Coordinator|BidBundle is null!
05/04 06:35:40 INFO OrOmerShelly.Coordinator|Day 28 ended. Starting next day
05/04 06:35:50 INFO OrOmerShelly.Coordinator|Day 29 :BankStatus[-3.691204]
05/04 06:35:50 INFO OrOmerShelly.OOSAgent|UNKNOWN Message Received: (CampaignAuctionReport CampaignAuctionReportEntry [actualBid=2068.0, effectiveBid=2057.85896397664] CampaignAuctionReportEntry [actualBid=3124.0, effectiveBid=3116.0393496160386] CampaignAuctionReportEntry [actualBid=3226.0, effectiveBid=3189.9746165172646])
05/04 06:35:50 SEVERE OrOmerShelly.OOSAgent|Exception thrown while trying to parse message.java.lang.NullPointerException
05/04 06:35:50 INFO OrOmerShelly.Coordinator|Day 29: Campaign opportunity - Campaign ID 273462391: day 31 to 40 [LOW_INCOME, YOUNG], reach: 6250 coefs: (v=2.0, m=1.5)
05/04 06:35:50 INFO OrOmerShelly.Coordinator|****=== ESPECIALLY CRAFTED ===****
05/04 06:35:50 INFO OrOmerShelly.Coordinator|Day 29: Campaign total budget bid: 1.0
05/04 06:35:50 INFO OrOmerShelly.Coordinator|Day 29: Adjusting ucs bid: was 0.11150519815662183 level reported: 0.47829690000000014 target: 1.0 adjusted: 0.15333975916628706
05/04 06:35:50 SEVERE OrOmerShelly.OOSAgent|Exception thrown while trying to parse message.java.lang.NullPointerException
05/04 06:35:50 INFO OrOmerShelly.Coordinator|Day 29 : Simulation Status Received
05/04 06:35:50 WARNING OrOmerShelly.Coordinator|BidBundle is null!
05/04 06:35:50 INFO OrOmerShelly.Coordinator|Day 29 ended. Starting next day
05/04 06:36:00 INFO OrOmerShelly.Coordinator|Day 30 :BankStatus[-3.772491]
05/04 06:36:00 INFO OrOmerShelly.OOSAgent|UNKNOWN Message Received: (CampaignAuctionReport CampaignAuctionReportEntry [actualBid=2088.0, effectiveBid=2077.7608881930487] CampaignAuctionReportEntry [actualBid=2344.0, effectiveBid=2317.824085900951] CampaignAuctionReportEntry [actualBid=3086.0, effectiveBid=3078.1361821111063])
05/04 06:36:00 SEVERE OrOmerShelly.OOSAgent|Exception thrown while trying to parse message.java.lang.NullPointerException
05/04 06:36:00 INFO OrOmerShelly.Coordinator|Day 30: Campaign opportunity - Campaign ID 950475392: day 32 to 34 [LOW_INCOME, YOUNG], reach: 3750 coefs: (v=2.0, m=1.5)
05/04 06:36:00 INFO OrOmerShelly.Coordinator|****=== ESPECIALLY CRAFTED ===****
05/04 06:36:00 INFO OrOmerShelly.Coordinator|Day 30: Campaign total budget bid: 1.0
05/04 06:36:00 INFO OrOmerShelly.Coordinator|Day 30: Adjusting ucs bid: was 0.15333975916628706 level reported: 0.47829690000000014 target: 1.0 adjusted: 0.17329740501134347
05/04 06:36:00 SEVERE OrOmerShelly.OOSAgent|Exception thrown while trying to parse message.java.lang.NullPointerException
05/04 06:36:00 INFO OrOmerShelly.Coordinator|Day 30 : Simulation Status Received
05/04 06:36:00 WARNING OrOmerShelly.Coordinator|BidBundle is null!
05/04 06:36:00 INFO OrOmerShelly.Coordinator|Day 30 ended. Starting next day
05/04 06:36:10 INFO OrOmerShelly.Coordinator|Day 31 :BankStatus[-3.884276]
05/04 06:36:10 INFO OrOmerShelly.OOSAgent|UNKNOWN Message Received: (CampaignAuctionReport CampaignAuctionReportEntry [actualBid=2828.0, effectiveBid=2796.419161658656] CampaignAuctionReportEntry [actualBid=3026.0, effectiveBid=3022.9902726048203] CampaignAuctionReportEntry [actualBid=3103.0, effectiveBid=3096.989958625735])
05/04 06:36:10 SEVERE OrOmerShelly.OOSAgent|Exception thrown while trying to parse message.java.lang.NullPointerException
05/04 06:36:10 INFO OrOmerShelly.Coordinator|Day 31: Campaign opportunity - Campaign ID 1457486542: day 33 to 42 [OLD, HIGH_INCOME], reach: 3750 coefs: (v=2.0, m=1.5)
05/04 06:36:10 INFO OrOmerShelly.Coordinator|****=== ESPECIALLY CRAFTED ===****
05/04 06:36:10 INFO OrOmerShelly.Coordinator|Day 31: Campaign total budget bid: 1.0
05/04 06:36:10 INFO OrOmerShelly.Coordinator|Day 31: Adjusting ucs bid: was 0.17329740501134347 level reported: 0.47829690000000014 target: 1.0 adjusted: 0.17751840738897046
05/04 06:36:10 SEVERE OrOmerShelly.OOSAgent|Exception thrown while trying to parse message.java.lang.NullPointerException
05/04 06:36:10 INFO OrOmerShelly.Coordinator|Day 31 : Simulation Status Received
05/04 06:36:10 WARNING OrOmerShelly.Coordinator|BidBundle is null!
05/04 06:36:10 INFO OrOmerShelly.Coordinator|Day 31 ended. Starting next day
05/04 06:36:20 INFO OrOmerShelly.Coordinator|Day 32 :BankStatus[-4.010610]
05/04 06:36:20 INFO OrOmerShelly.OOSAgent|UNKNOWN Message Received: (CampaignAuctionReport CampaignAuctionReportEntry [actualBid=2593.0, effectiveBid=2587.9777514394236] CampaignAuctionReportEntry [actualBid=3065.0, effectiveBid=3030.772535531747])
05/04 06:36:20 SEVERE OrOmerShelly.OOSAgent|Exception thrown while trying to parse message.java.lang.NullPointerException
05/04 06:36:20 INFO OrOmerShelly.Coordinator|Day 32: Campaign opportunity - Campaign ID 1746509768: day 34 to 38 [YOUNG, MALE], reach: 12500 coefs: (v=2.0, m=1.5)
05/04 06:36:20 INFO OrOmerShelly.Coordinator|****=== ESPECIALLY CRAFTED ===****
05/04 06:36:20 INFO OrOmerShelly.Coordinator|Day 32: Campaign total budget bid: 1.0
05/04 06:36:20 INFO OrOmerShelly.Coordinator|Day 32: Adjusting ucs bid: was 0.17751840738897046 level reported: 0.47829690000000014 target: 1.0 adjusted: 0.12104687101819633
05/04 06:36:20 SEVERE OrOmerShelly.OOSAgent|Exception thrown while trying to parse message.java.lang.NullPointerException
05/04 06:36:20 INFO OrOmerShelly.Coordinator|Day 32 : Simulation Status Received
05/04 06:36:20 WARNING OrOmerShelly.Coordinator|BidBundle is null!
05/04 06:36:20 INFO OrOmerShelly.Coordinator|Day 32 ended. Starting next day
05/04 06:36:30 INFO OrOmerShelly.Coordinator|Day 33 :BankStatus[-4.140021]
05/04 06:36:30 INFO OrOmerShelly.OOSAgent|UNKNOWN Message Received: (CampaignAuctionReport CampaignAuctionReportEntry [actualBid=3026.0, effectiveBid=3012.6546547182998] CampaignAuctionReportEntry [actualBid=3043.0, effectiveBid=3037.1061695449926])
05/04 06:36:30 SEVERE OrOmerShelly.OOSAgent|Exception thrown while trying to parse message.java.lang.NullPointerException
05/04 06:36:30 INFO OrOmerShelly.Coordinator|Day 33: Campaign opportunity - Campaign ID 1439666593: day 35 to 44 [YOUNG, HIGH_INCOME], reach: 12500 coefs: (v=2.0, m=1.5)
05/04 06:36:30 INFO OrOmerShelly.Coordinator|****=== ESPECIALLY CRAFTED ===****
05/04 06:36:30 INFO OrOmerShelly.Coordinator|Day 33: Campaign total budget bid: 1.0
05/04 06:36:30 INFO OrOmerShelly.Coordinator|Day 33: Adjusting ucs bid: was 0.12104687101819633 level reported: 0.47829690000000014 target: 1.0 adjusted: 0.1661934176004003
05/04 06:36:30 SEVERE OrOmerShelly.OOSAgent|Exception thrown while trying to parse message.java.lang.NullPointerException
05/04 06:36:30 INFO OrOmerShelly.Coordinator|Day 33 : Simulation Status Received
05/04 06:36:30 WARNING OrOmerShelly.Coordinator|BidBundle is null!
05/04 06:36:30 INFO OrOmerShelly.Coordinator|Day 33 ended. Starting next day
05/04 06:36:40 INFO OrOmerShelly.Coordinator|Day 34 :BankStatus[-4.228264]
05/04 06:36:40 INFO OrOmerShelly.OOSAgent|UNKNOWN Message Received: (CampaignAuctionReport CampaignAuctionReportEntry [actualBid=2344.0, effectiveBid=2333.6624291671164] CampaignAuctionReportEntry [actualBid=2601.0, effectiveBid=2595.962256650189])
05/04 06:36:40 SEVERE OrOmerShelly.OOSAgent|Exception thrown while trying to parse message.java.lang.NullPointerException
05/04 06:36:40 INFO OrOmerShelly.Coordinator|Day 34: Campaign opportunity - Campaign ID 2140650341: day 36 to 40 [FEMALE, HIGH_INCOME], reach: 12500 coefs: (v=2.0, m=1.5)
05/04 06:36:40 INFO OrOmerShelly.Coordinator|****=== ESPECIALLY CRAFTED ===****
05/04 06:36:40 INFO OrOmerShelly.Coordinator|Day 34: Campaign total budget bid: 1.0
05/04 06:36:40 INFO OrOmerShelly.Coordinator|Day 34: Adjusting ucs bid: was 0.1661934176004003 level reported: 0.47829690000000014 target: 1.0 adjusted: 0.12904119182213536
05/04 06:36:40 SEVERE OrOmerShelly.OOSAgent|Exception thrown while trying to parse message.java.lang.NullPointerException
05/04 06:36:40 INFO OrOmerShelly.Coordinator|Day 34 : Simulation Status Received
05/04 06:36:40 WARNING OrOmerShelly.Coordinator|BidBundle is null!
05/04 06:36:40 INFO OrOmerShelly.Coordinator|Day 34 ended. Starting next day
05/04 06:36:50 INFO OrOmerShelly.Coordinator|Day 35 :BankStatus[-4.349419]
05/04 06:36:50 INFO OrOmerShelly.OOSAgent|UNKNOWN Message Received: (CampaignAuctionReport CampaignAuctionReportEntry [actualBid=2466.0, effectiveBid=2461.2237312185184] CampaignAuctionReportEntry [actualBid=2479.0, effectiveBid=2474.9257974536667] CampaignAuctionReportEntry [actualBid=3272.0, effectiveBid=1307.4982381973525])
05/04 06:36:50 SEVERE OrOmerShelly.OOSAgent|Exception thrown while trying to parse message.java.lang.NullPointerException
05/04 06:36:50 INFO OrOmerShelly.Coordinator|Day 35: Campaign opportunity - Campaign ID 1889111133: day 37 to 46 [OLD, LOW_INCOME], reach: 3750 coefs: (v=2.0, m=1.5)
05/04 06:36:50 INFO OrOmerShelly.Coordinator|****=== ESPECIALLY CRAFTED ===****
05/04 06:36:50 INFO OrOmerShelly.Coordinator|Day 35: Campaign total budget bid: 1.0
05/04 06:36:50 INFO OrOmerShelly.Coordinator|Day 35: Adjusting ucs bid: was 0.12904119182213536 level reported: 0.47829690000000014 target: 1.0 adjusted: 0.18252080413964744
05/04 06:36:50 SEVERE OrOmerShelly.OOSAgent|Exception thrown while trying to parse message.java.lang.NullPointerException
05/04 06:36:50 INFO OrOmerShelly.Coordinator|Day 35 : Simulation Status Received
05/04 06:36:50 WARNING OrOmerShelly.Coordinator|BidBundle is null!
05/04 06:36:50 INFO OrOmerShelly.Coordinator|Day 35 ended. Starting next day
05/04 06:37:00 INFO OrOmerShelly.Coordinator|Day 36 :BankStatus[-4.443490]
05/04 06:37:00 INFO OrOmerShelly.OOSAgent|UNKNOWN Message Received: (CampaignAuctionReport CampaignAuctionReportEntry [actualBid=2496.0, effectiveBid=2494.50054934867])
05/04 06:37:00 SEVERE OrOmerShelly.OOSAgent|Exception thrown while trying to parse message.java.lang.NullPointerException
05/04 06:37:00 INFO OrOmerShelly.Coordinator|Day 36: Campaign opportunity - Campaign ID 468909012: day 38 to 47 [FEMALE, YOUNG], reach: 6250 coefs: (v=2.0, m=1.5)
05/04 06:37:00 INFO OrOmerShelly.Coordinator|****=== ESPECIALLY CRAFTED ===****
05/04 06:37:00 INFO OrOmerShelly.Coordinator|Day 36: Campaign total budget bid: 1.0
05/04 06:37:00 INFO OrOmerShelly.Coordinator|Day 36: Adjusting ucs bid: was 0.18252080413964744 level reported: 0.47829690000000014 target: 1.0 adjusted: 0.12776077068633698
05/04 06:37:00 SEVERE OrOmerShelly.OOSAgent|Exception thrown while trying to parse message.java.lang.NullPointerException
05/04 06:37:00 INFO OrOmerShelly.Coordinator|Day 36 : Simulation Status Received
05/04 06:37:00 WARNING OrOmerShelly.Coordinator|BidBundle is null!
05/04 06:37:00 INFO OrOmerShelly.Coordinator|Day 36 ended. Starting next day
05/04 06:37:10 INFO OrOmerShelly.Coordinator|Day 37 :BankStatus[-4.576548]
05/04 06:37:10 INFO OrOmerShelly.OOSAgent|UNKNOWN Message Received: (CampaignAuctionReport CampaignAuctionReportEntry [actualBid=3210.0, effectiveBid=3208.071619955622])
05/04 06:37:10 SEVERE OrOmerShelly.OOSAgent|Exception thrown while trying to parse message.java.lang.NullPointerException
05/04 06:37:10 INFO OrOmerShelly.Coordinator|Day 37: Campaign opportunity - Campaign ID 306408548: day 39 to 43 [OLD, HIGH_INCOME], reach: 6250 coefs: (v=2.0, m=1.5)
05/04 06:37:10 INFO OrOmerShelly.Coordinator|****=== ESPECIALLY CRAFTED ===****
05/04 06:37:10 INFO OrOmerShelly.Coordinator|Day 37: Campaign total budget bid: 1.0
05/04 06:37:10 INFO OrOmerShelly.Coordinator|Day 37: Adjusting ucs bid: was 0.12776077068633698 level reported: 0.47829690000000014 target: 1.0 adjusted: 0.1609755982587873
05/04 06:37:10 SEVERE OrOmerShelly.OOSAgent|Exception thrown while trying to parse message.java.lang.NullPointerException
05/04 06:37:10 INFO OrOmerShelly.Coordinator|Day 37 : Simulation Status Received
05/04 06:37:10 WARNING OrOmerShelly.Coordinator|BidBundle is null!
05/04 06:37:10 INFO OrOmerShelly.Coordinator|Day 37 ended. Starting next day
05/04 06:37:20 INFO OrOmerShelly.Coordinator|Day 38 :BankStatus[-4.669685]
05/04 06:37:20 INFO OrOmerShelly.OOSAgent|UNKNOWN Message Received: (CampaignAuctionReport CampaignAuctionReportEntry [actualBid=3204.0, effectiveBid=3202.075224404303] CampaignAuctionReportEntry [actualBid=2012.0, effectiveBid=803.2412242030266])
05/04 06:37:20 SEVERE OrOmerShelly.OOSAgent|Exception thrown while trying to parse message.java.lang.NullPointerException
05/04 06:37:20 INFO OrOmerShelly.Coordinator|Day 38: Campaign opportunity - Campaign ID 1178031337: day 40 to 49 [FEMALE, YOUNG], reach: 12500 coefs: (v=2.0, m=1.5)
05/04 06:37:20 INFO OrOmerShelly.Coordinator|****=== ESPECIALLY CRAFTED ===****
05/04 06:37:20 INFO OrOmerShelly.Coordinator|Day 38: Campaign total budget bid: 1.0
05/04 06:37:20 INFO OrOmerShelly.Coordinator|Day 38: Adjusting ucs bid: was 0.1609755982587873 level reported: 0.47829690000000014 target: 1.0 adjusted: 0.16577643055839503
05/04 06:37:20 SEVERE OrOmerShelly.OOSAgent|Exception thrown while trying to parse message.java.lang.NullPointerException
05/04 06:37:20 INFO OrOmerShelly.Coordinator|Day 38 : Simulation Status Received
05/04 06:37:20 WARNING OrOmerShelly.Coordinator|BidBundle is null!
05/04 06:37:20 INFO OrOmerShelly.Coordinator|Day 38 ended. Starting next day
05/04 06:37:30 INFO OrOmerShelly.Coordinator|Day 39 :BankStatus[-4.787036]
05/04 06:37:30 INFO OrOmerShelly.OOSAgent|UNKNOWN Message Received: (CampaignAuctionReport CampaignAuctionReportEntry [actualBid=3015.0, effectiveBid=3013.188764537757] CampaignAuctionReportEntry [actualBid=3291.0, effectiveBid=2501.085781846015])
05/04 06:37:30 SEVERE OrOmerShelly.OOSAgent|Exception thrown while trying to parse message.java.lang.NullPointerException
05/04 06:37:30 INFO OrOmerShelly.Coordinator|Day 39: Campaign opportunity - Campaign ID 1928228501: day 41 to 43 [FEMALE, LOW_INCOME], reach: 6250 coefs: (v=2.0, m=1.5)
05/04 06:37:30 INFO OrOmerShelly.Coordinator|****=== ESPECIALLY CRAFTED ===****
05/04 06:37:30 INFO OrOmerShelly.Coordinator|Day 39: Campaign total budget bid: 1.0
05/04 06:37:30 INFO OrOmerShelly.Coordinator|Day 39: Adjusting ucs bid: was 0.16577643055839503 level reported: 0.47829690000000014 target: 1.0 adjusted: 0.1720833891066005
05/04 06:37:30 SEVERE OrOmerShelly.OOSAgent|Exception thrown while trying to parse message.java.lang.NullPointerException
05/04 06:37:30 INFO OrOmerShelly.Coordinator|Day 39 : Simulation Status Received
05/04 06:37:30 WARNING OrOmerShelly.Coordinator|BidBundle is null!
05/04 06:37:30 INFO OrOmerShelly.Coordinator|Day 39 ended. Starting next day
05/04 06:37:40 INFO OrOmerShelly.Coordinator|Day 40 :BankStatus[-4.907887]
05/04 06:37:40 INFO OrOmerShelly.OOSAgent|UNKNOWN Message Received: (CampaignAuctionReport CampaignAuctionReportEntry [actualBid=3186.0, effectiveBid=2421.288149790764] CampaignAuctionReportEntry [actualBid=2042.0, effectiveBid=815.2179820191751] CampaignAuctionReportEntry [actualBid=2277.0, effectiveBid=910.2528446902119])
05/04 06:37:40 SEVERE OrOmerShelly.OOSAgent|Exception thrown while trying to parse message.java.lang.NullPointerException
05/04 06:37:40 INFO OrOmerShelly.Coordinator|Day 40: Campaign opportunity - Campaign ID 1119328704: day 42 to 46 [YOUNG, HIGH_INCOME], reach: 6250 coefs: (v=2.0, m=1.5)
05/04 06:37:40 INFO OrOmerShelly.Coordinator|****=== ESPECIALLY CRAFTED ===****
05/04 06:37:40 INFO OrOmerShelly.Coordinator|Day 40: Campaign total budget bid: 1.0
05/04 06:37:40 INFO OrOmerShelly.Coordinator|Day 40: Adjusting ucs bid: was 0.1720833891066005 level reported: 0.47829690000000014 target: 1.0 adjusted: 0.11913270367963041
05/04 06:37:40 SEVERE OrOmerShelly.OOSAgent|Exception thrown while trying to parse message.java.lang.NullPointerException
05/04 06:37:40 INFO OrOmerShelly.Coordinator|Day 40 : Simulation Status Received
05/04 06:37:40 WARNING OrOmerShelly.Coordinator|BidBundle is null!
05/04 06:37:40 INFO OrOmerShelly.Coordinator|Day 40 ended. Starting next day
05/04 06:37:50 INFO OrOmerShelly.Coordinator|Day 41 :BankStatus[-5.033336]
05/04 06:37:50 INFO OrOmerShelly.OOSAgent|UNKNOWN Message Received: (CampaignAuctionReport CampaignAuctionReportEntry [actualBid=3263.0, effectiveBid=2479.806413297948] CampaignAuctionReportEntry [actualBid=2198.0, effectiveBid=877.4971226631474])
05/04 06:37:50 SEVERE OrOmerShelly.OOSAgent|Exception thrown while trying to parse message.java.lang.NullPointerException
05/04 06:37:50 INFO OrOmerShelly.Coordinator|Day 41: Campaign opportunity - Campaign ID 559817868: day 43 to 45 [FEMALE, LOW_INCOME], reach: 12500 coefs: (v=2.0, m=1.5)
05/04 06:37:50 INFO OrOmerShelly.Coordinator|****=== ESPECIALLY CRAFTED ===****
05/04 06:37:50 INFO OrOmerShelly.Coordinator|Day 41: Campaign total budget bid: 1.0
05/04 06:37:50 INFO OrOmerShelly.Coordinator|Day 41: Adjusting ucs bid: was 0.11913270367963041 level reported: 0.47829690000000014 target: 1.0 adjusted: 0.10836642404756894
05/04 06:37:50 SEVERE OrOmerShelly.OOSAgent|Exception thrown while trying to parse message.java.lang.NullPointerException
05/04 06:37:50 INFO OrOmerShelly.Coordinator|Day 41 : Simulation Status Received
05/04 06:37:50 WARNING OrOmerShelly.Coordinator|BidBundle is null!
05/04 06:37:50 INFO OrOmerShelly.Coordinator|Day 41 ended. Starting next day
05/04 06:38:00 INFO OrOmerShelly.Coordinator|Day 42 :BankStatus[-5.120184]
05/04 06:38:00 INFO OrOmerShelly.OOSAgent|UNKNOWN Message Received: (CampaignAuctionReport CampaignAuctionReportEntry [actualBid=2220.0, effectiveBid=1687.1499348824532] CampaignAuctionReportEntry [actualBid=3261.0, effectiveBid=2947.636722434018])
05/04 06:38:00 SEVERE OrOmerShelly.OOSAgent|Exception thrown while trying to parse message.java.lang.NullPointerException
05/04 06:38:00 INFO OrOmerShelly.Coordinator|Day 42: Campaign opportunity - Campaign ID 1387993894: day 44 to 46 [OLD, FEMALE], reach: 6250 coefs: (v=2.0, m=1.5)
05/04 06:38:00 INFO OrOmerShelly.Coordinator|****=== ESPECIALLY CRAFTED ===****
05/04 06:38:00 INFO OrOmerShelly.Coordinator|Day 42: Campaign total budget bid: 1.0
05/04 06:38:00 INFO OrOmerShelly.Coordinator|Day 42: Adjusting ucs bid: was 0.10836642404756894 level reported: 0.47829690000000014 target: 1.0 adjusted: 0.1649015234091002
05/04 06:38:00 SEVERE OrOmerShelly.OOSAgent|Exception thrown while trying to parse message.java.lang.NullPointerException
05/04 06:38:00 INFO OrOmerShelly.Coordinator|Day 42 : Simulation Status Received
05/04 06:38:00 WARNING OrOmerShelly.Coordinator|BidBundle is null!
05/04 06:38:00 INFO OrOmerShelly.Coordinator|Day 42 ended. Starting next day
