05/04 07:17:00 INFO OrOmerShelly.OOSAgent|UNKNOWN Message Received: edu.umich.eecs.tac.props.AdvertiserInfo@bc76a1c1
05/04 07:17:00 INFO OrOmerShelly.Coordinator|Day 0 :BankStatus[0.000000]
05/04 07:17:00 INFO OrOmerShelly.Coordinator|tau.tac.adx.report.demand.InitialCampaignMessage[978927875,1250,1,5,[FEMALE, LOW_INCOME],2.0,1.5,demand,[]]
05/04 07:17:00 INFO OrOmerShelly.Coordinator|Day 0: Allocated campaign - Campaign ID 978927875: day 1 to 5 [FEMALE, LOW_INCOME], reach: 1250 coefs: (v=2.0, m=1.5)
05/04 07:17:00 INFO OrOmerShelly.Coordinator|Day 0: Campaign opportunity - Campaign ID 861034665: day 2 to 11 [FEMALE, OLD], reach: 6250 coefs: (v=2.0, m=1.5)
05/04 07:17:00 INFO OrOmerShelly.Coordinator|****OUR qualityis: 1.0 ****
05/04 07:17:00 INFO OrOmerShelly.Coordinator|Day 0: Campaign total budget bid: 21.941489350031123
05/04 07:17:00 INFO OrOmerShelly.Coordinator|Day 0: Adjusting ucs bid: was 0.11759390532497116 level reported: 0.47829690000000014 target: 0.9 adjusted: 0.16718361974161797
05/04 07:17:00 INFO OrOmerShelly.Coordinator|Day 0 : Simulation Status Received
05/04 07:17:00 WARNING OrOmerShelly.Coordinator|BidBundle is null!
05/04 07:17:00 INFO OrOmerShelly.Coordinator|Day 0 ended. Starting next day
05/04 07:17:21 INFO OrOmerShelly.Coordinator|Day 1 :BankStatus[0.000000]
05/04 07:17:21 INFO OrOmerShelly.OOSAgent|UNKNOWN Message Received: (CampaignAuctionReport CampaignAuctionReportEntry [actualBid=2055.0, effectiveBid=2055.0] CampaignAuctionReportEntry [actualBid=2088.0, effectiveBid=2088.0] CampaignAuctionReportEntry [actualBid=2388.0, effectiveBid=2388.0] CampaignAuctionReportEntry [actualBid=3142.0, effectiveBid=3142.0] CampaignAuctionReportEntry [actualBid=3144.0, effectiveBid=3144.0] CampaignAuctionReportEntry [actualBid=3148.0, effectiveBid=3148.0] CampaignAuctionReportEntry [actualBid=3272.0, effectiveBid=3272.0])
05/04 07:17:21 INFO OrOmerShelly.Coordinator|Day 1: Daily notification for campaign 861034665
05/04 07:17:21 INFO OrOmerShelly.Coordinator|Day 1:  allocated to DummyAdnetwork-5. UCS Level set to 0.47829690000000014 at price 0.0 Quality Score is: 1.0
05/04 07:17:21 INFO OrOmerShelly.Coordinator|Day 1: Campaign opportunity - Campaign ID 1414552525: day 3 to 12 [FEMALE, YOUNG], reach: 12500 coefs: (v=2.0, m=1.5)
05/04 07:17:21 INFO OrOmerShelly.Coordinator|****OUR qualityis: 1.0 ****
05/04 07:17:21 INFO OrOmerShelly.Coordinator|Day 1: Campaign total budget bid: 50.08093881006727
05/04 07:17:21 INFO OrOmerShelly.Coordinator|Day 1: Adjusting ucs bid: was 0.16718361974161797 level reported: 0.47829690000000014 target: 0.9 adjusted: 0.19340810119021515
05/04 07:17:28 INFO OrOmerShelly.Coordinator|Publishers Report: 
05/04 07:17:28 INFO OrOmerShelly.Coordinator|(publisher: fox popularity: 126816 video: 121672 text: 5145)
05/04 07:17:28 INFO OrOmerShelly.Coordinator|(publisher: yahoo popularity: 1036739 video: 8242 text: 1028498)
05/04 07:17:28 INFO OrOmerShelly.Coordinator|(publisher: amazon popularity: 1041631 video: 8631 text: 1033001)
05/04 07:17:28 INFO OrOmerShelly.Coordinator|(publisher: ebay popularity: 1057878 video: 8040 text: 1049839)
05/04 07:17:28 INFO OrOmerShelly.Coordinator|(publisher: target popularity: 213335 video: 207838 text: 5498)
05/04 07:17:28 INFO OrOmerShelly.Coordinator|(publisher: wallmart popularity: 326103 video: 318675 text: 7429)
05/04 07:17:28 INFO OrOmerShelly.Coordinator|Day 1 : Simulation Status Received
05/04 07:17:28 WARNING OrOmerShelly.Coordinator|BidBundle is null!
05/04 07:17:28 INFO OrOmerShelly.Coordinator|Day 1 ended. Starting next day
05/04 07:17:28 INFO OrOmerShelly.Coordinator|Day 2 :BankStatus[-0.145800]
05/04 07:17:28 INFO OrOmerShelly.Coordinator|Day 2: Updating campaign 978927875 stats: 0.0 tgtImps 0.0 nonTgtImps. Cost of imps is 0.0
05/04 07:17:28 SEVERE OrOmerShelly.OOSAgent|Exception thrown while trying to parse message.java.lang.NullPointerException
05/04 07:17:28 INFO OrOmerShelly.Coordinator|Day 2: Campaign opportunity - Campaign ID 372552136: day 4 to 8 [OLD, HIGH_INCOME], reach: 6250 coefs: (v=2.0, m=1.5)
05/04 07:17:28 INFO OrOmerShelly.Coordinator|****OUR qualityis: 1.0 ****
05/04 07:17:28 INFO OrOmerShelly.Coordinator|Day 2: Campaign total budget bid: 46.54005257961106
05/04 07:17:28 INFO OrOmerShelly.Coordinator|Day 2: Adjusting ucs bid: was 0.19340810119021515 level reported: 0.47829690000000014 target: 0.9 adjusted: 0.15642509120805384
05/04 07:17:28 SEVERE OrOmerShelly.OOSAgent|Exception thrown while trying to parse message.java.lang.NullPointerException
05/04 07:17:28 INFO OrOmerShelly.Coordinator|Day 2 : Simulation Status Received
05/04 07:17:28 WARNING OrOmerShelly.Coordinator|BidBundle is null!
05/04 07:17:28 INFO OrOmerShelly.Coordinator|Day 2 ended. Starting next day
05/04 07:17:32 INFO OrOmerShelly.Coordinator|Day 3 :BankStatus[-0.291600]
05/04 07:17:32 INFO OrOmerShelly.OOSAgent|UNKNOWN Message Received: (CampaignAuctionReport CampaignAuctionReportEntry [actualBid=2113.0, effectiveBid=2113.0] CampaignAuctionReportEntry [actualBid=2205.0, effectiveBid=2205.0] CampaignAuctionReportEntry [actualBid=2578.0, effectiveBid=2578.0] CampaignAuctionReportEntry [actualBid=3002.0, effectiveBid=3002.0] CampaignAuctionReportEntry [actualBid=3044.0, effectiveBid=3044.0])
05/04 07:17:32 INFO OrOmerShelly.Coordinator|Day 3: Updating campaign 978927875 stats: 0.0 tgtImps 0.0 nonTgtImps. Cost of imps is 0.0
05/04 07:17:32 SEVERE OrOmerShelly.OOSAgent|Exception thrown while trying to parse message.java.lang.NullPointerException
05/04 07:17:32 INFO OrOmerShelly.Coordinator|Day 3: Campaign opportunity - Campaign ID 53824471: day 5 to 7 [MALE, HIGH_INCOME], reach: 3750 coefs: (v=2.0, m=1.5)
05/04 07:17:32 INFO OrOmerShelly.Coordinator|****OUR qualityis: 1.0 ****
05/04 07:17:32 INFO OrOmerShelly.Coordinator|Day 3: Campaign total budget bid: 51.348547809460065
05/04 07:17:32 INFO OrOmerShelly.Coordinator|Day 3: Adjusting ucs bid: was 0.15642509120805384 level reported: 0.47829690000000014 target: 0.9 adjusted: 0.15831904640578623
05/04 07:17:32 SEVERE OrOmerShelly.OOSAgent|Exception thrown while trying to parse message.java.lang.NullPointerException
05/04 07:17:32 INFO OrOmerShelly.Coordinator|Day 3 : Simulation Status Received
05/04 07:17:32 WARNING OrOmerShelly.Coordinator|BidBundle is null!
05/04 07:17:32 INFO OrOmerShelly.Coordinator|Day 3 ended. Starting next day
05/04 07:18:05 INFO OrOmerShelly.Coordinator|Day 4 :BankStatus[-0.437400]
05/04 07:18:05 INFO OrOmerShelly.OOSAgent|UNKNOWN Message Received: (CampaignAuctionReport CampaignAuctionReportEntry [actualBid=2099.0, effectiveBid=2099.0] CampaignAuctionReportEntry [actualBid=2102.0, effectiveBid=2102.0] CampaignAuctionReportEntry [actualBid=2393.0, effectiveBid=2393.0] CampaignAuctionReportEntry [actualBid=2752.0, effectiveBid=2752.0] CampaignAuctionReportEntry [actualBid=3052.0, effectiveBid=3052.0])
05/04 07:18:05 INFO OrOmerShelly.Coordinator|Day 4: Updating campaign 978927875 stats: 0.0 tgtImps 0.0 nonTgtImps. Cost of imps is 0.0
05/04 07:18:05 SEVERE OrOmerShelly.OOSAgent|Exception thrown while trying to parse message.java.lang.NullPointerException
05/04 07:18:05 INFO OrOmerShelly.Coordinator|Day 4: Campaign opportunity - Campaign ID 1993537826: day 6 to 10 [YOUNG, LOW_INCOME], reach: 12500 coefs: (v=2.0, m=1.5)
05/04 07:18:05 INFO OrOmerShelly.Coordinator|****OUR qualityis: 1.0 ****
05/04 07:18:05 INFO OrOmerShelly.Coordinator|Day 4: Campaign total budget bid: 93.64358682251492
05/04 07:18:05 INFO OrOmerShelly.Coordinator|Day 4: Adjusting ucs bid: was 0.15831904640578623 level reported: 0.47829690000000014 target: 0.9 adjusted: 0.17013495241146087
05/04 07:18:17 SEVERE OrOmerShelly.OOSAgent|Exception thrown while trying to parse message.java.lang.NullPointerException
05/04 07:18:17 INFO OrOmerShelly.Coordinator|Day 4 : Simulation Status Received
05/04 07:18:17 WARNING OrOmerShelly.Coordinator|BidBundle is null!
05/04 07:18:17 INFO OrOmerShelly.Coordinator|Day 4 ended. Starting next day
05/04 07:18:18 INFO OrOmerShelly.Coordinator|Day 5 :BankStatus[-0.583200]
05/04 07:18:18 INFO OrOmerShelly.Coordinator|Day 5: Updating campaign 978927875 stats: 0.0 tgtImps 0.0 nonTgtImps. Cost of imps is 0.0
05/04 07:18:18 SEVERE OrOmerShelly.OOSAgent|Exception thrown while trying to parse message.java.lang.NullPointerException
05/04 07:18:18 INFO OrOmerShelly.Coordinator|Day 5: Campaign opportunity - Campaign ID 1839589553: day 7 to 11 [FEMALE, HIGH_INCOME], reach: 12500 coefs: (v=2.0, m=1.5)
05/04 07:18:18 INFO OrOmerShelly.Coordinator|****OUR qualityis: 1.0 ****
05/04 07:18:18 INFO OrOmerShelly.Coordinator|Day 5: Campaign total budget bid: 93.9635535521557
05/04 07:18:18 INFO OrOmerShelly.Coordinator|Day 5: Adjusting ucs bid: was 0.17013495241146087 level reported: 0.47829690000000014 target: 0.9 adjusted: 0.12918360723959166
05/04 07:18:51 SEVERE OrOmerShelly.OOSAgent|Exception thrown while trying to parse message.java.lang.NullPointerException
05/04 07:18:51 INFO OrOmerShelly.Coordinator|Day 5 : Simulation Status Received
05/04 07:18:51 WARNING OrOmerShelly.Coordinator|BidBundle is null!
05/04 07:18:51 INFO OrOmerShelly.Coordinator|Day 5 ended. Starting next day
05/04 07:18:51 INFO OrOmerShelly.Coordinator|Day 6 :BankStatus[-0.729000]
05/04 07:18:51 INFO OrOmerShelly.Coordinator|Day 6: Updating campaign 978927875 stats: 0.0 tgtImps 0.0 nonTgtImps. Cost of imps is 0.0
05/04 07:18:51 SEVERE OrOmerShelly.OOSAgent|Exception thrown while trying to parse message.java.lang.NullPointerException
05/04 07:18:51 INFO OrOmerShelly.Coordinator|Day 6: Campaign opportunity - Campaign ID 29161675: day 8 to 17 [FEMALE, HIGH_INCOME], reach: 12500 coefs: (v=2.0, m=1.5)
05/04 07:18:51 INFO OrOmerShelly.Coordinator|****OUR qualityis: 1.0 ****
05/04 07:18:51 INFO OrOmerShelly.Coordinator|Day 6: Campaign total budget bid: 46.98177677607785
05/04 07:18:51 INFO OrOmerShelly.Coordinator|Day 6: Adjusting ucs bid: was 0.12918360723959166 level reported: 0.47829690000000014 target: 0.9 adjusted: 0.13925520423022877
05/04 07:18:51 SEVERE OrOmerShelly.OOSAgent|Exception thrown while trying to parse message.java.lang.NullPointerException
05/04 07:18:51 INFO OrOmerShelly.Coordinator|Day 6 : Simulation Status Received
05/04 07:18:51 WARNING OrOmerShelly.Coordinator|BidBundle is null!
05/04 07:18:51 INFO OrOmerShelly.Coordinator|Day 6 ended. Starting next day
05/04 07:18:52 INFO OrOmerShelly.Coordinator|Day 7 :BankStatus[-0.874800]
05/04 07:18:52 SEVERE OrOmerShelly.OOSAgent|Exception thrown while trying to parse message.java.lang.NullPointerException
05/04 07:18:52 INFO OrOmerShelly.Coordinator|Day 7: Campaign opportunity - Campaign ID 27283688: day 9 to 18 [YOUNG, LOW_INCOME], reach: 6250 coefs: (v=2.0, m=1.5)
05/04 07:18:52 INFO OrOmerShelly.Coordinator|****OUR qualityis: 1.0 ****
05/04 07:18:52 INFO OrOmerShelly.Coordinator|Day 7: Campaign total budget bid: 23.41089670562873
05/04 07:18:52 INFO OrOmerShelly.Coordinator|Day 7: Adjusting ucs bid: was 0.13925520423022877 level reported: 0.47829690000000014 target: 0.9 adjusted: 0.11546385086239748
05/04 07:19:09 SEVERE OrOmerShelly.OOSAgent|Exception thrown while trying to parse message.java.lang.NullPointerException
05/04 07:19:09 INFO OrOmerShelly.Coordinator|Day 7 : Simulation Status Received
05/04 07:19:09 WARNING OrOmerShelly.Coordinator|BidBundle is null!
05/04 07:19:09 INFO OrOmerShelly.Coordinator|Day 7 ended. Starting next day
05/04 07:19:09 INFO OrOmerShelly.Coordinator|Day 8 :BankStatus[-1.020600]
05/04 07:19:09 SEVERE OrOmerShelly.OOSAgent|Exception thrown while trying to parse message.java.lang.NullPointerException
05/04 07:19:09 INFO OrOmerShelly.Coordinator|Day 8: Campaign opportunity - Campaign ID 2105825632: day 10 to 14 [FEMALE, OLD], reach: 6250 coefs: (v=2.0, m=1.5)
05/04 07:19:09 INFO OrOmerShelly.Coordinator|****OUR qualityis: 1.0 ****
05/04 07:19:09 INFO OrOmerShelly.Coordinator|Day 8: Campaign total budget bid: 43.882978700062246
05/04 07:19:09 INFO OrOmerShelly.Coordinator|Day 8: Adjusting ucs bid: was 0.11546385086239748 level reported: 0.47829690000000014 target: 0.9 adjusted: 0.11033913686101904
05/04 07:19:09 SEVERE OrOmerShelly.OOSAgent|Exception thrown while trying to parse message.java.lang.NullPointerException
05/04 07:19:09 INFO OrOmerShelly.Coordinator|Day 8 : Simulation Status Received
05/04 07:19:09 WARNING OrOmerShelly.Coordinator|BidBundle is null!
05/04 07:19:09 INFO OrOmerShelly.Coordinator|Day 8 ended. Starting next day
05/04 07:19:09 INFO OrOmerShelly.Coordinator|Day 9 :BankStatus[-1.166400]
05/04 07:19:09 SEVERE OrOmerShelly.OOSAgent|Exception thrown while trying to parse message.java.lang.NullPointerException
05/04 07:19:09 INFO OrOmerShelly.Coordinator|Day 9: Campaign opportunity - Campaign ID 1579100007: day 11 to 20 [OLD, MALE], reach: 12500 coefs: (v=2.0, m=1.5)
05/04 07:19:09 INFO OrOmerShelly.Coordinator|****OUR qualityis: 1.0 ****
05/04 07:19:09 INFO OrOmerShelly.Coordinator|Day 9: Campaign total budget bid: 50.55147064399059
05/04 07:19:09 INFO OrOmerShelly.Coordinator|Day 9: Adjusting ucs bid: was 0.11033913686101904 level reported: 0.47829690000000014 target: 0.9 adjusted: 0.11677241383732857
05/04 07:19:09 SEVERE OrOmerShelly.OOSAgent|Exception thrown while trying to parse message.java.lang.NullPointerException
05/04 07:19:09 INFO OrOmerShelly.Coordinator|Day 9 : Simulation Status Received
05/04 07:19:09 WARNING OrOmerShelly.Coordinator|BidBundle is null!
05/04 07:19:09 INFO OrOmerShelly.Coordinator|Day 9 ended. Starting next day
05/04 07:19:09 INFO OrOmerShelly.Coordinator|Day 10 :BankStatus[-1.312200]
05/04 07:19:09 SEVERE OrOmerShelly.OOSAgent|Exception thrown while trying to parse message.java.lang.NullPointerException
05/04 07:19:09 INFO OrOmerShelly.Coordinator|Day 10: Campaign opportunity - Campaign ID 860218481: day 12 to 16 [YOUNG, LOW_INCOME], reach: 6250 coefs: (v=2.0, m=1.5)
05/04 07:19:09 INFO OrOmerShelly.Coordinator|****OUR qualityis: 1.0 ****
05/04 07:19:09 INFO OrOmerShelly.Coordinator|Day 10: Campaign total budget bid: 46.82179341125746
05/04 07:19:09 INFO OrOmerShelly.Coordinator|Day 10: Adjusting ucs bid: was 0.11677241383732857 level reported: 0.47829690000000014 target: 0.9 adjusted: 0.1660157027470129
05/04 07:19:15 SEVERE OrOmerShelly.OOSAgent|Exception thrown while trying to parse message.java.lang.NullPointerException
05/04 07:19:15 INFO OrOmerShelly.Coordinator|Day 10 : Simulation Status Received
05/04 07:19:15 WARNING OrOmerShelly.Coordinator|BidBundle is null!
05/04 07:19:15 INFO OrOmerShelly.Coordinator|Day 10 ended. Starting next day
05/04 07:19:16 INFO OrOmerShelly.Coordinator|Day 11 :BankStatus[-1.458000]
05/04 07:19:16 SEVERE OrOmerShelly.OOSAgent|Exception thrown while trying to parse message.java.lang.NullPointerException
05/04 07:19:16 INFO OrOmerShelly.Coordinator|Day 11: Campaign opportunity - Campaign ID 1153748161: day 13 to 22 [YOUNG, LOW_INCOME], reach: 6250 coefs: (v=2.0, m=1.5)
05/04 07:19:16 INFO OrOmerShelly.Coordinator|****OUR qualityis: 1.0 ****
05/04 07:19:16 INFO OrOmerShelly.Coordinator|Day 11: Campaign total budget bid: 23.41089670562873
05/04 07:19:16 INFO OrOmerShelly.Coordinator|Day 11: Adjusting ucs bid: was 0.1660157027470129 level reported: 0.47829690000000014 target: 0.9 adjusted: 0.16612651706362547
05/04 07:19:16 SEVERE OrOmerShelly.OOSAgent|Exception thrown while trying to parse message.java.lang.NullPointerException
05/04 07:19:16 INFO OrOmerShelly.Coordinator|Day 11 : Simulation Status Received
05/04 07:19:16 WARNING OrOmerShelly.Coordinator|BidBundle is null!
05/04 07:19:16 INFO OrOmerShelly.Coordinator|Day 11 ended. Starting next day
05/04 07:19:16 INFO OrOmerShelly.Coordinator|Day 12 :BankStatus[-1.603800]
05/04 07:19:16 SEVERE OrOmerShelly.OOSAgent|Exception thrown while trying to parse message.java.lang.NullPointerException
05/04 07:19:16 INFO OrOmerShelly.Coordinator|Day 12: Campaign opportunity - Campaign ID 1913091749: day 14 to 18 [YOUNG, MALE], reach: 12500 coefs: (v=2.0, m=1.5)
05/04 07:19:16 INFO OrOmerShelly.Coordinator|****OUR qualityis: 1.0 ****
05/04 07:19:16 INFO OrOmerShelly.Coordinator|Day 12: Campaign total budget bid: 96.7931170398986
05/04 07:19:16 INFO OrOmerShelly.Coordinator|Day 12: Adjusting ucs bid: was 0.16612651706362547 level reported: 0.47829690000000014 target: 0.9 adjusted: 0.17898288088815212
05/04 07:19:34 SEVERE OrOmerShelly.OOSAgent|Exception thrown while trying to parse message.java.lang.NullPointerException
05/04 07:19:34 INFO OrOmerShelly.Coordinator|Day 12 : Simulation Status Received
05/04 07:19:34 WARNING OrOmerShelly.Coordinator|BidBundle is null!
05/04 07:19:34 INFO OrOmerShelly.Coordinator|Day 12 ended. Starting next day
05/04 07:19:34 INFO OrOmerShelly.Coordinator|Day 13 :BankStatus[-1.749600]
05/04 07:19:34 SEVERE OrOmerShelly.OOSAgent|Exception thrown while trying to parse message.java.lang.NullPointerException
05/04 07:19:34 INFO OrOmerShelly.Coordinator|Day 13: Campaign opportunity - Campaign ID 1058651698: day 15 to 19 [FEMALE, OLD], reach: 12500 coefs: (v=2.0, m=1.5)
05/04 07:19:34 INFO OrOmerShelly.Coordinator|****OUR qualityis: 1.0 ****
05/04 07:19:34 INFO OrOmerShelly.Coordinator|Day 13: Campaign total budget bid: 87.76595740012449
05/04 07:19:34 INFO OrOmerShelly.Coordinator|Day 13: Adjusting ucs bid: was 0.17898288088815212 level reported: 0.47829690000000014 target: 0.9 adjusted: 0.19677121517255683
05/04 07:19:40 SEVERE OrOmerShelly.OOSAgent|Exception thrown while trying to parse message.java.lang.NullPointerException
05/04 07:19:40 INFO OrOmerShelly.Coordinator|Day 13 : Simulation Status Received
05/04 07:19:40 WARNING OrOmerShelly.Coordinator|BidBundle is null!
05/04 07:19:40 INFO OrOmerShelly.Coordinator|Day 13 ended. Starting next day
05/04 07:19:40 INFO OrOmerShelly.Coordinator|Day 14 :BankStatus[-1.895400]
05/04 07:19:40 SEVERE OrOmerShelly.OOSAgent|Exception thrown while trying to parse message.java.lang.NullPointerException
05/04 07:19:40 INFO OrOmerShelly.Coordinator|Day 14: Campaign opportunity - Campaign ID 1194922804: day 16 to 18 [MALE, HIGH_INCOME], reach: 3750 coefs: (v=2.0, m=1.5)
05/04 07:19:40 INFO OrOmerShelly.Coordinator|****OUR qualityis: 1.0 ****
05/04 07:19:40 INFO OrOmerShelly.Coordinator|Day 14: Campaign total budget bid: 51.348547809460065
05/04 07:19:40 INFO OrOmerShelly.Coordinator|Day 14: Adjusting ucs bid: was 0.19677121517255683 level reported: 0.47829690000000014 target: 0.9 adjusted: 0.12349273380333949
05/04 07:19:40 SEVERE OrOmerShelly.OOSAgent|Exception thrown while trying to parse message.java.lang.NullPointerException
05/04 07:19:40 INFO OrOmerShelly.Coordinator|Day 14 : Simulation Status Received
05/04 07:19:40 WARNING OrOmerShelly.Coordinator|BidBundle is null!
05/04 07:19:40 INFO OrOmerShelly.Coordinator|Day 14 ended. Starting next day
05/04 07:19:40 INFO OrOmerShelly.Coordinator|Day 15 :BankStatus[-2.041200]
05/04 07:19:40 SEVERE OrOmerShelly.OOSAgent|Exception thrown while trying to parse message.java.lang.NullPointerException
05/04 07:19:40 INFO OrOmerShelly.Coordinator|Day 15: Campaign opportunity - Campaign ID 1407604140: day 17 to 26 [OLD, MALE], reach: 12500 coefs: (v=2.0, m=1.5)
05/04 07:19:40 INFO OrOmerShelly.Coordinator|****OUR qualityis: 1.0 ****
05/04 07:19:40 INFO OrOmerShelly.Coordinator|Day 15: Campaign total budget bid: 50.55147064399059
05/04 07:19:40 INFO OrOmerShelly.Coordinator|Day 15: Adjusting ucs bid: was 0.12349273380333949 level reported: 0.47829690000000014 target: 0.9 adjusted: 0.11901282743192432
05/04 07:19:55 SEVERE OrOmerShelly.OOSAgent|Exception thrown while trying to parse message.java.lang.NullPointerException
05/04 07:19:55 INFO OrOmerShelly.Coordinator|Day 15 : Simulation Status Received
05/04 07:19:55 WARNING OrOmerShelly.Coordinator|BidBundle is null!
05/04 07:19:55 INFO OrOmerShelly.Coordinator|Day 15 ended. Starting next day
05/04 07:19:55 INFO OrOmerShelly.Coordinator|Day 16 :BankStatus[-2.187000]
05/04 07:19:55 SEVERE OrOmerShelly.OOSAgent|Exception thrown while trying to parse message.java.lang.NullPointerException
05/04 07:19:55 INFO OrOmerShelly.Coordinator|Day 16: Campaign opportunity - Campaign ID 1804458458: day 18 to 22 [YOUNG, LOW_INCOME], reach: 12500 coefs: (v=2.0, m=1.5)
05/04 07:19:55 INFO OrOmerShelly.Coordinator|****OUR qualityis: 1.0 ****
05/04 07:19:55 INFO OrOmerShelly.Coordinator|Day 16: Campaign total budget bid: 93.64358682251492
05/04 07:19:55 INFO OrOmerShelly.Coordinator|Day 16: Adjusting ucs bid: was 0.11901282743192432 level reported: 0.47829690000000014 target: 0.9 adjusted: 0.1692009056997318
05/04 07:19:57 SEVERE OrOmerShelly.OOSAgent|Exception thrown while trying to parse message.java.lang.NullPointerException
05/04 07:19:57 INFO OrOmerShelly.Coordinator|Day 16 : Simulation Status Received
05/04 07:19:57 WARNING OrOmerShelly.Coordinator|BidBundle is null!
05/04 07:19:57 INFO OrOmerShelly.Coordinator|Day 16 ended. Starting next day
05/04 07:19:57 INFO OrOmerShelly.Coordinator|Day 17 :BankStatus[-2.332800]
05/04 07:19:57 SEVERE OrOmerShelly.OOSAgent|Exception thrown while trying to parse message.java.lang.NullPointerException
05/04 07:19:57 INFO OrOmerShelly.Coordinator|Day 17: Campaign opportunity - Campaign ID 944995436: day 19 to 23 [FEMALE, OLD], reach: 6250 coefs: (v=2.0, m=1.5)
05/04 07:19:57 INFO OrOmerShelly.Coordinator|****OUR qualityis: 1.0 ****
05/04 07:19:57 INFO OrOmerShelly.Coordinator|Day 17: Campaign total budget bid: 43.882978700062246
05/04 07:19:57 INFO OrOmerShelly.Coordinator|Day 17: Adjusting ucs bid: was 0.1692009056997318 level reported: 0.47829690000000014 target: 0.9 adjusted: 0.11466326669335702
05/04 07:19:57 SEVERE OrOmerShelly.OOSAgent|Exception thrown while trying to parse message.java.lang.NullPointerException
05/04 07:19:57 INFO OrOmerShelly.Coordinator|Day 17 : Simulation Status Received
05/04 07:19:57 WARNING OrOmerShelly.Coordinator|BidBundle is null!
05/04 07:19:57 INFO OrOmerShelly.Coordinator|Day 17 ended. Starting next day
05/04 07:20:11 INFO OrOmerShelly.Coordinator|Day 18 :BankStatus[-2.478600]
05/04 07:20:11 INFO OrOmerShelly.OOSAgent|UNKNOWN Message Received: (CampaignAuctionReport CampaignAuctionReportEntry [actualBid=2134.0, effectiveBid=1679.9547442638752] CampaignAuctionReportEntry [actualBid=2166.0, effectiveBid=1108.205617282962] CampaignAuctionReportEntry [actualBid=2063.0, effectiveBid=827.1451366802231])
05/04 07:20:11 SEVERE OrOmerShelly.OOSAgent|Exception thrown while trying to parse message.java.lang.NullPointerException
05/04 07:20:11 INFO OrOmerShelly.Coordinator|Day 18: Campaign opportunity - Campaign ID 1196293655: day 20 to 22 [FEMALE, LOW_INCOME], reach: 3750 coefs: (v=2.0, m=1.5)
05/04 07:20:11 INFO OrOmerShelly.Coordinator|****OUR qualityis: 1.0 ****
05/04 07:20:11 INFO OrOmerShelly.Coordinator|Day 18: Campaign total budget bid: 46.57508474858311
05/04 07:20:11 INFO OrOmerShelly.Coordinator|Day 18: Adjusting ucs bid: was 0.11466326669335702 level reported: 0.47829690000000014 target: 0.9 adjusted: 0.1630171217140724
05/04 07:20:14 SEVERE OrOmerShelly.OOSAgent|Exception thrown while trying to parse message.java.lang.NullPointerException
05/04 07:20:14 INFO OrOmerShelly.Coordinator|Day 18 : Simulation Status Received
05/04 07:20:14 WARNING OrOmerShelly.Coordinator|BidBundle is null!
05/04 07:20:14 INFO OrOmerShelly.Coordinator|Day 18 ended. Starting next day
05/04 07:20:14 INFO OrOmerShelly.Coordinator|Day 19 :BankStatus[-2.624400]
05/04 07:20:14 SEVERE OrOmerShelly.OOSAgent|Exception thrown while trying to parse message.java.lang.NullPointerException
05/04 07:20:14 INFO OrOmerShelly.Coordinator|Day 19: Campaign opportunity - Campaign ID 1869298995: day 21 to 23 [FEMALE, LOW_INCOME], reach: 3750 coefs: (v=2.0, m=1.5)
05/04 07:20:14 INFO OrOmerShelly.Coordinator|****OUR qualityis: 1.0 ****
05/04 07:20:14 INFO OrOmerShelly.Coordinator|Day 19: Campaign total budget bid: 46.57508474858311
05/04 07:20:14 INFO OrOmerShelly.Coordinator|Day 19: Adjusting ucs bid: was 0.1630171217140724 level reported: 0.47829690000000014 target: 0.9 adjusted: 0.12139212290034114
05/04 07:20:14 SEVERE OrOmerShelly.OOSAgent|Exception thrown while trying to parse message.java.lang.NullPointerException
05/04 07:20:14 INFO OrOmerShelly.Coordinator|Day 19 : Simulation Status Received
05/04 07:20:14 WARNING OrOmerShelly.Coordinator|BidBundle is null!
05/04 07:20:14 INFO OrOmerShelly.Coordinator|Day 19 ended. Starting next day
05/04 07:20:21 INFO OrOmerShelly.Coordinator|Day 20 :BankStatus[-2.770200]
05/04 07:20:21 SEVERE OrOmerShelly.OOSAgent|Exception thrown while trying to parse message.java.lang.NullPointerException
05/04 07:20:21 INFO OrOmerShelly.Coordinator|Day 20: Campaign opportunity - Campaign ID 1841688129: day 22 to 26 [FEMALE, HIGH_INCOME], reach: 12500 coefs: (v=2.0, m=1.5)
05/04 07:20:21 INFO OrOmerShelly.Coordinator|****OUR qualityis: 1.0 ****
05/04 07:20:21 INFO OrOmerShelly.Coordinator|Day 20: Campaign total budget bid: 93.9635535521557
05/04 07:20:21 INFO OrOmerShelly.Coordinator|Day 20: Adjusting ucs bid: was 0.12139212290034114 level reported: 0.47829690000000014 target: 0.9 adjusted: 0.13900700461147186
05/04 07:20:21 SEVERE OrOmerShelly.OOSAgent|Exception thrown while trying to parse message.java.lang.NullPointerException
05/04 07:20:21 INFO OrOmerShelly.Coordinator|Day 20 : Simulation Status Received
05/04 07:20:21 WARNING OrOmerShelly.Coordinator|BidBundle is null!
05/04 07:20:21 INFO OrOmerShelly.Coordinator|Day 20 ended. Starting next day
05/04 07:21:00 INFO OrOmerShelly.Coordinator|Day 21 :BankStatus[-2.916000]
05/04 07:21:00 INFO OrOmerShelly.OOSAgent|UNKNOWN Message Received: (CampaignAuctionReport CampaignAuctionReportEntry [actualBid=2520.0, effectiveBid=1983.8265958504992] CampaignAuctionReportEntry [actualBid=3274.0, effectiveBid=1675.0993494849574] CampaignAuctionReportEntry [actualBid=3293.0, effectiveBid=1320.3048643179714])
05/04 07:21:00 SEVERE OrOmerShelly.OOSAgent|Exception thrown while trying to parse message.java.lang.NullPointerException
05/04 07:21:00 INFO OrOmerShelly.Coordinator|Day 21: Campaign opportunity - Campaign ID 730812340: day 23 to 32 [OLD, LOW_INCOME], reach: 12500 coefs: (v=2.0, m=1.5)
05/04 07:21:00 INFO OrOmerShelly.Coordinator|****OUR qualityis: 1.0 ****
05/04 07:21:00 INFO OrOmerShelly.Coordinator|Day 21: Campaign total budget bid: 47.431966186973156
05/04 07:21:00 INFO OrOmerShelly.Coordinator|Day 21: Adjusting ucs bid: was 0.13900700461147186 level reported: 0.47829690000000014 target: 0.9 adjusted: 0.1887853277159287
05/04 07:21:19 SEVERE OrOmerShelly.OOSAgent|Exception thrown while trying to parse message.java.lang.NullPointerException
05/04 07:21:19 INFO OrOmerShelly.Coordinator|Day 21 : Simulation Status Received
05/04 07:21:19 WARNING OrOmerShelly.Coordinator|BidBundle is null!
05/04 07:21:19 INFO OrOmerShelly.Coordinator|Day 21 ended. Starting next day
05/04 07:21:19 INFO OrOmerShelly.Coordinator|Day 22 :BankStatus[-3.061800]
05/04 07:21:19 SEVERE OrOmerShelly.OOSAgent|Exception thrown while trying to parse message.java.lang.NullPointerException
05/04 07:21:19 INFO OrOmerShelly.Coordinator|Day 22: Campaign opportunity - Campaign ID 1346894545: day 24 to 33 [YOUNG, HIGH_INCOME], reach: 6250 coefs: (v=2.0, m=1.5)
05/04 07:21:19 INFO OrOmerShelly.Coordinator|****OUR qualityis: 1.0 ****
05/04 07:21:19 INFO OrOmerShelly.Coordinator|Day 22: Campaign total budget bid: 25.943396216625132
05/04 07:21:19 INFO OrOmerShelly.Coordinator|Day 22: Adjusting ucs bid: was 0.1887853277159287 level reported: 0.47829690000000014 target: 0.9 adjusted: 0.15098102922621615
05/04 07:21:19 SEVERE OrOmerShelly.OOSAgent|Exception thrown while trying to parse message.java.lang.NullPointerException
05/04 07:21:19 INFO OrOmerShelly.Coordinator|Day 22 : Simulation Status Received
05/04 07:21:19 WARNING OrOmerShelly.Coordinator|BidBundle is null!
05/04 07:21:19 INFO OrOmerShelly.Coordinator|Day 22 ended. Starting next day
05/04 07:21:19 INFO OrOmerShelly.Coordinator|Day 23 :BankStatus[-3.207600]
05/04 07:21:19 SEVERE OrOmerShelly.OOSAgent|Exception thrown while trying to parse message.java.lang.NullPointerException
05/04 07:21:19 INFO OrOmerShelly.Coordinator|Day 23: Campaign opportunity - Campaign ID 1432579545: day 25 to 29 [FEMALE, OLD], reach: 12500 coefs: (v=2.0, m=1.5)
05/04 07:21:19 INFO OrOmerShelly.Coordinator|****OUR qualityis: 1.0 ****
05/04 07:21:19 INFO OrOmerShelly.Coordinator|Day 23: Campaign total budget bid: 87.76595740012449
05/04 07:21:19 INFO OrOmerShelly.Coordinator|Day 23: Adjusting ucs bid: was 0.15098102922621615 level reported: 0.47829690000000014 target: 0.9 adjusted: 0.13879926496730696
05/04 07:21:23 SEVERE OrOmerShelly.OOSAgent|Exception thrown while trying to parse message.java.lang.NullPointerException
05/04 07:21:23 INFO OrOmerShelly.Coordinator|Day 23 : Simulation Status Received
05/04 07:21:23 WARNING OrOmerShelly.Coordinator|BidBundle is null!
05/04 07:21:23 INFO OrOmerShelly.Coordinator|Day 23 ended. Starting next day
05/04 07:21:23 INFO OrOmerShelly.Coordinator|Day 24 :BankStatus[-3.353400]
05/04 07:21:23 SEVERE OrOmerShelly.OOSAgent|Exception thrown while trying to parse message.java.lang.NullPointerException
05/04 07:21:23 INFO OrOmerShelly.Coordinator|Day 24: Campaign opportunity - Campaign ID 1606943012: day 26 to 28 [YOUNG, HIGH_INCOME], reach: 3750 coefs: (v=2.0, m=1.5)
05/04 07:21:23 INFO OrOmerShelly.Coordinator|****OUR qualityis: 1.0 ****
05/04 07:21:23 INFO OrOmerShelly.Coordinator|Day 24: Campaign total budget bid: 51.886792433250264
05/04 07:21:23 INFO OrOmerShelly.Coordinator|Day 24: Adjusting ucs bid: was 0.13879926496730696 level reported: 0.47829690000000014 target: 0.9 adjusted: 0.19263978331258147
05/04 07:21:23 SEVERE OrOmerShelly.OOSAgent|Exception thrown while trying to parse message.java.lang.NullPointerException
05/04 07:21:23 INFO OrOmerShelly.Coordinator|Day 24 : Simulation Status Received
05/04 07:21:23 WARNING OrOmerShelly.Coordinator|BidBundle is null!
05/04 07:21:23 INFO OrOmerShelly.Coordinator|Day 24 ended. Starting next day
05/04 07:21:23 INFO OrOmerShelly.Coordinator|Day 25 :BankStatus[-3.499200]
05/04 07:21:23 SEVERE OrOmerShelly.OOSAgent|Exception thrown while trying to parse message.java.lang.NullPointerException
05/04 07:21:23 INFO OrOmerShelly.Coordinator|Day 25: Campaign opportunity - Campaign ID 1450403003: day 27 to 29 [FEMALE, HIGH_INCOME], reach: 6250 coefs: (v=2.0, m=1.5)
05/04 07:21:23 INFO OrOmerShelly.Coordinator|****OUR qualityis: 1.0 ****
05/04 07:21:23 INFO OrOmerShelly.Coordinator|Day 25: Campaign total budget bid: 78.30296129346308
05/04 07:21:23 INFO OrOmerShelly.Coordinator|Day 25: Adjusting ucs bid: was 0.19263978331258147 level reported: 0.47829690000000014 target: 0.9 adjusted: 0.17247158011389316
05/04 07:21:27 SEVERE OrOmerShelly.OOSAgent|Exception thrown while trying to parse message.java.lang.NullPointerException
05/04 07:21:27 INFO OrOmerShelly.Coordinator|Day 25 : Simulation Status Received
05/04 07:21:27 WARNING OrOmerShelly.Coordinator|BidBundle is null!
05/04 07:21:27 INFO OrOmerShelly.Coordinator|Day 25 ended. Starting next day
05/04 07:21:28 INFO OrOmerShelly.Coordinator|Day 26 :BankStatus[-3.645000]
05/04 07:21:28 SEVERE OrOmerShelly.OOSAgent|Exception thrown while trying to parse message.java.lang.NullPointerException
05/04 07:21:28 INFO OrOmerShelly.Coordinator|Day 26: Campaign opportunity - Campaign ID 449827041: day 28 to 32 [MALE, HIGH_INCOME], reach: 3750 coefs: (v=2.0, m=1.5)
05/04 07:21:28 INFO OrOmerShelly.Coordinator|****OUR qualityis: 1.0 ****
05/04 07:21:28 INFO OrOmerShelly.Coordinator|Day 26: Campaign total budget bid: 30.80912868567604
05/04 07:21:28 INFO OrOmerShelly.Coordinator|Day 26: Adjusting ucs bid: was 0.17247158011389316 level reported: 0.47829690000000014 target: 0.9 adjusted: 0.10280101922213775
05/04 07:21:28 SEVERE OrOmerShelly.OOSAgent|Exception thrown while trying to parse message.java.lang.NullPointerException
05/04 07:21:28 INFO OrOmerShelly.Coordinator|Day 26 : Simulation Status Received
05/04 07:21:28 WARNING OrOmerShelly.Coordinator|BidBundle is null!
05/04 07:21:28 INFO OrOmerShelly.Coordinator|Day 26 ended. Starting next day
05/04 07:21:33 INFO OrOmerShelly.Coordinator|Day 27 :BankStatus[-3.790800]
05/04 07:21:33 INFO OrOmerShelly.OOSAgent|UNKNOWN Message Received: (CampaignAuctionReport CampaignAuctionReportEntry [actualBid=2083.0, effectiveBid=1906.472589930466])
05/04 07:21:33 SEVERE OrOmerShelly.OOSAgent|Exception thrown while trying to parse message.java.lang.NullPointerException
05/04 07:21:33 INFO OrOmerShelly.Coordinator|Day 27: Campaign opportunity - Campaign ID 121291095: day 29 to 33 [OLD, HIGH_INCOME], reach: 3750 coefs: (v=2.0, m=1.5)
05/04 07:21:33 INFO OrOmerShelly.Coordinator|****OUR qualityis: 1.0 ****
05/04 07:21:33 INFO OrOmerShelly.Coordinator|Day 27: Campaign total budget bid: 27.92403154776663
05/04 07:21:33 INFO OrOmerShelly.Coordinator|Day 27: Adjusting ucs bid: was 0.10280101922213775 level reported: 0.47829690000000014 target: 0.9 adjusted: 0.1461525277112728
05/04 07:21:33 SEVERE OrOmerShelly.OOSAgent|Exception thrown while trying to parse message.java.lang.NullPointerException
05/04 07:21:33 INFO OrOmerShelly.Coordinator|Day 27 : Simulation Status Received
05/04 07:21:33 WARNING OrOmerShelly.Coordinator|BidBundle is null!
05/04 07:21:33 INFO OrOmerShelly.Coordinator|Day 27 ended. Starting next day
05/04 07:21:53 INFO OrOmerShelly.Coordinator|Day 28 :BankStatus[-3.936600]
05/04 07:21:53 INFO OrOmerShelly.OOSAgent|UNKNOWN Message Received: (CampaignAuctionReport CampaignAuctionReportEntry [actualBid=2309.0, effectiveBid=2231.117113385337])
05/04 07:21:53 SEVERE OrOmerShelly.OOSAgent|Exception thrown while trying to parse message.java.lang.NullPointerException
05/04 07:21:53 INFO OrOmerShelly.Coordinator|Day 28: Campaign opportunity - Campaign ID 1216468300: day 30 to 32 [FEMALE, OLD], reach: 12500 coefs: (v=2.0, m=1.5)
05/04 07:21:53 INFO OrOmerShelly.Coordinator|****OUR qualityis: 1.0 ****
05/04 07:21:53 INFO OrOmerShelly.Coordinator|Day 28: Campaign total budget bid: 146.27659566687416
05/04 07:21:53 INFO OrOmerShelly.Coordinator|Day 28: Adjusting ucs bid: was 0.1461525277112728 level reported: 0.47829690000000014 target: 0.9 adjusted: 0.13288665423896967
05/04 07:22:19 SEVERE OrOmerShelly.OOSAgent|Exception thrown while trying to parse message.java.lang.NullPointerException
05/04 07:22:19 INFO OrOmerShelly.Coordinator|Day 28 : Simulation Status Received
05/04 07:22:19 WARNING OrOmerShelly.Coordinator|BidBundle is null!
05/04 07:22:19 INFO OrOmerShelly.Coordinator|Day 28 ended. Starting next day
05/04 07:22:19 INFO OrOmerShelly.Coordinator|Day 29 :BankStatus[-4.082400]
05/04 07:22:19 SEVERE OrOmerShelly.OOSAgent|Exception thrown while trying to parse message.java.lang.NullPointerException
05/04 07:22:19 INFO OrOmerShelly.Coordinator|Day 29: Campaign opportunity - Campaign ID 1847641777: day 31 to 33 [FEMALE, LOW_INCOME], reach: 6250 coefs: (v=2.0, m=1.5)
05/04 07:22:19 INFO OrOmerShelly.Coordinator|****OUR qualityis: 1.0 ****
05/04 07:22:19 INFO OrOmerShelly.Coordinator|Day 29: Campaign total budget bid: 77.62514124763852
05/04 07:22:19 INFO OrOmerShelly.Coordinator|Day 29: Adjusting ucs bid: was 0.13288665423896967 level reported: 0.47829690000000014 target: 0.9 adjusted: 0.10926672088575246
05/04 07:22:44 SEVERE OrOmerShelly.OOSAgent|Exception thrown while trying to parse message.java.lang.NullPointerException
05/04 07:22:44 INFO OrOmerShelly.Coordinator|Day 29 : Simulation Status Received
05/04 07:22:44 WARNING OrOmerShelly.Coordinator|BidBundle is null!
05/04 07:22:44 INFO OrOmerShelly.Coordinator|Day 29 ended. Starting next day
05/04 07:22:44 INFO OrOmerShelly.Coordinator|Day 30 :BankStatus[-4.228200]
05/04 07:22:44 SEVERE OrOmerShelly.OOSAgent|Exception thrown while trying to parse message.java.lang.NullPointerException
05/04 07:22:44 INFO OrOmerShelly.Coordinator|Day 30: Campaign opportunity - Campaign ID 675104637: day 32 to 41 [YOUNG, MALE], reach: 6250 coefs: (v=2.0, m=1.5)
05/04 07:22:44 INFO OrOmerShelly.Coordinator|****OUR qualityis: 1.0 ****
05/04 07:22:44 INFO OrOmerShelly.Coordinator|Day 30: Campaign total budget bid: 24.19827925997465
05/04 07:22:44 INFO OrOmerShelly.Coordinator|Day 30: Adjusting ucs bid: was 0.10926672088575246 level reported: 0.47829690000000014 target: 0.9 adjusted: 0.14582476455327095
05/04 07:22:49 SEVERE OrOmerShelly.OOSAgent|Exception thrown while trying to parse message.java.lang.NullPointerException
05/04 07:22:49 INFO OrOmerShelly.Coordinator|Day 30 : Simulation Status Received
05/04 07:22:49 WARNING OrOmerShelly.Coordinator|BidBundle is null!
05/04 07:22:49 INFO OrOmerShelly.Coordinator|Day 30 ended. Starting next day
05/04 07:22:50 INFO OrOmerShelly.Coordinator|Day 31 :BankStatus[-4.374000]
05/04 07:22:50 SEVERE OrOmerShelly.OOSAgent|Exception thrown while trying to parse message.java.lang.NullPointerException
05/04 07:22:50 INFO OrOmerShelly.Coordinator|Day 31: Campaign opportunity - Campaign ID 450515615: day 33 to 42 [FEMALE, OLD], reach: 3750 coefs: (v=2.0, m=1.5)
05/04 07:22:50 INFO OrOmerShelly.Coordinator|****OUR qualityis: 1.0 ****
05/04 07:22:50 INFO OrOmerShelly.Coordinator|Day 31: Campaign total budget bid: 13.164893610018675
05/04 07:22:50 INFO OrOmerShelly.Coordinator|Day 31: Adjusting ucs bid: was 0.14582476455327095 level reported: 0.47829690000000014 target: 0.9 adjusted: 0.10786446202503035
05/04 07:22:50 SEVERE OrOmerShelly.OOSAgent|Exception thrown while trying to parse message.java.lang.NullPointerException
05/04 07:22:50 INFO OrOmerShelly.Coordinator|Day 31 : Simulation Status Received
05/04 07:22:50 WARNING OrOmerShelly.Coordinator|BidBundle is null!
05/04 07:22:50 INFO OrOmerShelly.Coordinator|Day 31 ended. Starting next day
05/04 07:22:50 INFO OrOmerShelly.Coordinator|Day 32 :BankStatus[-4.519800]
05/04 07:22:50 SEVERE OrOmerShelly.OOSAgent|Exception thrown while trying to parse message.java.lang.NullPointerException
05/04 07:22:50 INFO OrOmerShelly.Coordinator|Day 32: Campaign opportunity - Campaign ID 1219719487: day 34 to 38 [YOUNG, HIGH_INCOME], reach: 12500 coefs: (v=2.0, m=1.5)
05/04 07:22:50 INFO OrOmerShelly.Coordinator|****OUR qualityis: 1.0 ****
05/04 07:22:50 INFO OrOmerShelly.Coordinator|Day 32: Campaign total budget bid: 103.77358486650053
05/04 07:22:50 INFO OrOmerShelly.Coordinator|Day 32: Adjusting ucs bid: was 0.10786446202503035 level reported: 0.47829690000000014 target: 0.9 adjusted: 0.1533512400408179
05/04 07:22:50 SEVERE OrOmerShelly.OOSAgent|Exception thrown while trying to parse message.java.lang.NullPointerException
05/04 07:22:50 INFO OrOmerShelly.Coordinator|Day 32 : Simulation Status Received
05/04 07:22:50 WARNING OrOmerShelly.Coordinator|BidBundle is null!
05/04 07:22:50 INFO OrOmerShelly.Coordinator|Day 32 ended. Starting next day
05/04 07:22:51 INFO OrOmerShelly.Coordinator|Day 33 :BankStatus[-4.665600]
05/04 07:22:51 SEVERE OrOmerShelly.OOSAgent|Exception thrown while trying to parse message.java.lang.NullPointerException
05/04 07:22:51 INFO OrOmerShelly.Coordinator|Day 33: Campaign opportunity - Campaign ID 693350768: day 35 to 37 [YOUNG, HIGH_INCOME], reach: 3750 coefs: (v=2.0, m=1.5)
05/04 07:22:51 INFO OrOmerShelly.Coordinator|****OUR qualityis: 1.0 ****
05/04 07:22:51 INFO OrOmerShelly.Coordinator|Day 33: Campaign total budget bid: 51.886792433250264
05/04 07:22:51 INFO OrOmerShelly.Coordinator|Day 33: Adjusting ucs bid: was 0.1533512400408179 level reported: 0.47829690000000014 target: 0.9 adjusted: 0.15324494755677395
05/04 07:22:51 SEVERE OrOmerShelly.OOSAgent|Exception thrown while trying to parse message.java.lang.NullPointerException
05/04 07:22:51 INFO OrOmerShelly.Coordinator|Day 33 : Simulation Status Received
05/04 07:22:51 WARNING OrOmerShelly.Coordinator|BidBundle is null!
05/04 07:22:51 INFO OrOmerShelly.Coordinator|Day 33 ended. Starting next day
05/04 07:22:53 INFO OrOmerShelly.Coordinator|Day 34 :BankStatus[-4.811400]
05/04 07:22:53 SEVERE OrOmerShelly.OOSAgent|Exception thrown while trying to parse message.java.lang.NullPointerException
05/04 07:22:53 INFO OrOmerShelly.Coordinator|Day 34: Campaign opportunity - Campaign ID 2035605982: day 36 to 38 [FEMALE, YOUNG], reach: 12500 coefs: (v=2.0, m=1.5)
05/04 07:22:53 INFO OrOmerShelly.Coordinator|****OUR qualityis: 1.0 ****
05/04 07:22:53 INFO OrOmerShelly.Coordinator|Day 34: Campaign total budget bid: 166.93646270022427
05/04 07:22:53 INFO OrOmerShelly.Coordinator|Day 34: Adjusting ucs bid: was 0.15324494755677395 level reported: 0.47829690000000014 target: 0.9 adjusted: 0.15595154895555302
05/04 07:22:53 SEVERE OrOmerShelly.OOSAgent|Exception thrown while trying to parse message.java.lang.NullPointerException
05/04 07:22:53 INFO OrOmerShelly.Coordinator|Day 34 : Simulation Status Received
05/04 07:22:53 WARNING OrOmerShelly.Coordinator|BidBundle is null!
05/04 07:22:53 INFO OrOmerShelly.Coordinator|Day 34 ended. Starting next day
05/04 07:22:53 INFO OrOmerShelly.Coordinator|Day 35 :BankStatus[-4.957200]
05/04 07:22:53 SEVERE OrOmerShelly.OOSAgent|Exception thrown while trying to parse message.java.lang.NullPointerException
05/04 07:22:53 INFO OrOmerShelly.Coordinator|Day 35: Campaign opportunity - Campaign ID 1367737896: day 37 to 46 [YOUNG, LOW_INCOME], reach: 3750 coefs: (v=2.0, m=1.5)
05/04 07:22:53 INFO OrOmerShelly.Coordinator|****OUR qualityis: 1.0 ****
05/04 07:22:53 INFO OrOmerShelly.Coordinator|Day 35: Campaign total budget bid: 14.046538023377238
05/04 07:22:53 INFO OrOmerShelly.Coordinator|Day 35: Adjusting ucs bid: was 0.15595154895555302 level reported: 0.47829690000000014 target: 0.9 adjusted: 0.19171703017875294
05/04 07:22:53 SEVERE OrOmerShelly.OOSAgent|Exception thrown while trying to parse message.java.lang.NullPointerException
05/04 07:22:53 INFO OrOmerShelly.Coordinator|Day 35 : Simulation Status Received
05/04 07:22:53 WARNING OrOmerShelly.Coordinator|BidBundle is null!
05/04 07:22:53 INFO OrOmerShelly.Coordinator|Day 35 ended. Starting next day
05/04 07:23:02 INFO OrOmerShelly.Coordinator|Day 36 :BankStatus[-5.103000]
05/04 07:23:02 SEVERE OrOmerShelly.OOSAgent|Exception thrown while trying to parse message.java.lang.NullPointerException
05/04 07:23:02 INFO OrOmerShelly.Coordinator|Day 36: Campaign opportunity - Campaign ID 477734210: day 38 to 40 [FEMALE, OLD], reach: 12500 coefs: (v=2.0, m=1.5)
05/04 07:23:02 INFO OrOmerShelly.Coordinator|****OUR qualityis: 1.0 ****
05/04 07:23:02 INFO OrOmerShelly.Coordinator|Day 36: Campaign total budget bid: 146.27659566687416
05/04 07:23:02 INFO OrOmerShelly.Coordinator|Day 36: Adjusting ucs bid: was 0.19171703017875294 level reported: 0.47829690000000014 target: 0.9 adjusted: 0.18168994530953797
05/04 07:23:02 SEVERE OrOmerShelly.OOSAgent|Exception thrown while trying to parse message.java.lang.NullPointerException
05/04 07:23:02 INFO OrOmerShelly.Coordinator|Day 36 : Simulation Status Received
05/04 07:23:02 WARNING OrOmerShelly.Coordinator|BidBundle is null!
05/04 07:23:02 INFO OrOmerShelly.Coordinator|Day 36 ended. Starting next day
05/04 07:23:16 INFO OrOmerShelly.Coordinator|Day 37 :BankStatus[-5.248800]
05/04 07:23:16 INFO OrOmerShelly.OOSAgent|UNKNOWN Message Received: (CampaignAuctionReport CampaignAuctionReportEntry [actualBid=2566.0, effectiveBid=1937.48157184615])
05/04 07:23:16 SEVERE OrOmerShelly.OOSAgent|Exception thrown while trying to parse message.java.lang.NullPointerException
05/04 07:23:16 INFO OrOmerShelly.Coordinator|Day 37: Campaign opportunity - Campaign ID 1699088394: day 39 to 41 [OLD, MALE], reach: 6250 coefs: (v=2.0, m=1.5)
05/04 07:23:16 INFO OrOmerShelly.Coordinator|****OUR qualityis: 1.0 ****
05/04 07:23:16 INFO OrOmerShelly.Coordinator|Day 37: Campaign total budget bid: 84.25245107331766
05/04 07:23:16 INFO OrOmerShelly.Coordinator|Day 37: Adjusting ucs bid: was 0.18168994530953797 level reported: 0.47829690000000014 target: 0.9 adjusted: 0.11524115406242093
05/04 07:23:16 SEVERE OrOmerShelly.OOSAgent|Exception thrown while trying to parse message.java.lang.NullPointerException
05/04 07:23:16 INFO OrOmerShelly.Coordinator|Day 37 : Simulation Status Received
05/04 07:23:16 WARNING OrOmerShelly.Coordinator|BidBundle is null!
05/04 07:23:16 INFO OrOmerShelly.Coordinator|Day 37 ended. Starting next day
05/04 07:23:21 INFO OrOmerShelly.Coordinator|Day 38 :BankStatus[-5.394600]
05/04 07:23:21 INFO OrOmerShelly.OOSAgent|UNKNOWN Message Received: (CampaignAuctionReport CampaignAuctionReportEntry [actualBid=2278.0, effectiveBid=1720.0245598852414] CampaignAuctionReportEntry [actualBid=2754.0, effectiveBid=1409.0481394262592] CampaignAuctionReportEntry [actualBid=2282.0, effectiveBid=914.9516247718223])
05/04 07:23:21 SEVERE OrOmerShelly.OOSAgent|Exception thrown while trying to parse message.java.lang.NullPointerException
05/04 07:23:21 INFO OrOmerShelly.Coordinator|Day 38: Campaign opportunity - Campaign ID 1770072150: day 40 to 44 [YOUNG, MALE], reach: 3750 coefs: (v=2.0, m=1.5)
05/04 07:23:21 INFO OrOmerShelly.Coordinator|****OUR qualityis: 1.0 ****
05/04 07:23:21 INFO OrOmerShelly.Coordinator|Day 38: Campaign total budget bid: 29.03793511196958
05/04 07:23:21 INFO OrOmerShelly.Coordinator|Day 38: Adjusting ucs bid: was 0.11524115406242093 level reported: 0.47829690000000014 target: 0.9 adjusted: 0.15895478572427735
05/04 07:23:21 SEVERE OrOmerShelly.OOSAgent|Exception thrown while trying to parse message.java.lang.NullPointerException
05/04 07:23:21 INFO OrOmerShelly.Coordinator|Day 38 : Simulation Status Received
05/04 07:23:21 WARNING OrOmerShelly.Coordinator|BidBundle is null!
05/04 07:23:21 INFO OrOmerShelly.Coordinator|Day 38 ended. Starting next day
05/04 07:23:32 INFO OrOmerShelly.Coordinator|Day 39 :BankStatus[-5.540400]
05/04 07:23:32 SEVERE OrOmerShelly.OOSAgent|Exception thrown while trying to parse message.java.lang.NullPointerException
05/04 07:23:32 INFO OrOmerShelly.Coordinator|Day 39: Campaign opportunity - Campaign ID 154056941: day 41 to 43 [FEMALE, OLD], reach: 6250 coefs: (v=2.0, m=1.5)
05/04 07:23:32 INFO OrOmerShelly.Coordinator|****OUR qualityis: 1.0 ****
05/04 07:23:32 INFO OrOmerShelly.Coordinator|Day 39: Campaign total budget bid: 73.13829783343708
05/04 07:23:32 INFO OrOmerShelly.Coordinator|Day 39: Adjusting ucs bid: was 0.15895478572427735 level reported: 0.47829690000000014 target: 0.9 adjusted: 0.14787991379894147
05/04 07:23:32 SEVERE OrOmerShelly.OOSAgent|Exception thrown while trying to parse message.java.lang.NullPointerException
05/04 07:23:32 INFO OrOmerShelly.Coordinator|Day 39 : Simulation Status Received
05/04 07:23:32 WARNING OrOmerShelly.Coordinator|BidBundle is null!
05/04 07:23:32 INFO OrOmerShelly.Coordinator|Day 39 ended. Starting next day
05/04 07:23:43 INFO OrOmerShelly.Coordinator|Day 40 :BankStatus[-5.686200]
05/04 07:23:43 INFO OrOmerShelly.OOSAgent|UNKNOWN Message Received: (CampaignAuctionReport CampaignAuctionReportEntry [actualBid=2210.0, effectiveBid=1668.6805431722491] CampaignAuctionReportEntry [actualBid=2035.0, effectiveBid=946.0276701169915] CampaignAuctionReportEntry [actualBid=2356.0, effectiveBid=1205.416636342871] CampaignAuctionReportEntry [actualBid=2103.0, effectiveBid=843.18285140015])
05/04 07:23:43 SEVERE OrOmerShelly.OOSAgent|Exception thrown while trying to parse message.java.lang.NullPointerException
05/04 07:23:43 INFO OrOmerShelly.Coordinator|Day 40: Campaign opportunity - Campaign ID 398219177: day 42 to 51 [MALE, HIGH_INCOME], reach: 12500 coefs: (v=2.0, m=1.5)
05/04 07:23:43 INFO OrOmerShelly.Coordinator|****OUR qualityis: 1.0 ****
05/04 07:23:43 INFO OrOmerShelly.Coordinator|Day 40: Campaign total budget bid: 51.348547809460065
05/04 07:23:43 INFO OrOmerShelly.Coordinator|Day 40: Adjusting ucs bid: was 0.14787991379894147 level reported: 0.47829690000000014 target: 0.9 adjusted: 0.12888550504054694
05/04 07:23:43 SEVERE OrOmerShelly.OOSAgent|Exception thrown while trying to parse message.java.lang.NullPointerException
05/04 07:23:43 INFO OrOmerShelly.Coordinator|Day 40 : Simulation Status Received
05/04 07:23:43 WARNING OrOmerShelly.Coordinator|BidBundle is null!
05/04 07:23:43 INFO OrOmerShelly.Coordinator|Day 40 ended. Starting next day
05/04 07:23:56 INFO OrOmerShelly.Coordinator|Day 41 :BankStatus[-5.832000]
05/04 07:23:56 INFO OrOmerShelly.OOSAgent|UNKNOWN Message Received: (CampaignAuctionReport CampaignAuctionReportEntry [actualBid=2566.0, effectiveBid=1937.48157184615] CampaignAuctionReportEntry [actualBid=2608.0, effectiveBid=1334.3491458328556])
05/04 07:23:56 SEVERE OrOmerShelly.OOSAgent|Exception thrown while trying to parse message.java.lang.NullPointerException
05/04 07:23:56 INFO OrOmerShelly.Coordinator|Day 41: Campaign opportunity - Campaign ID 317937178: day 43 to 47 [FEMALE, HIGH_INCOME], reach: 12500 coefs: (v=2.0, m=1.5)
05/04 07:23:56 INFO OrOmerShelly.Coordinator|****OUR qualityis: 1.0 ****
05/04 07:23:56 INFO OrOmerShelly.Coordinator|Day 41: Campaign total budget bid: 93.9635535521557
05/04 07:23:56 INFO OrOmerShelly.Coordinator|Day 41: Adjusting ucs bid: was 0.12888550504054694 level reported: 0.47829690000000014 target: 0.9 adjusted: 0.10019512087753252
05/04 07:23:56 SEVERE OrOmerShelly.OOSAgent|Exception thrown while trying to parse message.java.lang.NullPointerException
05/04 07:23:56 INFO OrOmerShelly.Coordinator|Day 41 : Simulation Status Received
05/04 07:23:56 WARNING OrOmerShelly.Coordinator|BidBundle is null!
05/04 07:23:56 INFO OrOmerShelly.Coordinator|Day 41 ended. Starting next day
05/04 07:24:08 INFO OrOmerShelly.Coordinator|Day 42 :BankStatus[-5.977800]
05/04 07:24:08 INFO OrOmerShelly.OOSAgent|UNKNOWN Message Received: (CampaignAuctionReport CampaignAuctionReportEntry [actualBid=2589.0, effectiveBid=1324.6280439268646])
05/04 07:24:08 SEVERE OrOmerShelly.OOSAgent|Exception thrown while trying to parse message.java.lang.NullPointerException
05/04 07:24:08 INFO OrOmerShelly.Coordinator|Day 42: Campaign opportunity - Campaign ID 1095234396: day 44 to 48 [YOUNG, MALE], reach: 6250 coefs: (v=2.0, m=1.5)
05/04 07:24:08 INFO OrOmerShelly.Coordinator|****OUR qualityis: 1.0 ****
05/04 07:24:08 INFO OrOmerShelly.Coordinator|Day 42: Campaign total budget bid: 48.3965585199493
05/04 07:24:08 INFO OrOmerShelly.Coordinator|Day 42: Adjusting ucs bid: was 0.10019512087753252 level reported: 0.47829690000000014 target: 0.9 adjusted: 0.1424477139564627
05/04 07:24:08 SEVERE OrOmerShelly.OOSAgent|Exception thrown while trying to parse message.java.lang.NullPointerException
05/04 07:24:08 INFO OrOmerShelly.Coordinator|Day 42 : Simulation Status Received
05/04 07:24:08 WARNING OrOmerShelly.Coordinator|BidBundle is null!
05/04 07:24:08 INFO OrOmerShelly.Coordinator|Day 42 ended. Starting next day
05/04 07:24:18 INFO OrOmerShelly.Coordinator|Day 43 :BankStatus[-6.123600]
05/04 07:24:18 INFO OrOmerShelly.OOSAgent|UNKNOWN Message Received: (CampaignAuctionReport CampaignAuctionReportEntry [actualBid=3102.0, effectiveBid=2237.0681746683963] CampaignAuctionReportEntry [actualBid=2028.0, effectiveBid=813.1121363002873] CampaignAuctionReportEntry [actualBid=2856.0, effectiveBid=1461.2351075531578])
05/04 07:24:18 SEVERE OrOmerShelly.OOSAgent|Exception thrown while trying to parse message.java.lang.NullPointerException
05/04 07:24:18 INFO OrOmerShelly.Coordinator|Day 43: Campaign opportunity - Campaign ID 985272373: day 45 to 47 [FEMALE, HIGH_INCOME], reach: 3750 coefs: (v=2.0, m=1.5)
05/04 07:24:18 INFO OrOmerShelly.Coordinator|****OUR qualityis: 1.0 ****
05/04 07:24:18 INFO OrOmerShelly.Coordinator|Day 43: Campaign total budget bid: 46.98177677607785
05/04 07:24:18 INFO OrOmerShelly.Coordinator|Day 43: Adjusting ucs bid: was 0.1424477139564627 level reported: 0.47829690000000014 target: 0.9 adjusted: 0.15600094138110607
05/04 07:24:18 SEVERE OrOmerShelly.OOSAgent|Exception thrown while trying to parse message.java.lang.NullPointerException
05/04 07:24:18 INFO OrOmerShelly.Coordinator|Day 43 : Simulation Status Received
05/04 07:24:18 WARNING OrOmerShelly.Coordinator|BidBundle is null!
05/04 07:24:18 INFO OrOmerShelly.Coordinator|Day 43 ended. Starting next day
05/04 07:24:29 INFO OrOmerShelly.Coordinator|Day 44 :BankStatus[-6.269400]
05/04 07:24:29 SEVERE OrOmerShelly.OOSAgent|Exception thrown while trying to parse message.java.lang.NullPointerException
05/04 07:24:29 INFO OrOmerShelly.Coordinator|Day 44: Campaign opportunity - Campaign ID 1871620387: day 46 to 55 [OLD, MALE], reach: 12500 coefs: (v=2.0, m=1.5)
05/04 07:24:29 INFO OrOmerShelly.Coordinator|****OUR qualityis: 1.0 ****
05/04 07:24:29 INFO OrOmerShelly.Coordinator|Day 44: Campaign total budget bid: 50.55147064399059
05/04 07:24:29 INFO OrOmerShelly.Coordinator|Day 44: Adjusting ucs bid: was 0.15600094138110607 level reported: 0.47829690000000014 target: 0.9 adjusted: 0.1509541188114668
05/04 07:24:29 SEVERE OrOmerShelly.OOSAgent|Exception thrown while trying to parse message.java.lang.NullPointerException
05/04 07:24:29 INFO OrOmerShelly.Coordinator|Day 44 : Simulation Status Received
05/04 07:24:29 WARNING OrOmerShelly.Coordinator|BidBundle is null!
05/04 07:24:29 INFO OrOmerShelly.Coordinator|Day 44 ended. Starting next day
05/04 07:24:31 INFO OrOmerShelly.Coordinator|Day 45 :BankStatus[-6.415200]
05/04 07:24:31 INFO OrOmerShelly.OOSAgent|UNKNOWN Message Received: (CampaignAuctionReport CampaignAuctionReportEntry [actualBid=2918.0, effectiveBid=2593.879476179076])
05/04 07:24:31 SEVERE OrOmerShelly.OOSAgent|Exception thrown while trying to parse message.java.lang.NullPointerException
05/04 07:24:31 INFO OrOmerShelly.Coordinator|Day 45: Campaign opportunity - Campaign ID 636883008: day 47 to 51 [FEMALE, LOW_INCOME], reach: 12500 coefs: (v=2.0, m=1.5)
05/04 07:24:31 INFO OrOmerShelly.Coordinator|****OUR qualityis: 1.0 ****
05/04 07:24:31 INFO OrOmerShelly.Coordinator|Day 45: Campaign total budget bid: 93.15016949716622
05/04 07:24:31 INFO OrOmerShelly.Coordinator|Day 45: Adjusting ucs bid: was 0.1509541188114668 level reported: 0.47829690000000014 target: 0.9 adjusted: 0.12082902084467832
05/04 07:24:31 SEVERE OrOmerShelly.OOSAgent|Exception thrown while trying to parse message.java.lang.NullPointerException
05/04 07:24:31 INFO OrOmerShelly.Coordinator|Day 45 : Simulation Status Received
05/04 07:24:31 WARNING OrOmerShelly.Coordinator|BidBundle is null!
05/04 07:24:31 INFO OrOmerShelly.Coordinator|Day 45 ended. Starting next day
05/04 07:24:42 INFO OrOmerShelly.Coordinator|Day 46 :BankStatus[-6.561000]
05/04 07:24:42 INFO OrOmerShelly.OOSAgent|UNKNOWN Message Received: (CampaignAuctionReport CampaignAuctionReportEntry [actualBid=3136.0, effectiveBid=2787.664851712674] CampaignAuctionReportEntry [actualBid=3187.0, effectiveBid=1630.5869354943675])
05/04 07:24:42 SEVERE OrOmerShelly.OOSAgent|Exception thrown while trying to parse message.java.lang.NullPointerException
05/04 07:24:42 INFO OrOmerShelly.Coordinator|Day 46: Campaign opportunity - Campaign ID 2022475125: day 48 to 57 [FEMALE, YOUNG], reach: 12500 coefs: (v=2.0, m=1.5)
05/04 07:24:42 INFO OrOmerShelly.Coordinator|****OUR qualityis: 1.0 ****
05/04 07:24:42 INFO OrOmerShelly.Coordinator|Day 46: Campaign total budget bid: 50.08093881006727
05/04 07:24:42 INFO OrOmerShelly.Coordinator|Day 46: Adjusting ucs bid: was 0.12082902084467832 level reported: 0.47829690000000014 target: 0.9 adjusted: 0.12039528294696795
05/04 07:24:42 SEVERE OrOmerShelly.OOSAgent|Exception thrown while trying to parse message.java.lang.NullPointerException
05/04 07:24:42 INFO OrOmerShelly.Coordinator|Day 46 : Simulation Status Received
05/04 07:24:42 WARNING OrOmerShelly.Coordinator|BidBundle is null!
05/04 07:24:42 INFO OrOmerShelly.Coordinator|Day 46 ended. Starting next day
05/04 07:25:02 INFO OrOmerShelly.Coordinator|Day 47 :BankStatus[-6.706800]
05/04 07:25:02 INFO OrOmerShelly.OOSAgent|UNKNOWN Message Received: (CampaignAuctionReport CampaignAuctionReportEntry [actualBid=2477.0, effectiveBid=2201.864106406981] CampaignAuctionReportEntry [actualBid=2694.0, effectiveBid=1252.3825765578256] CampaignAuctionReportEntry [actualBid=3133.0, effectiveBid=1256.1540054382642])
05/04 07:25:02 SEVERE OrOmerShelly.OOSAgent|Exception thrown while trying to parse message.java.lang.NullPointerException
05/04 07:25:02 INFO OrOmerShelly.Coordinator|Day 47: Campaign opportunity - Campaign ID 696184758: day 49 to 58 [MALE, LOW_INCOME], reach: 6250 coefs: (v=2.0, m=1.5)
05/04 07:25:02 INFO OrOmerShelly.Coordinator|****OUR qualityis: 1.0 ****
05/04 07:25:02 INFO OrOmerShelly.Coordinator|Day 47: Campaign total budget bid: 23.843930646864248
05/04 07:25:02 INFO OrOmerShelly.Coordinator|Day 47: Adjusting ucs bid: was 0.12039528294696795 level reported: 0.47829690000000014 target: 0.9 adjusted: 0.1611552312287787
05/04 07:26:44 SEVERE OrOmerShelly.OOSAgent|Exception thrown while trying to parse message.java.lang.NullPointerException
05/04 07:26:44 INFO OrOmerShelly.Coordinator|Day 47 : Simulation Status Received
05/04 07:26:44 WARNING OrOmerShelly.Coordinator|BidBundle is null!
05/04 07:26:44 INFO OrOmerShelly.Coordinator|Day 47 ended. Starting next day
05/04 07:26:44 INFO OrOmerShelly.Coordinator|Day 48 :BankStatus[-6.852600]
05/04 07:26:44 SEVERE OrOmerShelly.OOSAgent|Exception thrown while trying to parse message.java.lang.NullPointerException
05/04 07:26:44 INFO OrOmerShelly.Coordinator|Day 48: Campaign opportunity - Campaign ID 1051371529: day 50 to 59 [MALE, LOW_INCOME], reach: 3750 coefs: (v=2.0, m=1.5)
05/04 07:26:44 INFO OrOmerShelly.Coordinator|****OUR qualityis: 1.0 ****
05/04 07:26:44 INFO OrOmerShelly.Coordinator|Day 48: Campaign total budget bid: 14.306358388118548
05/04 07:26:44 INFO OrOmerShelly.Coordinator|Day 48: Adjusting ucs bid: was 0.1611552312287787 level reported: 0.47829690000000014 target: 0.9 adjusted: 0.17805515177720993
05/04 07:26:44 SEVERE OrOmerShelly.OOSAgent|Exception thrown while trying to parse message.java.lang.NullPointerException
05/04 07:26:44 INFO OrOmerShelly.Coordinator|Day 48 : Simulation Status Received
05/04 07:26:44 WARNING OrOmerShelly.Coordinator|BidBundle is null!
05/04 07:26:44 INFO OrOmerShelly.Coordinator|Day 48 ended. Starting next day
05/04 07:27:20 SEVERE agentware.SimClient|************************************************************
05/04 07:27:20 SEVERE agentware.SimClient|* Forced Simulation End
05/04 07:27:20 SEVERE agentware.SimClient|* forcing simulation to end at time unit 62 (max 61 time units)
05/04 07:27:20 SEVERE agentware.SimClient|************************************************************
