05/04 06:40:00 INFO OrOmerShelly.OOSAgent|UNKNOWN Message Received: edu.umich.eecs.tac.props.AdvertiserInfo@bc76a1c1
05/04 06:40:01 INFO OrOmerShelly.Coordinator|Day 0 :BankStatus[0.000000]
05/04 06:40:01 INFO OrOmerShelly.Coordinator|tau.tac.adx.report.demand.InitialCampaignMessage[229997071,1250,1,5,[LOW_INCOME, YOUNG],2.0,1.5,demand,[]]
05/04 06:40:01 INFO OrOmerShelly.Coordinator|Day 0: Allocated campaign - Campaign ID 229997071: day 1 to 5 [LOW_INCOME, YOUNG], reach: 1250 coefs: (v=2.0, m=1.5)
05/04 06:40:01 INFO OrOmerShelly.Coordinator|Day 0: Campaign opportunity - Campaign ID 654590587: day 2 to 4 [YOUNG, HIGH_INCOME], reach: 3750 coefs: (v=2.0, m=1.5)
05/04 06:40:01 INFO OrOmerShelly.Coordinator|****=== ESPECIALLY CRAFTED ===****
05/04 06:40:01 INFO OrOmerShelly.Coordinator|Day 0: Campaign total budget bid: 51.886792433250264
05/04 06:40:01 INFO OrOmerShelly.Coordinator|Day 0: Initial ucs bid is 0.18333161619061822
05/04 06:40:01 INFO OrOmerShelly.Coordinator|Day 0 : Simulation Status Received
05/04 06:40:01 WARNING OrOmerShelly.Coordinator|BidBundle is null!
05/04 06:40:01 INFO OrOmerShelly.Coordinator|Day 0 ended. Starting next day
05/04 06:40:11 INFO OrOmerShelly.Coordinator|Day 1 :BankStatus[0.000000]
05/04 06:40:11 INFO OrOmerShelly.OOSAgent|UNKNOWN Message Received: (CampaignAuctionReport CampaignAuctionReportEntry [actualBid=2084.0, effectiveBid=2084.0] CampaignAuctionReportEntry [actualBid=2499.0, effectiveBid=2499.0] CampaignAuctionReportEntry [actualBid=2506.0, effectiveBid=2506.0] CampaignAuctionReportEntry [actualBid=2634.0, effectiveBid=2634.0] CampaignAuctionReportEntry [actualBid=2908.0, effectiveBid=2908.0] CampaignAuctionReportEntry [actualBid=2943.0, effectiveBid=2943.0] CampaignAuctionReportEntry [actualBid=3248.0, effectiveBid=3248.0])
05/04 06:40:11 INFO OrOmerShelly.Coordinator|Day 1: Daily notification for campaign 654590587
05/04 06:40:11 INFO OrOmerShelly.Coordinator|Day 1:  allocated to DummyAdnetwork-2. UCS Level set to 0.47829690000000014 at price 0.0 Quality Score is: 1.0
05/04 06:40:11 INFO OrOmerShelly.Coordinator|Day 1: Campaign opportunity - Campaign ID 1256505323: day 3 to 7 [LOW_INCOME, MALE], reach: 6250 coefs: (v=2.0, m=1.5)
05/04 06:40:11 INFO OrOmerShelly.Coordinator|****=== ESPECIALLY CRAFTED ===****
05/04 06:40:11 INFO OrOmerShelly.Coordinator|Day 1: Campaign total budget bid: 47.687861293728496
05/04 06:40:11 INFO OrOmerShelly.Coordinator|Day 1: Adjusting ucs bid: was 0.18333161619061822 level reported: 0.47829690000000014 target: 0.9 adjusted: 0.10086748959920283
05/04 06:40:11 INFO OrOmerShelly.Coordinator|Publishers Report: 
05/04 06:40:11 INFO OrOmerShelly.Coordinator|(publisher: cnn popularity: 12441 video: 8816 text: 3626)
05/04 06:40:11 INFO OrOmerShelly.Coordinator|(publisher: yahoo popularity: 48073 video: 12380 text: 35694)
05/04 06:40:11 INFO OrOmerShelly.Coordinator|(publisher: hfn popularity: 43882 video: 25361 text: 18522)
05/04 06:40:11 INFO OrOmerShelly.Coordinator|(publisher: sears popularity: 7522 video: 1415 text: 6108)
05/04 06:40:11 INFO OrOmerShelly.Coordinator|(publisher: amazon popularity: 54390 video: 9544 text: 44847)
05/04 06:40:11 INFO OrOmerShelly.Coordinator|(publisher: target popularity: 12310 video: 8872 text: 3439)
05/04 06:40:11 INFO OrOmerShelly.Coordinator|Day 1 : Simulation Status Received
05/04 06:40:11 WARNING OrOmerShelly.Coordinator|BidBundle is null!
05/04 06:40:11 INFO OrOmerShelly.Coordinator|Day 1 ended. Starting next day
05/04 06:40:20 INFO OrOmerShelly.Coordinator|Day 2 :BankStatus[-0.145800]
05/04 06:40:20 INFO OrOmerShelly.OOSAgent|UNKNOWN Message Received: (CampaignAuctionReport CampaignAuctionReportEntry [actualBid=2162.0, effectiveBid=2162.0] CampaignAuctionReportEntry [actualBid=2237.0, effectiveBid=2237.0] CampaignAuctionReportEntry [actualBid=2591.0, effectiveBid=2591.0] CampaignAuctionReportEntry [actualBid=2716.0, effectiveBid=2716.0] CampaignAuctionReportEntry [actualBid=2885.0, effectiveBid=2885.0] CampaignAuctionReportEntry [actualBid=3018.0, effectiveBid=3018.0] CampaignAuctionReportEntry [actualBid=3226.0, effectiveBid=3226.0])
05/04 06:40:20 INFO OrOmerShelly.Coordinator|Day 2: Updating campaign 229997071 stats: 0.0 tgtImps 0.0 nonTgtImps. Cost of imps is 0.0
05/04 06:40:20 SEVERE OrOmerShelly.OOSAgent|Exception thrown while trying to parse message.java.lang.NullPointerException
05/04 06:40:20 INFO OrOmerShelly.Coordinator|Day 2: Campaign opportunity - Campaign ID 616656040: day 4 to 6 [FEMALE, YOUNG], reach: 12500 coefs: (v=2.0, m=1.5)
05/04 06:40:20 INFO OrOmerShelly.Coordinator|****=== ESPECIALLY CRAFTED ===****
05/04 06:40:20 INFO OrOmerShelly.Coordinator|Day 2: Campaign total budget bid: 166.93646270022427
05/04 06:40:20 INFO OrOmerShelly.Coordinator|Day 2: Adjusting ucs bid: was 0.10086748959920283 level reported: 0.47829690000000014 target: 0.9 adjusted: 0.1434036226524044
05/04 06:40:20 SEVERE OrOmerShelly.OOSAgent|Exception thrown while trying to parse message.java.lang.NullPointerException
05/04 06:40:20 INFO OrOmerShelly.Coordinator|Day 2 : Simulation Status Received
05/04 06:40:20 WARNING OrOmerShelly.Coordinator|BidBundle is null!
05/04 06:40:20 INFO OrOmerShelly.Coordinator|Day 2 ended. Starting next day
05/04 06:40:30 INFO OrOmerShelly.Coordinator|Day 3 :BankStatus[-0.291600]
05/04 06:40:30 INFO OrOmerShelly.OOSAgent|UNKNOWN Message Received: (CampaignAuctionReport CampaignAuctionReportEntry [actualBid=2227.0, effectiveBid=2227.0] CampaignAuctionReportEntry [actualBid=2267.0, effectiveBid=2267.0] CampaignAuctionReportEntry [actualBid=2929.0, effectiveBid=2929.0] CampaignAuctionReportEntry [actualBid=3047.0, effectiveBid=3047.0] CampaignAuctionReportEntry [actualBid=3077.0, effectiveBid=3077.0])
05/04 06:40:30 INFO OrOmerShelly.Coordinator|Day 3: Updating campaign 229997071 stats: 0.0 tgtImps 0.0 nonTgtImps. Cost of imps is 0.0
05/04 06:40:30 SEVERE OrOmerShelly.OOSAgent|Exception thrown while trying to parse message.java.lang.NullPointerException
05/04 06:40:30 INFO OrOmerShelly.Coordinator|Day 3: Campaign opportunity - Campaign ID 1587861567: day 5 to 9 [FEMALE, HIGH_INCOME], reach: 6250 coefs: (v=2.0, m=1.5)
05/04 06:40:30 INFO OrOmerShelly.Coordinator|****=== ESPECIALLY CRAFTED ===****
05/04 06:40:30 INFO OrOmerShelly.Coordinator|Day 3: Campaign total budget bid: 46.98177677607785
05/04 06:40:30 INFO OrOmerShelly.Coordinator|Day 3: Adjusting ucs bid: was 0.1434036226524044 level reported: 0.47829690000000014 target: 0.9 adjusted: 0.14277664266139203
05/04 06:40:30 SEVERE OrOmerShelly.OOSAgent|Exception thrown while trying to parse message.java.lang.NullPointerException
05/04 06:40:30 INFO OrOmerShelly.Coordinator|Day 3 : Simulation Status Received
05/04 06:40:30 WARNING OrOmerShelly.Coordinator|BidBundle is null!
05/04 06:40:30 INFO OrOmerShelly.Coordinator|Day 3 ended. Starting next day
05/04 06:40:40 INFO OrOmerShelly.Coordinator|Day 4 :BankStatus[-0.437400]
05/04 06:40:40 INFO OrOmerShelly.OOSAgent|UNKNOWN Message Received: (CampaignAuctionReport CampaignAuctionReportEntry [actualBid=2030.0, effectiveBid=2030.0] CampaignAuctionReportEntry [actualBid=2415.0, effectiveBid=2415.0] CampaignAuctionReportEntry [actualBid=2425.0, effectiveBid=2425.0] CampaignAuctionReportEntry [actualBid=2572.0, effectiveBid=2572.0] CampaignAuctionReportEntry [actualBid=2656.0, effectiveBid=2656.0])
05/04 06:40:40 INFO OrOmerShelly.Coordinator|Day 4: Updating campaign 229997071 stats: 0.0 tgtImps 0.0 nonTgtImps. Cost of imps is 0.0
05/04 06:40:40 SEVERE OrOmerShelly.OOSAgent|Exception thrown while trying to parse message.java.lang.NullPointerException
05/04 06:40:40 INFO OrOmerShelly.Coordinator|Day 4: Campaign opportunity - Campaign ID 83873135: day 6 to 10 [LOW_INCOME, MALE], reach: 3750 coefs: (v=2.0, m=1.5)
05/04 06:40:40 INFO OrOmerShelly.Coordinator|****=== ESPECIALLY CRAFTED ===****
05/04 06:40:40 INFO OrOmerShelly.Coordinator|Day 4: Campaign total budget bid: 28.612716776237097
05/04 06:40:40 INFO OrOmerShelly.Coordinator|Day 4: Adjusting ucs bid: was 0.14277664266139203 level reported: 0.47829690000000014 target: 0.9 adjusted: 0.11563464202544227
05/04 06:40:40 SEVERE OrOmerShelly.OOSAgent|Exception thrown while trying to parse message.java.lang.NullPointerException
05/04 06:40:40 INFO OrOmerShelly.Coordinator|Day 4 : Simulation Status Received
05/04 06:40:40 WARNING OrOmerShelly.Coordinator|BidBundle is null!
05/04 06:40:40 INFO OrOmerShelly.Coordinator|Day 4 ended. Starting next day
05/04 06:40:50 INFO OrOmerShelly.Coordinator|Day 5 :BankStatus[-0.583200]
05/04 06:40:50 INFO OrOmerShelly.OOSAgent|UNKNOWN Message Received: (CampaignAuctionReport CampaignAuctionReportEntry [actualBid=2250.0, effectiveBid=2250.0] CampaignAuctionReportEntry [actualBid=2636.0, effectiveBid=2636.0] CampaignAuctionReportEntry [actualBid=2939.0, effectiveBid=2939.0] CampaignAuctionReportEntry [actualBid=3178.0, effectiveBid=3178.0])
05/04 06:40:50 INFO OrOmerShelly.Coordinator|Day 5: Updating campaign 229997071 stats: 0.0 tgtImps 0.0 nonTgtImps. Cost of imps is 0.0
05/04 06:40:50 SEVERE OrOmerShelly.OOSAgent|Exception thrown while trying to parse message.java.lang.NullPointerException
05/04 06:40:50 INFO OrOmerShelly.Coordinator|Day 5: Campaign opportunity - Campaign ID 1587653780: day 7 to 11 [FEMALE, YOUNG], reach: 3750 coefs: (v=2.0, m=1.5)
05/04 06:40:50 INFO OrOmerShelly.Coordinator|****=== ESPECIALLY CRAFTED ===****
05/04 06:40:50 INFO OrOmerShelly.Coordinator|Day 5: Campaign total budget bid: 30.048563286040366
05/04 06:40:50 INFO OrOmerShelly.Coordinator|Day 5: Adjusting ucs bid: was 0.11563464202544227 level reported: 0.47829690000000014 target: 0.9 adjusted: 0.16439812903496154
05/04 06:40:50 SEVERE OrOmerShelly.OOSAgent|Exception thrown while trying to parse message.java.lang.NullPointerException
05/04 06:40:50 INFO OrOmerShelly.Coordinator|Day 5 : Simulation Status Received
05/04 06:40:50 WARNING OrOmerShelly.Coordinator|BidBundle is null!
05/04 06:40:50 INFO OrOmerShelly.Coordinator|Day 5 ended. Starting next day
05/04 06:41:00 INFO OrOmerShelly.Coordinator|Day 6 :BankStatus[-0.729000]
05/04 06:41:00 INFO OrOmerShelly.OOSAgent|UNKNOWN Message Received: (CampaignAuctionReport CampaignAuctionReportEntry [actualBid=2232.0, effectiveBid=2232.0] CampaignAuctionReportEntry [actualBid=2316.0, effectiveBid=2316.0] CampaignAuctionReportEntry [actualBid=2815.0, effectiveBid=2815.0] CampaignAuctionReportEntry [actualBid=2939.0, effectiveBid=2939.0])
05/04 06:41:00 INFO OrOmerShelly.Coordinator|Day 6: Updating campaign 229997071 stats: 0.0 tgtImps 0.0 nonTgtImps. Cost of imps is 0.0
05/04 06:41:00 SEVERE OrOmerShelly.OOSAgent|Exception thrown while trying to parse message.java.lang.NullPointerException
05/04 06:41:00 INFO OrOmerShelly.Coordinator|Day 6: Campaign opportunity - Campaign ID 1172785819: day 8 to 10 [HIGH_INCOME, OLD], reach: 6250 coefs: (v=2.0, m=1.5)
05/04 06:41:00 INFO OrOmerShelly.Coordinator|****=== ESPECIALLY CRAFTED ===****
05/04 06:41:00 INFO OrOmerShelly.Coordinator|Day 6: Campaign total budget bid: 77.56675429935176
05/04 06:41:00 INFO OrOmerShelly.Coordinator|Day 6: Adjusting ucs bid: was 0.16439812903496154 level reported: 0.47829690000000014 target: 0.9 adjusted: 0.16267604368450483
05/04 06:41:00 SEVERE OrOmerShelly.OOSAgent|Exception thrown while trying to parse message.java.lang.NullPointerException
05/04 06:41:00 INFO OrOmerShelly.Coordinator|Day 6 : Simulation Status Received
05/04 06:41:00 WARNING OrOmerShelly.Coordinator|BidBundle is null!
05/04 06:41:00 INFO OrOmerShelly.Coordinator|Day 6 ended. Starting next day
05/04 06:41:10 INFO OrOmerShelly.Coordinator|Day 7 :BankStatus[-0.874800]
05/04 06:41:10 INFO OrOmerShelly.OOSAgent|UNKNOWN Message Received: (CampaignAuctionReport CampaignAuctionReportEntry [actualBid=2111.0, effectiveBid=2113.473638751222] CampaignAuctionReportEntry [actualBid=2761.0, effectiveBid=2762.258715736357] CampaignAuctionReportEntry [actualBid=2466.0, effectiveBid=1058.2062094922533])
05/04 06:41:10 SEVERE OrOmerShelly.OOSAgent|Exception thrown while trying to parse message.java.lang.NullPointerException
05/04 06:41:10 INFO OrOmerShelly.Coordinator|Day 7: Campaign opportunity - Campaign ID 1705594419: day 9 to 18 [LOW_INCOME, YOUNG], reach: 12500 coefs: (v=2.0, m=1.5)
05/04 06:41:10 INFO OrOmerShelly.Coordinator|****=== ESPECIALLY CRAFTED ===****
05/04 06:41:10 INFO OrOmerShelly.Coordinator|Day 7: Campaign total budget bid: 46.82179341125746
05/04 06:41:10 INFO OrOmerShelly.Coordinator|Day 7: Adjusting ucs bid: was 0.16267604368450483 level reported: 0.47829690000000014 target: 0.9 adjusted: 0.1289238961484916
05/04 06:41:10 SEVERE OrOmerShelly.OOSAgent|Exception thrown while trying to parse message.java.lang.NullPointerException
05/04 06:41:10 INFO OrOmerShelly.Coordinator|Day 7 : Simulation Status Received
05/04 06:41:10 WARNING OrOmerShelly.Coordinator|BidBundle is null!
05/04 06:41:10 INFO OrOmerShelly.Coordinator|Day 7 ended. Starting next day
05/04 06:41:20 INFO OrOmerShelly.Coordinator|Day 8 :BankStatus[-1.020600]
05/04 06:41:20 INFO OrOmerShelly.OOSAgent|UNKNOWN Message Received: (CampaignAuctionReport CampaignAuctionReportEntry [actualBid=2328.0, effectiveBid=2329.0613148258744] CampaignAuctionReportEntry [actualBid=2558.0, effectiveBid=2560.9974267767057] CampaignAuctionReportEntry [actualBid=2825.0, effectiveBid=2218.500569322368] CampaignAuctionReportEntry [actualBid=3281.0, effectiveBid=1407.9377831890038])
05/04 06:41:20 SEVERE OrOmerShelly.OOSAgent|Exception thrown while trying to parse message.java.lang.NullPointerException
05/04 06:41:20 INFO OrOmerShelly.Coordinator|Day 8: Campaign opportunity - Campaign ID 189236502: day 10 to 12 [FEMALE, YOUNG], reach: 6250 coefs: (v=2.0, m=1.5)
05/04 06:41:20 INFO OrOmerShelly.Coordinator|****=== ESPECIALLY CRAFTED ===****
05/04 06:41:20 INFO OrOmerShelly.Coordinator|Day 8: Campaign total budget bid: 83.46823135011213
05/04 06:41:20 INFO OrOmerShelly.Coordinator|Day 8: Adjusting ucs bid: was 0.1289238961484916 level reported: 0.47829690000000014 target: 0.9 adjusted: 0.10528918975613907
05/04 06:41:20 SEVERE OrOmerShelly.OOSAgent|Exception thrown while trying to parse message.java.lang.NullPointerException
05/04 06:41:20 INFO OrOmerShelly.Coordinator|Day 8 : Simulation Status Received
05/04 06:41:20 WARNING OrOmerShelly.Coordinator|BidBundle is null!
05/04 06:41:20 INFO OrOmerShelly.Coordinator|Day 8 ended. Starting next day
05/04 06:41:30 INFO OrOmerShelly.Coordinator|Day 9 :BankStatus[-1.166400]
05/04 06:41:30 INFO OrOmerShelly.OOSAgent|UNKNOWN Message Received: (CampaignAuctionReport CampaignAuctionReportEntry [actualBid=2627.0, effectiveBid=2630.0782799618473] CampaignAuctionReportEntry [actualBid=3053.0, effectiveBid=3054.3918359808395] CampaignAuctionReportEntry [actualBid=2521.0, effectiveBid=1945.7480037346852] CampaignAuctionReportEntry [actualBid=3207.0, effectiveBid=2518.4889648909143])
05/04 06:41:30 SEVERE OrOmerShelly.OOSAgent|Exception thrown while trying to parse message.java.lang.NullPointerException
05/04 06:41:30 INFO OrOmerShelly.Coordinator|Day 9: Campaign opportunity - Campaign ID 1223047659: day 11 to 20 [YOUNG, MALE], reach: 6250 coefs: (v=2.0, m=1.5)
05/04 06:41:30 INFO OrOmerShelly.Coordinator|****=== ESPECIALLY CRAFTED ===****
05/04 06:41:30 INFO OrOmerShelly.Coordinator|Day 9: Campaign total budget bid: 24.19827925997465
05/04 06:41:30 INFO OrOmerShelly.Coordinator|Day 9: Adjusting ucs bid: was 0.10528918975613907 level reported: 0.47829690000000014 target: 0.9 adjusted: 0.12519718669066088
05/04 06:41:30 SEVERE OrOmerShelly.OOSAgent|Exception thrown while trying to parse message.java.lang.NullPointerException
05/04 06:41:30 INFO OrOmerShelly.Coordinator|Day 9 : Simulation Status Received
05/04 06:41:30 WARNING OrOmerShelly.Coordinator|BidBundle is null!
05/04 06:41:30 INFO OrOmerShelly.Coordinator|Day 9 ended. Starting next day
05/04 06:41:40 INFO OrOmerShelly.Coordinator|Day 10 :BankStatus[-1.312200]
05/04 06:41:40 INFO OrOmerShelly.OOSAgent|UNKNOWN Message Received: (CampaignAuctionReport CampaignAuctionReportEntry [actualBid=2340.0, effectiveBid=2342.7419775830695] CampaignAuctionReportEntry [actualBid=2961.0, effectiveBid=2962.3498939860024] CampaignAuctionReportEntry [actualBid=2400.0, effectiveBid=1884.7438465039584] CampaignAuctionReportEntry [actualBid=3038.0, effectiveBid=2344.776848610065])
05/04 06:41:40 SEVERE OrOmerShelly.OOSAgent|Exception thrown while trying to parse message.java.lang.NullPointerException
05/04 06:41:40 INFO OrOmerShelly.Coordinator|Day 10: Campaign opportunity - Campaign ID 1723207072: day 12 to 14 [YOUNG, MALE], reach: 12500 coefs: (v=2.0, m=1.5)
05/04 06:41:40 INFO OrOmerShelly.Coordinator|****=== ESPECIALLY CRAFTED ===****
05/04 06:41:40 INFO OrOmerShelly.Coordinator|Day 10: Campaign total budget bid: 161.32186173316435
05/04 06:41:40 INFO OrOmerShelly.Coordinator|Day 10: Adjusting ucs bid: was 0.12519718669066088 level reported: 0.47829690000000014 target: 0.9 adjusted: 0.11983417610896571
05/04 06:41:40 SEVERE OrOmerShelly.OOSAgent|Exception thrown while trying to parse message.java.lang.NullPointerException
05/04 06:41:40 INFO OrOmerShelly.Coordinator|Day 10 : Simulation Status Received
05/04 06:41:40 WARNING OrOmerShelly.Coordinator|BidBundle is null!
05/04 06:41:40 INFO OrOmerShelly.Coordinator|Day 10 ended. Starting next day
05/04 06:41:50 INFO OrOmerShelly.Coordinator|Day 11 :BankStatus[-1.458000]
05/04 06:41:50 INFO OrOmerShelly.OOSAgent|UNKNOWN Message Received: (CampaignAuctionReport CampaignAuctionReportEntry [actualBid=2214.0, effectiveBid=2216.5943326362885] CampaignAuctionReportEntry [actualBid=2156.0, effectiveBid=1693.1282221093893] CampaignAuctionReportEntry [actualBid=2121.0, effectiveBid=1637.0216247208518] CampaignAuctionReportEntry [actualBid=3230.0, effectiveBid=1319.3649373037665])
05/04 06:41:50 SEVERE OrOmerShelly.OOSAgent|Exception thrown while trying to parse message.java.lang.NullPointerException
05/04 06:41:50 INFO OrOmerShelly.Coordinator|Day 11: Campaign opportunity - Campaign ID 712689217: day 13 to 17 [YOUNG, HIGH_INCOME], reach: 12500 coefs: (v=2.0, m=1.5)
05/04 06:41:50 INFO OrOmerShelly.Coordinator|****=== ESPECIALLY CRAFTED ===****
05/04 06:41:50 INFO OrOmerShelly.Coordinator|Day 11: Campaign total budget bid: 103.77358486650053
05/04 06:41:50 INFO OrOmerShelly.Coordinator|Day 11: Adjusting ucs bid: was 0.11983417610896571 level reported: 0.47829690000000014 target: 0.9 adjusted: 0.16791944358421135
05/04 06:41:50 SEVERE OrOmerShelly.OOSAgent|Exception thrown while trying to parse message.java.lang.NullPointerException
05/04 06:41:50 INFO OrOmerShelly.Coordinator|Day 11 : Simulation Status Received
05/04 06:41:50 WARNING OrOmerShelly.Coordinator|BidBundle is null!
05/04 06:41:50 INFO OrOmerShelly.Coordinator|Day 11 ended. Starting next day
05/04 06:42:00 INFO OrOmerShelly.Coordinator|Day 12 :BankStatus[-1.603800]
05/04 06:42:00 INFO OrOmerShelly.OOSAgent|UNKNOWN Message Received: (CampaignAuctionReport CampaignAuctionReportEntry [actualBid=2124.0, effectiveBid=1667.998304156003] CampaignAuctionReportEntry [actualBid=2941.0, effectiveBid=2942.3956207109118] CampaignAuctionReportEntry [actualBid=3095.0, effectiveBid=2388.7703576195363])
05/04 06:42:00 SEVERE OrOmerShelly.OOSAgent|Exception thrown while trying to parse message.java.lang.NullPointerException
05/04 06:42:00 INFO OrOmerShelly.Coordinator|Day 12: Campaign opportunity - Campaign ID 704069077: day 14 to 18 [FEMALE, LOW_INCOME], reach: 3750 coefs: (v=2.0, m=1.5)
05/04 06:42:00 INFO OrOmerShelly.Coordinator|****=== ESPECIALLY CRAFTED ===****
05/04 06:42:00 INFO OrOmerShelly.Coordinator|Day 12: Campaign total budget bid: 27.945050849149865
05/04 06:42:00 INFO OrOmerShelly.Coordinator|Day 12: Adjusting ucs bid: was 0.16791944358421135 level reported: 0.47829690000000014 target: 0.9 adjusted: 0.19275232628293662
05/04 06:42:00 SEVERE OrOmerShelly.OOSAgent|Exception thrown while trying to parse message.java.lang.NullPointerException
05/04 06:42:00 INFO OrOmerShelly.Coordinator|Day 12 : Simulation Status Received
05/04 06:42:00 WARNING OrOmerShelly.Coordinator|BidBundle is null!
05/04 06:42:00 INFO OrOmerShelly.Coordinator|Day 12 ended. Starting next day
05/04 06:42:10 INFO OrOmerShelly.Coordinator|Day 13 :BankStatus[-1.749600]
05/04 06:42:10 INFO OrOmerShelly.OOSAgent|UNKNOWN Message Received: (CampaignAuctionReport CampaignAuctionReportEntry [actualBid=2475.0, effectiveBid=2476.17448529735] CampaignAuctionReportEntry [actualBid=2346.0, effectiveBid=1791.0431425295585] CampaignAuctionReportEntry [actualBid=2585.0, effectiveBid=2030.0261846719718])
05/04 06:42:10 SEVERE OrOmerShelly.OOSAgent|Exception thrown while trying to parse message.java.lang.NullPointerException
05/04 06:42:10 INFO OrOmerShelly.Coordinator|Day 13: Campaign opportunity - Campaign ID 1748880723: day 15 to 24 [HIGH_INCOME, OLD], reach: 3750 coefs: (v=2.0, m=1.5)
05/04 06:42:10 INFO OrOmerShelly.Coordinator|****=== ESPECIALLY CRAFTED ===****
05/04 06:42:10 INFO OrOmerShelly.Coordinator|Day 13: Campaign total budget bid: 13.962015773883316
05/04 06:42:10 INFO OrOmerShelly.Coordinator|Day 13: Adjusting ucs bid: was 0.19275232628293662 level reported: 0.47829690000000014 target: 0.9 adjusted: 0.11373839318211795
05/04 06:42:10 SEVERE OrOmerShelly.OOSAgent|Exception thrown while trying to parse message.java.lang.NullPointerException
05/04 06:42:10 INFO OrOmerShelly.Coordinator|Day 13 : Simulation Status Received
05/04 06:42:10 WARNING OrOmerShelly.Coordinator|BidBundle is null!
05/04 06:42:10 INFO OrOmerShelly.Coordinator|Day 13 ended. Starting next day
05/04 06:42:20 INFO OrOmerShelly.Coordinator|Day 14 :BankStatus[-1.890116]
05/04 06:42:20 INFO OrOmerShelly.OOSAgent|UNKNOWN Message Received: (CampaignAuctionReport CampaignAuctionReportEntry [actualBid=2658.0, effectiveBid=2659.261326028427] CampaignAuctionReportEntry [actualBid=2668.0, effectiveBid=2415.6148489887887] CampaignAuctionReportEntry [actualBid=2931.0, effectiveBid=2301.7434225429593])
05/04 06:42:20 SEVERE OrOmerShelly.OOSAgent|Exception thrown while trying to parse message.java.lang.NullPointerException
05/04 06:42:20 INFO OrOmerShelly.Coordinator|Day 14: Campaign opportunity - Campaign ID 791476506: day 16 to 20 [LOW_INCOME, OLD], reach: 12500 coefs: (v=2.0, m=1.5)
05/04 06:42:20 INFO OrOmerShelly.Coordinator|****=== ESPECIALLY CRAFTED ===****
05/04 06:42:20 INFO OrOmerShelly.Coordinator|Day 14: Campaign total budget bid: 94.86393237394631
05/04 06:42:20 INFO OrOmerShelly.Coordinator|Day 14: Adjusting ucs bid: was 0.11373839318211795 level reported: 0.47829690000000014 target: 0.9 adjusted: 0.1272963608550015
05/04 06:42:20 SEVERE OrOmerShelly.OOSAgent|Exception thrown while trying to parse message.java.lang.NullPointerException
05/04 06:42:20 INFO OrOmerShelly.Coordinator|Day 14 : Simulation Status Received
05/04 06:42:20 WARNING OrOmerShelly.Coordinator|BidBundle is null!
05/04 06:42:20 INFO OrOmerShelly.Coordinator|Day 14 ended. Starting next day
05/04 06:42:30 INFO OrOmerShelly.Coordinator|Day 15 :BankStatus[-1.973032]
05/04 06:42:30 INFO OrOmerShelly.OOSAgent|UNKNOWN Message Received: (CampaignAuctionReport CampaignAuctionReportEntry [actualBid=2124.0, effectiveBid=1667.998304156003] CampaignAuctionReportEntry [actualBid=2683.0, effectiveBid=2429.1958919928484] CampaignAuctionReportEntry [actualBid=2991.0, effectiveBid=2992.4193476866158] CampaignAuctionReportEntry [actualBid=2541.0, effectiveBid=1961.1843226853769])
05/04 06:42:30 SEVERE OrOmerShelly.OOSAgent|Exception thrown while trying to parse message.java.lang.NullPointerException
05/04 06:42:30 INFO OrOmerShelly.Coordinator|Day 15: Campaign opportunity - Campaign ID 2097343665: day 17 to 26 [FEMALE, OLD], reach: 6250 coefs: (v=2.0, m=1.5)
05/04 06:42:30 INFO OrOmerShelly.Coordinator|****=== ESPECIALLY CRAFTED ===****
05/04 06:42:30 INFO OrOmerShelly.Coordinator|Day 15: Campaign total budget bid: 21.941489350031123
05/04 06:42:30 INFO OrOmerShelly.Coordinator|Day 15: Adjusting ucs bid: was 0.1272963608550015 level reported: 0.47829690000000014 target: 0.9 adjusted: 0.12800525305626811
05/04 06:42:30 SEVERE OrOmerShelly.OOSAgent|Exception thrown while trying to parse message.java.lang.NullPointerException
05/04 06:42:30 INFO OrOmerShelly.Coordinator|Day 15 : Simulation Status Received
05/04 06:42:30 WARNING OrOmerShelly.Coordinator|BidBundle is null!
05/04 06:42:30 INFO OrOmerShelly.Coordinator|Day 15 ended. Starting next day
05/04 06:42:40 INFO OrOmerShelly.Coordinator|Day 16 :BankStatus[-2.065831]
05/04 06:42:40 INFO OrOmerShelly.OOSAgent|UNKNOWN Message Received: (CampaignAuctionReport CampaignAuctionReportEntry [actualBid=2489.0, effectiveBid=2489.5338477468727] CampaignAuctionReportEntry [actualBid=2025.0, effectiveBid=1590.252620487715] CampaignAuctionReportEntry [actualBid=2488.0, effectiveBid=2252.64233294007] CampaignAuctionReportEntry [actualBid=2793.0, effectiveBid=2155.681941464092])
05/04 06:42:40 SEVERE OrOmerShelly.OOSAgent|Exception thrown while trying to parse message.java.lang.NullPointerException
05/04 06:42:40 INFO OrOmerShelly.Coordinator|Day 16: Campaign opportunity - Campaign ID 2063071340: day 18 to 22 [FEMALE, LOW_INCOME], reach: 12500 coefs: (v=2.0, m=1.5)
05/04 06:42:40 INFO OrOmerShelly.Coordinator|****=== ESPECIALLY CRAFTED ===****
05/04 06:42:40 INFO OrOmerShelly.Coordinator|Day 16: Campaign total budget bid: 93.15016949716622
05/04 06:42:40 INFO OrOmerShelly.Coordinator|Day 16: Adjusting ucs bid: was 0.12800525305626811 level reported: 0.47829690000000014 target: 0.9 adjusted: 0.1055091462237904
05/04 06:42:40 SEVERE OrOmerShelly.OOSAgent|Exception thrown while trying to parse message.java.lang.NullPointerException
05/04 06:42:40 INFO OrOmerShelly.Coordinator|Day 16 : Simulation Status Received
05/04 06:42:40 WARNING OrOmerShelly.Coordinator|BidBundle is null!
05/04 06:42:40 INFO OrOmerShelly.Coordinator|Day 16 ended. Starting next day
05/04 06:42:50 INFO OrOmerShelly.Coordinator|Day 17 :BankStatus[-2.159147]
05/04 06:42:50 INFO OrOmerShelly.OOSAgent|UNKNOWN Message Received: (CampaignAuctionReport CampaignAuctionReportEntry [actualBid=2030.0, effectiveBid=2030.435400131037] CampaignAuctionReportEntry [actualBid=2046.0, effectiveBid=1606.7441291446246] CampaignAuctionReportEntry [actualBid=2828.0, effectiveBid=2560.4793076987607] CampaignAuctionReportEntry [actualBid=2487.0, effectiveBid=1919.5062615185095])
05/04 06:42:50 SEVERE OrOmerShelly.OOSAgent|Exception thrown while trying to parse message.java.lang.NullPointerException
05/04 06:42:50 INFO OrOmerShelly.Coordinator|Day 17: Campaign opportunity - Campaign ID 943700057: day 19 to 21 [LOW_INCOME, MALE], reach: 3750 coefs: (v=2.0, m=1.5)
05/04 06:42:50 INFO OrOmerShelly.Coordinator|****=== ESPECIALLY CRAFTED ===****
05/04 06:42:50 INFO OrOmerShelly.Coordinator|Day 17: Campaign total budget bid: 47.687861293728496
05/04 06:42:50 INFO OrOmerShelly.Coordinator|Day 17: Adjusting ucs bid: was 0.1055091462237904 level reported: 0.47829690000000014 target: 0.9 adjusted: 0.13765460158649653
05/04 06:42:50 SEVERE OrOmerShelly.OOSAgent|Exception thrown while trying to parse message.java.lang.NullPointerException
05/04 06:42:50 INFO OrOmerShelly.Coordinator|Day 17 : Simulation Status Received
05/04 06:42:50 WARNING OrOmerShelly.Coordinator|BidBundle is null!
05/04 06:42:50 INFO OrOmerShelly.Coordinator|Day 17 ended. Starting next day
05/04 06:43:00 INFO OrOmerShelly.Coordinator|Day 18 :BankStatus[-2.236063]
05/04 06:43:00 INFO OrOmerShelly.OOSAgent|UNKNOWN Message Received: (CampaignAuctionReport CampaignAuctionReportEntry [actualBid=2164.0, effectiveBid=1959.2918040523757] CampaignAuctionReportEntry [actualBid=2756.0, effectiveBid=2756.591114660659] CampaignAuctionReportEntry [actualBid=2245.0, effectiveBid=1763.0208064172443] CampaignAuctionReportEntry [actualBid=2824.0, effectiveBid=2179.608235837664])
05/04 06:43:00 SEVERE OrOmerShelly.OOSAgent|Exception thrown while trying to parse message.java.lang.NullPointerException
05/04 06:43:00 INFO OrOmerShelly.Coordinator|Day 18: Campaign opportunity - Campaign ID 439255178: day 20 to 24 [LOW_INCOME, OLD], reach: 3750 coefs: (v=2.0, m=1.5)
05/04 06:43:00 INFO OrOmerShelly.Coordinator|****=== ESPECIALLY CRAFTED ===****
05/04 06:43:00 INFO OrOmerShelly.Coordinator|Day 18: Campaign total budget bid: 28.459179712183893
05/04 06:43:00 INFO OrOmerShelly.Coordinator|Day 18: Adjusting ucs bid: was 0.13765460158649653 level reported: 0.47829690000000014 target: 0.9 adjusted: 0.15974213807272558
05/04 06:43:00 SEVERE OrOmerShelly.OOSAgent|Exception thrown while trying to parse message.java.lang.NullPointerException
05/04 06:43:00 INFO OrOmerShelly.Coordinator|Day 18 : Simulation Status Received
05/04 06:43:00 WARNING OrOmerShelly.Coordinator|BidBundle is null!
05/04 06:43:00 INFO OrOmerShelly.Coordinator|Day 18 ended. Starting next day
05/04 06:43:10 INFO OrOmerShelly.Coordinator|Day 19 :BankStatus[-2.336413]
05/04 06:43:10 INFO OrOmerShelly.OOSAgent|UNKNOWN Message Received: (CampaignAuctionReport CampaignAuctionReportEntry [actualBid=2065.0, effectiveBid=1869.6569202255805] CampaignAuctionReportEntry [actualBid=2421.0, effectiveBid=2213.211941178765] CampaignAuctionReportEntry [actualBid=3175.0, effectiveBid=3175.6809829635677] CampaignAuctionReportEntry [actualBid=2714.0, effectiveBid=2094.70848160886])
05/04 06:43:10 SEVERE OrOmerShelly.OOSAgent|Exception thrown while trying to parse message.java.lang.NullPointerException
05/04 06:43:10 INFO OrOmerShelly.Coordinator|Day 19: Campaign opportunity - Campaign ID 1135552075: day 21 to 30 [LOW_INCOME, OLD], reach: 12500 coefs: (v=2.0, m=1.5)
05/04 06:43:10 INFO OrOmerShelly.Coordinator|****=== ESPECIALLY CRAFTED ===****
05/04 06:43:10 INFO OrOmerShelly.Coordinator|Day 19: Campaign total budget bid: 47.431966186973156
05/04 06:43:10 INFO OrOmerShelly.Coordinator|Day 19: Adjusting ucs bid: was 0.15974213807272558 level reported: 0.47829690000000014 target: 0.9 adjusted: 0.12918310860574028
05/04 06:43:10 SEVERE OrOmerShelly.OOSAgent|Exception thrown while trying to parse message.java.lang.NullPointerException
05/04 06:43:10 INFO OrOmerShelly.Coordinator|Day 19 : Simulation Status Received
05/04 06:43:10 WARNING OrOmerShelly.Coordinator|BidBundle is null!
05/04 06:43:10 INFO OrOmerShelly.Coordinator|Day 19 ended. Starting next day
05/04 06:43:20 INFO OrOmerShelly.Coordinator|Day 20 :BankStatus[-2.452865]
05/04 06:43:20 INFO OrOmerShelly.OOSAgent|UNKNOWN Message Received: (CampaignAuctionReport CampaignAuctionReportEntry [actualBid=2589.0, effectiveBid=2500.2431508434347] CampaignAuctionReportEntry [actualBid=2421.0, effectiveBid=1868.566408981227] CampaignAuctionReportEntry [actualBid=3084.0, effectiveBid=2792.2624416347167])
05/04 06:43:20 SEVERE OrOmerShelly.OOSAgent|Exception thrown while trying to parse message.java.lang.NullPointerException
05/04 06:43:20 INFO OrOmerShelly.Coordinator|Day 20: Campaign opportunity - Campaign ID 10812284: day 22 to 24 [HIGH_INCOME, MALE], reach: 6250 coefs: (v=2.0, m=1.5)
05/04 06:43:20 INFO OrOmerShelly.Coordinator|****=== ESPECIALLY CRAFTED ===****
05/04 06:43:20 INFO OrOmerShelly.Coordinator|Day 20: Campaign total budget bid: 85.58091301576678
05/04 06:43:20 INFO OrOmerShelly.Coordinator|Day 20: Adjusting ucs bid: was 0.12918310860574028 level reported: 0.47829690000000014 target: 0.9 adjusted: 0.12951219321289262
05/04 06:43:20 SEVERE OrOmerShelly.OOSAgent|Exception thrown while trying to parse message.java.lang.NullPointerException
05/04 06:43:20 INFO OrOmerShelly.Coordinator|Day 20 : Simulation Status Received
05/04 06:43:20 WARNING OrOmerShelly.Coordinator|BidBundle is null!
05/04 06:43:20 INFO OrOmerShelly.Coordinator|Day 20 ended. Starting next day
05/04 06:43:30 INFO OrOmerShelly.Coordinator|Day 21 :BankStatus[-2.547039]
05/04 06:43:30 INFO OrOmerShelly.OOSAgent|UNKNOWN Message Received: (CampaignAuctionReport CampaignAuctionReportEntry [actualBid=2544.0, effectiveBid=2456.7858538994587] CampaignAuctionReportEntry [actualBid=2847.0, effectiveBid=2577.6819621705704] CampaignAuctionReportEntry [actualBid=2611.0, effectiveBid=2015.2114390127979])
05/04 06:43:30 SEVERE OrOmerShelly.OOSAgent|Exception thrown while trying to parse message.java.lang.NullPointerException
05/04 06:43:30 INFO OrOmerShelly.Coordinator|Day 21: Campaign opportunity - Campaign ID 1677765121: day 23 to 27 [LOW_INCOME, MALE], reach: 12500 coefs: (v=2.0, m=1.5)
05/04 06:43:30 INFO OrOmerShelly.Coordinator|****=== ESPECIALLY CRAFTED ===****
05/04 06:43:30 INFO OrOmerShelly.Coordinator|Day 21: Campaign total budget bid: 95.37572258745699
05/04 06:43:30 INFO OrOmerShelly.Coordinator|Day 21: Adjusting ucs bid: was 0.12951219321289262 level reported: 0.47829690000000014 target: 0.9 adjusted: 0.14533211510370805
05/04 06:43:30 SEVERE OrOmerShelly.OOSAgent|Exception thrown while trying to parse message.java.lang.NullPointerException
05/04 06:43:30 INFO OrOmerShelly.Coordinator|Day 21 : Simulation Status Received
05/04 06:43:30 WARNING OrOmerShelly.Coordinator|BidBundle is null!
05/04 06:43:30 INFO OrOmerShelly.Coordinator|Day 21 ended. Starting next day
05/04 06:43:40 INFO OrOmerShelly.Coordinator|Day 22 :BankStatus[-2.641454]
05/04 06:43:40 INFO OrOmerShelly.OOSAgent|UNKNOWN Message Received: (CampaignAuctionReport CampaignAuctionReportEntry [actualBid=2205.0, effectiveBid=1996.413321596806] CampaignAuctionReportEntry [actualBid=2210.0, effectiveBid=1705.7132440514297] CampaignAuctionReportEntry [actualBid=3079.0, effectiveBid=3036.706113369272] CampaignAuctionReportEntry [actualBid=2975.0, effectiveBid=2261.4608915637723])
05/04 06:43:40 SEVERE OrOmerShelly.OOSAgent|Exception thrown while trying to parse message.java.lang.NullPointerException
05/04 06:43:40 INFO OrOmerShelly.Coordinator|Day 22: Campaign opportunity - Campaign ID 1608835877: day 24 to 28 [YOUNG, MALE], reach: 12500 coefs: (v=2.0, m=1.5)
05/04 06:43:40 INFO OrOmerShelly.Coordinator|****=== ESPECIALLY CRAFTED ===****
05/04 06:43:40 INFO OrOmerShelly.Coordinator|Day 22: Campaign total budget bid: 96.7931170398986
05/04 06:43:40 INFO OrOmerShelly.Coordinator|Day 22: Adjusting ucs bid: was 0.14533211510370805 level reported: 0.47829690000000014 target: 0.9 adjusted: 0.11104345091387481
05/04 06:43:40 SEVERE OrOmerShelly.OOSAgent|Exception thrown while trying to parse message.java.lang.NullPointerException
05/04 06:43:40 INFO OrOmerShelly.Coordinator|Day 22 : Simulation Status Received
05/04 06:43:40 WARNING OrOmerShelly.Coordinator|BidBundle is null!
05/04 06:43:40 INFO OrOmerShelly.Coordinator|Day 22 ended. Starting next day
05/04 06:43:50 INFO OrOmerShelly.Coordinator|Day 23 :BankStatus[-2.747401]
05/04 06:43:50 INFO OrOmerShelly.OOSAgent|UNKNOWN Message Received: (CampaignAuctionReport CampaignAuctionReportEntry [actualBid=2207.0, effectiveBid=2176.6841156888545] CampaignAuctionReportEntry [actualBid=2146.0, effectiveBid=1631.2924616120522] CampaignAuctionReportEntry [actualBid=2467.0, effectiveBid=2102.195946303888] CampaignAuctionReportEntry [actualBid=2804.0, effectiveBid=2164.171916886972])
05/04 06:43:50 SEVERE OrOmerShelly.OOSAgent|Exception thrown while trying to parse message.java.lang.NullPointerException
05/04 06:43:50 INFO OrOmerShelly.Coordinator|Day 23: Campaign opportunity - Campaign ID 1777540995: day 25 to 34 [FEMALE, OLD], reach: 12500 coefs: (v=2.0, m=1.5)
05/04 06:43:50 INFO OrOmerShelly.Coordinator|****=== ESPECIALLY CRAFTED ===****
05/04 06:43:50 INFO OrOmerShelly.Coordinator|Day 23: Campaign total budget bid: 43.882978700062246
05/04 06:43:50 INFO OrOmerShelly.Coordinator|Day 23: Adjusting ucs bid: was 0.11104345091387481 level reported: 0.47829690000000014 target: 0.9 adjusted: 0.10930685460759723
05/04 06:43:50 SEVERE OrOmerShelly.OOSAgent|Exception thrown while trying to parse message.java.lang.NullPointerException
05/04 06:43:50 INFO OrOmerShelly.Coordinator|Day 23 : Simulation Status Received
05/04 06:43:50 WARNING OrOmerShelly.Coordinator|BidBundle is null!
05/04 06:43:50 INFO OrOmerShelly.Coordinator|Day 23 ended. Starting next day
05/04 06:44:00 INFO OrOmerShelly.Coordinator|Day 24 :BankStatus[-2.828352]
05/04 06:44:00 INFO OrOmerShelly.OOSAgent|UNKNOWN Message Received: (CampaignAuctionReport CampaignAuctionReportEntry [actualBid=2643.0, effectiveBid=2606.695114529063] CampaignAuctionReportEntry [actualBid=2283.0, effectiveBid=1735.4336858622157] CampaignAuctionReportEntry [actualBid=2958.0, effectiveBid=2283.0315728072983])
05/04 06:44:00 SEVERE OrOmerShelly.OOSAgent|Exception thrown while trying to parse message.java.lang.NullPointerException
05/04 06:44:00 INFO OrOmerShelly.Coordinator|Day 24: Campaign opportunity - Campaign ID 1790705988: day 26 to 35 [FEMALE, LOW_INCOME], reach: 12500 coefs: (v=2.0, m=1.5)
05/04 06:44:00 INFO OrOmerShelly.Coordinator|****=== ESPECIALLY CRAFTED ===****
05/04 06:44:00 INFO OrOmerShelly.Coordinator|Day 24: Campaign total budget bid: 46.57508474858311
05/04 06:44:00 INFO OrOmerShelly.Coordinator|Day 24: Adjusting ucs bid: was 0.10930685460759723 level reported: 0.47829690000000014 target: 0.9 adjusted: 0.15540189404687024
05/04 06:44:00 SEVERE OrOmerShelly.OOSAgent|Exception thrown while trying to parse message.java.lang.NullPointerException
05/04 06:44:00 INFO OrOmerShelly.Coordinator|Day 24 : Simulation Status Received
05/04 06:44:00 WARNING OrOmerShelly.Coordinator|BidBundle is null!
05/04 06:44:00 INFO OrOmerShelly.Coordinator|Day 24 ended. Starting next day
05/04 06:44:10 INFO OrOmerShelly.Coordinator|Day 25 :BankStatus[-2.908036]
05/04 06:44:10 INFO OrOmerShelly.OOSAgent|UNKNOWN Message Received: (CampaignAuctionReport CampaignAuctionReportEntry [actualBid=2631.0, effectiveBid=2594.859949423369] CampaignAuctionReportEntry [actualBid=3051.0, effectiveBid=2354.8104559280146] CampaignAuctionReportEntry [actualBid=3087.0, effectiveBid=2346.598242775585])
05/04 06:44:10 SEVERE OrOmerShelly.OOSAgent|Exception thrown while trying to parse message.java.lang.NullPointerException
05/04 06:44:10 INFO OrOmerShelly.Coordinator|Day 25: Campaign opportunity - Campaign ID 1516482752: day 27 to 36 [FEMALE, LOW_INCOME], reach: 12500 coefs: (v=2.0, m=1.5)
05/04 06:44:10 INFO OrOmerShelly.Coordinator|****=== ESPECIALLY CRAFTED ===****
05/04 06:44:10 INFO OrOmerShelly.Coordinator|Day 25: Campaign total budget bid: 46.57508474858311
05/04 06:44:10 INFO OrOmerShelly.Coordinator|Day 25: Adjusting ucs bid: was 0.15540189404687024 level reported: 0.47829690000000014 target: 0.9 adjusted: 0.12281077308006622
05/04 06:44:10 SEVERE OrOmerShelly.OOSAgent|Exception thrown while trying to parse message.java.lang.NullPointerException
05/04 06:44:10 INFO OrOmerShelly.Coordinator|Day 25 : Simulation Status Received
05/04 06:44:10 WARNING OrOmerShelly.Coordinator|BidBundle is null!
05/04 06:44:10 INFO OrOmerShelly.Coordinator|Day 25 ended. Starting next day
05/04 06:44:20 INFO OrOmerShelly.Coordinator|Day 26 :BankStatus[-3.021324]
05/04 06:44:20 INFO OrOmerShelly.OOSAgent|UNKNOWN Message Received: (CampaignAuctionReport CampaignAuctionReportEntry [actualBid=2016.0, effectiveBid=1823.0253500891524] CampaignAuctionReportEntry [actualBid=3189.0, effectiveBid=2461.321056687787])
05/04 06:44:20 SEVERE OrOmerShelly.OOSAgent|Exception thrown while trying to parse message.java.lang.NullPointerException
05/04 06:44:20 INFO OrOmerShelly.Coordinator|Day 26: Campaign opportunity - Campaign ID 1029576200: day 28 to 37 [HIGH_INCOME, MALE], reach: 12500 coefs: (v=2.0, m=1.5)
05/04 06:44:20 INFO OrOmerShelly.Coordinator|****=== ESPECIALLY CRAFTED ===****
05/04 06:44:20 INFO OrOmerShelly.Coordinator|Day 26: Campaign total budget bid: 51.348547809460065
05/04 06:44:20 INFO OrOmerShelly.Coordinator|Day 26: Adjusting ucs bid: was 0.12281077308006622 level reported: 0.47829690000000014 target: 0.9 adjusted: 0.13094143622244886
05/04 06:44:20 SEVERE OrOmerShelly.OOSAgent|Exception thrown while trying to parse message.java.lang.NullPointerException
05/04 06:44:20 INFO OrOmerShelly.Coordinator|Day 26 : Simulation Status Received
05/04 06:44:20 WARNING OrOmerShelly.Coordinator|BidBundle is null!
05/04 06:44:20 INFO OrOmerShelly.Coordinator|Day 26 ended. Starting next day
05/04 06:44:30 INFO OrOmerShelly.Coordinator|Day 27 :BankStatus[-3.110853]
05/04 06:44:30 INFO OrOmerShelly.OOSAgent|UNKNOWN Message Received: (CampaignAuctionReport CampaignAuctionReportEntry [actualBid=2512.0, effectiveBid=2271.5474600317216] CampaignAuctionReportEntry [actualBid=3024.0, effectiveBid=2333.971425344581])
05/04 06:44:30 SEVERE OrOmerShelly.OOSAgent|Exception thrown while trying to parse message.java.lang.NullPointerException
05/04 06:44:30 INFO OrOmerShelly.Coordinator|Day 27: Campaign opportunity - Campaign ID 1842707334: day 29 to 31 [MALE, OLD], reach: 12500 coefs: (v=2.0, m=1.5)
05/04 06:44:30 INFO OrOmerShelly.Coordinator|****=== ESPECIALLY CRAFTED ===****
05/04 06:44:30 INFO OrOmerShelly.Coordinator|Day 27: Campaign total budget bid: 168.50490214663532
05/04 06:44:30 INFO OrOmerShelly.Coordinator|Day 27: Adjusting ucs bid: was 0.13094143622244886 level reported: 0.47829690000000014 target: 0.9 adjusted: 0.16151301288777567
05/04 06:44:30 SEVERE OrOmerShelly.OOSAgent|Exception thrown while trying to parse message.java.lang.NullPointerException
05/04 06:44:30 INFO OrOmerShelly.Coordinator|Day 27 : Simulation Status Received
05/04 06:44:30 WARNING OrOmerShelly.Coordinator|BidBundle is null!
05/04 06:44:30 INFO OrOmerShelly.Coordinator|Day 27 ended. Starting next day
05/04 06:44:40 INFO OrOmerShelly.Coordinator|Day 28 :BankStatus[-3.206310]
05/04 06:44:40 INFO OrOmerShelly.OOSAgent|UNKNOWN Message Received: (CampaignAuctionReport CampaignAuctionReportEntry [actualBid=2644.0, effectiveBid=2542.830105633205] CampaignAuctionReportEntry [actualBid=2839.0, effectiveBid=2191.1854750506827])
05/04 06:44:40 SEVERE OrOmerShelly.OOSAgent|Exception thrown while trying to parse message.java.lang.NullPointerException
05/04 06:44:40 INFO OrOmerShelly.Coordinator|Day 28: Campaign opportunity - Campaign ID 710319497: day 30 to 34 [HIGH_INCOME, OLD], reach: 3750 coefs: (v=2.0, m=1.5)
05/04 06:44:40 INFO OrOmerShelly.Coordinator|****=== ESPECIALLY CRAFTED ===****
05/04 06:44:40 INFO OrOmerShelly.Coordinator|Day 28: Campaign total budget bid: 27.92403154776663
05/04 06:44:40 INFO OrOmerShelly.Coordinator|Day 28: Adjusting ucs bid: was 0.16151301288777567 level reported: 0.47829690000000014 target: 0.9 adjusted: 0.14163188849288016
05/04 06:44:40 SEVERE OrOmerShelly.OOSAgent|Exception thrown while trying to parse message.java.lang.NullPointerException
05/04 06:44:40 INFO OrOmerShelly.Coordinator|Day 28 : Simulation Status Received
05/04 06:44:40 WARNING OrOmerShelly.Coordinator|BidBundle is null!
05/04 06:44:40 INFO OrOmerShelly.Coordinator|Day 28 ended. Starting next day
05/04 06:44:50 INFO OrOmerShelly.Coordinator|Day 29 :BankStatus[-3.324053]
05/04 06:44:50 INFO OrOmerShelly.OOSAgent|UNKNOWN Message Received: (CampaignAuctionReport CampaignAuctionReportEntry [actualBid=2650.0, effectiveBid=2548.6005219092262] CampaignAuctionReportEntry [actualBid=2684.0, effectiveBid=2034.0717045440556])
05/04 06:44:50 SEVERE OrOmerShelly.OOSAgent|Exception thrown while trying to parse message.java.lang.NullPointerException
05/04 06:44:50 INFO OrOmerShelly.Coordinator|Day 29: Campaign opportunity - Campaign ID 324369755: day 31 to 33 [HIGH_INCOME, OLD], reach: 6250 coefs: (v=2.0, m=1.5)
05/04 06:44:50 INFO OrOmerShelly.Coordinator|****=== ESPECIALLY CRAFTED ===****
05/04 06:44:50 INFO OrOmerShelly.Coordinator|Day 29: Campaign total budget bid: 77.56675429935176
05/04 06:44:50 INFO OrOmerShelly.Coordinator|Day 29: Adjusting ucs bid: was 0.14163188849288016 level reported: 0.47829690000000014 target: 0.9 adjusted: 0.10428877276921183
05/04 06:44:50 SEVERE OrOmerShelly.OOSAgent|Exception thrown while trying to parse message.java.lang.NullPointerException
05/04 06:44:50 INFO OrOmerShelly.Coordinator|Day 29 : Simulation Status Received
05/04 06:44:50 WARNING OrOmerShelly.Coordinator|BidBundle is null!
05/04 06:44:50 INFO OrOmerShelly.Coordinator|Day 29 ended. Starting next day
05/04 06:45:00 INFO OrOmerShelly.Coordinator|Day 30 :BankStatus[-3.427302]
05/04 06:45:00 INFO OrOmerShelly.OOSAgent|UNKNOWN Message Received: (CampaignAuctionReport CampaignAuctionReportEntry [actualBid=3085.0, effectiveBid=2966.955701920741] CampaignAuctionReportEntry [actualBid=2655.0, effectiveBid=2049.1713407043194])
05/04 06:45:00 SEVERE OrOmerShelly.OOSAgent|Exception thrown while trying to parse message.java.lang.NullPointerException
05/04 06:45:00 INFO OrOmerShelly.Coordinator|Day 30: Campaign opportunity - Campaign ID 1108149203: day 32 to 41 [FEMALE, LOW_INCOME], reach: 6250 coefs: (v=2.0, m=1.5)
05/04 06:45:00 INFO OrOmerShelly.Coordinator|****=== ESPECIALLY CRAFTED ===****
05/04 06:45:00 INFO OrOmerShelly.Coordinator|Day 30: Campaign total budget bid: 23.287542374291554
05/04 06:45:00 INFO OrOmerShelly.Coordinator|Day 30: Adjusting ucs bid: was 0.10428877276921183 level reported: 0.47829690000000014 target: 0.9 adjusted: 0.14826767154118403
05/04 06:45:00 SEVERE OrOmerShelly.OOSAgent|Exception thrown while trying to parse message.java.lang.NullPointerException
05/04 06:45:00 INFO OrOmerShelly.Coordinator|Day 30 : Simulation Status Received
05/04 06:45:00 WARNING OrOmerShelly.Coordinator|BidBundle is null!
05/04 06:45:00 INFO OrOmerShelly.Coordinator|Day 30 ended. Starting next day
05/04 06:45:10 INFO OrOmerShelly.Coordinator|Day 31 :BankStatus[-3.503329]
05/04 06:45:10 INFO OrOmerShelly.OOSAgent|UNKNOWN Message Received: (CampaignAuctionReport CampaignAuctionReportEntry [actualBid=2135.0, effectiveBid=2053.3064582174334] CampaignAuctionReportEntry [actualBid=2249.0, effectiveBid=1735.8140660052786])
05/04 06:45:10 SEVERE OrOmerShelly.OOSAgent|Exception thrown while trying to parse message.java.lang.NullPointerException
05/04 06:45:10 INFO OrOmerShelly.Coordinator|Day 31: Campaign opportunity - Campaign ID 868706837: day 33 to 42 [FEMALE, YOUNG], reach: 6250 coefs: (v=2.0, m=1.5)
05/04 06:45:10 INFO OrOmerShelly.Coordinator|****=== ESPECIALLY CRAFTED ===****
05/04 06:45:10 INFO OrOmerShelly.Coordinator|Day 31: Campaign total budget bid: 25.040469405033637
05/04 06:45:10 INFO OrOmerShelly.Coordinator|Day 31: Adjusting ucs bid: was 0.14826767154118403 level reported: 0.47829690000000014 target: 0.9 adjusted: 0.13897669128718027
05/04 06:45:10 SEVERE OrOmerShelly.OOSAgent|Exception thrown while trying to parse message.java.lang.NullPointerException
05/04 06:45:10 INFO OrOmerShelly.Coordinator|Day 31 : Simulation Status Received
05/04 06:45:10 WARNING OrOmerShelly.Coordinator|BidBundle is null!
05/04 06:45:10 INFO OrOmerShelly.Coordinator|Day 31 ended. Starting next day
05/04 06:45:20 INFO OrOmerShelly.Coordinator|Day 32 :BankStatus[-3.611416]
05/04 06:45:20 INFO OrOmerShelly.OOSAgent|UNKNOWN Message Received: (CampaignAuctionReport CampaignAuctionReportEntry [actualBid=2823.0, effectiveBid=2714.9808578678285] CampaignAuctionReportEntry [actualBid=2817.0, effectiveBid=2174.205524204922] CampaignAuctionReportEntry [actualBid=3282.0, effectiveBid=2367.3223358555256])
05/04 06:45:20 SEVERE OrOmerShelly.OOSAgent|Exception thrown while trying to parse message.java.lang.NullPointerException
05/04 06:45:20 INFO OrOmerShelly.Coordinator|Day 32: Campaign opportunity - Campaign ID 2000259711: day 34 to 43 [MALE, OLD], reach: 12500 coefs: (v=2.0, m=1.5)
05/04 06:45:20 INFO OrOmerShelly.Coordinator|****=== ESPECIALLY CRAFTED ===****
05/04 06:45:20 INFO OrOmerShelly.Coordinator|Day 32: Campaign total budget bid: 50.55147064399059
05/04 06:45:20 INFO OrOmerShelly.Coordinator|Day 32: Adjusting ucs bid: was 0.13897669128718027 level reported: 0.47829690000000014 target: 0.9 adjusted: 0.19758359283072713
05/04 06:45:20 SEVERE OrOmerShelly.OOSAgent|Exception thrown while trying to parse message.java.lang.NullPointerException
05/04 06:45:20 INFO OrOmerShelly.Coordinator|Day 32 : Simulation Status Received
05/04 06:45:20 WARNING OrOmerShelly.Coordinator|BidBundle is null!
05/04 06:45:20 INFO OrOmerShelly.Coordinator|Day 32 ended. Starting next day
05/04 06:45:30 INFO OrOmerShelly.Coordinator|Day 33 :BankStatus[-3.712730]
05/04 06:45:30 INFO OrOmerShelly.OOSAgent|UNKNOWN Message Received: (CampaignAuctionReport CampaignAuctionReportEntry [actualBid=2741.0, effectiveBid=2699.115013133291] CampaignAuctionReportEntry [actualBid=2771.0, effectiveBid=1998.7355858183005] CampaignAuctionReportEntry [actualBid=3110.0, effectiveBid=2400.347596832555])
05/04 06:45:30 SEVERE OrOmerShelly.OOSAgent|Exception thrown while trying to parse message.java.lang.NullPointerException
05/04 06:45:30 INFO OrOmerShelly.Coordinator|Day 33: Campaign opportunity - Campaign ID 1924533106: day 35 to 37 [YOUNG, MALE], reach: 6250 coefs: (v=2.0, m=1.5)
05/04 06:45:30 INFO OrOmerShelly.Coordinator|****=== ESPECIALLY CRAFTED ===****
05/04 06:45:30 INFO OrOmerShelly.Coordinator|Day 33: Campaign total budget bid: 80.66093086658218
05/04 06:45:30 INFO OrOmerShelly.Coordinator|Day 33: Adjusting ucs bid: was 0.19758359283072713 level reported: 0.47829690000000014 target: 0.9 adjusted: 0.1535980988138174
05/04 06:45:30 SEVERE OrOmerShelly.OOSAgent|Exception thrown while trying to parse message.java.lang.NullPointerException
05/04 06:45:30 INFO OrOmerShelly.Coordinator|Day 33 : Simulation Status Received
05/04 06:45:30 WARNING OrOmerShelly.Coordinator|BidBundle is null!
05/04 06:45:30 INFO OrOmerShelly.Coordinator|Day 33 ended. Starting next day
05/04 06:45:40 INFO OrOmerShelly.Coordinator|Day 34 :BankStatus[-3.856768]
05/04 06:45:40 INFO OrOmerShelly.OOSAgent|UNKNOWN Message Received: (CampaignAuctionReport CampaignAuctionReportEntry [actualBid=3022.0, effectiveBid=2975.8210761360106] CampaignAuctionReportEntry [actualBid=3078.0, effectiveBid=2375.6494865114482] CampaignAuctionReportEntry [actualBid=2989.0, effectiveBid=2155.980031039661])
05/04 06:45:40 SEVERE OrOmerShelly.OOSAgent|Exception thrown while trying to parse message.java.lang.NullPointerException
05/04 06:45:40 INFO OrOmerShelly.Coordinator|Day 34: Campaign opportunity - Campaign ID 531082161: day 36 to 45 [HIGH_INCOME, OLD], reach: 3750 coefs: (v=2.0, m=1.5)
05/04 06:45:40 INFO OrOmerShelly.Coordinator|****=== ESPECIALLY CRAFTED ===****
05/04 06:45:40 INFO OrOmerShelly.Coordinator|Day 34: Campaign total budget bid: 13.962015773883316
05/04 06:45:40 INFO OrOmerShelly.Coordinator|Day 34: Adjusting ucs bid: was 0.1535980988138174 level reported: 0.47829690000000014 target: 0.9 adjusted: 0.12596490796227333
05/04 06:45:40 SEVERE OrOmerShelly.OOSAgent|Exception thrown while trying to parse message.java.lang.NullPointerException
05/04 06:45:40 INFO OrOmerShelly.Coordinator|Day 34 : Simulation Status Received
05/04 06:45:40 WARNING OrOmerShelly.Coordinator|BidBundle is null!
05/04 06:45:40 INFO OrOmerShelly.Coordinator|Day 34 ended. Starting next day
05/04 06:45:50 INFO OrOmerShelly.Coordinator|Day 35 :BankStatus[-3.968741]
05/04 06:45:50 INFO OrOmerShelly.OOSAgent|UNKNOWN Message Received: (CampaignAuctionReport CampaignAuctionReportEntry [actualBid=2041.0, effectiveBid=2028.575006718812] CampaignAuctionReportEntry [actualBid=2327.0, effectiveBid=1796.015709912976])
05/04 06:45:50 SEVERE OrOmerShelly.OOSAgent|Exception thrown while trying to parse message.java.lang.NullPointerException
05/04 06:45:50 INFO OrOmerShelly.Coordinator|Day 35: Campaign opportunity - Campaign ID 361792592: day 37 to 41 [HIGH_INCOME, OLD], reach: 12500 coefs: (v=2.0, m=1.5)
05/04 06:45:50 INFO OrOmerShelly.Coordinator|****=== ESPECIALLY CRAFTED ===****
05/04 06:45:50 INFO OrOmerShelly.Coordinator|Day 35: Campaign total budget bid: 93.08010515922211
05/04 06:45:50 INFO OrOmerShelly.Coordinator|Day 35: Adjusting ucs bid: was 0.12596490796227333 level reported: 0.47829690000000014 target: 0.9 adjusted: 0.14690552621916653
05/04 06:45:50 SEVERE OrOmerShelly.OOSAgent|Exception thrown while trying to parse message.java.lang.NullPointerException
05/04 06:45:50 INFO OrOmerShelly.Coordinator|Day 35 : Simulation Status Received
05/04 06:45:50 WARNING OrOmerShelly.Coordinator|BidBundle is null!
05/04 06:45:50 INFO OrOmerShelly.Coordinator|Day 35 ended. Starting next day
05/04 06:46:00 INFO OrOmerShelly.Coordinator|Day 36 :BankStatus[-4.060570]
05/04 06:46:00 INFO OrOmerShelly.OOSAgent|UNKNOWN Message Received: (CampaignAuctionReport CampaignAuctionReportEntry [actualBid=2121.0, effectiveBid=1884.5564149545726] CampaignAuctionReportEntry [actualBid=3056.0, effectiveBid=2358.6695356656874])
05/04 06:46:00 SEVERE OrOmerShelly.OOSAgent|Exception thrown while trying to parse message.java.lang.NullPointerException
05/04 06:46:00 INFO OrOmerShelly.Coordinator|Day 36: Campaign opportunity - Campaign ID 123047277: day 38 to 40 [YOUNG, HIGH_INCOME], reach: 3750 coefs: (v=2.0, m=1.5)
05/04 06:46:00 INFO OrOmerShelly.Coordinator|****=== ESPECIALLY CRAFTED ===****
05/04 06:46:00 INFO OrOmerShelly.Coordinator|Day 36: Campaign total budget bid: 51.886792433250264
05/04 06:46:00 INFO OrOmerShelly.Coordinator|Day 36: Adjusting ucs bid: was 0.14690552621916653 level reported: 0.47829690000000014 target: 0.9 adjusted: 0.13257696997522087
05/04 06:46:00 SEVERE OrOmerShelly.OOSAgent|Exception thrown while trying to parse message.java.lang.NullPointerException
05/04 06:46:00 INFO OrOmerShelly.Coordinator|Day 36 : Simulation Status Received
05/04 06:46:00 WARNING OrOmerShelly.Coordinator|BidBundle is null!
05/04 06:46:00 INFO OrOmerShelly.Coordinator|Day 36 ended. Starting next day
05/04 06:46:10 INFO OrOmerShelly.Coordinator|Day 37 :BankStatus[-4.167664]
05/04 06:46:10 INFO OrOmerShelly.OOSAgent|UNKNOWN Message Received: (CampaignAuctionReport CampaignAuctionReportEntry [actualBid=2207.0, effectiveBid=2108.642183210912] CampaignAuctionReportEntry [actualBid=2375.0, effectiveBid=1833.062875394636])
05/04 06:46:10 SEVERE OrOmerShelly.OOSAgent|Exception thrown while trying to parse message.java.lang.NullPointerException
05/04 06:46:10 INFO OrOmerShelly.Coordinator|Day 37: Campaign opportunity - Campaign ID 2091695517: day 39 to 41 [HIGH_INCOME, OLD], reach: 3750 coefs: (v=2.0, m=1.5)
05/04 06:46:10 INFO OrOmerShelly.Coordinator|****=== ESPECIALLY CRAFTED ===****
05/04 06:46:10 INFO OrOmerShelly.Coordinator|Day 37: Campaign total budget bid: 46.54005257961106
05/04 06:46:10 INFO OrOmerShelly.Coordinator|Day 37: Adjusting ucs bid: was 0.13257696997522087 level reported: 0.47829690000000014 target: 0.9 adjusted: 0.132510582526167
05/04 06:46:10 SEVERE OrOmerShelly.OOSAgent|Exception thrown while trying to parse message.java.lang.NullPointerException
05/04 06:46:10 INFO OrOmerShelly.Coordinator|Day 37 : Simulation Status Received
05/04 06:46:10 WARNING OrOmerShelly.Coordinator|BidBundle is null!
05/04 06:46:10 INFO OrOmerShelly.Coordinator|Day 37 ended. Starting next day
05/04 06:46:20 INFO OrOmerShelly.Coordinator|Day 38 :BankStatus[-4.264313]
05/04 06:46:20 INFO OrOmerShelly.OOSAgent|UNKNOWN Message Received: (CampaignAuctionReport CampaignAuctionReportEntry [actualBid=2151.0, effectiveBid=2055.1378958254068] CampaignAuctionReportEntry [actualBid=2350.0, effectiveBid=1783.9944453090861] CampaignAuctionReportEntry [actualBid=2760.0, effectiveBid=2130.212015195451])
05/04 06:46:20 SEVERE OrOmerShelly.OOSAgent|Exception thrown while trying to parse message.java.lang.NullPointerException
05/04 06:46:20 INFO OrOmerShelly.Coordinator|Day 38: Campaign opportunity - Campaign ID 1922440032: day 40 to 42 [FEMALE, OLD], reach: 3750 coefs: (v=2.0, m=1.5)
05/04 06:46:20 INFO OrOmerShelly.Coordinator|****=== ESPECIALLY CRAFTED ===****
05/04 06:46:20 INFO OrOmerShelly.Coordinator|Day 38: Campaign total budget bid: 43.882978700062246
05/04 06:46:20 INFO OrOmerShelly.Coordinator|Day 38: Adjusting ucs bid: was 0.132510582526167 level reported: 0.47829690000000014 target: 0.9 adjusted: 0.1820273745896667
05/04 06:46:20 SEVERE OrOmerShelly.OOSAgent|Exception thrown while trying to parse message.java.lang.NullPointerException
05/04 06:46:20 INFO OrOmerShelly.Coordinator|Day 38 : Simulation Status Received
05/04 06:46:20 WARNING OrOmerShelly.Coordinator|BidBundle is null!
05/04 06:46:20 INFO OrOmerShelly.Coordinator|Day 38 ended. Starting next day
05/04 06:46:30 INFO OrOmerShelly.Coordinator|Day 39 :BankStatus[-4.360913]
05/04 06:46:30 INFO OrOmerShelly.OOSAgent|UNKNOWN Message Received: (CampaignAuctionReport CampaignAuctionReportEntry [actualBid=2047.0, effectiveBid=1955.7727906808962] CampaignAuctionReportEntry [actualBid=2691.0, effectiveBid=2076.9567148155643] CampaignAuctionReportEntry [actualBid=2590.0, effectiveBid=1868.7784862701467])
05/04 06:46:30 SEVERE OrOmerShelly.OOSAgent|Exception thrown while trying to parse message.java.lang.NullPointerException
05/04 06:46:30 INFO OrOmerShelly.Coordinator|Day 39: Campaign opportunity - Campaign ID 1994777873: day 41 to 50 [FEMALE, LOW_INCOME], reach: 12500 coefs: (v=2.0, m=1.5)
05/04 06:46:30 INFO OrOmerShelly.Coordinator|****=== ESPECIALLY CRAFTED ===****
05/04 06:46:30 INFO OrOmerShelly.Coordinator|Day 39: Campaign total budget bid: 46.57508474858311
05/04 06:46:30 INFO OrOmerShelly.Coordinator|Day 39: Adjusting ucs bid: was 0.1820273745896667 level reported: 0.47829690000000014 target: 0.9 adjusted: 0.10623516045722922
05/04 06:46:30 SEVERE OrOmerShelly.OOSAgent|Exception thrown while trying to parse message.java.lang.NullPointerException
05/04 06:46:30 INFO OrOmerShelly.Coordinator|Day 39 : Simulation Status Received
05/04 06:46:30 WARNING OrOmerShelly.Coordinator|BidBundle is null!
05/04 06:46:30 INFO OrOmerShelly.Coordinator|Day 39 ended. Starting next day
05/04 06:46:40 INFO OrOmerShelly.Coordinator|Day 40 :BankStatus[-4.493611]
05/04 06:46:40 INFO OrOmerShelly.OOSAgent|UNKNOWN Message Received: (CampaignAuctionReport CampaignAuctionReportEntry [actualBid=2882.0, effectiveBid=2753.5599329469187] CampaignAuctionReportEntry [actualBid=2482.0, effectiveBid=1915.6471817808365] CampaignAuctionReportEntry [actualBid=2321.0, effectiveBid=1674.685276692282])
05/04 06:46:40 SEVERE OrOmerShelly.OOSAgent|Exception thrown while trying to parse message.java.lang.NullPointerException
05/04 06:46:40 INFO OrOmerShelly.Coordinator|Day 40: Campaign opportunity - Campaign ID 809168079: day 42 to 46 [FEMALE, LOW_INCOME], reach: 6250 coefs: (v=2.0, m=1.5)
05/04 06:46:40 INFO OrOmerShelly.Coordinator|****=== ESPECIALLY CRAFTED ===****
05/04 06:46:40 INFO OrOmerShelly.Coordinator|Day 40: Campaign total budget bid: 46.57508474858311
05/04 06:46:40 INFO OrOmerShelly.Coordinator|Day 40: Adjusting ucs bid: was 0.10623516045722922 level reported: 0.47829690000000014 target: 0.9 adjusted: 0.1510348569510402
05/04 06:46:40 SEVERE OrOmerShelly.OOSAgent|Exception thrown while trying to parse message.java.lang.NullPointerException
05/04 06:46:40 INFO OrOmerShelly.Coordinator|Day 40 : Simulation Status Received
05/04 06:46:40 WARNING OrOmerShelly.Coordinator|BidBundle is null!
05/04 06:46:40 INFO OrOmerShelly.Coordinator|Day 40 ended. Starting next day
05/04 06:46:50 INFO OrOmerShelly.Coordinator|Day 41 :BankStatus[-4.571056]
05/04 06:46:50 INFO OrOmerShelly.OOSAgent|UNKNOWN Message Received: (CampaignAuctionReport CampaignAuctionReportEntry [actualBid=2321.0, effectiveBid=2217.561625388549] CampaignAuctionReportEntry [actualBid=2012.0, effectiveBid=1552.893686439582] CampaignAuctionReportEntry [actualBid=2076.0, effectiveBid=1497.9089333964573])
05/04 06:46:50 SEVERE OrOmerShelly.OOSAgent|Exception thrown while trying to parse message.java.lang.NullPointerException
05/04 06:46:50 INFO OrOmerShelly.Coordinator|Day 41: Campaign opportunity - Campaign ID 421334828: day 43 to 45 [LOW_INCOME, OLD], reach: 6250 coefs: (v=2.0, m=1.5)
05/04 06:46:50 INFO OrOmerShelly.Coordinator|****=== ESPECIALLY CRAFTED ===****
05/04 06:46:50 INFO OrOmerShelly.Coordinator|Day 41: Campaign total budget bid: 79.0532769782886
05/04 06:46:50 INFO OrOmerShelly.Coordinator|Day 41: Adjusting ucs bid: was 0.1510348569510402 level reported: 0.47829690000000014 target: 0.9 adjusted: 0.14409784121177543
05/04 06:46:50 SEVERE OrOmerShelly.OOSAgent|Exception thrown while trying to parse message.java.lang.NullPointerException
05/04 06:46:50 INFO OrOmerShelly.Coordinator|Day 41 : Simulation Status Received
05/04 06:46:50 WARNING OrOmerShelly.Coordinator|BidBundle is null!
05/04 06:46:50 INFO OrOmerShelly.Coordinator|Day 41 ended. Starting next day
05/04 06:47:00 INFO OrOmerShelly.Coordinator|Day 42 :BankStatus[-4.571056]
05/04 06:47:00 INFO OrOmerShelly.OOSAgent|UNKNOWN Message Received: (CampaignAuctionReport CampaignAuctionReportEntry [actualBid=2268.0, effectiveBid=1636.443863652777] CampaignAuctionReportEntry [actualBid=2703.0, effectiveBid=2086.2185061859795] CampaignAuctionReportEntry [actualBid=2238.0, effectiveBid=855.3042512054413])
05/04 06:47:00 SEVERE OrOmerShelly.OOSAgent|Exception thrown while trying to parse message.java.lang.NullPointerException
05/04 06:47:00 INFO OrOmerShelly.Coordinator|Day 42: Campaign opportunity - Campaign ID 1430916950: day 44 to 48 [FEMALE, HIGH_INCOME], reach: 12500 coefs: (v=2.0, m=1.5)
05/04 06:47:00 INFO OrOmerShelly.Coordinator|****=== ESPECIALLY CRAFTED ===****
05/04 06:47:00 INFO OrOmerShelly.Coordinator|Day 42: Campaign total budget bid: 93.9635535521557
05/04 06:47:00 INFO OrOmerShelly.Coordinator|Day 42: Adjusting ucs bid: was 0.14409784121177543 level reported: 0.47829690000000014 target: 0.9 adjusted: 0.14593429596470386
05/04 06:47:00 SEVERE OrOmerShelly.OOSAgent|Exception thrown while trying to parse message.java.lang.NullPointerException
05/04 06:47:00 INFO OrOmerShelly.Coordinator|Day 42 : Simulation Status Received
05/04 06:47:00 WARNING OrOmerShelly.Coordinator|BidBundle is null!
05/04 06:47:00 INFO OrOmerShelly.Coordinator|Day 42 ended. Starting next day
05/04 06:47:10 INFO OrOmerShelly.Coordinator|Day 43 :BankStatus[-4.571056]
05/04 06:47:10 INFO OrOmerShelly.OOSAgent|UNKNOWN Message Received: (CampaignAuctionReport CampaignAuctionReportEntry [actualBid=2483.0, effectiveBid=1916.418997728371] CampaignAuctionReportEntry [actualBid=2447.0, effectiveBid=1624.4680381399783])
05/04 06:47:10 SEVERE OrOmerShelly.OOSAgent|Exception thrown while trying to parse message.java.lang.NullPointerException
05/04 06:47:10 INFO OrOmerShelly.Coordinator|Day 43: Campaign opportunity - Campaign ID 1014172909: day 45 to 54 [MALE, OLD], reach: 3750 coefs: (v=2.0, m=1.5)
05/04 06:47:10 INFO OrOmerShelly.Coordinator|****=== ESPECIALLY CRAFTED ===****
05/04 06:47:10 INFO OrOmerShelly.Coordinator|Day 43: Campaign total budget bid: 15.165441193197177
05/04 06:47:10 INFO OrOmerShelly.Coordinator|Day 43: Adjusting ucs bid: was 0.14593429596470386 level reported: 0.47829690000000014 target: 0.9 adjusted: 0.17866551947911324
05/04 06:47:10 SEVERE OrOmerShelly.OOSAgent|Exception thrown while trying to parse message.java.lang.NullPointerException
05/04 06:47:10 INFO OrOmerShelly.Coordinator|Day 43 : Simulation Status Received
05/04 06:47:10 WARNING OrOmerShelly.Coordinator|BidBundle is null!
05/04 06:47:10 INFO OrOmerShelly.Coordinator|Day 43 ended. Starting next day
05/04 06:47:20 INFO OrOmerShelly.Coordinator|Day 44 :BankStatus[-4.571056]
05/04 06:47:20 INFO OrOmerShelly.OOSAgent|UNKNOWN Message Received: (CampaignAuctionReport CampaignAuctionReportEntry [actualBid=2162.0, effectiveBid=1964.8234866521775])
05/04 06:47:20 SEVERE OrOmerShelly.OOSAgent|Exception thrown while trying to parse message.java.lang.NullPointerException
05/04 06:47:20 INFO OrOmerShelly.Coordinator|Day 44: Campaign opportunity - Campaign ID 932985877: day 46 to 48 [LOW_INCOME, OLD], reach: 3750 coefs: (v=2.0, m=1.5)
05/04 06:47:20 INFO OrOmerShelly.Coordinator|****=== ESPECIALLY CRAFTED ===****
05/04 06:47:20 INFO OrOmerShelly.Coordinator|Day 44: Campaign total budget bid: 47.431966186973156
05/04 06:47:20 INFO OrOmerShelly.Coordinator|Day 44: Adjusting ucs bid: was 0.17866551947911324 level reported: 0.47829690000000014 target: 0.9 adjusted: 0.1398687430983701
05/04 06:47:20 SEVERE OrOmerShelly.OOSAgent|Exception thrown while trying to parse message.java.lang.NullPointerException
05/04 06:47:20 INFO OrOmerShelly.Coordinator|Day 44 : Simulation Status Received
05/04 06:47:20 WARNING OrOmerShelly.Coordinator|BidBundle is null!
05/04 06:47:20 INFO OrOmerShelly.Coordinator|Day 44 ended. Starting next day
05/04 06:47:30 INFO OrOmerShelly.Coordinator|Day 45 :BankStatus[-4.571056]
05/04 06:47:30 INFO OrOmerShelly.OOSAgent|UNKNOWN Message Received: (CampaignAuctionReport CampaignAuctionReportEntry [actualBid=2943.0, effectiveBid=2674.5955232272704])
05/04 06:47:30 SEVERE OrOmerShelly.OOSAgent|Exception thrown while trying to parse message.java.lang.NullPointerException
05/04 06:47:30 INFO OrOmerShelly.Coordinator|Day 45: Campaign opportunity - Campaign ID 815573932: day 47 to 49 [LOW_INCOME, MALE], reach: 3750 coefs: (v=2.0, m=1.5)
05/04 06:47:30 INFO OrOmerShelly.Coordinator|****=== ESPECIALLY CRAFTED ===****
05/04 06:47:30 INFO OrOmerShelly.Coordinator|Day 45: Campaign total budget bid: 47.687861293728496
05/04 06:47:30 INFO OrOmerShelly.Coordinator|Day 45: Adjusting ucs bid: was 0.1398687430983701 level reported: 0.47829690000000014 target: 0.9 adjusted: 0.10235664267554088
05/04 06:47:30 SEVERE OrOmerShelly.OOSAgent|Exception thrown while trying to parse message.java.lang.NullPointerException
05/04 06:47:30 INFO OrOmerShelly.Coordinator|Day 45 : Simulation Status Received
05/04 06:47:30 WARNING OrOmerShelly.Coordinator|BidBundle is null!
05/04 06:47:30 INFO OrOmerShelly.Coordinator|Day 45 ended. Starting next day
05/04 06:47:40 INFO OrOmerShelly.Coordinator|Day 46 :BankStatus[-4.571056]
05/04 06:47:40 INFO OrOmerShelly.OOSAgent|UNKNOWN Message Received: (CampaignAuctionReport CampaignAuctionReportEntry [actualBid=2754.0, effectiveBid=2502.832507974143])
05/04 06:47:40 SEVERE OrOmerShelly.OOSAgent|Exception thrown while trying to parse message.java.lang.NullPointerException
05/04 06:47:40 INFO OrOmerShelly.Coordinator|Day 46: Campaign opportunity - Campaign ID 248335411: day 48 to 57 [LOW_INCOME, YOUNG], reach: 3750 coefs: (v=2.0, m=1.5)
05/04 06:47:40 INFO OrOmerShelly.Coordinator|****=== ESPECIALLY CRAFTED ===****
05/04 06:47:40 INFO OrOmerShelly.Coordinator|Day 46: Campaign total budget bid: 14.046538023377238
05/04 06:47:40 INFO OrOmerShelly.Coordinator|Day 46: Adjusting ucs bid: was 0.10235664267554088 level reported: 0.47829690000000014 target: 0.9 adjusted: 0.14552075619740876
05/04 06:47:40 SEVERE OrOmerShelly.OOSAgent|Exception thrown while trying to parse message.java.lang.NullPointerException
05/04 06:47:40 INFO OrOmerShelly.Coordinator|Day 46 : Simulation Status Received
05/04 06:47:40 WARNING OrOmerShelly.Coordinator|BidBundle is null!
05/04 06:47:40 INFO OrOmerShelly.Coordinator|Day 46 ended. Starting next day
05/04 06:47:50 INFO OrOmerShelly.Coordinator|Day 47 :BankStatus[-4.571056]
05/04 06:47:50 INFO OrOmerShelly.OOSAgent|UNKNOWN Message Received: (CampaignAuctionReport CampaignAuctionReportEntry [actualBid=2316.0, effectiveBid=1990.8646941451743] CampaignAuctionReportEntry [actualBid=2738.0, effectiveBid=2488.2917236140897])
05/04 06:47:50 SEVERE OrOmerShelly.OOSAgent|Exception thrown while trying to parse message.java.lang.NullPointerException
05/04 06:47:50 INFO OrOmerShelly.Coordinator|Day 47: Campaign opportunity - Campaign ID 170499361: day 49 to 58 [YOUNG, MALE], reach: 3750 coefs: (v=2.0, m=1.5)
05/04 06:47:50 INFO OrOmerShelly.Coordinator|****=== ESPECIALLY CRAFTED ===****
05/04 06:47:50 INFO OrOmerShelly.Coordinator|Day 47: Campaign total budget bid: 14.51896755598479
05/04 06:47:50 INFO OrOmerShelly.Coordinator|Day 47: Adjusting ucs bid: was 0.14552075619740876 level reported: 0.47829690000000014 target: 0.9 adjusted: 0.18847795243528662
05/04 06:47:50 SEVERE OrOmerShelly.OOSAgent|Exception thrown while trying to parse message.java.lang.NullPointerException
05/04 06:47:50 INFO OrOmerShelly.Coordinator|Day 47 : Simulation Status Received
05/04 06:47:50 WARNING OrOmerShelly.Coordinator|BidBundle is null!
05/04 06:47:50 INFO OrOmerShelly.Coordinator|Day 47 ended. Starting next day
05/04 06:48:00 INFO OrOmerShelly.Coordinator|Day 48 :BankStatus[-4.571056]
05/04 06:48:00 INFO OrOmerShelly.OOSAgent|UNKNOWN Message Received: (CampaignAuctionReport CampaignAuctionReportEntry [actualBid=2763.0, effectiveBid=2511.0116991766727] CampaignAuctionReportEntry [actualBid=2844.0, effectiveBid=2444.740582965836])
05/04 06:48:00 SEVERE OrOmerShelly.OOSAgent|Exception thrown while trying to parse message.java.lang.NullPointerException
05/04 06:48:00 INFO OrOmerShelly.Coordinator|Day 48: Campaign opportunity - Campaign ID 1050287979: day 50 to 54 [FEMALE, OLD], reach: 6250 coefs: (v=2.0, m=1.5)
05/04 06:48:00 INFO OrOmerShelly.Coordinator|****=== ESPECIALLY CRAFTED ===****
05/04 06:48:00 INFO OrOmerShelly.Coordinator|Day 48: Campaign total budget bid: 43.882978700062246
05/04 06:48:00 INFO OrOmerShelly.Coordinator|Day 48: Adjusting ucs bid: was 0.18847795243528662 level reported: 0.47829690000000014 target: 0.9 adjusted: 0.10117725511757353
05/04 06:48:00 SEVERE OrOmerShelly.OOSAgent|Exception thrown while trying to parse message.java.lang.NullPointerException
05/04 06:48:00 INFO OrOmerShelly.Coordinator|Day 48 : Simulation Status Received
05/04 06:48:00 WARNING OrOmerShelly.Coordinator|BidBundle is null!
05/04 06:48:00 INFO OrOmerShelly.Coordinator|Day 48 ended. Starting next day
05/04 06:48:10 INFO OrOmerShelly.Coordinator|Day 49 :BankStatus[-4.571056]
05/04 06:48:10 INFO OrOmerShelly.OOSAgent|UNKNOWN Message Received: (CampaignAuctionReport CampaignAuctionReportEntry [actualBid=2362.0, effectiveBid=2146.5832911528414] CampaignAuctionReportEntry [actualBid=3185.0, effectiveBid=2737.8687611625132] CampaignAuctionReportEntry [actualBid=3050.0, effectiveBid=2247.1008279439893])
05/04 06:48:10 SEVERE OrOmerShelly.OOSAgent|Exception thrown while trying to parse message.java.lang.NullPointerException
05/04 06:48:10 INFO OrOmerShelly.Coordinator|Day 49: Campaign opportunity - Campaign ID 1340949694: day 51 to 53 [HIGH_INCOME, MALE], reach: 12500 coefs: (v=2.0, m=1.5)
05/04 06:48:10 INFO OrOmerShelly.Coordinator|****=== ESPECIALLY CRAFTED ===****
05/04 06:48:10 INFO OrOmerShelly.Coordinator|Day 49: Campaign total budget bid: 171.16182603153356
05/04 06:48:10 INFO OrOmerShelly.Coordinator|Day 49: Adjusting ucs bid: was 0.10117725511757353 level reported: 0.47829690000000014 target: 0.9 adjusted: 0.13292453908964294
05/04 06:48:10 SEVERE OrOmerShelly.OOSAgent|Exception thrown while trying to parse message.java.lang.NullPointerException
05/04 06:48:10 INFO OrOmerShelly.Coordinator|Day 49 : Simulation Status Received
05/04 06:48:10 WARNING OrOmerShelly.Coordinator|BidBundle is null!
05/04 06:48:10 INFO OrOmerShelly.Coordinator|Day 49 ended. Starting next day
05/04 06:48:20 INFO OrOmerShelly.Coordinator|Day 50 :BankStatus[-4.571056]
05/04 06:48:20 INFO OrOmerShelly.OOSAgent|UNKNOWN Message Received: (CampaignAuctionReport CampaignAuctionReportEntry [actualBid=2153.0, effectiveBid=1850.747705740311] CampaignAuctionReportEntry [actualBid=2441.0, effectiveBid=1798.4174167250094])
05/04 06:48:20 SEVERE OrOmerShelly.OOSAgent|Exception thrown while trying to parse message.java.lang.NullPointerException
05/04 06:48:20 SEVERE OrOmerShelly.OOSAgent|Exception thrown while trying to parse message.java.lang.NullPointerException
05/04 06:48:20 INFO OrOmerShelly.Coordinator|Day 50 : Simulation Status Received
05/04 06:48:20 WARNING OrOmerShelly.Coordinator|BidBundle is null!
05/04 06:48:20 INFO OrOmerShelly.Coordinator|Day 50 ended. Starting next day
05/04 06:48:30 INFO OrOmerShelly.Coordinator|Day 51 :BankStatus[-4.571056]
05/04 06:48:30 SEVERE OrOmerShelly.OOSAgent|Exception thrown while trying to parse message.java.lang.NullPointerException
05/04 06:48:30 SEVERE OrOmerShelly.OOSAgent|Exception thrown while trying to parse message.java.lang.NullPointerException
05/04 06:48:30 INFO OrOmerShelly.Coordinator|Day 51 : Simulation Status Received
05/04 06:48:30 WARNING OrOmerShelly.Coordinator|BidBundle is null!
05/04 06:48:30 INFO OrOmerShelly.Coordinator|Day 51 ended. Starting next day
05/04 06:48:40 INFO OrOmerShelly.Coordinator|Day 52 :BankStatus[-4.571056]
05/04 06:48:40 SEVERE OrOmerShelly.OOSAgent|Exception thrown while trying to parse message.java.lang.NullPointerException
05/04 06:48:40 INFO OrOmerShelly.Coordinator|Day 52: Campaign opportunity - Campaign ID 2118661837: day 54 to 56 [LOW_INCOME, YOUNG], reach: 6250 coefs: (v=2.0, m=1.5)
05/04 06:48:40 INFO OrOmerShelly.Coordinator|****=== ESPECIALLY CRAFTED ===****
05/04 06:48:40 INFO OrOmerShelly.Coordinator|Day 52: Campaign total budget bid: 78.03632235209577
05/04 06:48:40 INFO OrOmerShelly.Coordinator|Day 52: Adjusting ucs bid: was 0.13292453908964294 level reported: 0.47829690000000014 target: 0.9 adjusted: 0.12003552347346619
05/04 06:48:40 SEVERE OrOmerShelly.OOSAgent|Exception thrown while trying to parse message.java.lang.NullPointerException
05/04 06:48:40 INFO OrOmerShelly.Coordinator|Day 52 : Simulation Status Received
05/04 06:48:40 WARNING OrOmerShelly.Coordinator|BidBundle is null!
05/04 06:48:40 INFO OrOmerShelly.Coordinator|Day 52 ended. Starting next day
05/04 06:48:50 INFO OrOmerShelly.Coordinator|Day 53 :BankStatus[-4.571056]
05/04 06:48:50 INFO OrOmerShelly.OOSAgent|UNKNOWN Message Received: (CampaignAuctionReport CampaignAuctionReportEntry [actualBid=2324.0, effectiveBid=1712.2171554563383] CampaignAuctionReportEntry [actualBid=2772.0, effectiveBid=2382.848416308473] CampaignAuctionReportEntry [actualBid=3084.0, effectiveBid=2662.4806161944052])
05/04 06:48:50 SEVERE OrOmerShelly.OOSAgent|Exception thrown while trying to parse message.java.lang.NullPointerException
05/04 06:48:50 INFO OrOmerShelly.Coordinator|Day 53: Campaign opportunity - Campaign ID 20125375: day 55 to 57 [MALE, OLD], reach: 12500 coefs: (v=2.0, m=1.5)
05/04 06:48:50 INFO OrOmerShelly.Coordinator|****=== ESPECIALLY CRAFTED ===****
05/04 06:48:50 INFO OrOmerShelly.Coordinator|Day 53: Campaign total budget bid: 168.50490214663532
05/04 06:48:50 INFO OrOmerShelly.Coordinator|Day 53: Adjusting ucs bid: was 0.12003552347346619 level reported: 0.47829690000000014 target: 0.9 adjusted: 0.16299910995076783
05/04 06:48:50 SEVERE OrOmerShelly.OOSAgent|Exception thrown while trying to parse message.java.lang.NullPointerException
05/04 06:48:50 INFO OrOmerShelly.Coordinator|Day 53 : Simulation Status Received
05/04 06:48:50 WARNING OrOmerShelly.Coordinator|BidBundle is null!
05/04 06:48:50 INFO OrOmerShelly.Coordinator|Day 53 ended. Starting next day
05/04 06:49:00 INFO OrOmerShelly.Coordinator|Day 54 :BankStatus[-4.571056]
05/04 06:49:00 INFO OrOmerShelly.OOSAgent|UNKNOWN Message Received: (CampaignAuctionReport CampaignAuctionReportEntry [actualBid=2081.0, effectiveBid=1788.855539082948] CampaignAuctionReportEntry [actualBid=2300.0, effectiveBid=1985.6372948272153] CampaignAuctionReportEntry [actualBid=3253.0, effectiveBid=2396.661965016983])
05/04 06:49:00 SEVERE OrOmerShelly.OOSAgent|Exception thrown while trying to parse message.java.lang.NullPointerException
05/04 06:49:00 INFO OrOmerShelly.Coordinator|Day 54: Campaign opportunity - Campaign ID 1718542748: day 56 to 58 [FEMALE, LOW_INCOME], reach: 6250 coefs: (v=2.0, m=1.5)
05/04 06:49:00 INFO OrOmerShelly.Coordinator|****=== ESPECIALLY CRAFTED ===****
05/04 06:49:00 INFO OrOmerShelly.Coordinator|Day 54: Campaign total budget bid: 77.62514124763852
05/04 06:49:00 INFO OrOmerShelly.Coordinator|Day 54: Adjusting ucs bid: was 0.16299910995076783 level reported: 0.47829690000000014 target: 0.9 adjusted: 0.17971365019797608
05/04 06:49:00 SEVERE OrOmerShelly.OOSAgent|Exception thrown while trying to parse message.java.lang.NullPointerException
05/04 06:49:00 INFO OrOmerShelly.Coordinator|Day 54 : Simulation Status Received
05/04 06:49:00 WARNING OrOmerShelly.Coordinator|BidBundle is null!
05/04 06:49:00 INFO OrOmerShelly.Coordinator|Day 54 ended. Starting next day
05/04 06:49:10 INFO OrOmerShelly.Coordinator|Day 55 :BankStatus[-4.571056]
05/04 06:49:10 INFO OrOmerShelly.OOSAgent|UNKNOWN Message Received: (CampaignAuctionReport CampaignAuctionReportEntry [actualBid=2253.0, effectiveBid=2126.485135372368] CampaignAuctionReportEntry [actualBid=2680.0, effectiveBid=2313.69910875519] CampaignAuctionReportEntry [actualBid=2754.0, effectiveBid=2029.02153447795])
05/04 06:49:10 SEVERE OrOmerShelly.OOSAgent|Exception thrown while trying to parse message.java.lang.NullPointerException
05/04 06:49:10 SEVERE OrOmerShelly.OOSAgent|Exception thrown while trying to parse message.java.lang.NullPointerException
05/04 06:49:10 INFO OrOmerShelly.Coordinator|Day 55 : Simulation Status Received
05/04 06:49:10 WARNING OrOmerShelly.Coordinator|BidBundle is null!
05/04 06:49:10 INFO OrOmerShelly.Coordinator|Day 55 ended. Starting next day
05/04 06:49:20 INFO OrOmerShelly.Coordinator|Day 56 :BankStatus[-4.571056]
05/04 06:49:20 SEVERE OrOmerShelly.OOSAgent|Exception thrown while trying to parse message.java.lang.NullPointerException
05/04 06:49:20 SEVERE OrOmerShelly.OOSAgent|Exception thrown while trying to parse message.java.lang.NullPointerException
05/04 06:49:20 INFO OrOmerShelly.Coordinator|Day 56 : Simulation Status Received
05/04 06:49:20 WARNING OrOmerShelly.Coordinator|BidBundle is null!
05/04 06:49:20 INFO OrOmerShelly.Coordinator|Day 56 ended. Starting next day
05/04 06:49:30 INFO OrOmerShelly.Coordinator|Day 57 :BankStatus[-4.571056]
05/04 06:49:30 SEVERE OrOmerShelly.OOSAgent|Exception thrown while trying to parse message.java.lang.NullPointerException
05/04 06:49:30 SEVERE OrOmerShelly.OOSAgent|Exception thrown while trying to parse message.java.lang.NullPointerException
05/04 06:49:30 INFO OrOmerShelly.Coordinator|Day 57 : Simulation Status Received
05/04 06:49:30 WARNING OrOmerShelly.Coordinator|BidBundle is null!
05/04 06:49:30 INFO OrOmerShelly.Coordinator|Day 57 ended. Starting next day
05/04 06:49:40 INFO OrOmerShelly.Coordinator|Day 58 :BankStatus[-4.571056]
05/04 06:49:40 SEVERE OrOmerShelly.OOSAgent|Exception thrown while trying to parse message.java.lang.NullPointerException
05/04 06:49:40 SEVERE OrOmerShelly.OOSAgent|Exception thrown while trying to parse message.java.lang.NullPointerException
05/04 06:49:40 INFO OrOmerShelly.Coordinator|Day 58 : Simulation Status Received
05/04 06:49:40 WARNING OrOmerShelly.Coordinator|BidBundle is null!
05/04 06:49:40 INFO OrOmerShelly.Coordinator|Day 58 ended. Starting next day
05/04 06:49:50 INFO OrOmerShelly.Coordinator|Day 59 :BankStatus[-4.571056]
05/04 06:49:50 SEVERE OrOmerShelly.OOSAgent|Exception thrown while trying to parse message.java.lang.NullPointerException
05/04 06:49:50 SEVERE OrOmerShelly.OOSAgent|Exception thrown while trying to parse message.java.lang.NullPointerException
05/04 06:49:50 INFO OrOmerShelly.Coordinator|Day 59 : Simulation Status Received
05/04 06:49:50 WARNING OrOmerShelly.Coordinator|BidBundle is null!
05/04 06:49:50 INFO OrOmerShelly.Coordinator|Day 59 ended. Starting next day
05/04 06:50:00 SEVERE OrOmerShelly.OOSAgent|Exception thrown while trying to parse message.java.lang.NullPointerException
05/04 06:50:00 INFO OrOmerShelly.Coordinator|Day 60 :BankStatus[-4.571056]
05/04 06:50:00 SEVERE OrOmerShelly.OOSAgent|Exception thrown while trying to parse message.java.lang.NullPointerException
05/04 06:50:00 INFO OrOmerShelly.Coordinator|Day 60 : Simulation Status Received
05/04 06:50:00 WARNING OrOmerShelly.Coordinator|BidBundle is null!
05/04 06:50:00 INFO OrOmerShelly.Coordinator|Day 60 ended. Starting next day
