05/04 07:06:01 INFO OrOmerShelly.OOSAgent|UNKNOWN Message Received: edu.umich.eecs.tac.props.AdvertiserInfo@bc76a1c1
05/04 07:06:01 INFO OrOmerShelly.Coordinator|Day 0 :BankStatus[0.000000]
05/04 07:06:01 INFO OrOmerShelly.Coordinator|tau.tac.adx.report.demand.InitialCampaignMessage[440396847,1250,1,5,[FEMALE, HIGH_INCOME],2.0,1.5,demand,[]]
05/04 07:06:01 INFO OrOmerShelly.Coordinator|Day 0: Allocated campaign - Campaign ID 440396847: day 1 to 5 [FEMALE, HIGH_INCOME], reach: 1250 coefs: (v=2.0, m=1.5)
05/04 07:06:01 INFO OrOmerShelly.Coordinator|Day 0: Campaign opportunity - Campaign ID 1198234713: day 2 to 4 [YOUNG, MALE], reach: 3750 coefs: (v=2.0, m=1.5)
05/04 07:06:01 INFO OrOmerShelly.Coordinator|****OUR qualityis: 0.0 ****
05/04 07:06:01 INFO OrOmerShelly.Coordinator|Day 0: Campaign total budget bid: 48.3965585199493
05/04 07:06:01 INFO OrOmerShelly.Coordinator|Day 0: Initial ucs bid is 0.14380572467571331
05/04 07:06:01 INFO OrOmerShelly.Coordinator|Day 0 : Simulation Status Received
05/04 07:06:01 WARNING OrOmerShelly.Coordinator|BidBundle is null!
05/04 07:06:01 INFO OrOmerShelly.Coordinator|Day 0 ended. Starting next day
05/04 07:06:11 INFO OrOmerShelly.Coordinator|Day 1 :BankStatus[0.000000]
05/04 07:06:11 INFO OrOmerShelly.OOSAgent|UNKNOWN Message Received: (CampaignAuctionReport CampaignAuctionReportEntry [actualBid=2280.0, effectiveBid=2280.0] CampaignAuctionReportEntry [actualBid=2436.0, effectiveBid=2436.0] CampaignAuctionReportEntry [actualBid=2698.0, effectiveBid=2698.0] CampaignAuctionReportEntry [actualBid=2907.0, effectiveBid=2907.0] CampaignAuctionReportEntry [actualBid=2955.0, effectiveBid=2955.0] CampaignAuctionReportEntry [actualBid=3107.0, effectiveBid=3107.0] CampaignAuctionReportEntry [actualBid=3113.0, effectiveBid=3113.0])
05/04 07:06:11 INFO OrOmerShelly.Coordinator|Day 1: Daily notification for campaign 1198234713
05/04 07:06:11 INFO OrOmerShelly.Coordinator|Day 1:  allocated to DummyAdnetwork. UCS Level set to 0.47829690000000014 at price 0.0 Quality Score is: 1.0
05/04 07:06:11 INFO OrOmerShelly.Coordinator|Day 1: Campaign opportunity - Campaign ID 132399704: day 3 to 12 [FEMALE, YOUNG], reach: 6250 coefs: (v=2.0, m=1.5)
05/04 07:06:11 INFO OrOmerShelly.Coordinator|****OUR qualityis: 1.0 ****
05/04 07:06:11 INFO OrOmerShelly.Coordinator|Day 1: Campaign total budget bid: 25.040469405033637
05/04 07:06:11 INFO OrOmerShelly.Coordinator|Day 1: Adjusting ucs bid: was 0.14380572467571331 level reported: 0.47829690000000014 target: 0.7 adjusted: 0.1435300300909093
05/04 07:06:11 INFO OrOmerShelly.Coordinator|Publishers Report: 
05/04 07:06:11 INFO OrOmerShelly.Coordinator|(publisher: sears popularity: 2582 video: 848 text: 1735)
05/04 07:06:11 INFO OrOmerShelly.Coordinator|(publisher: nyt popularity: 5376 video: 1806 text: 3571)
05/04 07:06:11 INFO OrOmerShelly.Coordinator|(publisher: msn popularity: 32598 video: 12428 text: 20171)
05/04 07:06:11 INFO OrOmerShelly.Coordinator|(publisher: ebay popularity: 22919 video: 8440 text: 14480)
05/04 07:06:11 INFO OrOmerShelly.Coordinator|(publisher: bestbuy popularity: 2727 video: 945 text: 1783)
05/04 07:06:11 INFO OrOmerShelly.Coordinator|(publisher: wallmart popularity: 6489 video: 1940 text: 4550)
05/04 07:06:11 INFO OrOmerShelly.Coordinator|Day 1 : Simulation Status Received
05/04 07:06:11 WARNING OrOmerShelly.Coordinator|BidBundle is null!
05/04 07:06:11 INFO OrOmerShelly.Coordinator|Day 1 ended. Starting next day
05/04 07:06:20 INFO OrOmerShelly.Coordinator|Day 2 :BankStatus[-0.145800]
05/04 07:06:20 INFO OrOmerShelly.OOSAgent|UNKNOWN Message Received: (CampaignAuctionReport CampaignAuctionReportEntry [actualBid=2412.0, effectiveBid=2412.0] CampaignAuctionReportEntry [actualBid=2446.0, effectiveBid=2446.0] CampaignAuctionReportEntry [actualBid=2524.0, effectiveBid=2524.0] CampaignAuctionReportEntry [actualBid=2829.0, effectiveBid=2829.0] CampaignAuctionReportEntry [actualBid=3084.0, effectiveBid=3084.0] CampaignAuctionReportEntry [actualBid=3137.0, effectiveBid=3137.0] CampaignAuctionReportEntry [actualBid=3139.0, effectiveBid=3139.0])
05/04 07:06:20 INFO OrOmerShelly.Coordinator|Day 2: Updating campaign 440396847 stats: 0.0 tgtImps 0.0 nonTgtImps. Cost of imps is 0.0
05/04 07:06:20 SEVERE OrOmerShelly.OOSAgent|Exception thrown while trying to parse message.java.lang.NullPointerException
05/04 07:06:20 INFO OrOmerShelly.Coordinator|Day 2: Campaign opportunity - Campaign ID 2002255915: day 4 to 6 [YOUNG, LOW_INCOME], reach: 6250 coefs: (v=2.0, m=1.5)
05/04 07:06:20 INFO OrOmerShelly.Coordinator|****OUR qualityis: 1.0 ****
05/04 07:06:20 INFO OrOmerShelly.Coordinator|Day 2: Campaign total budget bid: 78.03632235209577
05/04 07:06:20 INFO OrOmerShelly.Coordinator|Day 2: Adjusting ucs bid: was 0.1435300300909093 level reported: 0.47829690000000014 target: 0.7 adjusted: 0.159224457461754
05/04 07:06:20 SEVERE OrOmerShelly.OOSAgent|Exception thrown while trying to parse message.java.lang.NullPointerException
05/04 07:06:20 INFO OrOmerShelly.Coordinator|Day 2 : Simulation Status Received
05/04 07:06:20 WARNING OrOmerShelly.Coordinator|BidBundle is null!
05/04 07:06:20 INFO OrOmerShelly.Coordinator|Day 2 ended. Starting next day
05/04 07:06:30 INFO OrOmerShelly.Coordinator|Day 3 :BankStatus[-0.291600]
05/04 07:06:30 INFO OrOmerShelly.OOSAgent|UNKNOWN Message Received: (CampaignAuctionReport CampaignAuctionReportEntry [actualBid=2621.0, effectiveBid=2621.0] CampaignAuctionReportEntry [actualBid=2954.0, effectiveBid=2954.0] CampaignAuctionReportEntry [actualBid=2974.0, effectiveBid=2974.0] CampaignAuctionReportEntry [actualBid=3042.0, effectiveBid=3042.0])
05/04 07:06:30 INFO OrOmerShelly.Coordinator|Day 3: Updating campaign 440396847 stats: 0.0 tgtImps 0.0 nonTgtImps. Cost of imps is 0.0
05/04 07:06:30 SEVERE OrOmerShelly.OOSAgent|Exception thrown while trying to parse message.java.lang.NullPointerException
05/04 07:06:30 INFO OrOmerShelly.Coordinator|Day 3: Campaign opportunity - Campaign ID 722048480: day 5 to 9 [FEMALE, LOW_INCOME], reach: 3750 coefs: (v=2.0, m=1.5)
05/04 07:06:30 INFO OrOmerShelly.Coordinator|****OUR qualityis: 1.0 ****
05/04 07:06:30 INFO OrOmerShelly.Coordinator|Day 3: Campaign total budget bid: 27.945050849149865
05/04 07:06:30 INFO OrOmerShelly.Coordinator|Day 3: Adjusting ucs bid: was 0.159224457461754 level reported: 0.47829690000000014 target: 0.7 adjusted: 0.16165820642664938
05/04 07:06:30 SEVERE OrOmerShelly.OOSAgent|Exception thrown while trying to parse message.java.lang.NullPointerException
05/04 07:06:30 INFO OrOmerShelly.Coordinator|Day 3 : Simulation Status Received
05/04 07:06:30 WARNING OrOmerShelly.Coordinator|BidBundle is null!
05/04 07:06:30 INFO OrOmerShelly.Coordinator|Day 3 ended. Starting next day
05/04 07:06:40 INFO OrOmerShelly.Coordinator|Day 4 :BankStatus[-0.437400]
05/04 07:06:40 INFO OrOmerShelly.OOSAgent|UNKNOWN Message Received: (CampaignAuctionReport CampaignAuctionReportEntry [actualBid=2321.0, effectiveBid=2321.0] CampaignAuctionReportEntry [actualBid=2356.0, effectiveBid=2356.0] CampaignAuctionReportEntry [actualBid=2364.0, effectiveBid=2364.0] CampaignAuctionReportEntry [actualBid=2844.0, effectiveBid=2844.0])
05/04 07:06:40 INFO OrOmerShelly.Coordinator|Day 4: Updating campaign 440396847 stats: 0.0 tgtImps 0.0 nonTgtImps. Cost of imps is 0.0
05/04 07:06:40 SEVERE OrOmerShelly.OOSAgent|Exception thrown while trying to parse message.java.lang.NullPointerException
05/04 07:06:40 INFO OrOmerShelly.Coordinator|Day 4: Campaign opportunity - Campaign ID 1675584752: day 6 to 10 [OLD, LOW_INCOME], reach: 3750 coefs: (v=2.0, m=1.5)
05/04 07:06:40 INFO OrOmerShelly.Coordinator|****OUR qualityis: 1.0 ****
05/04 07:06:40 INFO OrOmerShelly.Coordinator|Day 4: Campaign total budget bid: 28.459179712183893
05/04 07:06:40 INFO OrOmerShelly.Coordinator|Day 4: Adjusting ucs bid: was 0.16165820642664938 level reported: 0.47829690000000014 target: 0.7 adjusted: 0.1062146774716772
05/04 07:06:40 SEVERE OrOmerShelly.OOSAgent|Exception thrown while trying to parse message.java.lang.NullPointerException
05/04 07:06:40 INFO OrOmerShelly.Coordinator|Day 4 : Simulation Status Received
05/04 07:06:40 WARNING OrOmerShelly.Coordinator|BidBundle is null!
05/04 07:06:40 INFO OrOmerShelly.Coordinator|Day 4 ended. Starting next day
05/04 07:06:50 INFO OrOmerShelly.Coordinator|Day 5 :BankStatus[-0.583200]
05/04 07:06:50 INFO OrOmerShelly.OOSAgent|UNKNOWN Message Received: (CampaignAuctionReport CampaignAuctionReportEntry [actualBid=2550.0, effectiveBid=2550.0] CampaignAuctionReportEntry [actualBid=2763.0, effectiveBid=2763.0] CampaignAuctionReportEntry [actualBid=3294.0, effectiveBid=3294.0])
05/04 07:06:50 INFO OrOmerShelly.Coordinator|Day 5: Updating campaign 440396847 stats: 0.0 tgtImps 0.0 nonTgtImps. Cost of imps is 0.0
05/04 07:06:50 SEVERE OrOmerShelly.OOSAgent|Exception thrown while trying to parse message.java.lang.NullPointerException
05/04 07:06:50 INFO OrOmerShelly.Coordinator|Day 5: Campaign opportunity - Campaign ID 1783358117: day 7 to 9 [OLD, MALE], reach: 3750 coefs: (v=2.0, m=1.5)
05/04 07:06:50 INFO OrOmerShelly.Coordinator|****OUR qualityis: 1.0 ****
05/04 07:06:50 INFO OrOmerShelly.Coordinator|Day 5: Campaign total budget bid: 50.55147064399059
05/04 07:06:50 INFO OrOmerShelly.Coordinator|Day 5: Adjusting ucs bid: was 0.1062146774716772 level reported: 0.47829690000000014 target: 0.7 adjusted: 0.11464001525825882
05/04 07:06:50 SEVERE OrOmerShelly.OOSAgent|Exception thrown while trying to parse message.java.lang.NullPointerException
05/04 07:06:50 INFO OrOmerShelly.Coordinator|Day 5 : Simulation Status Received
05/04 07:06:50 WARNING OrOmerShelly.Coordinator|BidBundle is null!
05/04 07:06:50 INFO OrOmerShelly.Coordinator|Day 5 ended. Starting next day
05/04 07:07:00 INFO OrOmerShelly.Coordinator|Day 6 :BankStatus[-0.729000]
05/04 07:07:00 INFO OrOmerShelly.OOSAgent|UNKNOWN Message Received: (CampaignAuctionReport CampaignAuctionReportEntry [actualBid=2664.0, effectiveBid=2664.576699659706] CampaignAuctionReportEntry [actualBid=3117.0, effectiveBid=3117.0] CampaignAuctionReportEntry [actualBid=3200.0, effectiveBid=3200.0])
05/04 07:07:00 INFO OrOmerShelly.Coordinator|Day 6: Updating campaign 440396847 stats: 0.0 tgtImps 0.0 nonTgtImps. Cost of imps is 0.0
05/04 07:07:00 SEVERE OrOmerShelly.OOSAgent|Exception thrown while trying to parse message.java.lang.NullPointerException
05/04 07:07:00 INFO OrOmerShelly.Coordinator|Day 6: Campaign opportunity - Campaign ID 129170611: day 8 to 17 [YOUNG, HIGH_INCOME], reach: 6250 coefs: (v=2.0, m=1.5)
05/04 07:07:00 INFO OrOmerShelly.Coordinator|****OUR qualityis: 1.0 ****
05/04 07:07:00 INFO OrOmerShelly.Coordinator|Day 6: Campaign total budget bid: 25.943396216625132
05/04 07:07:00 INFO OrOmerShelly.Coordinator|Day 6: Adjusting ucs bid: was 0.11464001525825882 level reported: 0.47829690000000014 target: 0.7 adjusted: 0.11533889738329259
05/04 07:07:00 SEVERE OrOmerShelly.OOSAgent|Exception thrown while trying to parse message.java.lang.NullPointerException
05/04 07:07:00 INFO OrOmerShelly.Coordinator|Day 6 : Simulation Status Received
05/04 07:07:00 WARNING OrOmerShelly.Coordinator|BidBundle is null!
05/04 07:07:00 INFO OrOmerShelly.Coordinator|Day 6 ended. Starting next day
05/04 07:07:10 INFO OrOmerShelly.Coordinator|Day 7 :BankStatus[-0.874800]
05/04 07:07:10 INFO OrOmerShelly.OOSAgent|UNKNOWN Message Received: (CampaignAuctionReport CampaignAuctionReportEntry [actualBid=2543.0, effectiveBid=2544.159331444243] CampaignAuctionReportEntry [actualBid=2345.0, effectiveBid=1338.8781053301104] CampaignAuctionReportEntry [actualBid=3234.0, effectiveBid=1856.2645861612514])
05/04 07:07:10 SEVERE OrOmerShelly.OOSAgent|Exception thrown while trying to parse message.java.lang.NullPointerException
05/04 07:07:10 INFO OrOmerShelly.Coordinator|Day 7: Campaign opportunity - Campaign ID 1234284779: day 9 to 13 [FEMALE, YOUNG], reach: 12500 coefs: (v=2.0, m=1.5)
05/04 07:07:10 INFO OrOmerShelly.Coordinator|****OUR qualityis: 1.0 ****
05/04 07:07:10 INFO OrOmerShelly.Coordinator|Day 7: Campaign total budget bid: 100.16187762013455
05/04 07:07:10 INFO OrOmerShelly.Coordinator|Day 7: Adjusting ucs bid: was 0.11533889738329259 level reported: 0.47829690000000014 target: 0.7 adjusted: 0.1409098884837504
05/04 07:07:10 SEVERE OrOmerShelly.OOSAgent|Exception thrown while trying to parse message.java.lang.NullPointerException
05/04 07:07:10 INFO OrOmerShelly.Coordinator|Day 7 : Simulation Status Received
05/04 07:07:10 WARNING OrOmerShelly.Coordinator|BidBundle is null!
05/04 07:07:10 INFO OrOmerShelly.Coordinator|Day 7 ended. Starting next day
05/04 07:07:20 INFO OrOmerShelly.Coordinator|Day 8 :BankStatus[-1.020600]
05/04 07:07:20 INFO OrOmerShelly.OOSAgent|UNKNOWN Message Received: (CampaignAuctionReport CampaignAuctionReportEntry [actualBid=2331.0, effectiveBid=2332.062682499619] CampaignAuctionReportEntry [actualBid=2025.0, effectiveBid=1680.1713463651747])
05/04 07:07:20 SEVERE OrOmerShelly.OOSAgent|Exception thrown while trying to parse message.java.lang.NullPointerException
05/04 07:07:20 INFO OrOmerShelly.Coordinator|Day 8: Campaign opportunity - Campaign ID 1037919415: day 10 to 12 [YOUNG, MALE], reach: 6250 coefs: (v=2.0, m=1.5)
05/04 07:07:20 INFO OrOmerShelly.Coordinator|****OUR qualityis: 1.0 ****
05/04 07:07:20 INFO OrOmerShelly.Coordinator|Day 8: Campaign total budget bid: 80.66093086658218
05/04 07:07:20 INFO OrOmerShelly.Coordinator|Day 8: Adjusting ucs bid: was 0.1409098884837504 level reported: 0.47829690000000014 target: 0.7 adjusted: 0.15023417774122286
05/04 07:07:20 SEVERE OrOmerShelly.OOSAgent|Exception thrown while trying to parse message.java.lang.NullPointerException
05/04 07:07:20 INFO OrOmerShelly.Coordinator|Day 8 : Simulation Status Received
05/04 07:07:20 WARNING OrOmerShelly.Coordinator|BidBundle is null!
05/04 07:07:20 INFO OrOmerShelly.Coordinator|Day 8 ended. Starting next day
05/04 07:07:30 INFO OrOmerShelly.Coordinator|Day 9 :BankStatus[-1.166400]
05/04 07:07:30 INFO OrOmerShelly.OOSAgent|UNKNOWN Message Received: (CampaignAuctionReport CampaignAuctionReportEntry [actualBid=2281.0, effectiveBid=2282.0398879372074] CampaignAuctionReportEntry [actualBid=2062.0, effectiveBid=1710.870773434563] CampaignAuctionReportEntry [actualBid=2549.0, effectiveBid=1455.3519362415573])
05/04 07:07:30 SEVERE OrOmerShelly.OOSAgent|Exception thrown while trying to parse message.java.lang.NullPointerException
05/04 07:07:30 INFO OrOmerShelly.Coordinator|Day 9: Campaign opportunity - Campaign ID 1635245997: day 11 to 15 [YOUNG, LOW_INCOME], reach: 3750 coefs: (v=2.0, m=1.5)
05/04 07:07:30 INFO OrOmerShelly.Coordinator|****OUR qualityis: 1.0 ****
05/04 07:07:30 INFO OrOmerShelly.Coordinator|Day 9: Campaign total budget bid: 28.093076046754476
05/04 07:07:30 INFO OrOmerShelly.Coordinator|Day 9: Adjusting ucs bid: was 0.15023417774122286 level reported: 0.47829690000000014 target: 0.7 adjusted: 0.17343118425466808
05/04 07:07:30 SEVERE OrOmerShelly.OOSAgent|Exception thrown while trying to parse message.java.lang.NullPointerException
05/04 07:07:30 INFO OrOmerShelly.Coordinator|Day 9 : Simulation Status Received
05/04 07:07:30 WARNING OrOmerShelly.Coordinator|BidBundle is null!
05/04 07:07:30 INFO OrOmerShelly.Coordinator|Day 9 ended. Starting next day
05/04 07:07:40 INFO OrOmerShelly.Coordinator|Day 10 :BankStatus[-1.312200]
05/04 07:07:40 INFO OrOmerShelly.OOSAgent|UNKNOWN Message Received: (CampaignAuctionReport CampaignAuctionReportEntry [actualBid=2238.0, effectiveBid=2239.020284613534] CampaignAuctionReportEntry [actualBid=2487.0, effectiveBid=2063.4993276099704] CampaignAuctionReportEntry [actualBid=2017.0, effectiveBid=1151.6064556293531])
05/04 07:07:40 SEVERE OrOmerShelly.OOSAgent|Exception thrown while trying to parse message.java.lang.NullPointerException
05/04 07:07:40 INFO OrOmerShelly.Coordinator|Day 10: Campaign opportunity - Campaign ID 1532716870: day 12 to 14 [YOUNG, LOW_INCOME], reach: 3750 coefs: (v=2.0, m=1.5)
05/04 07:07:40 INFO OrOmerShelly.Coordinator|****OUR qualityis: 1.0 ****
05/04 07:07:40 INFO OrOmerShelly.Coordinator|Day 10: Campaign total budget bid: 46.82179341125746
05/04 07:07:40 INFO OrOmerShelly.Coordinator|Day 10: Adjusting ucs bid: was 0.17343118425466808 level reported: 0.47829690000000014 target: 0.7 adjusted: 0.13634547311530254
05/04 07:07:40 SEVERE OrOmerShelly.OOSAgent|Exception thrown while trying to parse message.java.lang.NullPointerException
05/04 07:07:40 INFO OrOmerShelly.Coordinator|Day 10 : Simulation Status Received
05/04 07:07:40 WARNING OrOmerShelly.Coordinator|BidBundle is null!
05/04 07:07:40 INFO OrOmerShelly.Coordinator|Day 10 ended. Starting next day
05/04 07:07:50 INFO OrOmerShelly.Coordinator|Day 11 :BankStatus[-1.458000]
05/04 07:07:50 INFO OrOmerShelly.OOSAgent|UNKNOWN Message Received: (CampaignAuctionReport CampaignAuctionReportEntry [actualBid=2755.0, effectiveBid=2567.7213973166454] CampaignAuctionReportEntry [actualBid=3070.0, effectiveBid=3070.979158783693])
05/04 07:07:50 SEVERE OrOmerShelly.OOSAgent|Exception thrown while trying to parse message.java.lang.NullPointerException
05/04 07:07:50 INFO OrOmerShelly.Coordinator|Day 11: Campaign opportunity - Campaign ID 1667668013: day 13 to 15 [YOUNG, LOW_INCOME], reach: 12500 coefs: (v=2.0, m=1.5)
05/04 07:07:50 INFO OrOmerShelly.Coordinator|****OUR qualityis: 1.0 ****
05/04 07:07:50 INFO OrOmerShelly.Coordinator|Day 11: Campaign total budget bid: 156.07264470419153
05/04 07:07:50 INFO OrOmerShelly.Coordinator|Day 11: Adjusting ucs bid: was 0.13634547311530254 level reported: 0.47829690000000014 target: 0.7 adjusted: 0.11652334225352397
05/04 07:07:50 SEVERE OrOmerShelly.OOSAgent|Exception thrown while trying to parse message.java.lang.NullPointerException
05/04 07:07:50 INFO OrOmerShelly.Coordinator|Day 11 : Simulation Status Received
05/04 07:07:50 WARNING OrOmerShelly.Coordinator|BidBundle is null!
05/04 07:07:50 INFO OrOmerShelly.Coordinator|Day 11 ended. Starting next day
05/04 07:08:00 INFO OrOmerShelly.Coordinator|Day 12 :BankStatus[-1.603800]
05/04 07:08:00 INFO OrOmerShelly.OOSAgent|UNKNOWN Message Received: (CampaignAuctionReport CampaignAuctionReportEntry [actualBid=2038.0, effectiveBid=2038.3754623015818] CampaignAuctionReportEntry [actualBid=3182.0, effectiveBid=2965.694913343581] CampaignAuctionReportEntry [actualBid=3258.0, effectiveBid=1860.1555936739874])
05/04 07:08:00 SEVERE OrOmerShelly.OOSAgent|Exception thrown while trying to parse message.java.lang.NullPointerException
05/04 07:08:00 INFO OrOmerShelly.Coordinator|Day 12: Campaign opportunity - Campaign ID 484965301: day 14 to 23 [YOUNG, LOW_INCOME], reach: 3750 coefs: (v=2.0, m=1.5)
05/04 07:08:00 INFO OrOmerShelly.Coordinator|****OUR qualityis: 1.0 ****
05/04 07:08:00 INFO OrOmerShelly.Coordinator|Day 12: Campaign total budget bid: 14.046538023377238
05/04 07:08:00 INFO OrOmerShelly.Coordinator|Day 12: Adjusting ucs bid: was 0.11652334225352397 level reported: 0.47829690000000014 target: 0.7 adjusted: 0.14235692845349118
05/04 07:08:00 SEVERE OrOmerShelly.OOSAgent|Exception thrown while trying to parse message.java.lang.NullPointerException
05/04 07:08:00 INFO OrOmerShelly.Coordinator|Day 12 : Simulation Status Received
05/04 07:08:00 WARNING OrOmerShelly.Coordinator|BidBundle is null!
05/04 07:08:00 INFO OrOmerShelly.Coordinator|Day 12 ended. Starting next day
05/04 07:08:10 INFO OrOmerShelly.Coordinator|Day 13 :BankStatus[-1.749600]
05/04 07:08:10 INFO OrOmerShelly.OOSAgent|UNKNOWN Message Received: (CampaignAuctionReport CampaignAuctionReportEntry [actualBid=2086.0, effectiveBid=2086.384305378361] CampaignAuctionReportEntry [actualBid=2875.0, effectiveBid=2679.5640716099297])
05/04 07:08:10 SEVERE OrOmerShelly.OOSAgent|Exception thrown while trying to parse message.java.lang.NullPointerException
05/04 07:08:10 INFO OrOmerShelly.Coordinator|Day 13: Campaign opportunity - Campaign ID 757899333: day 15 to 17 [MALE, HIGH_INCOME], reach: 12500 coefs: (v=2.0, m=1.5)
05/04 07:08:10 INFO OrOmerShelly.Coordinator|****OUR qualityis: 1.0 ****
05/04 07:08:10 INFO OrOmerShelly.Coordinator|Day 13: Campaign total budget bid: 171.16182603153356
05/04 07:08:10 INFO OrOmerShelly.Coordinator|Day 13: Adjusting ucs bid: was 0.14235692845349118 level reported: 0.47829690000000014 target: 0.7 adjusted: 0.17391790079810837
05/04 07:08:10 SEVERE OrOmerShelly.OOSAgent|Exception thrown while trying to parse message.java.lang.NullPointerException
05/04 07:08:10 INFO OrOmerShelly.Coordinator|Day 13 : Simulation Status Received
05/04 07:08:10 WARNING OrOmerShelly.Coordinator|BidBundle is null!
05/04 07:08:10 INFO OrOmerShelly.Coordinator|Day 13 ended. Starting next day
05/04 07:08:20 INFO OrOmerShelly.Coordinator|Day 14 :BankStatus[-1.895400]
05/04 07:08:20 INFO OrOmerShelly.OOSAgent|UNKNOWN Message Received: (CampaignAuctionReport CampaignAuctionReportEntry [actualBid=2452.0, effectiveBid=2285.3186447261032])
05/04 07:08:20 SEVERE OrOmerShelly.OOSAgent|Exception thrown while trying to parse message.java.lang.NullPointerException
05/04 07:08:20 INFO OrOmerShelly.Coordinator|Day 14: Campaign opportunity - Campaign ID 167655841: day 16 to 18 [YOUNG, HIGH_INCOME], reach: 6250 coefs: (v=2.0, m=1.5)
05/04 07:08:20 INFO OrOmerShelly.Coordinator|****OUR qualityis: 1.0 ****
05/04 07:08:20 INFO OrOmerShelly.Coordinator|Day 14: Campaign total budget bid: 86.47798738875045
05/04 07:08:20 INFO OrOmerShelly.Coordinator|Day 14: Adjusting ucs bid: was 0.17391790079810837 level reported: 0.47829690000000014 target: 0.7 adjusted: 0.10326771541574717
05/04 07:08:20 SEVERE OrOmerShelly.OOSAgent|Exception thrown while trying to parse message.java.lang.NullPointerException
05/04 07:08:20 INFO OrOmerShelly.Coordinator|Day 14 : Simulation Status Received
05/04 07:08:20 WARNING OrOmerShelly.Coordinator|BidBundle is null!
05/04 07:08:20 INFO OrOmerShelly.Coordinator|Day 14 ended. Starting next day
05/04 07:08:30 INFO OrOmerShelly.Coordinator|Day 15 :BankStatus[-2.041200]
05/04 07:08:30 INFO OrOmerShelly.OOSAgent|UNKNOWN Message Received: (CampaignAuctionReport CampaignAuctionReportEntry [actualBid=2046.0, effectiveBid=1555.1198624429064] CampaignAuctionReportEntry [actualBid=2742.0, effectiveBid=2555.6051076015397] CampaignAuctionReportEntry [actualBid=2777.0, effectiveBid=1585.5285707896448])
05/04 07:08:30 SEVERE OrOmerShelly.OOSAgent|Exception thrown while trying to parse message.java.lang.NullPointerException
05/04 07:08:30 INFO OrOmerShelly.Coordinator|Day 15: Campaign opportunity - Campaign ID 1531543659: day 17 to 19 [FEMALE, YOUNG], reach: 6250 coefs: (v=2.0, m=1.5)
05/04 07:08:30 INFO OrOmerShelly.Coordinator|****OUR qualityis: 1.0 ****
05/04 07:08:30 INFO OrOmerShelly.Coordinator|Day 15: Campaign total budget bid: 83.46823135011213
05/04 07:08:30 INFO OrOmerShelly.Coordinator|Day 15: Adjusting ucs bid: was 0.10326771541574717 level reported: 0.47829690000000014 target: 0.7 adjusted: 0.10277780193041715
05/04 07:08:30 SEVERE OrOmerShelly.OOSAgent|Exception thrown while trying to parse message.java.lang.NullPointerException
05/04 07:08:30 INFO OrOmerShelly.Coordinator|Day 15 : Simulation Status Received
05/04 07:08:30 WARNING OrOmerShelly.Coordinator|BidBundle is null!
05/04 07:08:30 INFO OrOmerShelly.Coordinator|Day 15 ended. Starting next day
05/04 07:08:40 INFO OrOmerShelly.Coordinator|Day 16 :BankStatus[-2.187000]
05/04 07:08:40 INFO OrOmerShelly.OOSAgent|UNKNOWN Message Received: (CampaignAuctionReport CampaignAuctionReportEntry [actualBid=2904.0, effectiveBid=2825.665741742993] CampaignAuctionReportEntry [actualBid=2249.0, effectiveBid=1284.0668907835475] CampaignAuctionReportEntry [actualBid=3122.0, effectiveBid=2372.9639347735842])
05/04 07:08:40 SEVERE OrOmerShelly.OOSAgent|Exception thrown while trying to parse message.java.lang.NullPointerException
05/04 07:08:40 INFO OrOmerShelly.Coordinator|Day 16: Campaign opportunity - Campaign ID 774757343: day 18 to 22 [FEMALE, HIGH_INCOME], reach: 3750 coefs: (v=2.0, m=1.5)
05/04 07:08:40 INFO OrOmerShelly.Coordinator|****OUR qualityis: 1.0 ****
05/04 07:08:40 INFO OrOmerShelly.Coordinator|Day 16: Campaign total budget bid: 28.18906606564671
05/04 07:08:40 INFO OrOmerShelly.Coordinator|Day 16: Adjusting ucs bid: was 0.10277780193041715 level reported: 0.47829690000000014 target: 0.7 adjusted: 0.12556395922957658
05/04 07:08:40 SEVERE OrOmerShelly.OOSAgent|Exception thrown while trying to parse message.java.lang.NullPointerException
05/04 07:08:40 INFO OrOmerShelly.Coordinator|Day 16 : Simulation Status Received
05/04 07:08:40 WARNING OrOmerShelly.Coordinator|BidBundle is null!
05/04 07:08:40 INFO OrOmerShelly.Coordinator|Day 16 ended. Starting next day
05/04 07:08:50 INFO OrOmerShelly.Coordinator|Day 17 :BankStatus[-2.332800]
05/04 07:08:50 INFO OrOmerShelly.OOSAgent|UNKNOWN Message Received: (CampaignAuctionReport CampaignAuctionReportEntry [actualBid=3281.0, effectiveBid=3192.4963149651376])
05/04 07:08:50 SEVERE OrOmerShelly.OOSAgent|Exception thrown while trying to parse message.java.lang.NullPointerException
05/04 07:08:50 INFO OrOmerShelly.Coordinator|Day 17: Campaign opportunity - Campaign ID 1274578572: day 19 to 23 [MALE, LOW_INCOME], reach: 12500 coefs: (v=2.0, m=1.5)
05/04 07:08:50 INFO OrOmerShelly.Coordinator|****OUR qualityis: 1.0 ****
05/04 07:08:50 INFO OrOmerShelly.Coordinator|Day 17: Campaign total budget bid: 95.37572258745699
05/04 07:08:50 INFO OrOmerShelly.Coordinator|Day 17: Adjusting ucs bid: was 0.12556395922957658 level reported: 0.47829690000000014 target: 0.7 adjusted: 0.13496535981914792
05/04 07:08:50 SEVERE OrOmerShelly.OOSAgent|Exception thrown while trying to parse message.java.lang.NullPointerException
05/04 07:08:50 INFO OrOmerShelly.Coordinator|Day 17 : Simulation Status Received
05/04 07:08:50 WARNING OrOmerShelly.Coordinator|BidBundle is null!
05/04 07:08:50 INFO OrOmerShelly.Coordinator|Day 17 ended. Starting next day
05/04 07:09:00 INFO OrOmerShelly.Coordinator|Day 18 :BankStatus[-2.478600]
05/04 07:09:00 INFO OrOmerShelly.OOSAgent|UNKNOWN Message Received: (CampaignAuctionReport CampaignAuctionReportEntry [actualBid=2418.0, effectiveBid=2352.77540066617] CampaignAuctionReportEntry [actualBid=3051.0, effectiveBid=1741.9689123079604])
05/04 07:09:00 SEVERE OrOmerShelly.OOSAgent|Exception thrown while trying to parse message.java.lang.NullPointerException
05/04 07:09:00 INFO OrOmerShelly.Coordinator|Day 18: Campaign opportunity - Campaign ID 231556949: day 20 to 29 [MALE, LOW_INCOME], reach: 12500 coefs: (v=2.0, m=1.5)
05/04 07:09:00 INFO OrOmerShelly.Coordinator|****OUR qualityis: 1.0 ****
05/04 07:09:00 INFO OrOmerShelly.Coordinator|Day 18: Campaign total budget bid: 47.687861293728496
05/04 07:09:00 INFO OrOmerShelly.Coordinator|Day 18: Adjusting ucs bid: was 0.13496535981914792 level reported: 0.47829690000000014 target: 0.7 adjusted: 0.1037492542871919
05/04 07:09:00 SEVERE OrOmerShelly.OOSAgent|Exception thrown while trying to parse message.java.lang.NullPointerException
05/04 07:09:00 INFO OrOmerShelly.Coordinator|Day 18 : Simulation Status Received
05/04 07:09:00 WARNING OrOmerShelly.Coordinator|BidBundle is null!
05/04 07:09:00 INFO OrOmerShelly.Coordinator|Day 18 ended. Starting next day
05/04 07:09:10 INFO OrOmerShelly.Coordinator|Day 19 :BankStatus[-2.624400]
05/04 07:09:10 INFO OrOmerShelly.OOSAgent|UNKNOWN Message Received: (CampaignAuctionReport CampaignAuctionReportEntry [actualBid=3221.0, effectiveBid=3186.3253690136544] CampaignAuctionReportEntry [actualBid=2950.0, effectiveBid=1684.3029470037638])
05/04 07:09:10 SEVERE OrOmerShelly.OOSAgent|Exception thrown while trying to parse message.java.lang.NullPointerException
05/04 07:09:10 INFO OrOmerShelly.Coordinator|Day 19: Campaign opportunity - Campaign ID 467975611: day 21 to 23 [OLD, HIGH_INCOME], reach: 6250 coefs: (v=2.0, m=1.5)
05/04 07:09:10 INFO OrOmerShelly.Coordinator|****OUR qualityis: 1.0 ****
05/04 07:09:10 INFO OrOmerShelly.Coordinator|Day 19: Campaign total budget bid: 77.56675429935176
05/04 07:09:10 INFO OrOmerShelly.Coordinator|Day 19: Adjusting ucs bid: was 0.1037492542871919 level reported: 0.47829690000000014 target: 0.7 adjusted: 0.1267507855853506
05/04 07:09:10 SEVERE OrOmerShelly.OOSAgent|Exception thrown while trying to parse message.java.lang.NullPointerException
05/04 07:09:10 INFO OrOmerShelly.Coordinator|Day 19 : Simulation Status Received
05/04 07:09:10 WARNING OrOmerShelly.Coordinator|BidBundle is null!
05/04 07:09:10 INFO OrOmerShelly.Coordinator|Day 19 ended. Starting next day
05/04 07:09:20 INFO OrOmerShelly.Coordinator|Day 20 :BankStatus[-2.770200]
05/04 07:09:20 INFO OrOmerShelly.OOSAgent|UNKNOWN Message Received: (CampaignAuctionReport CampaignAuctionReportEntry [actualBid=2046.0, effectiveBid=809.5897801927274] CampaignAuctionReportEntry [actualBid=3038.0, effectiveBid=1734.5465603381133])
05/04 07:09:20 SEVERE OrOmerShelly.OOSAgent|Exception thrown while trying to parse message.java.lang.NullPointerException
05/04 07:09:20 INFO OrOmerShelly.Coordinator|Day 20: Campaign opportunity - Campaign ID 918672776: day 22 to 24 [YOUNG, MALE], reach: 12500 coefs: (v=2.0, m=1.5)
05/04 07:09:20 INFO OrOmerShelly.Coordinator|****OUR qualityis: 1.0 ****
05/04 07:09:20 INFO OrOmerShelly.Coordinator|Day 20: Campaign total budget bid: 161.32186173316435
05/04 07:09:20 INFO OrOmerShelly.Coordinator|Day 20: Adjusting ucs bid: was 0.1267507855853506 level reported: 0.47829690000000014 target: 0.7 adjusted: 0.15485182767705813
05/04 07:09:20 SEVERE OrOmerShelly.OOSAgent|Exception thrown while trying to parse message.java.lang.NullPointerException
05/04 07:09:20 INFO OrOmerShelly.Coordinator|Day 20 : Simulation Status Received
05/04 07:09:20 WARNING OrOmerShelly.Coordinator|BidBundle is null!
05/04 07:09:20 INFO OrOmerShelly.Coordinator|Day 20 ended. Starting next day
05/04 07:09:30 INFO OrOmerShelly.Coordinator|Day 21 :BankStatus[-2.916000]
05/04 07:09:30 INFO OrOmerShelly.OOSAgent|UNKNOWN Message Received: (CampaignAuctionReport CampaignAuctionReportEntry [actualBid=2798.0, effectiveBid=2121.863902618334] CampaignAuctionReportEntry [actualBid=3146.0, effectiveBid=1796.209176702997])
05/04 07:09:30 SEVERE OrOmerShelly.OOSAgent|Exception thrown while trying to parse message.java.lang.NullPointerException
05/04 07:09:30 INFO OrOmerShelly.Coordinator|Day 21: Campaign opportunity - Campaign ID 1763048489: day 23 to 25 [FEMALE, LOW_INCOME], reach: 6250 coefs: (v=2.0, m=1.5)
05/04 07:09:30 INFO OrOmerShelly.Coordinator|****OUR qualityis: 1.0 ****
05/04 07:09:30 INFO OrOmerShelly.Coordinator|Day 21: Campaign total budget bid: 77.62514124763852
05/04 07:09:30 INFO OrOmerShelly.Coordinator|Day 21: Adjusting ucs bid: was 0.15485182767705813 level reported: 0.47829690000000014 target: 0.7 adjusted: 0.1584169887324214
05/04 07:09:30 SEVERE OrOmerShelly.OOSAgent|Exception thrown while trying to parse message.java.lang.NullPointerException
05/04 07:09:30 INFO OrOmerShelly.Coordinator|Day 21 : Simulation Status Received
05/04 07:09:30 WARNING OrOmerShelly.Coordinator|BidBundle is null!
05/04 07:09:30 INFO OrOmerShelly.Coordinator|Day 21 ended. Starting next day
05/04 07:09:40 INFO OrOmerShelly.Coordinator|Day 22 :BankStatus[-3.061800]
05/04 07:09:40 INFO OrOmerShelly.OOSAgent|UNKNOWN Message Received: (CampaignAuctionReport CampaignAuctionReportEntry [actualBid=2224.0, effectiveBid=1686.570878993272] CampaignAuctionReportEntry [actualBid=3155.0, effectiveBid=1801.3477280667373])
05/04 07:09:40 SEVERE OrOmerShelly.OOSAgent|Exception thrown while trying to parse message.java.lang.NullPointerException
05/04 07:09:40 INFO OrOmerShelly.Coordinator|Day 22: Campaign opportunity - Campaign ID 1233359247: day 24 to 26 [MALE, LOW_INCOME], reach: 12500 coefs: (v=2.0, m=1.5)
05/04 07:09:40 INFO OrOmerShelly.Coordinator|****OUR qualityis: 1.0 ****
05/04 07:09:40 INFO OrOmerShelly.Coordinator|Day 22: Campaign total budget bid: 158.95953764576166
05/04 07:09:40 INFO OrOmerShelly.Coordinator|Day 22: Adjusting ucs bid: was 0.1584169887324214 level reported: 0.47829690000000014 target: 0.7 adjusted: 0.17913778975414918
05/04 07:09:40 SEVERE OrOmerShelly.OOSAgent|Exception thrown while trying to parse message.java.lang.NullPointerException
05/04 07:09:40 INFO OrOmerShelly.Coordinator|Day 22 : Simulation Status Received
05/04 07:09:40 WARNING OrOmerShelly.Coordinator|BidBundle is null!
05/04 07:09:40 INFO OrOmerShelly.Coordinator|Day 22 ended. Starting next day
05/04 07:09:50 INFO OrOmerShelly.Coordinator|Day 23 :BankStatus[-3.207600]
05/04 07:09:50 INFO OrOmerShelly.OOSAgent|UNKNOWN Message Received: (CampaignAuctionReport CampaignAuctionReportEntry [actualBid=2425.0, effectiveBid=1384.5541174522466] CampaignAuctionReportEntry [actualBid=3242.0, effectiveBid=2458.5713982446887])
05/04 07:09:50 SEVERE OrOmerShelly.OOSAgent|Exception thrown while trying to parse message.java.lang.NullPointerException
05/04 07:09:50 INFO OrOmerShelly.Coordinator|Day 23: Campaign opportunity - Campaign ID 2038144287: day 25 to 29 [FEMALE, OLD], reach: 12500 coefs: (v=2.0, m=1.5)
05/04 07:09:50 INFO OrOmerShelly.Coordinator|****OUR qualityis: 1.0 ****
05/04 07:09:50 INFO OrOmerShelly.Coordinator|Day 23: Campaign total budget bid: 87.76595740012449
05/04 07:09:50 INFO OrOmerShelly.Coordinator|Day 23: Adjusting ucs bid: was 0.17913778975414918 level reported: 0.47829690000000014 target: 0.7 adjusted: 0.186148648429033
05/04 07:09:50 SEVERE OrOmerShelly.OOSAgent|Exception thrown while trying to parse message.java.lang.NullPointerException
05/04 07:09:50 INFO OrOmerShelly.Coordinator|Day 23 : Simulation Status Received
05/04 07:09:50 WARNING OrOmerShelly.Coordinator|BidBundle is null!
05/04 07:09:50 INFO OrOmerShelly.Coordinator|Day 23 ended. Starting next day
05/04 07:10:00 INFO OrOmerShelly.Coordinator|Day 24 :BankStatus[-3.353400]
05/04 07:10:00 INFO OrOmerShelly.OOSAgent|UNKNOWN Message Received: (CampaignAuctionReport CampaignAuctionReportEntry [actualBid=2399.0, effectiveBid=1369.7094135125524])
05/04 07:10:00 SEVERE OrOmerShelly.OOSAgent|Exception thrown while trying to parse message.java.lang.NullPointerException
05/04 07:10:00 INFO OrOmerShelly.Coordinator|Day 24: Campaign opportunity - Campaign ID 839107776: day 26 to 30 [YOUNG, LOW_INCOME], reach: 12500 coefs: (v=2.0, m=1.5)
05/04 07:10:00 INFO OrOmerShelly.Coordinator|****OUR qualityis: 1.0 ****
05/04 07:10:00 INFO OrOmerShelly.Coordinator|Day 24: Campaign total budget bid: 93.64358682251492
05/04 07:10:00 INFO OrOmerShelly.Coordinator|Day 24: Adjusting ucs bid: was 0.186148648429033 level reported: 0.47829690000000014 target: 0.7 adjusted: 0.18828074199302114
05/04 07:10:00 SEVERE OrOmerShelly.OOSAgent|Exception thrown while trying to parse message.java.lang.NullPointerException
05/04 07:10:00 INFO OrOmerShelly.Coordinator|Day 24 : Simulation Status Received
05/04 07:10:00 WARNING OrOmerShelly.Coordinator|BidBundle is null!
05/04 07:10:00 INFO OrOmerShelly.Coordinator|Day 24 ended. Starting next day
05/04 07:10:10 INFO OrOmerShelly.Coordinator|Day 25 :BankStatus[-3.499200]
05/04 07:10:10 INFO OrOmerShelly.OOSAgent|UNKNOWN Message Received: (CampaignAuctionReport CampaignAuctionReportEntry [actualBid=3030.0, effectiveBid=2692.7418152656464] CampaignAuctionReportEntry [actualBid=2417.0, effectiveBid=1592.726385933606] CampaignAuctionReportEntry [actualBid=2781.0, effectiveBid=1587.8123713957516])
05/04 07:10:10 SEVERE OrOmerShelly.OOSAgent|Exception thrown while trying to parse message.java.lang.NullPointerException
05/04 07:10:10 INFO OrOmerShelly.Coordinator|Day 25: Campaign opportunity - Campaign ID 747290984: day 27 to 29 [OLD, MALE], reach: 6250 coefs: (v=2.0, m=1.5)
05/04 07:10:10 INFO OrOmerShelly.Coordinator|****OUR qualityis: 1.0 ****
05/04 07:10:10 INFO OrOmerShelly.Coordinator|Day 25: Campaign total budget bid: 84.25245107331766
05/04 07:10:10 INFO OrOmerShelly.Coordinator|Day 25: Adjusting ucs bid: was 0.18828074199302114 level reported: 0.47829690000000014 target: 0.7 adjusted: 0.10472837455812198
05/04 07:10:10 SEVERE OrOmerShelly.OOSAgent|Exception thrown while trying to parse message.java.lang.NullPointerException
05/04 07:10:10 INFO OrOmerShelly.Coordinator|Day 25 : Simulation Status Received
05/04 07:10:10 WARNING OrOmerShelly.Coordinator|BidBundle is null!
05/04 07:10:10 INFO OrOmerShelly.Coordinator|Day 25 ended. Starting next day
05/04 07:10:20 INFO OrOmerShelly.Coordinator|Day 26 :BankStatus[-3.645000]
05/04 07:10:20 INFO OrOmerShelly.OOSAgent|UNKNOWN Message Received: (CampaignAuctionReport CampaignAuctionReportEntry [actualBid=2375.0, effectiveBid=1565.049717249613] CampaignAuctionReportEntry [actualBid=3058.0, effectiveBid=1745.9655633686473] CampaignAuctionReportEntry [actualBid=2154.0, effectiveBid=765.6984646973204])
05/04 07:10:20 SEVERE OrOmerShelly.OOSAgent|Exception thrown while trying to parse message.java.lang.NullPointerException
05/04 07:10:20 INFO OrOmerShelly.Coordinator|Day 26: Campaign opportunity - Campaign ID 1289632460: day 28 to 37 [FEMALE, LOW_INCOME], reach: 6250 coefs: (v=2.0, m=1.5)
05/04 07:10:20 INFO OrOmerShelly.Coordinator|****OUR qualityis: 1.0 ****
05/04 07:10:20 INFO OrOmerShelly.Coordinator|Day 26: Campaign total budget bid: 23.287542374291554
05/04 07:10:20 INFO OrOmerShelly.Coordinator|Day 26: Adjusting ucs bid: was 0.10472837455812198 level reported: 0.47829690000000014 target: 0.7 adjusted: 0.12794697985561873
05/04 07:10:20 SEVERE OrOmerShelly.OOSAgent|Exception thrown while trying to parse message.java.lang.NullPointerException
05/04 07:10:20 INFO OrOmerShelly.Coordinator|Day 26 : Simulation Status Received
05/04 07:10:20 WARNING OrOmerShelly.Coordinator|BidBundle is null!
05/04 07:10:20 INFO OrOmerShelly.Coordinator|Day 26 ended. Starting next day
05/04 07:10:30 INFO OrOmerShelly.Coordinator|Day 27 :BankStatus[-3.790800]
05/04 07:10:30 INFO OrOmerShelly.OOSAgent|UNKNOWN Message Received: (CampaignAuctionReport CampaignAuctionReportEntry [actualBid=3163.0, effectiveBid=2347.931563051173] CampaignAuctionReportEntry [actualBid=2537.0, effectiveBid=1448.5005344232368] CampaignAuctionReportEntry [actualBid=3224.0, effectiveBid=2124.513805647475])
05/04 07:10:30 SEVERE OrOmerShelly.OOSAgent|Exception thrown while trying to parse message.java.lang.NullPointerException
05/04 07:10:30 INFO OrOmerShelly.Coordinator|Day 27: Campaign opportunity - Campaign ID 751542570: day 29 to 33 [OLD, HIGH_INCOME], reach: 6250 coefs: (v=2.0, m=1.5)
05/04 07:10:30 INFO OrOmerShelly.Coordinator|****OUR qualityis: 1.0 ****
05/04 07:10:30 INFO OrOmerShelly.Coordinator|Day 27: Campaign total budget bid: 46.54005257961106
05/04 07:10:30 INFO OrOmerShelly.Coordinator|Day 27: Adjusting ucs bid: was 0.12794697985561873 level reported: 0.47829690000000014 target: 0.7 adjusted: 0.12136073438458694
05/04 07:10:30 SEVERE OrOmerShelly.OOSAgent|Exception thrown while trying to parse message.java.lang.NullPointerException
05/04 07:10:30 INFO OrOmerShelly.Coordinator|Day 27 : Simulation Status Received
05/04 07:10:30 WARNING OrOmerShelly.Coordinator|BidBundle is null!
05/04 07:10:30 INFO OrOmerShelly.Coordinator|Day 27 ended. Starting next day
05/04 07:10:40 INFO OrOmerShelly.Coordinator|Day 28 :BankStatus[-3.936600]
05/04 07:10:40 INFO OrOmerShelly.OOSAgent|UNKNOWN Message Received: (CampaignAuctionReport CampaignAuctionReportEntry [actualBid=2087.0, effectiveBid=1549.2042908908625] CampaignAuctionReportEntry [actualBid=2352.0, effectiveBid=1549.8934463036167])
05/04 07:10:40 SEVERE OrOmerShelly.OOSAgent|Exception thrown while trying to parse message.java.lang.NullPointerException
05/04 07:10:40 INFO OrOmerShelly.Coordinator|Day 28: Campaign opportunity - Campaign ID 674697083: day 30 to 32 [YOUNG, HIGH_INCOME], reach: 6250 coefs: (v=2.0, m=1.5)
05/04 07:10:40 INFO OrOmerShelly.Coordinator|****OUR qualityis: 1.0 ****
05/04 07:10:40 INFO OrOmerShelly.Coordinator|Day 28: Campaign total budget bid: 86.47798738875045
05/04 07:10:40 INFO OrOmerShelly.Coordinator|Day 28: Adjusting ucs bid: was 0.12136073438458694 level reported: 0.47829690000000014 target: 0.7 adjusted: 0.1161539412309871
05/04 07:10:40 SEVERE OrOmerShelly.OOSAgent|Exception thrown while trying to parse message.java.lang.NullPointerException
05/04 07:10:40 INFO OrOmerShelly.Coordinator|Day 28 : Simulation Status Received
05/04 07:10:40 WARNING OrOmerShelly.Coordinator|BidBundle is null!
05/04 07:10:40 INFO OrOmerShelly.Coordinator|Day 28 ended. Starting next day
05/04 07:10:50 INFO OrOmerShelly.Coordinator|Day 29 :BankStatus[-4.082400]
05/04 07:10:50 INFO OrOmerShelly.OOSAgent|UNKNOWN Message Received: (CampaignAuctionReport CampaignAuctionReportEntry [actualBid=2212.0, effectiveBid=1457.6378840236396] CampaignAuctionReportEntry [actualBid=2539.0, effectiveBid=1884.729130125491])
05/04 07:10:50 SEVERE OrOmerShelly.OOSAgent|Exception thrown while trying to parse message.java.lang.NullPointerException
05/04 07:10:50 INFO OrOmerShelly.Coordinator|Day 29: Campaign opportunity - Campaign ID 1908513783: day 31 to 35 [YOUNG, LOW_INCOME], reach: 12500 coefs: (v=2.0, m=1.5)
05/04 07:10:50 INFO OrOmerShelly.Coordinator|****OUR qualityis: 1.0 ****
05/04 07:10:50 INFO OrOmerShelly.Coordinator|Day 29: Campaign total budget bid: 93.64358682251492
05/04 07:10:50 INFO OrOmerShelly.Coordinator|Day 29: Adjusting ucs bid: was 0.1161539412309871 level reported: 0.47829690000000014 target: 0.7 adjusted: 0.14190563007911475
05/04 07:10:50 SEVERE OrOmerShelly.OOSAgent|Exception thrown while trying to parse message.java.lang.NullPointerException
05/04 07:10:50 INFO OrOmerShelly.Coordinator|Day 29 : Simulation Status Received
05/04 07:10:50 WARNING OrOmerShelly.Coordinator|BidBundle is null!
05/04 07:10:50 INFO OrOmerShelly.Coordinator|Day 29 ended. Starting next day
05/04 07:11:00 INFO OrOmerShelly.Coordinator|Day 30 :BankStatus[-4.228200]
05/04 07:11:00 INFO OrOmerShelly.OOSAgent|UNKNOWN Message Received: (CampaignAuctionReport CampaignAuctionReportEntry [actualBid=2788.0, effectiveBid=2069.5647163410276] CampaignAuctionReportEntry [actualBid=3186.0, effectiveBid=2099.473010171481])
05/04 07:11:00 SEVERE OrOmerShelly.OOSAgent|Exception thrown while trying to parse message.java.lang.NullPointerException
05/04 07:11:00 INFO OrOmerShelly.Coordinator|Day 30: Campaign opportunity - Campaign ID 1122719707: day 32 to 36 [OLD, MALE], reach: 12500 coefs: (v=2.0, m=1.5)
05/04 07:11:00 INFO OrOmerShelly.Coordinator|****OUR qualityis: 1.0 ****
05/04 07:11:00 INFO OrOmerShelly.Coordinator|Day 30: Campaign total budget bid: 101.10294128798118
05/04 07:11:00 INFO OrOmerShelly.Coordinator|Day 30: Adjusting ucs bid: was 0.14190563007911475 level reported: 0.47829690000000014 target: 0.7 adjusted: 0.11608968972257977
05/04 07:11:00 SEVERE OrOmerShelly.OOSAgent|Exception thrown while trying to parse message.java.lang.NullPointerException
05/04 07:11:00 INFO OrOmerShelly.Coordinator|Day 30 : Simulation Status Received
05/04 07:11:00 WARNING OrOmerShelly.Coordinator|BidBundle is null!
05/04 07:11:00 INFO OrOmerShelly.Coordinator|Day 30 ended. Starting next day
05/04 07:11:10 INFO OrOmerShelly.Coordinator|Day 31 :BankStatus[-4.374000]
05/04 07:11:10 INFO OrOmerShelly.OOSAgent|UNKNOWN Message Received: (CampaignAuctionReport CampaignAuctionReportEntry [actualBid=3135.0, effectiveBid=2707.4235818077796] CampaignAuctionReportEntry [actualBid=2635.0, effectiveBid=1821.7775814748709])
05/04 07:11:10 SEVERE OrOmerShelly.OOSAgent|Exception thrown while trying to parse message.java.lang.NullPointerException
05/04 07:11:10 INFO OrOmerShelly.Coordinator|Day 31: Campaign opportunity - Campaign ID 1573572968: day 33 to 42 [OLD, HIGH_INCOME], reach: 12500 coefs: (v=2.0, m=1.5)
05/04 07:11:10 INFO OrOmerShelly.Coordinator|****OUR qualityis: 1.0 ****
05/04 07:11:10 INFO OrOmerShelly.Coordinator|Day 31: Campaign total budget bid: 46.54005257961106
05/04 07:11:10 INFO OrOmerShelly.Coordinator|Day 31: Adjusting ucs bid: was 0.11608968972257977 level reported: 0.47829690000000014 target: 0.7 adjusted: 0.14182713381211381
05/04 07:11:10 SEVERE OrOmerShelly.OOSAgent|Exception thrown while trying to parse message.java.lang.NullPointerException
05/04 07:11:10 INFO OrOmerShelly.Coordinator|Day 31 : Simulation Status Received
05/04 07:11:10 WARNING OrOmerShelly.Coordinator|BidBundle is null!
05/04 07:11:10 INFO OrOmerShelly.Coordinator|Day 31 ended. Starting next day
05/04 07:11:20 INFO OrOmerShelly.Coordinator|Day 32 :BankStatus[-4.519800]
05/04 07:11:20 INFO OrOmerShelly.OOSAgent|UNKNOWN Message Received: (CampaignAuctionReport CampaignAuctionReportEntry [actualBid=3030.0, effectiveBid=2616.744323086945] CampaignAuctionReportEntry [actualBid=2526.0, effectiveBid=1815.614352456483] CampaignAuctionReportEntry [actualBid=2508.0, effectiveBid=1733.9727416846208])
05/04 07:11:20 SEVERE OrOmerShelly.OOSAgent|Exception thrown while trying to parse message.java.lang.NullPointerException
05/04 07:11:20 INFO OrOmerShelly.Coordinator|Day 32: Campaign opportunity - Campaign ID 683922868: day 34 to 38 [MALE, LOW_INCOME], reach: 6250 coefs: (v=2.0, m=1.5)
05/04 07:11:20 INFO OrOmerShelly.Coordinator|****OUR qualityis: 1.0 ****
05/04 07:11:20 INFO OrOmerShelly.Coordinator|Day 32: Campaign total budget bid: 47.687861293728496
05/04 07:11:20 INFO OrOmerShelly.Coordinator|Day 32: Adjusting ucs bid: was 0.14182713381211381 level reported: 0.47829690000000014 target: 0.7 adjusted: 0.1258962575930939
05/04 07:11:20 SEVERE OrOmerShelly.OOSAgent|Exception thrown while trying to parse message.java.lang.NullPointerException
05/04 07:11:20 INFO OrOmerShelly.Coordinator|Day 32 : Simulation Status Received
05/04 07:11:20 WARNING OrOmerShelly.Coordinator|BidBundle is null!
05/04 07:11:20 INFO OrOmerShelly.Coordinator|Day 32 ended. Starting next day
05/04 07:11:30 INFO OrOmerShelly.Coordinator|Day 33 :BankStatus[-4.665600]
05/04 07:11:30 INFO OrOmerShelly.OOSAgent|UNKNOWN Message Received: (CampaignAuctionReport CampaignAuctionReportEntry [actualBid=2023.0, effectiveBid=1747.0870513547488] CampaignAuctionReportEntry [actualBid=2387.0, effectiveBid=1650.3161620419419] CampaignAuctionReportEntry [actualBid=2883.0, effectiveBid=2072.215430772779])
05/04 07:11:30 SEVERE OrOmerShelly.OOSAgent|Exception thrown while trying to parse message.java.lang.NullPointerException
05/04 07:11:30 INFO OrOmerShelly.Coordinator|Day 33: Campaign opportunity - Campaign ID 1068218203: day 35 to 44 [YOUNG, HIGH_INCOME], reach: 6250 coefs: (v=2.0, m=1.5)
05/04 07:11:30 INFO OrOmerShelly.Coordinator|****OUR qualityis: 1.0 ****
05/04 07:11:30 INFO OrOmerShelly.Coordinator|Day 33: Campaign total budget bid: 25.943396216625132
05/04 07:11:30 INFO OrOmerShelly.Coordinator|Day 33: Adjusting ucs bid: was 0.1258962575930939 level reported: 0.47829690000000014 target: 0.7 adjusted: 0.14535826355666354
05/04 07:11:30 SEVERE OrOmerShelly.OOSAgent|Exception thrown while trying to parse message.java.lang.NullPointerException
05/04 07:11:30 INFO OrOmerShelly.Coordinator|Day 33 : Simulation Status Received
05/04 07:11:30 WARNING OrOmerShelly.Coordinator|BidBundle is null!
05/04 07:11:30 INFO OrOmerShelly.Coordinator|Day 33 ended. Starting next day
05/04 07:11:40 INFO OrOmerShelly.Coordinator|Day 34 :BankStatus[-4.757378]
05/04 07:11:40 INFO OrOmerShelly.OOSAgent|UNKNOWN Message Received: (CampaignAuctionReport CampaignAuctionReportEntry [actualBid=2464.0, effectiveBid=2329.636754724117] CampaignAuctionReportEntry [actualBid=2892.0, effectiveBid=2078.6843655202492] CampaignAuctionReportEntry [actualBid=2937.0, effectiveBid=2030.5733422359376])
05/04 07:11:40 SEVERE OrOmerShelly.OOSAgent|Exception thrown while trying to parse message.java.lang.NullPointerException
05/04 07:11:40 INFO OrOmerShelly.Coordinator|Day 34: Campaign opportunity - Campaign ID 668201806: day 36 to 40 [FEMALE, OLD], reach: 6250 coefs: (v=2.0, m=1.5)
05/04 07:11:40 INFO OrOmerShelly.Coordinator|****OUR qualityis: 1.0 ****
05/04 07:11:40 INFO OrOmerShelly.Coordinator|Day 34: Campaign total budget bid: 43.882978700062246
05/04 07:11:40 INFO OrOmerShelly.Coordinator|Day 34: Adjusting ucs bid: was 0.14535826355666354 level reported: 0.47829690000000014 target: 0.7 adjusted: 0.16844689531085133
05/04 07:11:40 SEVERE OrOmerShelly.OOSAgent|Exception thrown while trying to parse message.java.lang.NullPointerException
05/04 07:11:40 INFO OrOmerShelly.Coordinator|Day 34 : Simulation Status Received
05/04 07:11:40 WARNING OrOmerShelly.Coordinator|BidBundle is null!
05/04 07:11:40 INFO OrOmerShelly.Coordinator|Day 34 ended. Starting next day
05/04 07:11:50 INFO OrOmerShelly.Coordinator|Day 35 :BankStatus[-4.863345]
05/04 07:11:50 INFO OrOmerShelly.OOSAgent|UNKNOWN Message Received: (CampaignAuctionReport CampaignAuctionReportEntry [actualBid=2430.0, effectiveBid=2297.490793011203] CampaignAuctionReportEntry [actualBid=2886.0, effectiveBid=2561.696760900923] CampaignAuctionReportEntry [actualBid=3296.0, effectiveBid=2278.7775743989278])
05/04 07:11:50 SEVERE OrOmerShelly.OOSAgent|Exception thrown while trying to parse message.java.lang.NullPointerException
05/04 07:11:50 INFO OrOmerShelly.Coordinator|Day 35: Campaign opportunity - Campaign ID 305753952: day 37 to 39 [FEMALE, OLD], reach: 3750 coefs: (v=2.0, m=1.5)
05/04 07:11:50 INFO OrOmerShelly.Coordinator|****OUR qualityis: 1.0 ****
05/04 07:11:50 INFO OrOmerShelly.Coordinator|Day 35: Campaign total budget bid: 43.882978700062246
05/04 07:11:50 INFO OrOmerShelly.Coordinator|Day 35: Adjusting ucs bid: was 0.16844689531085133 level reported: 0.47829690000000014 target: 0.7 adjusted: 0.19117910913277109
05/04 07:11:50 SEVERE OrOmerShelly.OOSAgent|Exception thrown while trying to parse message.java.lang.NullPointerException
05/04 07:11:50 INFO OrOmerShelly.Coordinator|Day 35 : Simulation Status Received
05/04 07:11:50 WARNING OrOmerShelly.Coordinator|BidBundle is null!
05/04 07:11:50 INFO OrOmerShelly.Coordinator|Day 35 ended. Starting next day
05/04 07:12:00 INFO OrOmerShelly.Coordinator|Day 36 :BankStatus[-4.986142]
05/04 07:12:00 INFO OrOmerShelly.OOSAgent|UNKNOWN Message Received: (CampaignAuctionReport CampaignAuctionReportEntry [actualBid=2191.0, effectiveBid=2071.523591558661] CampaignAuctionReportEntry [actualBid=2949.0, effectiveBid=2617.617376263625])
05/04 07:12:00 SEVERE OrOmerShelly.OOSAgent|Exception thrown while trying to parse message.java.lang.NullPointerException
05/04 07:12:00 INFO OrOmerShelly.Coordinator|Day 36: Campaign opportunity - Campaign ID 1388357930: day 38 to 47 [YOUNG, HIGH_INCOME], reach: 12500 coefs: (v=2.0, m=1.5)
05/04 07:12:00 INFO OrOmerShelly.Coordinator|****OUR qualityis: 1.0 ****
05/04 07:12:00 INFO OrOmerShelly.Coordinator|Day 36: Campaign total budget bid: 51.886792433250264
05/04 07:12:00 INFO OrOmerShelly.Coordinator|Day 36: Adjusting ucs bid: was 0.19117910913277109 level reported: 0.47829690000000014 target: 0.7 adjusted: 0.12440178465075064
05/04 07:12:00 SEVERE OrOmerShelly.OOSAgent|Exception thrown while trying to parse message.java.lang.NullPointerException
05/04 07:12:00 INFO OrOmerShelly.Coordinator|Day 36 : Simulation Status Received
05/04 07:12:00 WARNING OrOmerShelly.Coordinator|BidBundle is null!
05/04 07:12:00 INFO OrOmerShelly.Coordinator|Day 36 ended. Starting next day
05/04 07:12:10 INFO OrOmerShelly.Coordinator|Day 37 :BankStatus[-5.125512]
05/04 07:12:10 INFO OrOmerShelly.OOSAgent|UNKNOWN Message Received: (CampaignAuctionReport CampaignAuctionReportEntry [actualBid=2643.0, effectiveBid=2498.875788447988] CampaignAuctionReportEntry [actualBid=2890.0, effectiveBid=2760.239529812471] CampaignAuctionReportEntry [actualBid=2763.0, effectiveBid=1910.2737979563826])
05/04 07:12:10 SEVERE OrOmerShelly.OOSAgent|Exception thrown while trying to parse message.java.lang.NullPointerException
05/04 07:12:10 INFO OrOmerShelly.Coordinator|Day 37: Campaign opportunity - Campaign ID 1882124018: day 39 to 41 [FEMALE, OLD], reach: 3750 coefs: (v=2.0, m=1.5)
05/04 07:12:10 INFO OrOmerShelly.Coordinator|****OUR qualityis: 1.0 ****
05/04 07:12:10 INFO OrOmerShelly.Coordinator|Day 37: Campaign total budget bid: 43.882978700062246
05/04 07:12:10 INFO OrOmerShelly.Coordinator|Day 37: Adjusting ucs bid: was 0.12440178465075064 level reported: 0.47829690000000014 target: 0.7 adjusted: 0.15198204595335443
05/04 07:12:10 SEVERE OrOmerShelly.OOSAgent|Exception thrown while trying to parse message.java.lang.NullPointerException
05/04 07:12:10 INFO OrOmerShelly.Coordinator|Day 37 : Simulation Status Received
05/04 07:12:10 WARNING OrOmerShelly.Coordinator|BidBundle is null!
05/04 07:12:10 INFO OrOmerShelly.Coordinator|Day 37 ended. Starting next day
05/04 07:12:20 INFO OrOmerShelly.Coordinator|Day 38 :BankStatus[-5.216201]
05/04 07:12:20 INFO OrOmerShelly.OOSAgent|UNKNOWN Message Received: (CampaignAuctionReport CampaignAuctionReportEntry [actualBid=2333.0, effectiveBid=2228.2487276998254] CampaignAuctionReportEntry [actualBid=2466.0, effectiveBid=1704.934920651625])
05/04 07:12:20 SEVERE OrOmerShelly.OOSAgent|Exception thrown while trying to parse message.java.lang.NullPointerException
05/04 07:12:20 INFO OrOmerShelly.Coordinator|Day 38: Campaign opportunity - Campaign ID 1324547809: day 40 to 42 [OLD, LOW_INCOME], reach: 6250 coefs: (v=2.0, m=1.5)
05/04 07:12:20 INFO OrOmerShelly.Coordinator|****OUR qualityis: 1.0 ****
05/04 07:12:20 INFO OrOmerShelly.Coordinator|Day 38: Campaign total budget bid: 79.0532769782886
05/04 07:12:20 INFO OrOmerShelly.Coordinator|Day 38: Adjusting ucs bid: was 0.15198204595335443 level reported: 0.47829690000000014 target: 0.7 adjusted: 0.17180346048135287
05/04 07:12:20 SEVERE OrOmerShelly.OOSAgent|Exception thrown while trying to parse message.java.lang.NullPointerException
05/04 07:12:20 INFO OrOmerShelly.Coordinator|Day 38 : Simulation Status Received
05/04 07:12:20 WARNING OrOmerShelly.Coordinator|BidBundle is null!
05/04 07:12:20 INFO OrOmerShelly.Coordinator|Day 38 ended. Starting next day
05/04 07:12:30 INFO OrOmerShelly.Coordinator|Day 39 :BankStatus[-5.326996]
05/04 07:12:30 INFO OrOmerShelly.OOSAgent|UNKNOWN Message Received: (CampaignAuctionReport CampaignAuctionReportEntry [actualBid=2445.0, effectiveBid=1690.4160101351267])
05/04 07:12:30 SEVERE OrOmerShelly.OOSAgent|Exception thrown while trying to parse message.java.lang.NullPointerException
05/04 07:12:30 INFO OrOmerShelly.Coordinator|Day 39: Campaign opportunity - Campaign ID 1454833039: day 41 to 50 [OLD, LOW_INCOME], reach: 6250 coefs: (v=2.0, m=1.5)
05/04 07:12:30 INFO OrOmerShelly.Coordinator|****OUR qualityis: 1.0 ****
05/04 07:12:30 INFO OrOmerShelly.Coordinator|Day 39: Campaign total budget bid: 23.715983093486578
05/04 07:12:30 INFO OrOmerShelly.Coordinator|Day 39: Adjusting ucs bid: was 0.17180346048135287 level reported: 0.47829690000000014 target: 0.7 adjusted: 0.15053646558346354
05/04 07:12:30 SEVERE OrOmerShelly.OOSAgent|Exception thrown while trying to parse message.java.lang.NullPointerException
05/04 07:12:30 INFO OrOmerShelly.Coordinator|Day 39 : Simulation Status Received
05/04 07:12:30 WARNING OrOmerShelly.Coordinator|BidBundle is null!
05/04 07:12:30 INFO OrOmerShelly.Coordinator|Day 39 ended. Starting next day
05/04 07:12:40 INFO OrOmerShelly.Coordinator|Day 40 :BankStatus[-5.452240]
05/04 07:12:40 INFO OrOmerShelly.OOSAgent|UNKNOWN Message Received: (CampaignAuctionReport CampaignAuctionReportEntry [actualBid=3235.0, effectiveBid=2435.594856578086] CampaignAuctionReportEntry [actualBid=3184.0, effectiveBid=2201.3433849776047])
05/04 07:12:40 SEVERE OrOmerShelly.OOSAgent|Exception thrown while trying to parse message.java.lang.NullPointerException
05/04 07:12:40 INFO OrOmerShelly.Coordinator|Day 40: Campaign opportunity - Campaign ID 1780935964: day 42 to 46 [OLD, HIGH_INCOME], reach: 12500 coefs: (v=2.0, m=1.5)
05/04 07:12:40 INFO OrOmerShelly.Coordinator|****OUR qualityis: 1.0 ****
05/04 07:12:40 INFO OrOmerShelly.Coordinator|Day 40: Campaign total budget bid: 93.08010515922211
05/04 07:12:40 INFO OrOmerShelly.Coordinator|Day 40: Adjusting ucs bid: was 0.15053646558346354 level reported: 0.47829690000000014 target: 0.7 adjusted: 0.18168994353758647
05/04 07:12:40 SEVERE OrOmerShelly.OOSAgent|Exception thrown while trying to parse message.java.lang.NullPointerException
05/04 07:12:40 INFO OrOmerShelly.Coordinator|Day 40 : Simulation Status Received
05/04 07:12:40 WARNING OrOmerShelly.Coordinator|BidBundle is null!
05/04 07:12:40 INFO OrOmerShelly.Coordinator|Day 40 ended. Starting next day
05/04 07:12:50 INFO OrOmerShelly.Coordinator|Day 41 :BankStatus[-5.561982]
05/04 07:12:50 INFO OrOmerShelly.OOSAgent|UNKNOWN Message Received: (CampaignAuctionReport CampaignAuctionReportEntry [actualBid=2142.0, effectiveBid=1612.687537184006] CampaignAuctionReportEntry [actualBid=2460.0, effectiveBid=1858.1358937169273] CampaignAuctionReportEntry [actualBid=3163.0, effectiveBid=2186.824474461107])
05/04 07:12:50 SEVERE OrOmerShelly.OOSAgent|Exception thrown while trying to parse message.java.lang.NullPointerException
05/04 07:12:50 INFO OrOmerShelly.Coordinator|Day 41: Campaign opportunity - Campaign ID 728193416: day 43 to 52 [FEMALE, LOW_INCOME], reach: 3750 coefs: (v=2.0, m=1.5)
05/04 07:12:50 INFO OrOmerShelly.Coordinator|****OUR qualityis: 1.0 ****
05/04 07:12:50 INFO OrOmerShelly.Coordinator|Day 41: Campaign total budget bid: 13.972525424574933
05/04 07:12:50 INFO OrOmerShelly.Coordinator|Day 41: Adjusting ucs bid: was 0.18168994353758647 level reported: 0.47829690000000014 target: 0.7 adjusted: 0.17249514564637666
05/04 07:12:50 SEVERE OrOmerShelly.OOSAgent|Exception thrown while trying to parse message.java.lang.NullPointerException
05/04 07:12:50 INFO OrOmerShelly.Coordinator|Day 41 : Simulation Status Received
05/04 07:12:50 WARNING OrOmerShelly.Coordinator|BidBundle is null!
05/04 07:12:50 INFO OrOmerShelly.Coordinator|Day 41 ended. Starting next day
05/04 07:13:00 INFO OrOmerShelly.Coordinator|Day 42 :BankStatus[-5.694433]
05/04 07:13:00 SEVERE OrOmerShelly.OOSAgent|Exception thrown while trying to parse message.java.lang.NullPointerException
05/04 07:13:00 INFO OrOmerShelly.Coordinator|Day 42: Campaign opportunity - Campaign ID 1899299544: day 44 to 48 [FEMALE, LOW_INCOME], reach: 3750 coefs: (v=2.0, m=1.5)
05/04 07:13:00 INFO OrOmerShelly.Coordinator|****OUR qualityis: 1.0 ****
05/04 07:13:00 INFO OrOmerShelly.Coordinator|Day 42: Campaign total budget bid: 27.945050849149865
05/04 07:13:00 INFO OrOmerShelly.Coordinator|Day 42: Adjusting ucs bid: was 0.17249514564637666 level reported: 0.47829690000000014 target: 0.7 adjusted: 0.11676724819093692
05/04 07:13:00 SEVERE OrOmerShelly.OOSAgent|Exception thrown while trying to parse message.java.lang.NullPointerException
05/04 07:13:00 INFO OrOmerShelly.Coordinator|Day 42 : Simulation Status Received
05/04 07:13:00 WARNING OrOmerShelly.Coordinator|BidBundle is null!
05/04 07:13:00 INFO OrOmerShelly.Coordinator|Day 42 ended. Starting next day
05/04 07:13:10 INFO OrOmerShelly.Coordinator|Day 43 :BankStatus[-5.820182]
05/04 07:13:10 INFO OrOmerShelly.OOSAgent|UNKNOWN Message Received: (CampaignAuctionReport CampaignAuctionReportEntry [actualBid=2521.0, effectiveBid=2271.955760074298] CampaignAuctionReportEntry [actualBid=2385.0, effectiveBid=1648.933408659418])
05/04 07:13:10 SEVERE OrOmerShelly.OOSAgent|Exception thrown while trying to parse message.java.lang.NullPointerException
05/04 07:13:10 INFO OrOmerShelly.Coordinator|Day 43: Campaign opportunity - Campaign ID 1930062210: day 45 to 49 [YOUNG, MALE], reach: 12500 coefs: (v=2.0, m=1.5)
05/04 07:13:10 INFO OrOmerShelly.Coordinator|****OUR qualityis: 1.0 ****
05/04 07:13:10 INFO OrOmerShelly.Coordinator|Day 43: Campaign total budget bid: 96.7931170398986
05/04 07:13:10 INFO OrOmerShelly.Coordinator|Day 43: Adjusting ucs bid: was 0.11676724819093692 level reported: 0.47829690000000014 target: 0.7 adjusted: 0.12291436293684152
05/04 07:13:10 SEVERE OrOmerShelly.OOSAgent|Exception thrown while trying to parse message.java.lang.NullPointerException
05/04 07:13:10 INFO OrOmerShelly.Coordinator|Day 43 : Simulation Status Received
05/04 07:13:10 WARNING OrOmerShelly.Coordinator|BidBundle is null!
05/04 07:13:10 INFO OrOmerShelly.Coordinator|Day 43 ended. Starting next day
05/04 07:13:20 INFO OrOmerShelly.Coordinator|Day 44 :BankStatus[-5.905306]
05/04 07:13:20 INFO OrOmerShelly.OOSAgent|UNKNOWN Message Received: (CampaignAuctionReport CampaignAuctionReportEntry [actualBid=2581.0, effectiveBid=2326.0284874064905])
05/04 07:13:20 SEVERE OrOmerShelly.OOSAgent|Exception thrown while trying to parse message.java.lang.NullPointerException
05/04 07:13:20 INFO OrOmerShelly.Coordinator|Day 44: Campaign opportunity - Campaign ID 841554191: day 46 to 55 [FEMALE, LOW_INCOME], reach: 6250 coefs: (v=2.0, m=1.5)
05/04 07:13:20 INFO OrOmerShelly.Coordinator|****OUR qualityis: 1.0 ****
05/04 07:13:20 INFO OrOmerShelly.Coordinator|Day 44: Campaign total budget bid: 23.287542374291554
05/04 07:13:20 INFO OrOmerShelly.Coordinator|Day 44: Adjusting ucs bid: was 0.12291436293684152 level reported: 0.47829690000000014 target: 0.7 adjusted: 0.15016485823446438
05/04 07:13:20 SEVERE OrOmerShelly.OOSAgent|Exception thrown while trying to parse message.java.lang.NullPointerException
05/04 07:13:20 INFO OrOmerShelly.Coordinator|Day 44 : Simulation Status Received
05/04 07:13:20 WARNING OrOmerShelly.Coordinator|BidBundle is null!
05/04 07:13:20 INFO OrOmerShelly.Coordinator|Day 44 ended. Starting next day
05/04 07:13:30 INFO OrOmerShelly.Coordinator|Day 45 :BankStatus[-5.994910]
05/04 07:13:30 INFO OrOmerShelly.OOSAgent|UNKNOWN Message Received: (CampaignAuctionReport CampaignAuctionReportEntry [actualBid=2622.0, effectiveBid=2362.9781844168224] CampaignAuctionReportEntry [actualBid=2147.0, effectiveBid=794.3216614320128])
05/04 07:13:30 SEVERE OrOmerShelly.OOSAgent|Exception thrown while trying to parse message.java.lang.NullPointerException
05/04 07:13:30 INFO OrOmerShelly.Coordinator|Day 45: Campaign opportunity - Campaign ID 94206495: day 47 to 51 [MALE, HIGH_INCOME], reach: 12500 coefs: (v=2.0, m=1.5)
05/04 07:13:30 INFO OrOmerShelly.Coordinator|****OUR qualityis: 1.0 ****
05/04 07:13:30 INFO OrOmerShelly.Coordinator|Day 45: Campaign total budget bid: 102.69709561892013
05/04 07:13:30 INFO OrOmerShelly.Coordinator|Day 45: Adjusting ucs bid: was 0.15016485823446438 level reported: 0.47829690000000014 target: 0.7 adjusted: 0.18345687281610562
05/04 07:13:30 SEVERE OrOmerShelly.OOSAgent|Exception thrown while trying to parse message.java.lang.NullPointerException
05/04 07:13:30 INFO OrOmerShelly.Coordinator|Day 45 : Simulation Status Received
05/04 07:13:30 WARNING OrOmerShelly.Coordinator|BidBundle is null!
05/04 07:13:30 INFO OrOmerShelly.Coordinator|Day 45 ended. Starting next day
05/04 07:13:40 INFO OrOmerShelly.Coordinator|Day 46 :BankStatus[-6.104381]
05/04 07:13:40 INFO OrOmerShelly.OOSAgent|UNKNOWN Message Received: (CampaignAuctionReport CampaignAuctionReportEntry [actualBid=2783.0, effectiveBid=2508.073336091539] CampaignAuctionReportEntry [actualBid=2580.0, effectiveBid=1860.115426091652])
05/04 07:13:40 SEVERE OrOmerShelly.OOSAgent|Exception thrown while trying to parse message.java.lang.NullPointerException
05/04 07:13:40 INFO OrOmerShelly.Coordinator|Day 46: Campaign opportunity - Campaign ID 379618998: day 48 to 52 [FEMALE, OLD], reach: 3750 coefs: (v=2.0, m=1.5)
05/04 07:13:40 INFO OrOmerShelly.Coordinator|****OUR qualityis: 1.0 ****
05/04 07:13:40 INFO OrOmerShelly.Coordinator|Day 46: Campaign total budget bid: 26.32978722003735
05/04 07:13:40 INFO OrOmerShelly.Coordinator|Day 46: Adjusting ucs bid: was 0.18345687281610562 level reported: 0.47829690000000014 target: 0.7 adjusted: 0.19300503074786726
05/04 07:13:40 SEVERE OrOmerShelly.OOSAgent|Exception thrown while trying to parse message.java.lang.NullPointerException
05/04 07:13:40 INFO OrOmerShelly.Coordinator|Day 46 : Simulation Status Received
05/04 07:13:40 WARNING OrOmerShelly.Coordinator|BidBundle is null!
05/04 07:13:40 INFO OrOmerShelly.Coordinator|Day 46 ended. Starting next day
05/04 07:13:50 INFO OrOmerShelly.Coordinator|Day 47 :BankStatus[-6.238121]
05/04 07:13:50 INFO OrOmerShelly.OOSAgent|UNKNOWN Message Received: (CampaignAuctionReport CampaignAuctionReportEntry [actualBid=3185.0, effectiveBid=2870.3606092172304])
05/04 07:13:50 SEVERE OrOmerShelly.OOSAgent|Exception thrown while trying to parse message.java.lang.NullPointerException
05/04 07:13:50 INFO OrOmerShelly.Coordinator|Day 47: Campaign opportunity - Campaign ID 1675861830: day 49 to 58 [YOUNG, HIGH_INCOME], reach: 6250 coefs: (v=2.0, m=1.5)
05/04 07:13:50 INFO OrOmerShelly.Coordinator|****OUR qualityis: 1.0 ****
05/04 07:13:50 INFO OrOmerShelly.Coordinator|Day 47: Campaign total budget bid: 25.943396216625132
05/04 07:13:50 INFO OrOmerShelly.Coordinator|Day 47: Adjusting ucs bid: was 0.19300503074786726 level reported: 0.47829690000000014 target: 0.7 adjusted: 0.16868921138955117
05/04 07:13:50 SEVERE OrOmerShelly.OOSAgent|Exception thrown while trying to parse message.java.lang.NullPointerException
05/04 07:13:50 INFO OrOmerShelly.Coordinator|Day 47 : Simulation Status Received
05/04 07:13:50 WARNING OrOmerShelly.Coordinator|BidBundle is null!
05/04 07:13:50 INFO OrOmerShelly.Coordinator|Day 47 ended. Starting next day
05/04 07:14:00 INFO OrOmerShelly.Coordinator|Day 48 :BankStatus[-6.378821]
05/04 07:14:00 INFO OrOmerShelly.OOSAgent|UNKNOWN Message Received: (CampaignAuctionReport CampaignAuctionReportEntry [actualBid=3077.0, effectiveBid=2955.48778042068] CampaignAuctionReportEntry [actualBid=2561.0, effectiveBid=1846.416901635938])
05/04 07:14:00 SEVERE OrOmerShelly.OOSAgent|Exception thrown while trying to parse message.java.lang.NullPointerException
05/04 07:14:00 INFO OrOmerShelly.Coordinator|Day 48: Campaign opportunity - Campaign ID 1029419490: day 50 to 59 [OLD, MALE], reach: 6250 coefs: (v=2.0, m=1.5)
05/04 07:14:00 INFO OrOmerShelly.Coordinator|****OUR qualityis: 1.0 ****
05/04 07:14:00 INFO OrOmerShelly.Coordinator|Day 48: Campaign total budget bid: 25.275735321995295
05/04 07:14:00 INFO OrOmerShelly.Coordinator|Day 48: Adjusting ucs bid: was 0.16868921138955117 level reported: 0.47829690000000014 target: 0.7 adjusted: 0.13930972531016425
05/04 07:14:00 SEVERE OrOmerShelly.OOSAgent|Exception thrown while trying to parse message.java.lang.NullPointerException
05/04 07:14:00 INFO OrOmerShelly.Coordinator|Day 48 : Simulation Status Received
05/04 07:14:00 WARNING OrOmerShelly.Coordinator|BidBundle is null!
05/04 07:14:00 INFO OrOmerShelly.Coordinator|Day 48 ended. Starting next day
05/04 07:14:10 INFO OrOmerShelly.Coordinator|Day 49 :BankStatus[-6.501796]
05/04 07:14:10 INFO OrOmerShelly.OOSAgent|UNKNOWN Message Received: (CampaignAuctionReport CampaignAuctionReportEntry [actualBid=3223.0, effectiveBid=3095.722169741908] CampaignAuctionReportEntry [actualBid=3156.0, effectiveBid=2360.6499417412415] CampaignAuctionReportEntry [actualBid=3161.0, effectiveBid=2279.00188444795])
05/04 07:14:10 SEVERE OrOmerShelly.OOSAgent|Exception thrown while trying to parse message.java.lang.NullPointerException
05/04 07:14:10 SEVERE OrOmerShelly.OOSAgent|Exception thrown while trying to parse message.java.lang.NullPointerException
05/04 07:14:10 INFO OrOmerShelly.Coordinator|Day 49 : Simulation Status Received
05/04 07:14:10 WARNING OrOmerShelly.Coordinator|BidBundle is null!
05/04 07:14:10 INFO OrOmerShelly.Coordinator|Day 49 ended. Starting next day
05/04 07:14:20 INFO OrOmerShelly.Coordinator|Day 50 :BankStatus[-6.603352]
05/04 07:14:20 SEVERE OrOmerShelly.OOSAgent|Exception thrown while trying to parse message.java.lang.NullPointerException
05/04 07:14:20 INFO OrOmerShelly.Coordinator|Day 50: Campaign opportunity - Campaign ID 325416759: day 52 to 54 [YOUNG, HIGH_INCOME], reach: 12500 coefs: (v=2.0, m=1.5)
05/04 07:14:20 INFO OrOmerShelly.Coordinator|****OUR qualityis: 1.0 ****
05/04 07:14:20 INFO OrOmerShelly.Coordinator|Day 50: Campaign total budget bid: 172.9559747775009
05/04 07:14:20 INFO OrOmerShelly.Coordinator|Day 50: Adjusting ucs bid: was 0.13930972531016425 level reported: 0.47829690000000014 target: 0.7 adjusted: 0.11561924548331454
05/04 07:14:20 SEVERE OrOmerShelly.OOSAgent|Exception thrown while trying to parse message.java.lang.NullPointerException
05/04 07:14:20 INFO OrOmerShelly.Coordinator|Day 50 : Simulation Status Received
05/04 07:14:20 WARNING OrOmerShelly.Coordinator|BidBundle is null!
05/04 07:14:20 INFO OrOmerShelly.Coordinator|Day 50 ended. Starting next day
05/04 07:14:30 INFO OrOmerShelly.Coordinator|Day 51 :BankStatus[-6.704909]
05/04 07:14:30 INFO OrOmerShelly.OOSAgent|UNKNOWN Message Received: (CampaignAuctionReport CampaignAuctionReportEntry [actualBid=2230.0, effectiveBid=2194.829495630862] CampaignAuctionReportEntry [actualBid=2808.0, effectiveBid=2525.3235936573406] CampaignAuctionReportEntry [actualBid=3277.0, effectiveBid=2362.6349811249393])
05/04 07:14:30 SEVERE OrOmerShelly.OOSAgent|Exception thrown while trying to parse message.java.lang.NullPointerException
05/04 07:14:30 SEVERE OrOmerShelly.OOSAgent|Exception thrown while trying to parse message.java.lang.NullPointerException
05/04 07:14:30 INFO OrOmerShelly.Coordinator|Day 51 : Simulation Status Received
05/04 07:14:30 WARNING OrOmerShelly.Coordinator|BidBundle is null!
05/04 07:14:30 INFO OrOmerShelly.Coordinator|Day 51 ended. Starting next day
05/04 07:14:40 INFO OrOmerShelly.Coordinator|Day 52 :BankStatus[-6.789196]
05/04 07:14:40 SEVERE OrOmerShelly.OOSAgent|Exception thrown while trying to parse message.java.lang.NullPointerException
05/04 07:14:40 INFO OrOmerShelly.Coordinator|Day 52: Campaign opportunity - Campaign ID 1525214395: day 54 to 58 [FEMALE, HIGH_INCOME], reach: 6250 coefs: (v=2.0, m=1.5)
05/04 07:14:40 INFO OrOmerShelly.Coordinator|****OUR qualityis: 1.0 ****
05/04 07:14:40 INFO OrOmerShelly.Coordinator|Day 52: Campaign total budget bid: 46.98177677607785
05/04 07:14:40 INFO OrOmerShelly.Coordinator|Day 52: Adjusting ucs bid: was 0.11561924548331454 level reported: 0.47829690000000014 target: 0.7 adjusted: 0.1387994215857414
05/04 07:14:40 SEVERE OrOmerShelly.OOSAgent|Exception thrown while trying to parse message.java.lang.NullPointerException
05/04 07:14:40 INFO OrOmerShelly.Coordinator|Day 52 : Simulation Status Received
05/04 07:14:40 WARNING OrOmerShelly.Coordinator|BidBundle is null!
05/04 07:14:40 INFO OrOmerShelly.Coordinator|Day 52 ended. Starting next day
05/04 07:14:50 INFO OrOmerShelly.Coordinator|Day 53 :BankStatus[-6.873482]
05/04 07:14:50 INFO OrOmerShelly.OOSAgent|UNKNOWN Message Received: (CampaignAuctionReport CampaignAuctionReportEntry [actualBid=2653.0, effectiveBid=2646.3841768546354] CampaignAuctionReportEntry [actualBid=2274.0, effectiveBid=1639.4970848575256] CampaignAuctionReportEntry [actualBid=3015.0, effectiveBid=2711.4852688307983])
05/04 07:14:50 SEVERE OrOmerShelly.OOSAgent|Exception thrown while trying to parse message.java.lang.NullPointerException
05/04 07:14:50 INFO OrOmerShelly.Coordinator|Day 53: Campaign opportunity - Campaign ID 471377513: day 55 to 59 [FEMALE, HIGH_INCOME], reach: 12500 coefs: (v=2.0, m=1.5)
05/04 07:14:50 INFO OrOmerShelly.Coordinator|****OUR qualityis: 1.0 ****
05/04 07:14:50 INFO OrOmerShelly.Coordinator|Day 53: Campaign total budget bid: 93.9635535521557
05/04 07:14:50 INFO OrOmerShelly.Coordinator|Day 53: Adjusting ucs bid: was 0.1387994215857414 level reported: 0.47829690000000014 target: 0.7 adjusted: 0.11082958432598121
05/04 07:14:50 SEVERE OrOmerShelly.OOSAgent|Exception thrown while trying to parse message.java.lang.NullPointerException
05/04 07:14:50 INFO OrOmerShelly.Coordinator|Day 53 : Simulation Status Received
05/04 07:14:50 WARNING OrOmerShelly.Coordinator|BidBundle is null!
05/04 07:14:50 INFO OrOmerShelly.Coordinator|Day 53 ended. Starting next day
05/04 07:15:00 INFO OrOmerShelly.Coordinator|Day 54 :BankStatus[-6.974667]
05/04 07:15:00 INFO OrOmerShelly.OOSAgent|UNKNOWN Message Received: (CampaignAuctionReport CampaignAuctionReportEntry [actualBid=2958.0, effectiveBid=2660.223358275788] CampaignAuctionReportEntry [actualBid=3011.0, effectiveBid=2170.855638744947])
05/04 07:15:00 SEVERE OrOmerShelly.OOSAgent|Exception thrown while trying to parse message.java.lang.NullPointerException
05/04 07:15:00 SEVERE OrOmerShelly.OOSAgent|Exception thrown while trying to parse message.java.lang.NullPointerException
05/04 07:15:00 INFO OrOmerShelly.Coordinator|Day 54 : Simulation Status Received
05/04 07:15:00 WARNING OrOmerShelly.Coordinator|BidBundle is null!
05/04 07:15:00 INFO OrOmerShelly.Coordinator|Day 54 ended. Starting next day
05/04 07:15:10 INFO OrOmerShelly.Coordinator|Day 55 :BankStatus[-7.055462]
05/04 07:15:10 SEVERE OrOmerShelly.OOSAgent|Exception thrown while trying to parse message.java.lang.NullPointerException
05/04 07:15:10 INFO OrOmerShelly.Coordinator|Day 55: Campaign opportunity - Campaign ID 1394445061: day 57 to 59 [FEMALE, YOUNG], reach: 12500 coefs: (v=2.0, m=1.5)
05/04 07:15:10 INFO OrOmerShelly.Coordinator|****OUR qualityis: 1.0 ****
05/04 07:15:10 INFO OrOmerShelly.Coordinator|Day 55: Campaign total budget bid: 166.93646270022427
05/04 07:15:10 INFO OrOmerShelly.Coordinator|Day 55: Adjusting ucs bid: was 0.11082958432598121 level reported: 0.47829690000000014 target: 0.7 adjusted: 0.13540084674276262
05/04 07:15:10 SEVERE OrOmerShelly.OOSAgent|Exception thrown while trying to parse message.java.lang.NullPointerException
05/04 07:15:10 INFO OrOmerShelly.Coordinator|Day 55 : Simulation Status Received
05/04 07:15:10 WARNING OrOmerShelly.Coordinator|BidBundle is null!
05/04 07:15:10 INFO OrOmerShelly.Coordinator|Day 55 ended. Starting next day
05/04 07:15:20 INFO OrOmerShelly.Coordinator|Day 56 :BankStatus[-7.136256]
05/04 07:15:20 INFO OrOmerShelly.OOSAgent|UNKNOWN Message Received: (CampaignAuctionReport CampaignAuctionReportEntry [actualBid=2643.0, effectiveBid=2376.933852577048] CampaignAuctionReportEntry [actualBid=2416.0, effectiveBid=1741.8755307897018] CampaignAuctionReportEntry [actualBid=2553.0, effectiveBid=1939.3243426159352])
05/04 07:15:20 SEVERE OrOmerShelly.OOSAgent|Exception thrown while trying to parse message.java.lang.NullPointerException
05/04 07:15:20 SEVERE OrOmerShelly.OOSAgent|Exception thrown while trying to parse message.java.lang.NullPointerException
05/04 07:15:20 INFO OrOmerShelly.Coordinator|Day 56 : Simulation Status Received
05/04 07:15:20 WARNING OrOmerShelly.Coordinator|BidBundle is null!
05/04 07:15:20 INFO OrOmerShelly.Coordinator|Day 56 ended. Starting next day
05/04 07:15:30 INFO OrOmerShelly.Coordinator|Day 57 :BankStatus[-7.234964]
05/04 07:15:30 SEVERE OrOmerShelly.OOSAgent|Exception thrown while trying to parse message.java.lang.NullPointerException
05/04 07:15:30 SEVERE OrOmerShelly.OOSAgent|Exception thrown while trying to parse message.java.lang.NullPointerException
05/04 07:15:30 INFO OrOmerShelly.Coordinator|Day 57 : Simulation Status Received
05/04 07:15:30 WARNING OrOmerShelly.Coordinator|BidBundle is null!
05/04 07:15:30 INFO OrOmerShelly.Coordinator|Day 57 ended. Starting next day
05/04 07:15:40 INFO OrOmerShelly.Coordinator|Day 58 :BankStatus[-7.333671]
05/04 07:15:40 SEVERE OrOmerShelly.OOSAgent|Exception thrown while trying to parse message.java.lang.NullPointerException
05/04 07:15:40 SEVERE OrOmerShelly.OOSAgent|Exception thrown while trying to parse message.java.lang.NullPointerException
05/04 07:15:40 INFO OrOmerShelly.Coordinator|Day 58 : Simulation Status Received
05/04 07:15:40 WARNING OrOmerShelly.Coordinator|BidBundle is null!
05/04 07:15:40 INFO OrOmerShelly.Coordinator|Day 58 ended. Starting next day
05/04 07:15:50 INFO OrOmerShelly.Coordinator|Day 59 :BankStatus[-7.432378]
05/04 07:15:50 SEVERE OrOmerShelly.OOSAgent|Exception thrown while trying to parse message.java.lang.NullPointerException
05/04 07:15:50 SEVERE OrOmerShelly.OOSAgent|Exception thrown while trying to parse message.java.lang.NullPointerException
05/04 07:15:50 INFO OrOmerShelly.Coordinator|Day 59 : Simulation Status Received
05/04 07:15:50 WARNING OrOmerShelly.Coordinator|BidBundle is null!
05/04 07:15:50 INFO OrOmerShelly.Coordinator|Day 59 ended. Starting next day
05/04 07:16:00 SEVERE OrOmerShelly.OOSAgent|Exception thrown while trying to parse message.java.lang.NullPointerException
05/04 07:16:00 INFO OrOmerShelly.Coordinator|Day 60 :BankStatus[-7.629793]
05/04 07:16:00 SEVERE OrOmerShelly.OOSAgent|Exception thrown while trying to parse message.java.lang.NullPointerException
05/04 07:16:00 INFO OrOmerShelly.Coordinator|Day 60 : Simulation Status Received
05/04 07:16:00 WARNING OrOmerShelly.Coordinator|BidBundle is null!
05/04 07:16:00 INFO OrOmerShelly.Coordinator|Day 60 ended. Starting next day
